Host clust12
Old path: /mnt/nfs/nrdata02-users-data/luciano/script
New path: /mnt/nfs/nrdata02-users-data/luciano/script/ABC-SBI


--------------------
SIGMA0 = 10.0, TRUE_MU = 1.0, ACCEPT_RATE = 1.0
--------------------


Selection of epsilon star...
Distances: min =  3.3082067e-08 max =  1381.2203 mean =  101.74406 std =  141.39941
Time to select epsilon star: 0.78s

Simulations of the testing dataset...
Time to simulate the testing dataset: 1.06s

Simulations of the training dataset...
Time to simulate the training dataset: 1.04s

Training the neural network...
Initial accuracy: 49.79%, Initial test accuracy: 49.82%
Training for 100 epochs...
Epoch 1/100, mean train accuracy: 90.88%, mean test accuracy: 95.86%, lr scale: 1.0 in 8.46 sec
Epoch 2/100, mean train accuracy: 95.58%, mean test accuracy: 97.90%, lr scale: 1.0 in 8.82 sec
Epoch 3/100, mean train accuracy: 95.44%, mean test accuracy: 97.93%, lr scale: 1.0 in 9.00 sec
Epoch 4/100, mean train accuracy: 98.17%, mean test accuracy: 98.49%, lr scale: 0.5 in 8.82 sec
Epoch 5/100, mean train accuracy: 98.13%, mean test accuracy: 98.60%, lr scale: 0.25 in 8.97 sec
Epoch 6/100, mean train accuracy: 98.57%, mean test accuracy: 98.65%, lr scale: 0.25 in 8.95 sec
Epoch 7/100, mean train accuracy: 98.60%, mean test accuracy: 98.74%, lr scale: 0.125 in 8.84 sec
Epoch 8/100, mean train accuracy: 98.75%, mean test accuracy: 98.79%, lr scale: 0.125 in 8.88 sec
Epoch 9/100, mean train accuracy: 98.77%, mean test accuracy: 98.81%, lr scale: 0.0625 in 8.92 sec
Epoch 10/100, mean train accuracy: 98.76%, mean test accuracy: 98.79%, lr scale: 0.0625 in 8.81 sec
Epoch 11/100, mean train accuracy: 98.80%, mean test accuracy: 98.82%, lr scale: 0.0625 in 8.81 sec
Epoch 12/100, mean train accuracy: 98.82%, mean test accuracy: 98.77%, lr scale: 0.0625 in 9.11 sec
Epoch 13/100, mean train accuracy: 98.84%, mean test accuracy: 98.77%, lr scale: 0.0625 in 8.85 sec
Epoch 14/100, mean train accuracy: 98.85%, mean test accuracy: 98.86%, lr scale: 0.03125 in 8.79 sec
Epoch 15/100, mean train accuracy: 98.89%, mean test accuracy: 98.87%, lr scale: 0.03125 in 8.77 sec
Epoch 16/100, mean train accuracy: 98.85%, mean test accuracy: 98.88%, lr scale: 0.03125 in 8.83 sec
Epoch 17/100, mean train accuracy: 98.88%, mean test accuracy: 98.88%, lr scale: 0.015625 in 9.03 sec
Epoch 18/100, mean train accuracy: 98.91%, mean test accuracy: 98.88%, lr scale: 0.0078125 in 8.90 sec
Epoch 19/100, mean train accuracy: 98.91%, mean test accuracy: 98.88%, lr scale: 0.0078125 in 8.89 sec
Epoch 20/100, mean train accuracy: 98.92%, mean test accuracy: 98.89%, lr scale: 0.0078125 in 8.94 sec
Epoch 21/100, mean train accuracy: 98.93%, mean test accuracy: 98.90%, lr scale: 0.0078125 in 8.98 sec
Epoch 22/100, mean train accuracy: 98.89%, mean test accuracy: 98.85%, lr scale: 0.00390625 in 8.82 sec
Epoch 23/100, mean train accuracy: 98.95%, mean test accuracy: 98.90%, lr scale: 0.00390625 in 9.02 sec
Epoch 24/100, mean train accuracy: 98.92%, mean test accuracy: 98.90%, lr scale: 0.00390625 in 9.13 sec
Epoch 25/100, mean train accuracy: 98.93%, mean test accuracy: 98.89%, lr scale: 0.001953125 in 8.83 sec
Epoch 26/100, mean train accuracy: 98.91%, mean test accuracy: 98.90%, lr scale: 0.0009765625 in 8.96 sec
Learning rate reached 1.00E-06, stopping training
Time to train the neural network: 245.71s

Simulation Based Calibration...
Time to perform SBC: 1052.16s

Data saved in  /mnt/nfs/nrdata02-users-data/luciano/script/ABC-SBI/examples/Gauss-Gauss/results/sigma0_10.0/mu_1.0/pickles/GaussGauss_sigma_1.0_sigma0_10.0_mu_1.0_acc_1.0_eps_inf.xy


--------------------
ITERATION (ACC = 1.0) DONE IN 1302.3568241596222 SECONDS!
--------------------




--------------------
SIGMA0 = 10.0, TRUE_MU = 1.0, ACCEPT_RATE = 0.999
--------------------


Selection of epsilon star...
Distances: min =  9.524826e-07 max =  1591.7161 mean =  100.558044 std =  142.2978
epsilon:  681.67333984375 acceptance rate:  1.0
epsilon:  559.5911254882812 acceptance rate:  0.9996
epsilon:  476.8421630859375 acceptance rate:  0.9999
epsilon:  429.0762023925781 acceptance rate:  0.9995
epsilon:  390.1876220703125 acceptance rate:  0.99909997
epsilon:  357.81353759765625 acceptance rate:  0.9988
Time to select epsilon star: 3.87s

Simulations of the testing dataset...
Time to simulate the testing dataset: 0.52s

Simulations of the training dataset...
Time to simulate the training dataset: 0.70s

Training the neural network...
Initial accuracy: 50.29%, Initial test accuracy: 50.20%
Training for 100 epochs...
Epoch 1/100, mean train accuracy: 92.61%, mean test accuracy: 95.23%, lr scale: 1.0 in 9.25 sec
Epoch 2/100, mean train accuracy: 92.78%, mean test accuracy: 95.61%, lr scale: 1.0 in 9.18 sec
Epoch 3/100, mean train accuracy: 89.54%, mean test accuracy: 97.83%, lr scale: 0.5 in 8.86 sec
Epoch 4/100, mean train accuracy: 97.59%, mean test accuracy: 95.49%, lr scale: 0.5 in 9.01 sec
Epoch 5/100, mean train accuracy: 97.33%, mean test accuracy: 98.51%, lr scale: 0.5 in 8.80 sec
Epoch 6/100, mean train accuracy: 97.21%, mean test accuracy: 95.22%, lr scale: 0.5 in 8.94 sec
Epoch 7/100, mean train accuracy: 97.70%, mean test accuracy: 98.59%, lr scale: 0.5 in 8.77 sec
Epoch 8/100, mean train accuracy: 97.80%, mean test accuracy: 98.65%, lr scale: 0.25 in 9.03 sec
Epoch 9/100, mean train accuracy: 98.54%, mean test accuracy: 98.70%, lr scale: 0.25 in 8.83 sec
Epoch 10/100, mean train accuracy: 98.08%, mean test accuracy: 98.68%, lr scale: 0.25 in 8.97 sec
Epoch 11/100, mean train accuracy: 98.51%, mean test accuracy: 98.50%, lr scale: 0.25 in 8.76 sec
Epoch 12/100, mean train accuracy: 98.59%, mean test accuracy: 98.71%, lr scale: 0.125 in 9.02 sec
Epoch 13/100, mean train accuracy: 98.72%, mean test accuracy: 98.66%, lr scale: 0.125 in 8.90 sec
Epoch 14/100, mean train accuracy: 98.74%, mean test accuracy: 98.82%, lr scale: 0.0625 in 8.97 sec
Epoch 15/100, mean train accuracy: 98.77%, mean test accuracy: 98.83%, lr scale: 0.03125 in 8.85 sec
Epoch 16/100, mean train accuracy: 98.84%, mean test accuracy: 98.81%, lr scale: 0.03125 in 8.92 sec
Epoch 17/100, mean train accuracy: 98.84%, mean test accuracy: 98.86%, lr scale: 0.03125 in 8.93 sec
Epoch 18/100, mean train accuracy: 98.82%, mean test accuracy: 98.85%, lr scale: 0.015625 in 8.80 sec
Epoch 19/100, mean train accuracy: 98.86%, mean test accuracy: 98.88%, lr scale: 0.015625 in 9.15 sec
Epoch 20/100, mean train accuracy: 98.84%, mean test accuracy: 98.85%, lr scale: 0.015625 in 8.89 sec
Epoch 21/100, mean train accuracy: 98.89%, mean test accuracy: 98.87%, lr scale: 0.0078125 in 8.81 sec
Epoch 22/100, mean train accuracy: 98.85%, mean test accuracy: 98.87%, lr scale: 0.0078125 in 9.04 sec
Epoch 23/100, mean train accuracy: 98.88%, mean test accuracy: 98.87%, lr scale: 0.00390625 in 8.72 sec
Epoch 24/100, mean train accuracy: 98.89%, mean test accuracy: 98.84%, lr scale: 0.00390625 in 9.00 sec
Epoch 25/100, mean train accuracy: 98.87%, mean test accuracy: 98.87%, lr scale: 0.001953125 in 8.83 sec
Epoch 26/100, mean train accuracy: 98.89%, mean test accuracy: 98.88%, lr scale: 0.001953125 in 8.84 sec
Epoch 27/100, mean train accuracy: 98.90%, mean test accuracy: 98.88%, lr scale: 0.0009765625 in 9.20 sec
Learning rate reached 1.00E-06, stopping training
Time to train the neural network: 257.08s

Simulation Based Calibration...
Time to perform SBC: 1087.25s

Data saved in  /mnt/nfs/nrdata02-users-data/luciano/script/ABC-SBI/examples/Gauss-Gauss/results/sigma0_10.0/mu_1.0/pickles/GaussGauss_sigma_1.0_sigma0_10.0_mu_1.0_acc_0.999_eps_357.81.xy


--------------------
ITERATION (ACC = 0.999) DONE IN 1351.7459723949432 SECONDS!
--------------------




--------------------
SIGMA0 = 10.0, TRUE_MU = 1.0, ACCEPT_RATE = 0.99
--------------------


Selection of epsilon star...
epsilon:  333.6590270996094 acceptance rate:  0.9996
epsilon:  313.68505859375 acceptance rate:  0.9988
epsilon:  296.77435302734375 acceptance rate:  0.9992
epsilon:  279.8695373535156 acceptance rate:  0.9984
epsilon:  266.1625061035156 acceptance rate:  0.99909997
epsilon:  253.78282165527344 acceptance rate:  0.9985
epsilon:  242.8116455078125 acceptance rate:  0.99759996
epsilon:  233.00257873535156 acceptance rate:  0.9984
epsilon:  223.5206756591797 acceptance rate:  0.99829996
epsilon:  214.02723693847656 acceptance rate:  0.9977
epsilon:  206.32809448242188 acceptance rate:  0.9977
epsilon:  199.38426208496094 acceptance rate:  0.99729997
epsilon:  192.45396423339844 acceptance rate:  0.9977
epsilon:  185.2393798828125 acceptance rate:  0.99649996
epsilon:  178.94879150390625 acceptance rate:  0.99799997
epsilon:  171.85218811035156 acceptance rate:  0.99829996
epsilon:  164.57269287109375 acceptance rate:  0.9974
epsilon:  159.3785400390625 acceptance rate:  0.9981
epsilon:  153.53363037109375 acceptance rate:  0.99609995
epsilon:  149.5779571533203 acceptance rate:  0.99649996
epsilon:  144.44479370117188 acceptance rate:  0.99689996
epsilon:  140.3319091796875 acceptance rate:  0.9967
epsilon:  135.2046661376953 acceptance rate:  0.99729997
epsilon:  130.27105712890625 acceptance rate:  0.9971
epsilon:  125.64209747314453 acceptance rate:  0.9967
epsilon:  121.38558197021484 acceptance rate:  0.9977
epsilon:  117.53706359863281 acceptance rate:  0.99679995
epsilon:  113.82878112792969 acceptance rate:  0.9963
epsilon:  110.6760482788086 acceptance rate:  0.99689996
epsilon:  107.2390365600586 acceptance rate:  0.996
epsilon:  104.1139144897461 acceptance rate:  0.99649996
epsilon:  101.1691665649414 acceptance rate:  0.99499995
epsilon:  98.64170837402344 acceptance rate:  0.996
epsilon:  96.00627899169922 acceptance rate:  0.9952
epsilon:  93.29582214355469 acceptance rate:  0.99649996
epsilon:  90.98540496826172 acceptance rate:  0.9971
epsilon:  88.53238677978516 acceptance rate:  0.99609995
epsilon:  86.1468505859375 acceptance rate:  0.9953
epsilon:  83.8400650024414 acceptance rate:  0.99539995
epsilon:  81.69244384765625 acceptance rate:  0.9953
epsilon:  79.03923797607422 acceptance rate:  0.9945
epsilon:  77.28190612792969 acceptance rate:  0.9939
epsilon:  75.37296295166016 acceptance rate:  0.99359995
epsilon:  73.67472839355469 acceptance rate:  0.99549997
epsilon:  71.85320281982422 acceptance rate:  0.99469995
epsilon:  70.31204986572266 acceptance rate:  0.99579996
epsilon:  68.3370132446289 acceptance rate:  0.99499995
epsilon:  66.3998794555664 acceptance rate:  0.9939
epsilon:  64.68738555908203 acceptance rate:  0.9941
epsilon:  63.34532928466797 acceptance rate:  0.9942
epsilon:  61.89539337158203 acceptance rate:  0.9938
epsilon:  60.39829635620117 acceptance rate:  0.9939
epsilon:  58.91092300415039 acceptance rate:  0.9946
epsilon:  57.59135818481445 acceptance rate:  0.99359995
epsilon:  56.3996467590332 acceptance rate:  0.99329996
epsilon:  54.96019744873047 acceptance rate:  0.99439996
epsilon:  53.68633270263672 acceptance rate:  0.9935
epsilon:  52.50363540649414 acceptance rate:  0.9931
epsilon:  51.323402404785156 acceptance rate:  0.9942
epsilon:  50.18711471557617 acceptance rate:  0.99369997
epsilon:  48.89146041870117 acceptance rate:  0.9934
epsilon:  47.8050651550293 acceptance rate:  0.9931
epsilon:  46.74098587036133 acceptance rate:  0.9932
epsilon:  45.66248321533203 acceptance rate:  0.99219996
epsilon:  44.65169906616211 acceptance rate:  0.992
epsilon:  43.54160690307617 acceptance rate:  0.992
epsilon:  42.58821487426758 acceptance rate:  0.9934
epsilon:  41.59939193725586 acceptance rate:  0.9924
epsilon:  40.750030517578125 acceptance rate:  0.9931
epsilon:  39.732723236083984 acceptance rate:  0.99149996
epsilon:  38.78140640258789 acceptance rate:  0.99179995
epsilon:  38.02666091918945 acceptance rate:  0.9921
epsilon:  37.100887298583984 acceptance rate:  0.9916
epsilon:  36.30733108520508 acceptance rate:  0.9899
Time to select epsilon star: 50.93s

Simulations of the testing dataset...
Time to simulate the testing dataset: 0.60s

Simulations of the training dataset...
Time to simulate the training dataset: 0.86s

Training the neural network...
Initial accuracy: 45.15%, Initial test accuracy: 45.15%
Training for 100 epochs...
Epoch 1/100, mean train accuracy: 94.15%, mean test accuracy: 96.46%, lr scale: 1.0 in 10.15 sec
Epoch 2/100, mean train accuracy: 97.27%, mean test accuracy: 95.59%, lr scale: 1.0 in 9.72 sec
Epoch 3/100, mean train accuracy: 96.16%, mean test accuracy: 97.91%, lr scale: 1.0 in 9.56 sec
Epoch 4/100, mean train accuracy: 97.39%, mean test accuracy: 98.06%, lr scale: 1.0 in 9.65 sec
Epoch 5/100, mean train accuracy: 97.09%, mean test accuracy: 98.29%, lr scale: 1.0 in 9.63 sec
Epoch 6/100, mean train accuracy: 97.82%, mean test accuracy: 98.27%, lr scale: 1.0 in 9.51 sec
Epoch 7/100, mean train accuracy: 97.43%, mean test accuracy: 98.25%, lr scale: 1.0 in 9.75 sec
Epoch 8/100, mean train accuracy: 98.33%, mean test accuracy: 98.49%, lr scale: 0.5 in 9.58 sec
Epoch 9/100, mean train accuracy: 98.41%, mean test accuracy: 98.53%, lr scale: 0.5 in 9.70 sec
Epoch 10/100, mean train accuracy: 98.30%, mean test accuracy: 98.44%, lr scale: 0.25 in 9.63 sec
Epoch 11/100, mean train accuracy: 98.51%, mean test accuracy: 98.55%, lr scale: 0.25 in 9.52 sec
Epoch 12/100, mean train accuracy: 98.48%, mean test accuracy: 98.59%, lr scale: 0.25 in 9.77 sec
Epoch 13/100, mean train accuracy: 98.60%, mean test accuracy: 98.60%, lr scale: 0.125 in 9.51 sec
Epoch 14/100, mean train accuracy: 98.60%, mean test accuracy: 98.57%, lr scale: 0.125 in 9.46 sec
Epoch 15/100, mean train accuracy: 98.63%, mean test accuracy: 98.62%, lr scale: 0.0625 in 9.45 sec
Epoch 16/100, mean train accuracy: 98.63%, mean test accuracy: 98.64%, lr scale: 0.0625 in 9.49 sec
Epoch 17/100, mean train accuracy: 98.63%, mean test accuracy: 98.65%, lr scale: 0.03125 in 9.82 sec
Epoch 18/100, mean train accuracy: 98.67%, mean test accuracy: 98.51%, lr scale: 0.03125 in 9.53 sec
Epoch 19/100, mean train accuracy: 98.70%, mean test accuracy: 98.68%, lr scale: 0.015625 in 9.67 sec
Epoch 20/100, mean train accuracy: 98.70%, mean test accuracy: 98.66%, lr scale: 0.015625 in 9.64 sec
Epoch 21/100, mean train accuracy: 98.71%, mean test accuracy: 98.67%, lr scale: 0.0078125 in 9.50 sec
Epoch 22/100, mean train accuracy: 98.72%, mean test accuracy: 98.67%, lr scale: 0.00390625 in 9.55 sec
Epoch 23/100, mean train accuracy: 98.69%, mean test accuracy: 98.67%, lr scale: 0.00390625 in 9.96 sec
Epoch 24/100, mean train accuracy: 98.72%, mean test accuracy: 98.68%, lr scale: 0.001953125 in 9.52 sec
Epoch 25/100, mean train accuracy: 98.71%, mean test accuracy: 98.67%, lr scale: 0.0009765625 in 9.66 sec
Learning rate reached 1.00E-06, stopping training
Time to train the neural network: 265.22s

Simulation Based Calibration...
Time to perform SBC: 1095.34s

Data saved in  /mnt/nfs/nrdata02-users-data/luciano/script/ABC-SBI/examples/Gauss-Gauss/results/sigma0_10.0/mu_1.0/pickles/GaussGauss_sigma_1.0_sigma0_10.0_mu_1.0_acc_0.99_eps_36.307.xy


--------------------
ITERATION (ACC = 0.99) DONE IN 1415.2179527282715 SECONDS!
--------------------




--------------------
SIGMA0 = 10.0, TRUE_MU = 1.0, ACCEPT_RATE = 0.975
--------------------


Selection of epsilon star...
epsilon:  35.56120300292969 acceptance rate:  0.9923
epsilon:  34.70732116699219 acceptance rate:  0.99079996
epsilon:  33.98003387451172 acceptance rate:  0.9928
epsilon:  33.18681335449219 acceptance rate:  0.9916
epsilon:  32.35002899169922 acceptance rate:  0.9931
epsilon:  31.55315399169922 acceptance rate:  0.9916
epsilon:  30.849987030029297 acceptance rate:  0.9913
epsilon:  30.115537643432617 acceptance rate:  0.9898
epsilon:  29.481435775756836 acceptance rate:  0.99069995
epsilon:  28.819637298583984 acceptance rate:  0.98929995
epsilon:  28.180553436279297 acceptance rate:  0.99109995
epsilon:  27.548616409301758 acceptance rate:  0.98899996
epsilon:  27.034345626831055 acceptance rate:  0.9891
epsilon:  26.438804626464844 acceptance rate:  0.9895
epsilon:  25.85089111328125 acceptance rate:  0.9891
epsilon:  25.33230972290039 acceptance rate:  0.98939997
epsilon:  24.787986755371094 acceptance rate:  0.98999995
epsilon:  24.296977996826172 acceptance rate:  0.9887
epsilon:  23.787452697753906 acceptance rate:  0.98899996
epsilon:  23.261859893798828 acceptance rate:  0.98719996
epsilon:  22.80906867980957 acceptance rate:  0.98719996
epsilon:  22.40827178955078 acceptance rate:  0.9884
epsilon:  21.9217586517334 acceptance rate:  0.9878
epsilon:  21.466463088989258 acceptance rate:  0.9885
epsilon:  21.08629608154297 acceptance rate:  0.9896
epsilon:  20.692371368408203 acceptance rate:  0.9884
epsilon:  20.23737907409668 acceptance rate:  0.98709995
epsilon:  19.844717025756836 acceptance rate:  0.9874
epsilon:  19.396554946899414 acceptance rate:  0.9873
epsilon:  18.986099243164062 acceptance rate:  0.9898
epsilon:  18.60884666442871 acceptance rate:  0.9888
epsilon:  18.220382690429688 acceptance rate:  0.9867
epsilon:  17.836362838745117 acceptance rate:  0.9867
epsilon:  17.50819969177246 acceptance rate:  0.9878
epsilon:  17.097562789916992 acceptance rate:  0.98649997
epsilon:  16.790552139282227 acceptance rate:  0.98759997
epsilon:  16.368993759155273 acceptance rate:  0.9862
epsilon:  16.080810546875 acceptance rate:  0.9885
epsilon:  15.744277000427246 acceptance rate:  0.98759997
epsilon:  15.435640335083008 acceptance rate:  0.9855
epsilon:  15.109747886657715 acceptance rate:  0.9866
epsilon:  14.81387710571289 acceptance rate:  0.98469996
epsilon:  14.505874633789062 acceptance rate:  0.98719996
epsilon:  14.189725875854492 acceptance rate:  0.987
epsilon:  13.94214153289795 acceptance rate:  0.9855
epsilon:  13.638127326965332 acceptance rate:  0.9856
epsilon:  13.369575500488281 acceptance rate:  0.98429996
epsilon:  13.108855247497559 acceptance rate:  0.9849
epsilon:  12.86297607421875 acceptance rate:  0.98579997
epsilon:  12.56406021118164 acceptance rate:  0.98429996
epsilon:  12.30158519744873 acceptance rate:  0.9844
epsilon:  12.05475902557373 acceptance rate:  0.98359996
epsilon:  11.792613983154297 acceptance rate:  0.98539996
epsilon:  11.57570743560791 acceptance rate:  0.9823
epsilon:  11.368507385253906 acceptance rate:  0.9844
epsilon:  11.112285614013672 acceptance rate:  0.9834
epsilon:  10.872495651245117 acceptance rate:  0.98579997
epsilon:  10.619232177734375 acceptance rate:  0.98569995
epsilon:  10.426087379455566 acceptance rate:  0.9845
epsilon:  10.204328536987305 acceptance rate:  0.9823
epsilon:  9.998836517333984 acceptance rate:  0.9827
epsilon:  9.778182983398438 acceptance rate:  0.9819
epsilon:  9.568968772888184 acceptance rate:  0.982
epsilon:  9.384004592895508 acceptance rate:  0.97959995
epsilon:  9.210389137268066 acceptance rate:  0.9823
epsilon:  9.026768684387207 acceptance rate:  0.98209995
epsilon:  8.851421356201172 acceptance rate:  0.98209995
epsilon:  8.650649070739746 acceptance rate:  0.98219997
epsilon:  8.465509414672852 acceptance rate:  0.98109996
epsilon:  8.288765907287598 acceptance rate:  0.9813
epsilon:  8.13543701171875 acceptance rate:  0.98039997
epsilon:  7.984227657318115 acceptance rate:  0.97999996
epsilon:  7.8209147453308105 acceptance rate:  0.9798
epsilon:  7.669383525848389 acceptance rate:  0.98029995
epsilon:  7.528772354125977 acceptance rate:  0.9777
epsilon:  7.375074863433838 acceptance rate:  0.9802
epsilon:  7.212039470672607 acceptance rate:  0.9798
epsilon:  7.083556652069092 acceptance rate:  0.979
epsilon:  6.938596248626709 acceptance rate:  0.97779995
epsilon:  6.791813850402832 acceptance rate:  0.97889996
epsilon:  6.64159631729126 acceptance rate:  0.9776
epsilon:  6.54925537109375 acceptance rate:  0.9783
epsilon:  6.413075923919678 acceptance rate:  0.978
epsilon:  6.29457950592041 acceptance rate:  0.9773
epsilon:  6.1901397705078125 acceptance rate:  0.9762
epsilon:  6.071769714355469 acceptance rate:  0.9769
epsilon:  5.933946132659912 acceptance rate:  0.9794
epsilon:  5.793045997619629 acceptance rate:  0.9773
epsilon:  5.682199478149414 acceptance rate:  0.97529995
epsilon:  5.583975791931152 acceptance rate:  0.9773
epsilon:  5.477907180786133 acceptance rate:  0.9769
epsilon:  5.3416056632995605 acceptance rate:  0.9766
epsilon:  5.2311692237854 acceptance rate:  0.9752
epsilon:  5.13309907913208 acceptance rate:  0.97679996
epsilon:  5.032447814941406 acceptance rate:  0.972
Time to select epsilon star: 87.91s

Simulations of the testing dataset...
Time to simulate the testing dataset: 0.57s

Simulations of the training dataset...
Time to simulate the training dataset: 0.92s

Training the neural network...
Initial accuracy: 48.79%, Initial test accuracy: 48.65%
Training for 100 epochs...
Epoch 1/100, mean train accuracy: 96.57%, mean test accuracy: 97.97%, lr scale: 1.0 in 9.46 sec
Epoch 2/100, mean train accuracy: 97.59%, mean test accuracy: 98.30%, lr scale: 1.0 in 9.45 sec
Epoch 3/100, mean train accuracy: 98.12%, mean test accuracy: 98.27%, lr scale: 1.0 in 9.78 sec
Epoch 4/100, mean train accuracy: 98.09%, mean test accuracy: 98.17%, lr scale: 1.0 in 9.53 sec
Epoch 5/100, mean train accuracy: 98.35%, mean test accuracy: 98.52%, lr scale: 0.5 in 9.81 sec
Epoch 6/100, mean train accuracy: 98.43%, mean test accuracy: 98.53%, lr scale: 0.5 in 9.54 sec
Epoch 7/100, mean train accuracy: 98.41%, mean test accuracy: 98.37%, lr scale: 0.5 in 9.73 sec
Epoch 8/100, mean train accuracy: 98.46%, mean test accuracy: 98.52%, lr scale: 0.25 in 9.63 sec
Epoch 9/100, mean train accuracy: 98.56%, mean test accuracy: 98.52%, lr scale: 0.25 in 9.55 sec
Epoch 10/100, mean train accuracy: 98.54%, mean test accuracy: 98.56%, lr scale: 0.25 in 9.84 sec
Epoch 11/100, mean train accuracy: 98.58%, mean test accuracy: 98.61%, lr scale: 0.125 in 9.55 sec
Epoch 12/100, mean train accuracy: 98.66%, mean test accuracy: 98.62%, lr scale: 0.125 in 9.41 sec
Epoch 13/100, mean train accuracy: 98.63%, mean test accuracy: 98.58%, lr scale: 0.125 in 9.66 sec
Epoch 14/100, mean train accuracy: 98.61%, mean test accuracy: 98.58%, lr scale: 0.0625 in 9.66 sec
Epoch 15/100, mean train accuracy: 98.71%, mean test accuracy: 98.62%, lr scale: 0.0625 in 9.38 sec
Epoch 16/100, mean train accuracy: 98.65%, mean test accuracy: 98.61%, lr scale: 0.0625 in 9.69 sec
Epoch 17/100, mean train accuracy: 98.71%, mean test accuracy: 98.62%, lr scale: 0.03125 in 9.57 sec
Epoch 18/100, mean train accuracy: 98.70%, mean test accuracy: 98.63%, lr scale: 0.03125 in 9.45 sec
Epoch 19/100, mean train accuracy: 98.72%, mean test accuracy: 98.62%, lr scale: 0.015625 in 9.72 sec
Epoch 20/100, mean train accuracy: 98.72%, mean test accuracy: 98.64%, lr scale: 0.015625 in 9.61 sec
Epoch 21/100, mean train accuracy: 98.72%, mean test accuracy: 98.63%, lr scale: 0.0078125 in 9.44 sec
Epoch 22/100, mean train accuracy: 98.73%, mean test accuracy: 98.63%, lr scale: 0.00390625 in 9.75 sec
Epoch 23/100, mean train accuracy: 98.73%, mean test accuracy: 98.64%, lr scale: 0.00390625 in 9.56 sec
Epoch 24/100, mean train accuracy: 98.72%, mean test accuracy: 98.64%, lr scale: 0.001953125 in 9.57 sec
Epoch 25/100, mean train accuracy: 98.69%, mean test accuracy: 98.63%, lr scale: 0.0009765625 in 9.82 sec
Learning rate reached 1.00E-06, stopping training
Time to train the neural network: 283.00s

Simulation Based Calibration...
Time to perform SBC: 1095.87s

Data saved in  /mnt/nfs/nrdata02-users-data/luciano/script/ABC-SBI/examples/Gauss-Gauss/results/sigma0_10.0/mu_1.0/pickles/GaussGauss_sigma_1.0_sigma0_10.0_mu_1.0_acc_0.975_eps_5.0324.xy


--------------------
ITERATION (ACC = 0.975) DONE IN 1470.453204870224 SECONDS!
--------------------




--------------------
SIGMA0 = 10.0, TRUE_MU = 1.0, ACCEPT_RATE = 0.95
--------------------


Selection of epsilon star...
epsilon:  4.936707496643066 acceptance rate:  0.9755
epsilon:  4.839423179626465 acceptance rate:  0.974
epsilon:  4.751949310302734 acceptance rate:  0.97609997
epsilon:  4.668701648712158 acceptance rate:  0.97569996
epsilon:  4.572391510009766 acceptance rate:  0.97429997
epsilon:  4.480307579040527 acceptance rate:  0.974
epsilon:  4.375150203704834 acceptance rate:  0.97679996
epsilon:  4.27099609375 acceptance rate:  0.9709
epsilon:  4.188235282897949 acceptance rate:  0.9705
epsilon:  4.0999674797058105 acceptance rate:  0.9705
epsilon:  4.019393444061279 acceptance rate:  0.9695
epsilon:  3.9388959407806396 acceptance rate:  0.9727
epsilon:  3.862467050552368 acceptance rate:  0.9719
epsilon:  3.767472743988037 acceptance rate:  0.97099996
epsilon:  3.6955153942108154 acceptance rate:  0.97099996
epsilon:  3.6230485439300537 acceptance rate:  0.97179997
epsilon:  3.5482728481292725 acceptance rate:  0.96919996
epsilon:  3.4804821014404297 acceptance rate:  0.9677
epsilon:  3.4220733642578125 acceptance rate:  0.9658
epsilon:  3.357922315597534 acceptance rate:  0.97059995
epsilon:  3.2955517768859863 acceptance rate:  0.9711
epsilon:  3.2317955493927 acceptance rate:  0.9695
epsilon:  3.166846513748169 acceptance rate:  0.9661
epsilon:  3.0984809398651123 acceptance rate:  0.96809995
epsilon:  3.0386300086975098 acceptance rate:  0.96809995
epsilon:  2.978382110595703 acceptance rate:  0.9695
epsilon:  2.924382209777832 acceptance rate:  0.9701
epsilon:  2.8726420402526855 acceptance rate:  0.9672
epsilon:  2.8144290447235107 acceptance rate:  0.9659
epsilon:  2.754218101501465 acceptance rate:  0.9657
epsilon:  2.7008261680603027 acceptance rate:  0.9701
epsilon:  2.6421194076538086 acceptance rate:  0.9636
epsilon:  2.5888583660125732 acceptance rate:  0.9651
epsilon:  2.531982660293579 acceptance rate:  0.9637
epsilon:  2.4868016242980957 acceptance rate:  0.96459997
epsilon:  2.4393582344055176 acceptance rate:  0.96419996
epsilon:  2.3901455402374268 acceptance rate:  0.9626
epsilon:  2.3468098640441895 acceptance rate:  0.9637
epsilon:  2.299551486968994 acceptance rate:  0.96059996
epsilon:  2.2535126209259033 acceptance rate:  0.96309996
epsilon:  2.20359468460083 acceptance rate:  0.96129996
epsilon:  2.163609266281128 acceptance rate:  0.95949996
epsilon:  2.1186578273773193 acceptance rate:  0.96159995
epsilon:  2.0767898559570312 acceptance rate:  0.9618
epsilon:  2.0277276039123535 acceptance rate:  0.9619
epsilon:  1.9807138442993164 acceptance rate:  0.95739996
epsilon:  1.942692756652832 acceptance rate:  0.96059996
epsilon:  1.902522325515747 acceptance rate:  0.95919997
epsilon:  1.864865779876709 acceptance rate:  0.958
epsilon:  1.827884554862976 acceptance rate:  0.95699996
epsilon:  1.7898833751678467 acceptance rate:  0.9562
epsilon:  1.7507416009902954 acceptance rate:  0.9569
epsilon:  1.7113467454910278 acceptance rate:  0.9569
epsilon:  1.6731523275375366 acceptance rate:  0.95629996
epsilon:  1.6383603811264038 acceptance rate:  0.9575
epsilon:  1.6065598726272583 acceptance rate:  0.956
epsilon:  1.5771634578704834 acceptance rate:  0.9539
epsilon:  1.5468405485153198 acceptance rate:  0.9572
epsilon:  1.5163142681121826 acceptance rate:  0.95369995
epsilon:  1.4842687845230103 acceptance rate:  0.95489997
epsilon:  1.4533425569534302 acceptance rate:  0.95559996
epsilon:  1.4244942665100098 acceptance rate:  0.9485
Time to select epsilon star: 85.20s

Simulations of the testing dataset...
Time to simulate the testing dataset: 0.55s

Simulations of the training dataset...
Time to simulate the training dataset: 0.94s

Training the neural network...
Initial accuracy: 52.39%, Initial test accuracy: 52.13%
Training for 100 epochs...
Epoch 1/100, mean train accuracy: 96.73%, mean test accuracy: 98.20%, lr scale: 1.0 in 9.52 sec
Epoch 2/100, mean train accuracy: 98.07%, mean test accuracy: 98.28%, lr scale: 1.0 in 9.54 sec
Epoch 3/100, mean train accuracy: 98.21%, mean test accuracy: 98.35%, lr scale: 1.0 in 9.90 sec
Epoch 4/100, mean train accuracy: 98.11%, mean test accuracy: 98.33%, lr scale: 0.5 in 9.68 sec
Epoch 5/100, mean train accuracy: 98.48%, mean test accuracy: 97.60%, lr scale: 0.5 in 9.60 sec
Epoch 6/100, mean train accuracy: 98.47%, mean test accuracy: 98.49%, lr scale: 0.5 in 9.84 sec
Epoch 7/100, mean train accuracy: 98.50%, mean test accuracy: 98.58%, lr scale: 0.25 in 9.89 sec
Epoch 8/100, mean train accuracy: 98.57%, mean test accuracy: 98.55%, lr scale: 0.25 in 9.69 sec
Epoch 9/100, mean train accuracy: 98.57%, mean test accuracy: 98.59%, lr scale: 0.125 in 9.72 sec
Epoch 10/100, mean train accuracy: 98.61%, mean test accuracy: 98.54%, lr scale: 0.0625 in 9.98 sec
Epoch 11/100, mean train accuracy: 98.64%, mean test accuracy: 98.59%, lr scale: 0.0625 in 9.99 sec
Epoch 12/100, mean train accuracy: 98.66%, mean test accuracy: 98.60%, lr scale: 0.0625 in 9.67 sec
Epoch 13/100, mean train accuracy: 98.67%, mean test accuracy: 98.60%, lr scale: 0.0625 in 9.64 sec
Epoch 14/100, mean train accuracy: 98.64%, mean test accuracy: 98.60%, lr scale: 0.03125 in 10.00 sec
Epoch 15/100, mean train accuracy: 98.67%, mean test accuracy: 98.60%, lr scale: 0.03125 in 9.71 sec
Epoch 16/100, mean train accuracy: 98.70%, mean test accuracy: 98.61%, lr scale: 0.015625 in 9.66 sec
Epoch 17/100, mean train accuracy: 98.69%, mean test accuracy: 98.61%, lr scale: 0.0078125 in 9.83 sec
Epoch 18/100, mean train accuracy: 98.73%, mean test accuracy: 98.61%, lr scale: 0.0078125 in 9.87 sec
Epoch 19/100, mean train accuracy: 98.69%, mean test accuracy: 98.61%, lr scale: 0.00390625 in 9.67 sec
Epoch 20/100, mean train accuracy: 98.73%, mean test accuracy: 98.62%, lr scale: 0.001953125 in 9.69 sec
Epoch 21/100, mean train accuracy: 98.72%, mean test accuracy: 98.61%, lr scale: 0.001953125 in 9.94 sec
Epoch 22/100, mean train accuracy: 98.71%, mean test accuracy: 98.62%, lr scale: 0.0009765625 in 9.40 sec
Learning rate reached 1.00E-06, stopping training
Time to train the neural network: 286.72s

Simulation Based Calibration...
Time to perform SBC: 1102.24s

Data saved in  /mnt/nfs/nrdata02-users-data/luciano/script/ABC-SBI/examples/Gauss-Gauss/results/sigma0_10.0/mu_1.0/pickles/GaussGauss_sigma_1.0_sigma0_10.0_mu_1.0_acc_0.95_eps_1.4245.xy


--------------------
ITERATION (ACC = 0.95) DONE IN 1477.9529926776886 SECONDS!
--------------------




--------------------
SIGMA0 = 10.0, TRUE_MU = 1.0, ACCEPT_RATE = 0.925
--------------------


Selection of epsilon star...
epsilon:  1.3994196653366089 acceptance rate:  0.95049995
epsilon:  1.3673537969589233 acceptance rate:  0.9535
epsilon:  1.3404914140701294 acceptance rate:  0.9515
epsilon:  1.3108128309249878 acceptance rate:  0.9504
epsilon:  1.2857060432434082 acceptance rate:  0.9483
epsilon:  1.2621694803237915 acceptance rate:  0.9504
epsilon:  1.2348477840423584 acceptance rate:  0.9454
epsilon:  1.2139452695846558 acceptance rate:  0.94909996
epsilon:  1.1926456689834595 acceptance rate:  0.9481
epsilon:  1.1672272682189941 acceptance rate:  0.9456
epsilon:  1.1447831392288208 acceptance rate:  0.945
epsilon:  1.1229684352874756 acceptance rate:  0.945
epsilon:  1.0998932123184204 acceptance rate:  0.9464
epsilon:  1.0778570175170898 acceptance rate:  0.94769996
epsilon:  1.054223895072937 acceptance rate:  0.9461
epsilon:  1.032819390296936 acceptance rate:  0.94519997
epsilon:  1.0089713335037231 acceptance rate:  0.94369996
epsilon:  0.9895206093788147 acceptance rate:  0.9414
epsilon:  0.9686692953109741 acceptance rate:  0.9417
epsilon:  0.9471713900566101 acceptance rate:  0.93799996
epsilon:  0.928994357585907 acceptance rate:  0.9402
epsilon:  0.9091382622718811 acceptance rate:  0.93909997
epsilon:  0.8919166326522827 acceptance rate:  0.9385
epsilon:  0.8732743263244629 acceptance rate:  0.9385
epsilon:  0.8570679426193237 acceptance rate:  0.93359995
epsilon:  0.8426724672317505 acceptance rate:  0.942
epsilon:  0.8265520334243774 acceptance rate:  0.9375
epsilon:  0.8098559379577637 acceptance rate:  0.93659997
epsilon:  0.7926939725875854 acceptance rate:  0.9316
epsilon:  0.7783077359199524 acceptance rate:  0.9338
epsilon:  0.7636957764625549 acceptance rate:  0.93579996
epsilon:  0.7478835582733154 acceptance rate:  0.93189996
epsilon:  0.7314832806587219 acceptance rate:  0.937
epsilon:  0.7168522477149963 acceptance rate:  0.9317
epsilon:  0.7017358541488647 acceptance rate:  0.93399996
epsilon:  0.6883447170257568 acceptance rate:  0.9332
epsilon:  0.6730514168739319 acceptance rate:  0.9332
epsilon:  0.6587947607040405 acceptance rate:  0.936
epsilon:  0.6474435329437256 acceptance rate:  0.92929995
epsilon:  0.6339694261550903 acceptance rate:  0.9263
epsilon:  0.6223180890083313 acceptance rate:  0.928
epsilon:  0.6093418002128601 acceptance rate:  0.92539996
epsilon:  0.5977917909622192 acceptance rate:  0.9316
epsilon:  0.5870258212089539 acceptance rate:  0.9299
epsilon:  0.576033890247345 acceptance rate:  0.9266
epsilon:  0.5653601288795471 acceptance rate:  0.92749995
epsilon:  0.5533245801925659 acceptance rate:  0.9224
Time to select epsilon star: 93.51s

Simulations of the testing dataset...
Time to simulate the testing dataset: 0.55s

Simulations of the training dataset...
Time to simulate the training dataset: 0.89s

Training the neural network...
Initial accuracy: 49.54%, Initial test accuracy: 49.65%
Training for 100 epochs...
Epoch 1/100, mean train accuracy: 97.06%, mean test accuracy: 98.36%, lr scale: 1.0 in 9.79 sec
Epoch 2/100, mean train accuracy: 97.98%, mean test accuracy: 98.17%, lr scale: 1.0 in 9.73 sec
Epoch 3/100, mean train accuracy: 98.24%, mean test accuracy: 97.45%, lr scale: 1.0 in 9.75 sec
Epoch 4/100, mean train accuracy: 98.28%, mean test accuracy: 98.43%, lr scale: 1.0 in 9.98 sec
Epoch 5/100, mean train accuracy: 98.33%, mean test accuracy: 98.43%, lr scale: 1.0 in 9.72 sec
Epoch 6/100, mean train accuracy: 96.68%, mean test accuracy: 98.24%, lr scale: 1.0 in 9.70 sec
Epoch 7/100, mean train accuracy: 98.48%, mean test accuracy: 98.57%, lr scale: 0.5 in 9.98 sec
Epoch 8/100, mean train accuracy: 98.48%, mean test accuracy: 98.56%, lr scale: 0.5 in 9.67 sec
Epoch 9/100, mean train accuracy: 98.53%, mean test accuracy: 98.64%, lr scale: 0.25 in 9.42 sec
Epoch 10/100, mean train accuracy: 98.54%, mean test accuracy: 98.61%, lr scale: 0.25 in 9.57 sec
Epoch 11/100, mean train accuracy: 98.55%, mean test accuracy: 98.63%, lr scale: 0.125 in 9.69 sec
Epoch 12/100, mean train accuracy: 98.62%, mean test accuracy: 98.66%, lr scale: 0.125 in 9.51 sec
Epoch 13/100, mean train accuracy: 98.60%, mean test accuracy: 98.54%, lr scale: 0.125 in 9.36 sec
Epoch 14/100, mean train accuracy: 98.62%, mean test accuracy: 98.62%, lr scale: 0.125 in 9.76 sec
Epoch 15/100, mean train accuracy: 98.60%, mean test accuracy: 98.37%, lr scale: 0.125 in 9.80 sec
Epoch 16/100, mean train accuracy: 98.63%, mean test accuracy: 98.66%, lr scale: 0.0625 in 9.44 sec
Epoch 17/100, mean train accuracy: 98.64%, mean test accuracy: 98.66%, lr scale: 0.03125 in 9.46 sec
Epoch 18/100, mean train accuracy: 98.67%, mean test accuracy: 98.66%, lr scale: 0.03125 in 10.09 sec
Epoch 19/100, mean train accuracy: 98.64%, mean test accuracy: 98.65%, lr scale: 0.015625 in 9.64 sec
Epoch 20/100, mean train accuracy: 98.64%, mean test accuracy: 98.66%, lr scale: 0.015625 in 9.46 sec
Epoch 21/100, mean train accuracy: 98.68%, mean test accuracy: 98.68%, lr scale: 0.0078125 in 9.50 sec
Epoch 22/100, mean train accuracy: 98.68%, mean test accuracy: 98.68%, lr scale: 0.00390625 in 9.82 sec
Epoch 23/100, mean train accuracy: 98.66%, mean test accuracy: 98.67%, lr scale: 0.00390625 in 9.49 sec
Epoch 24/100, mean train accuracy: 98.69%, mean test accuracy: 98.66%, lr scale: 0.001953125 in 9.41 sec
Epoch 25/100, mean train accuracy: 98.66%, mean test accuracy: 98.67%, lr scale: 0.0009765625 in 9.64 sec
Learning rate reached 1.00E-06, stopping training
Time to train the neural network: 354.45s

Simulation Based Calibration...
Time to perform SBC: 1096.32s

Data saved in  /mnt/nfs/nrdata02-users-data/luciano/script/ABC-SBI/examples/Gauss-Gauss/results/sigma0_10.0/mu_1.0/pickles/GaussGauss_sigma_1.0_sigma0_10.0_mu_1.0_acc_0.925_eps_0.55332.xy


--------------------
ITERATION (ACC = 0.925) DONE IN 1548.1060826778412 SECONDS!
--------------------




--------------------
SIGMA0 = 10.0, TRUE_MU = 1.0, ACCEPT_RATE = 0.9
--------------------


Selection of epsilon star...
epsilon:  0.5417259335517883 acceptance rate:  0.92509997
epsilon:  0.5316311717033386 acceptance rate:  0.926
epsilon:  0.5210798978805542 acceptance rate:  0.9165
epsilon:  0.5104081630706787 acceptance rate:  0.9158
epsilon:  0.5009180903434753 acceptance rate:  0.917
epsilon:  0.4919919967651367 acceptance rate:  0.92039996
epsilon:  0.4814136326313019 acceptance rate:  0.91889995
epsilon:  0.47097739577293396 acceptance rate:  0.92329997
epsilon:  0.4607693552970886 acceptance rate:  0.918
epsilon:  0.4502905309200287 acceptance rate:  0.917
epsilon:  0.4404890239238739 acceptance rate:  0.917
epsilon:  0.4331900477409363 acceptance rate:  0.9181
epsilon:  0.4238329827785492 acceptance rate:  0.9162
epsilon:  0.41472503542900085 acceptance rate:  0.9155
epsilon:  0.40585482120513916 acceptance rate:  0.90989995
epsilon:  0.3968859016895294 acceptance rate:  0.9086
epsilon:  0.3906994163990021 acceptance rate:  0.9084
epsilon:  0.38178256154060364 acceptance rate:  0.91179997
epsilon:  0.37313419580459595 acceptance rate:  0.9076
epsilon:  0.3648359477519989 acceptance rate:  0.9037
epsilon:  0.3587118685245514 acceptance rate:  0.9037
epsilon:  0.3503715991973877 acceptance rate:  0.9087
epsilon:  0.3439696133136749 acceptance rate:  0.9055
epsilon:  0.33646059036254883 acceptance rate:  0.90929997
epsilon:  0.3291642367839813 acceptance rate:  0.8972
Time to select epsilon star: 66.07s

Simulations of the testing dataset...
Time to simulate the testing dataset: 0.57s

Simulations of the training dataset...
Time to simulate the training dataset: 0.96s

Training the neural network...
Initial accuracy: 50.11%, Initial test accuracy: 50.01%
Training for 100 epochs...
Epoch 1/100, mean train accuracy: 97.01%, mean test accuracy: 97.83%, lr scale: 1.0 in 9.72 sec
Epoch 2/100, mean train accuracy: 97.98%, mean test accuracy: 98.15%, lr scale: 1.0 in 9.80 sec
Epoch 3/100, mean train accuracy: 98.20%, mean test accuracy: 98.26%, lr scale: 1.0 in 9.77 sec
Epoch 4/100, mean train accuracy: 98.32%, mean test accuracy: 97.81%, lr scale: 1.0 in 9.68 sec
Epoch 5/100, mean train accuracy: 98.34%, mean test accuracy: 98.47%, lr scale: 1.0 in 9.87 sec
Epoch 6/100, mean train accuracy: 98.34%, mean test accuracy: 98.25%, lr scale: 1.0 in 10.43 sec
Epoch 7/100, mean train accuracy: 98.39%, mean test accuracy: 98.57%, lr scale: 0.5 in 9.98 sec
Epoch 8/100, mean train accuracy: 98.54%, mean test accuracy: 98.40%, lr scale: 0.5 in 9.98 sec
Epoch 9/100, mean train accuracy: 98.49%, mean test accuracy: 98.52%, lr scale: 0.5 in 9.84 sec
Epoch 10/100, mean train accuracy: 98.53%, mean test accuracy: 98.54%, lr scale: 0.5 in 9.83 sec
Epoch 11/100, mean train accuracy: 98.62%, mean test accuracy: 98.58%, lr scale: 0.25 in 9.71 sec
Epoch 12/100, mean train accuracy: 98.61%, mean test accuracy: 98.56%, lr scale: 0.25 in 9.68 sec
Epoch 13/100, mean train accuracy: 98.61%, mean test accuracy: 98.59%, lr scale: 0.125 in 9.98 sec
Epoch 14/100, mean train accuracy: 98.61%, mean test accuracy: 98.61%, lr scale: 0.0625 in 9.77 sec
Epoch 15/100, mean train accuracy: 98.67%, mean test accuracy: 98.60%, lr scale: 0.0625 in 9.68 sec
Epoch 16/100, mean train accuracy: 98.69%, mean test accuracy: 98.61%, lr scale: 0.03125 in 9.60 sec
Epoch 17/100, mean train accuracy: 98.67%, mean test accuracy: 98.60%, lr scale: 0.015625 in 10.05 sec
Epoch 18/100, mean train accuracy: 98.69%, mean test accuracy: 98.61%, lr scale: 0.015625 in 9.71 sec
Epoch 19/100, mean train accuracy: 98.71%, mean test accuracy: 98.62%, lr scale: 0.015625 in 9.61 sec
Epoch 20/100, mean train accuracy: 98.70%, mean test accuracy: 98.62%, lr scale: 0.0078125 in 9.62 sec
Epoch 21/100, mean train accuracy: 98.71%, mean test accuracy: 98.61%, lr scale: 0.00390625 in 9.50 sec
Epoch 22/100, mean train accuracy: 98.70%, mean test accuracy: 98.62%, lr scale: 0.00390625 in 9.66 sec
Epoch 23/100, mean train accuracy: 98.68%, mean test accuracy: 98.63%, lr scale: 0.00390625 in 9.60 sec
Epoch 24/100, mean train accuracy: 98.68%, mean test accuracy: 98.62%, lr scale: 0.001953125 in 9.60 sec
Epoch 25/100, mean train accuracy: 98.72%, mean test accuracy: 98.62%, lr scale: 0.0009765625 in 9.44 sec
Learning rate reached 1.00E-06, stopping training
Time to train the neural network: 396.15s

Simulation Based Calibration...
Time to perform SBC: 1088.28s

Data saved in  /mnt/nfs/nrdata02-users-data/luciano/script/ABC-SBI/examples/Gauss-Gauss/results/sigma0_10.0/mu_1.0/pickles/GaussGauss_sigma_1.0_sigma0_10.0_mu_1.0_acc_0.9_eps_0.32916.xy


--------------------
ITERATION (ACC = 0.9) DONE IN 1554.3432116508484 SECONDS!
--------------------




--------------------
SIGMA0 = 10.0, TRUE_MU = 1.0, ACCEPT_RATE = 0.85
--------------------


Selection of epsilon star...
epsilon:  0.32348206639289856 acceptance rate:  0.89989996
epsilon:  0.31703653931617737 acceptance rate:  0.89919996
epsilon:  0.31092390418052673 acceptance rate:  0.9018
epsilon:  0.3052785098552704 acceptance rate:  0.8933
epsilon:  0.300053209066391 acceptance rate:  0.89089996
epsilon:  0.29343971610069275 acceptance rate:  0.89309996
epsilon:  0.28851065039634705 acceptance rate:  0.89419997
epsilon:  0.28329890966415405 acceptance rate:  0.8976
epsilon:  0.27745380997657776 acceptance rate:  0.898
epsilon:  0.27159014344215393 acceptance rate:  0.8922
epsilon:  0.2662470042705536 acceptance rate:  0.8876
epsilon:  0.26108840107917786 acceptance rate:  0.893
epsilon:  0.25539085268974304 acceptance rate:  0.8901
epsilon:  0.25022605061531067 acceptance rate:  0.889
epsilon:  0.24533212184906006 acceptance rate:  0.8878
epsilon:  0.24045830965042114 acceptance rate:  0.8853
epsilon:  0.2361029088497162 acceptance rate:  0.88119996
epsilon:  0.23179411888122559 acceptance rate:  0.8785
epsilon:  0.22756065428256989 acceptance rate:  0.87979996
epsilon:  0.22309526801109314 acceptance rate:  0.88259995
epsilon:  0.2184353917837143 acceptance rate:  0.8756
epsilon:  0.21404238045215607 acceptance rate:  0.87549996
epsilon:  0.20993204414844513 acceptance rate:  0.88089997
epsilon:  0.20518124103546143 acceptance rate:  0.87469995
epsilon:  0.20070286095142365 acceptance rate:  0.87289995
epsilon:  0.19669368863105774 acceptance rate:  0.87329996
epsilon:  0.1926669329404831 acceptance rate:  0.871
epsilon:  0.18912161886692047 acceptance rate:  0.87469995
epsilon:  0.18507176637649536 acceptance rate:  0.8696
epsilon:  0.1808822900056839 acceptance rate:  0.86859995
epsilon:  0.17737561464309692 acceptance rate:  0.86609995
epsilon:  0.17367959022521973 acceptance rate:  0.8563
epsilon:  0.16994298994541168 acceptance rate:  0.8621
epsilon:  0.16656862199306488 acceptance rate:  0.863
epsilon:  0.16353505849838257 acceptance rate:  0.8596
epsilon:  0.16002056002616882 acceptance rate:  0.8595
epsilon:  0.15737111866474152 acceptance rate:  0.85819995
epsilon:  0.15400558710098267 acceptance rate:  0.8616
epsilon:  0.1510009616613388 acceptance rate:  0.8567
epsilon:  0.1483086496591568 acceptance rate:  0.852
epsilon:  0.14578500390052795 acceptance rate:  0.85139996
epsilon:  0.14290359616279602 acceptance rate:  0.84929997
Time to select epsilon star: 143.54s

Simulations of the testing dataset...
Time to simulate the testing dataset: 0.57s

Simulations of the training dataset...
Time to simulate the training dataset: 0.95s

Training the neural network...
Initial accuracy: 49.70%, Initial test accuracy: 49.65%
Training for 100 epochs...
Epoch 1/100, mean train accuracy: 97.12%, mean test accuracy: 98.19%, lr scale: 1.0 in 9.72 sec
Epoch 2/100, mean train accuracy: 98.18%, mean test accuracy: 97.12%, lr scale: 1.0 in 9.64 sec
Epoch 3/100, mean train accuracy: 98.14%, mean test accuracy: 98.41%, lr scale: 1.0 in 9.64 sec
Epoch 4/100, mean train accuracy: 98.34%, mean test accuracy: 98.56%, lr scale: 0.5 in 9.63 sec
Epoch 5/100, mean train accuracy: 98.48%, mean test accuracy: 98.43%, lr scale: 0.5 in 9.90 sec
Epoch 6/100, mean train accuracy: 98.49%, mean test accuracy: 98.38%, lr scale: 0.5 in 9.70 sec
Epoch 7/100, mean train accuracy: 98.50%, mean test accuracy: 98.36%, lr scale: 0.25 in 9.64 sec
Epoch 8/100, mean train accuracy: 98.56%, mean test accuracy: 98.64%, lr scale: 0.25 in 9.64 sec
Epoch 9/100, mean train accuracy: 98.59%, mean test accuracy: 98.59%, lr scale: 0.25 in 9.66 sec
Epoch 10/100, mean train accuracy: 98.54%, mean test accuracy: 98.62%, lr scale: 0.25 in 9.98 sec
Epoch 11/100, mean train accuracy: 98.61%, mean test accuracy: 98.65%, lr scale: 0.125 in 9.71 sec
Epoch 12/100, mean train accuracy: 98.65%, mean test accuracy: 98.64%, lr scale: 0.125 in 9.70 sec
Epoch 13/100, mean train accuracy: 98.65%, mean test accuracy: 98.66%, lr scale: 0.0625 in 9.86 sec
Epoch 14/100, mean train accuracy: 98.69%, mean test accuracy: 98.68%, lr scale: 0.0625 in 9.94 sec
Epoch 15/100, mean train accuracy: 98.66%, mean test accuracy: 98.68%, lr scale: 0.03125 in 10.06 sec
Epoch 16/100, mean train accuracy: 98.68%, mean test accuracy: 98.68%, lr scale: 0.015625 in 9.68 sec
Epoch 17/100, mean train accuracy: 98.67%, mean test accuracy: 98.68%, lr scale: 0.0078125 in 9.66 sec
Epoch 18/100, mean train accuracy: 98.67%, mean test accuracy: 98.70%, lr scale: 0.0078125 in 9.66 sec
Epoch 19/100, mean train accuracy: 98.66%, mean test accuracy: 98.68%, lr scale: 0.0078125 in 10.44 sec
Epoch 20/100, mean train accuracy: 98.71%, mean test accuracy: 98.69%, lr scale: 0.0078125 in 10.35 sec
Epoch 21/100, mean train accuracy: 98.66%, mean test accuracy: 98.69%, lr scale: 0.00390625 in 9.67 sec
Epoch 22/100, mean train accuracy: 98.74%, mean test accuracy: 98.69%, lr scale: 0.00390625 in 9.64 sec
Epoch 23/100, mean train accuracy: 98.71%, mean test accuracy: 98.69%, lr scale: 0.001953125 in 9.73 sec
Epoch 24/100, mean train accuracy: 98.69%, mean test accuracy: 98.69%, lr scale: 0.0009765625 in 9.96 sec
Learning rate reached 1.00E-06, stopping training
Time to train the neural network: 470.72s

Simulation Based Calibration...
Time to perform SBC: 1093.83s

Data saved in  /mnt/nfs/nrdata02-users-data/luciano/script/ABC-SBI/examples/Gauss-Gauss/results/sigma0_10.0/mu_1.0/pickles/GaussGauss_sigma_1.0_sigma0_10.0_mu_1.0_acc_0.85_eps_0.1429.xy


--------------------
ITERATION (ACC = 0.85) DONE IN 1712.0024242401123 SECONDS!
--------------------




--------------------
SIGMA0 = 10.0, TRUE_MU = 1.0, ACCEPT_RATE = 0.8
--------------------


Selection of epsilon star...
epsilon:  0.13956744968891144 acceptance rate:  0.8427
epsilon:  0.13664770126342773 acceptance rate:  0.8513
epsilon:  0.1338994801044464 acceptance rate:  0.8452
epsilon:  0.13059577345848083 acceptance rate:  0.8405
epsilon:  0.12829084694385529 acceptance rate:  0.8412
epsilon:  0.1252049207687378 acceptance rate:  0.8405
epsilon:  0.12273536622524261 acceptance rate:  0.8402
epsilon:  0.11915106326341629 acceptance rate:  0.8393
epsilon:  0.11654513329267502 acceptance rate:  0.8326
epsilon:  0.11412723362445831 acceptance rate:  0.8278
epsilon:  0.1115645170211792 acceptance rate:  0.8351
epsilon:  0.10936696082353592 acceptance rate:  0.829
epsilon:  0.10686691850423813 acceptance rate:  0.8285
epsilon:  0.10511018335819244 acceptance rate:  0.8286
epsilon:  0.10302089154720306 acceptance rate:  0.8224
epsilon:  0.10063538700342178 acceptance rate:  0.8172
epsilon:  0.09889595210552216 acceptance rate:  0.8171
epsilon:  0.09718742221593857 acceptance rate:  0.8179
epsilon:  0.09532430022954941 acceptance rate:  0.8215
epsilon:  0.09338734298944473 acceptance rate:  0.81579995
epsilon:  0.09164147824048996 acceptance rate:  0.8127
epsilon:  0.08994133025407791 acceptance rate:  0.8038
epsilon:  0.08812183886766434 acceptance rate:  0.8092
epsilon:  0.08640850335359573 acceptance rate:  0.80829996
epsilon:  0.08447075635194778 acceptance rate:  0.812
epsilon:  0.08289680629968643 acceptance rate:  0.80789995
epsilon:  0.08118584007024765 acceptance rate:  0.80359995
epsilon:  0.07937979698181152 acceptance rate:  0.80009997
epsilon:  0.07789873331785202 acceptance rate:  0.79639995
Time to select epsilon star: 131.01s

Simulations of the testing dataset...
Time to simulate the testing dataset: 0.57s

Simulations of the training dataset...
Time to simulate the training dataset: 1.03s

Training the neural network...
Initial accuracy: 51.40%, Initial test accuracy: 51.51%
Training for 100 epochs...
Epoch 1/100, mean train accuracy: 97.17%, mean test accuracy: 96.72%, lr scale: 1.0 in 9.73 sec
Epoch 2/100, mean train accuracy: 98.21%, mean test accuracy: 98.42%, lr scale: 1.0 in 9.66 sec
Epoch 3/100, mean train accuracy: 98.18%, mean test accuracy: 98.08%, lr scale: 1.0 in 9.65 sec
Epoch 4/100, mean train accuracy: 98.35%, mean test accuracy: 98.49%, lr scale: 1.0 in 10.03 sec
Epoch 5/100, mean train accuracy: 98.38%, mean test accuracy: 98.40%, lr scale: 0.5 in 9.83 sec
Epoch 6/100, mean train accuracy: 98.53%, mean test accuracy: 98.49%, lr scale: 0.5 in 9.95 sec
Epoch 7/100, mean train accuracy: 98.57%, mean test accuracy: 98.56%, lr scale: 0.25 in 9.71 sec
Epoch 8/100, mean train accuracy: 98.60%, mean test accuracy: 98.57%, lr scale: 0.25 in 9.69 sec
Epoch 9/100, mean train accuracy: 98.64%, mean test accuracy: 98.56%, lr scale: 0.125 in 9.68 sec
Epoch 10/100, mean train accuracy: 98.64%, mean test accuracy: 98.58%, lr scale: 0.125 in 10.07 sec
Epoch 11/100, mean train accuracy: 98.66%, mean test accuracy: 98.55%, lr scale: 0.125 in 9.82 sec
Epoch 12/100, mean train accuracy: 98.62%, mean test accuracy: 98.57%, lr scale: 0.0625 in 9.72 sec
Epoch 13/100, mean train accuracy: 98.67%, mean test accuracy: 98.60%, lr scale: 0.0625 in 9.75 sec
Epoch 14/100, mean train accuracy: 98.68%, mean test accuracy: 98.61%, lr scale: 0.03125 in 10.04 sec
Epoch 15/100, mean train accuracy: 98.70%, mean test accuracy: 98.62%, lr scale: 0.015625 in 9.84 sec
Epoch 16/100, mean train accuracy: 98.69%, mean test accuracy: 98.61%, lr scale: 0.0078125 in 9.72 sec
Epoch 17/100, mean train accuracy: 98.68%, mean test accuracy: 98.62%, lr scale: 0.0078125 in 9.67 sec
Epoch 18/100, mean train accuracy: 98.73%, mean test accuracy: 98.62%, lr scale: 0.00390625 in 9.65 sec
Epoch 19/100, mean train accuracy: 98.75%, mean test accuracy: 98.61%, lr scale: 0.00390625 in 10.20 sec
Epoch 20/100, mean train accuracy: 98.67%, mean test accuracy: 98.61%, lr scale: 0.001953125 in 10.07 sec
Epoch 21/100, mean train accuracy: 98.71%, mean test accuracy: 98.62%, lr scale: 0.0009765625 in 9.90 sec
Learning rate reached 1.00E-06, stopping training
Time to train the neural network: 481.17s

Simulation Based Calibration...
Time to perform SBC: 1091.72s

Data saved in  /mnt/nfs/nrdata02-users-data/luciano/script/ABC-SBI/examples/Gauss-Gauss/results/sigma0_10.0/mu_1.0/pickles/GaussGauss_sigma_1.0_sigma0_10.0_mu_1.0_acc_0.8_eps_0.077899.xy


--------------------
ITERATION (ACC = 0.8) DONE IN 1707.8613567352295 SECONDS!
--------------------




--------------------
SIGMA0 = 10.0, TRUE_MU = 1.0, ACCEPT_RATE = 0.75
--------------------


Selection of epsilon star...
epsilon:  0.07603714615106583 acceptance rate:  0.7931
epsilon:  0.07456430047750473 acceptance rate:  0.79499996
epsilon:  0.07286205142736435 acceptance rate:  0.784
epsilon:  0.0715448334813118 acceptance rate:  0.78239995
epsilon:  0.07033905386924744 acceptance rate:  0.7872
epsilon:  0.06902936100959778 acceptance rate:  0.7869
epsilon:  0.06748299300670624 acceptance rate:  0.78679997
epsilon:  0.06623885780572891 acceptance rate:  0.77279997
epsilon:  0.06494029611349106 acceptance rate:  0.7697
epsilon:  0.06378348171710968 acceptance rate:  0.7708
epsilon:  0.06255074590444565 acceptance rate:  0.77849996
epsilon:  0.0613565556704998 acceptance rate:  0.76809996
epsilon:  0.060274094343185425 acceptance rate:  0.7675
epsilon:  0.05903707817196846 acceptance rate:  0.77199996
epsilon:  0.05789446458220482 acceptance rate:  0.7664
epsilon:  0.05664967745542526 acceptance rate:  0.7668
epsilon:  0.0554383210837841 acceptance rate:  0.76379997
epsilon:  0.05424175783991814 acceptance rate:  0.7553
epsilon:  0.053129494190216064 acceptance rate:  0.74909997
Time to select epsilon star: 115.78s

Simulations of the testing dataset...
Time to simulate the testing dataset: 0.67s

Simulations of the training dataset...
Time to simulate the training dataset: 0.90s

Training the neural network...
Initial accuracy: 50.37%, Initial test accuracy: 50.27%
Training for 100 epochs...
Epoch 1/100, mean train accuracy: 96.97%, mean test accuracy: 97.91%, lr scale: 1.0 in 9.45 sec
Epoch 2/100, mean train accuracy: 98.07%, mean test accuracy: 98.27%, lr scale: 1.0 in 9.38 sec
Epoch 3/100, mean train accuracy: 97.96%, mean test accuracy: 98.25%, lr scale: 1.0 in 9.36 sec
Epoch 4/100, mean train accuracy: 98.31%, mean test accuracy: 98.34%, lr scale: 1.0 in 9.76 sec
Epoch 5/100, mean train accuracy: 98.41%, mean test accuracy: 98.53%, lr scale: 0.5 in 9.47 sec
Epoch 6/100, mean train accuracy: 98.52%, mean test accuracy: 98.51%, lr scale: 0.5 in 9.45 sec
Epoch 7/100, mean train accuracy: 98.56%, mean test accuracy: 98.47%, lr scale: 0.25 in 9.35 sec
Epoch 8/100, mean train accuracy: 98.60%, mean test accuracy: 98.57%, lr scale: 0.25 in 9.39 sec
Epoch 9/100, mean train accuracy: 98.55%, mean test accuracy: 98.59%, lr scale: 0.125 in 9.93 sec
Epoch 10/100, mean train accuracy: 98.66%, mean test accuracy: 98.58%, lr scale: 0.125 in 9.76 sec
Epoch 11/100, mean train accuracy: 98.62%, mean test accuracy: 98.53%, lr scale: 0.125 in 9.73 sec
Epoch 12/100, mean train accuracy: 98.66%, mean test accuracy: 98.60%, lr scale: 0.0625 in 9.65 sec
Epoch 13/100, mean train accuracy: 98.70%, mean test accuracy: 98.59%, lr scale: 0.0625 in 9.59 sec
Epoch 14/100, mean train accuracy: 98.66%, mean test accuracy: 98.60%, lr scale: 0.0625 in 9.49 sec
Epoch 15/100, mean train accuracy: 98.70%, mean test accuracy: 98.56%, lr scale: 0.03125 in 9.47 sec
Epoch 16/100, mean train accuracy: 98.70%, mean test accuracy: 98.60%, lr scale: 0.015625 in 9.46 sec
Epoch 17/100, mean train accuracy: 98.68%, mean test accuracy: 98.59%, lr scale: 0.015625 in 9.84 sec
Epoch 18/100, mean train accuracy: 98.71%, mean test accuracy: 98.60%, lr scale: 0.0078125 in 9.49 sec
Epoch 19/100, mean train accuracy: 98.69%, mean test accuracy: 98.60%, lr scale: 0.00390625 in 9.48 sec
Epoch 20/100, mean train accuracy: 98.68%, mean test accuracy: 98.60%, lr scale: 0.00390625 in 9.49 sec
Epoch 21/100, mean train accuracy: 98.72%, mean test accuracy: 98.60%, lr scale: 0.001953125 in 9.76 sec
Epoch 22/100, mean train accuracy: 98.71%, mean test accuracy: 98.60%, lr scale: 0.0009765625 in 9.53 sec
Learning rate reached 1.00E-06, stopping training
Time to train the neural network: 553.73s

Simulation Based Calibration...
Time to perform SBC: 1092.00s

Data saved in  /mnt/nfs/nrdata02-users-data/luciano/script/ABC-SBI/examples/Gauss-Gauss/results/sigma0_10.0/mu_1.0/pickles/GaussGauss_sigma_1.0_sigma0_10.0_mu_1.0_acc_0.75_eps_0.053129.xy


--------------------
ITERATION (ACC = 0.75) DONE IN 1765.787049293518 SECONDS!
--------------------




--------------------
SIGMA0 = 10.0, TRUE_MU = 5.0, ACCEPT_RATE = 1.0
--------------------


Selection of epsilon star...
Distances: min =  8.8320184e-07 max =  1861.3785 mean =  125.11152 std =  172.47565
Time to select epsilon star: 0.02s

Simulations of the testing dataset...
Time to simulate the testing dataset: 0.01s

Simulations of the training dataset...
Time to simulate the training dataset: 0.05s

Training the neural network...
Initial accuracy: 51.80%, Initial test accuracy: 51.69%
Training for 100 epochs...
Epoch 1/100, mean train accuracy: 91.64%, mean test accuracy: 97.41%, lr scale: 1.0 in 9.71 sec
Epoch 2/100, mean train accuracy: 95.37%, mean test accuracy: 86.43%, lr scale: 1.0 in 9.73 sec
Epoch 3/100, mean train accuracy: 95.08%, mean test accuracy: 94.17%, lr scale: 1.0 in 9.70 sec
Epoch 4/100, mean train accuracy: 97.57%, mean test accuracy: 98.58%, lr scale: 0.5 in 9.75 sec
Epoch 5/100, mean train accuracy: 97.86%, mean test accuracy: 98.21%, lr scale: 0.5 in 9.54 sec
Epoch 6/100, mean train accuracy: 97.92%, mean test accuracy: 93.83%, lr scale: 0.5 in 9.74 sec
Epoch 7/100, mean train accuracy: 98.40%, mean test accuracy: 98.50%, lr scale: 0.25 in 9.59 sec
Epoch 8/100, mean train accuracy: 98.64%, mean test accuracy: 98.73%, lr scale: 0.25 in 9.52 sec
Epoch 9/100, mean train accuracy: 98.48%, mean test accuracy: 98.76%, lr scale: 0.25 in 9.42 sec
Epoch 10/100, mean train accuracy: 98.51%, mean test accuracy: 98.66%, lr scale: 0.25 in 9.69 sec
Epoch 11/100, mean train accuracy: 98.67%, mean test accuracy: 98.69%, lr scale: 0.25 in 9.49 sec
Epoch 12/100, mean train accuracy: 98.73%, mean test accuracy: 98.78%, lr scale: 0.125 in 9.46 sec
Epoch 13/100, mean train accuracy: 98.80%, mean test accuracy: 98.70%, lr scale: 0.125 in 9.57 sec
Epoch 14/100, mean train accuracy: 98.81%, mean test accuracy: 98.86%, lr scale: 0.0625 in 9.43 sec
Epoch 15/100, mean train accuracy: 98.86%, mean test accuracy: 98.85%, lr scale: 0.0625 in 9.82 sec
Epoch 16/100, mean train accuracy: 98.84%, mean test accuracy: 98.85%, lr scale: 0.0625 in 9.54 sec
Epoch 17/100, mean train accuracy: 98.91%, mean test accuracy: 98.82%, lr scale: 0.03125 in 9.52 sec
Epoch 18/100, mean train accuracy: 98.92%, mean test accuracy: 98.88%, lr scale: 0.015625 in 9.52 sec
Epoch 19/100, mean train accuracy: 98.90%, mean test accuracy: 98.87%, lr scale: 0.015625 in 9.47 sec
Epoch 20/100, mean train accuracy: 98.90%, mean test accuracy: 98.91%, lr scale: 0.0078125 in 10.15 sec
Epoch 21/100, mean train accuracy: 98.92%, mean test accuracy: 98.91%, lr scale: 0.00390625 in 9.53 sec
Epoch 22/100, mean train accuracy: 98.95%, mean test accuracy: 98.90%, lr scale: 0.00390625 in 9.49 sec
Epoch 23/100, mean train accuracy: 98.94%, mean test accuracy: 98.89%, lr scale: 0.001953125 in 9.48 sec
Epoch 24/100, mean train accuracy: 98.95%, mean test accuracy: 98.91%, lr scale: 0.001953125 in 9.50 sec
Epoch 25/100, mean train accuracy: 98.96%, mean test accuracy: 98.90%, lr scale: 0.0009765625 in 9.77 sec
Learning rate reached 1.00E-06, stopping training
Time to train the neural network: 256.02s

Simulation Based Calibration...
Time to perform SBC: 1079.02s

Data saved in  /mnt/nfs/nrdata02-users-data/luciano/script/ABC-SBI/examples/Gauss-Gauss/results/sigma0_10.0/mu_5.0/pickles/GaussGauss_sigma_1.0_sigma0_10.0_mu_5.0_acc_1.0_eps_inf.xy


--------------------
ITERATION (ACC = 1.0) DONE IN 1337.1902787685394 SECONDS!
--------------------




--------------------
SIGMA0 = 10.0, TRUE_MU = 5.0, ACCEPT_RATE = 0.999
--------------------


Selection of epsilon star...
Distances: min =  3.0861527e-06 max =  1757.6797 mean =  125.67577 std =  169.97464
epsilon:  797.6373291015625 acceptance rate:  0.9999
epsilon:  693.0122680664062 acceptance rate:  0.99979997
epsilon:  600.4793090820312 acceptance rate:  0.9999
epsilon:  540.6572875976562 acceptance rate:  0.9996
epsilon:  497.8887023925781 acceptance rate:  0.9995
epsilon:  460.9450378417969 acceptance rate:  0.99909997
epsilon:  430.0504455566406 acceptance rate:  0.99909997
epsilon:  401.8503723144531 acceptance rate:  0.99939996
epsilon:  378.8266906738281 acceptance rate:  0.9989
Time to select epsilon star: 5.37s

Simulations of the testing dataset...
Time to simulate the testing dataset: 0.54s

Simulations of the training dataset...
Time to simulate the training dataset: 0.63s

Training the neural network...
Initial accuracy: 47.35%, Initial test accuracy: 47.48%
Training for 100 epochs...
Epoch 1/100, mean train accuracy: 92.29%, mean test accuracy: 96.62%, lr scale: 1.0 in 9.21 sec
Epoch 2/100, mean train accuracy: 93.94%, mean test accuracy: 96.56%, lr scale: 1.0 in 9.57 sec
Epoch 3/100, mean train accuracy: 95.07%, mean test accuracy: 97.03%, lr scale: 1.0 in 9.18 sec
Epoch 4/100, mean train accuracy: 95.57%, mean test accuracy: 97.30%, lr scale: 1.0 in 9.49 sec
Epoch 5/100, mean train accuracy: 96.72%, mean test accuracy: 97.96%, lr scale: 0.5 in 9.28 sec
Epoch 6/100, mean train accuracy: 98.17%, mean test accuracy: 98.49%, lr scale: 0.5 in 9.19 sec
Epoch 7/100, mean train accuracy: 97.58%, mean test accuracy: 98.70%, lr scale: 0.5 in 9.19 sec
Epoch 8/100, mean train accuracy: 98.25%, mean test accuracy: 98.72%, lr scale: 0.25 in 9.53 sec
Epoch 9/100, mean train accuracy: 98.30%, mean test accuracy: 98.65%, lr scale: 0.25 in 9.19 sec
Epoch 10/100, mean train accuracy: 98.61%, mean test accuracy: 98.73%, lr scale: 0.125 in 9.16 sec
Epoch 11/100, mean train accuracy: 98.73%, mean test accuracy: 98.69%, lr scale: 0.125 in 9.15 sec
Epoch 12/100, mean train accuracy: 98.73%, mean test accuracy: 98.78%, lr scale: 0.0625 in 9.43 sec
Epoch 13/100, mean train accuracy: 98.80%, mean test accuracy: 98.81%, lr scale: 0.0625 in 9.30 sec
Epoch 14/100, mean train accuracy: 98.79%, mean test accuracy: 98.80%, lr scale: 0.0625 in 9.18 sec
Epoch 15/100, mean train accuracy: 98.81%, mean test accuracy: 98.82%, lr scale: 0.03125 in 9.16 sec
Epoch 16/100, mean train accuracy: 98.81%, mean test accuracy: 98.84%, lr scale: 0.015625 in 9.46 sec
Epoch 17/100, mean train accuracy: 98.85%, mean test accuracy: 98.82%, lr scale: 0.015625 in 9.41 sec
Epoch 18/100, mean train accuracy: 98.84%, mean test accuracy: 98.84%, lr scale: 0.015625 in 9.39 sec
Epoch 19/100, mean train accuracy: 98.86%, mean test accuracy: 98.83%, lr scale: 0.0078125 in 9.20 sec
Epoch 20/100, mean train accuracy: 98.89%, mean test accuracy: 98.85%, lr scale: 0.0078125 in 9.17 sec
Epoch 21/100, mean train accuracy: 98.84%, mean test accuracy: 98.86%, lr scale: 0.0078125 in 9.24 sec
Epoch 22/100, mean train accuracy: 98.84%, mean test accuracy: 98.86%, lr scale: 0.00390625 in 9.19 sec
Epoch 23/100, mean train accuracy: 98.87%, mean test accuracy: 98.87%, lr scale: 0.001953125 in 9.44 sec
Epoch 24/100, mean train accuracy: 98.89%, mean test accuracy: 98.86%, lr scale: 0.001953125 in 9.33 sec
Epoch 25/100, mean train accuracy: 98.88%, mean test accuracy: 98.86%, lr scale: 0.0009765625 in 9.20 sec
Learning rate reached 1.00E-06, stopping training
Time to train the neural network: 248.95s

Simulation Based Calibration...
Time to perform SBC: 1054.51s

Data saved in  /mnt/nfs/nrdata02-users-data/luciano/script/ABC-SBI/examples/Gauss-Gauss/results/sigma0_10.0/mu_5.0/pickles/GaussGauss_sigma_1.0_sigma0_10.0_mu_5.0_acc_0.999_eps_378.83.xy


--------------------
ITERATION (ACC = 0.999) DONE IN 1312.1836905479431 SECONDS!
--------------------




--------------------
SIGMA0 = 10.0, TRUE_MU = 5.0, ACCEPT_RATE = 0.99
--------------------


Selection of epsilon star...
epsilon:  357.19097900390625 acceptance rate:  0.99859995
epsilon:  341.57269287109375 acceptance rate:  0.9989
epsilon:  324.7848205566406 acceptance rate:  0.99899995
epsilon:  309.54254150390625 acceptance rate:  0.99909997
epsilon:  294.00201416015625 acceptance rate:  0.9988
epsilon:  279.88616943359375 acceptance rate:  0.99829996
epsilon:  268.0954895019531 acceptance rate:  0.9984
epsilon:  255.93472290039062 acceptance rate:  0.9985
epsilon:  245.28515625 acceptance rate:  0.9984
epsilon:  236.00999450683594 acceptance rate:  0.99869996
epsilon:  227.0590057373047 acceptance rate:  0.9977
epsilon:  219.25648498535156 acceptance rate:  0.9981
epsilon:  210.92971801757812 acceptance rate:  0.99799997
epsilon:  202.74652099609375 acceptance rate:  0.99759996
epsilon:  195.20294189453125 acceptance rate:  0.99799997
epsilon:  188.82696533203125 acceptance rate:  0.9963
epsilon:  184.60362243652344 acceptance rate:  0.99789995
epsilon:  178.288330078125 acceptance rate:  0.99719995
epsilon:  172.0324249267578 acceptance rate:  0.99789995
epsilon:  165.8234405517578 acceptance rate:  0.99759996
epsilon:  160.68460083007812 acceptance rate:  0.99729997
epsilon:  156.1461181640625 acceptance rate:  0.99679995
epsilon:  151.721923828125 acceptance rate:  0.9981
epsilon:  146.66407775878906 acceptance rate:  0.9964
epsilon:  142.54518127441406 acceptance rate:  0.99609995
epsilon:  138.8223876953125 acceptance rate:  0.99549997
epsilon:  135.18125915527344 acceptance rate:  0.9966
epsilon:  130.88902282714844 acceptance rate:  0.99649996
epsilon:  127.37239837646484 acceptance rate:  0.99579996
epsilon:  124.20783233642578 acceptance rate:  0.99619997
epsilon:  120.87191772460938 acceptance rate:  0.99539995
epsilon:  117.70822143554688 acceptance rate:  0.9963
epsilon:  114.00891876220703 acceptance rate:  0.99619997
epsilon:  110.81159973144531 acceptance rate:  0.99499995
epsilon:  108.0821304321289 acceptance rate:  0.99549997
epsilon:  105.12403869628906 acceptance rate:  0.99579996
epsilon:  101.97412872314453 acceptance rate:  0.9957
epsilon:  99.4872817993164 acceptance rate:  0.9956
epsilon:  96.92538452148438 acceptance rate:  0.99549997
epsilon:  94.80569458007812 acceptance rate:  0.9948
epsilon:  92.31117248535156 acceptance rate:  0.9956
epsilon:  90.15347290039062 acceptance rate:  0.9949
epsilon:  88.27493286132812 acceptance rate:  0.9964
epsilon:  86.15449523925781 acceptance rate:  0.99509996
epsilon:  83.91463470458984 acceptance rate:  0.996
epsilon:  81.66150665283203 acceptance rate:  0.9959
epsilon:  79.44600677490234 acceptance rate:  0.99469995
epsilon:  77.59754943847656 acceptance rate:  0.99469995
epsilon:  75.5160140991211 acceptance rate:  0.99539995
epsilon:  73.64823913574219 acceptance rate:  0.99509996
epsilon:  71.48377227783203 acceptance rate:  0.99399996
epsilon:  69.8190689086914 acceptance rate:  0.9948
epsilon:  68.12503051757812 acceptance rate:  0.99399996
epsilon:  66.5407485961914 acceptance rate:  0.9934
epsilon:  65.02401733398438 acceptance rate:  0.99359995
epsilon:  63.52546310424805 acceptance rate:  0.9914
epsilon:  62.25355911254883 acceptance rate:  0.99429995
epsilon:  60.830352783203125 acceptance rate:  0.99359995
epsilon:  59.380733489990234 acceptance rate:  0.99289995
epsilon:  57.961097717285156 acceptance rate:  0.99499995
epsilon:  56.62347412109375 acceptance rate:  0.99249995
epsilon:  55.446102142333984 acceptance rate:  0.9946
epsilon:  53.89305877685547 acceptance rate:  0.99179995
epsilon:  52.83149719238281 acceptance rate:  0.99219996
epsilon:  51.83198547363281 acceptance rate:  0.9932
epsilon:  50.76921844482422 acceptance rate:  0.9923
epsilon:  49.62343978881836 acceptance rate:  0.9931
epsilon:  48.53957748413086 acceptance rate:  0.99289995
epsilon:  47.366493225097656 acceptance rate:  0.9934
epsilon:  46.25817108154297 acceptance rate:  0.9903
epsilon:  45.34602737426758 acceptance rate:  0.9912
epsilon:  44.54823303222656 acceptance rate:  0.9927
epsilon:  43.60894012451172 acceptance rate:  0.9924
epsilon:  42.790130615234375 acceptance rate:  0.99179995
epsilon:  41.910980224609375 acceptance rate:  0.9902
epsilon:  40.98575973510742 acceptance rate:  0.9924
epsilon:  40.10932159423828 acceptance rate:  0.9916
epsilon:  39.17238998413086 acceptance rate:  0.9914
epsilon:  38.26701736450195 acceptance rate:  0.9921
epsilon:  37.33279037475586 acceptance rate:  0.9917
epsilon:  36.415122985839844 acceptance rate:  0.9932
epsilon:  35.56249237060547 acceptance rate:  0.9888
Time to select epsilon star: 55.00s

Simulations of the testing dataset...
Time to simulate the testing dataset: 0.57s

Simulations of the training dataset...
Time to simulate the training dataset: 0.85s

Training the neural network...
Initial accuracy: 50.36%, Initial test accuracy: 50.56%
Training for 100 epochs...
Epoch 1/100, mean train accuracy: 90.68%, mean test accuracy: 92.87%, lr scale: 1.0 in 9.55 sec
Epoch 2/100, mean train accuracy: 93.54%, mean test accuracy: 97.33%, lr scale: 1.0 in 9.29 sec
Epoch 3/100, mean train accuracy: 95.97%, mean test accuracy: 98.44%, lr scale: 0.5 in 9.44 sec
Epoch 4/100, mean train accuracy: 97.80%, mean test accuracy: 97.92%, lr scale: 0.5 in 9.24 sec
Epoch 5/100, mean train accuracy: 96.60%, mean test accuracy: 96.72%, lr scale: 0.5 in 9.14 sec
Epoch 6/100, mean train accuracy: 97.65%, mean test accuracy: 98.68%, lr scale: 0.25 in 9.35 sec
Epoch 7/100, mean train accuracy: 98.13%, mean test accuracy: 98.62%, lr scale: 0.25 in 9.28 sec
Epoch 8/100, mean train accuracy: 98.21%, mean test accuracy: 98.46%, lr scale: 0.25 in 9.22 sec
Epoch 9/100, mean train accuracy: 98.21%, mean test accuracy: 98.52%, lr scale: 0.25 in 9.18 sec
Epoch 10/100, mean train accuracy: 98.59%, mean test accuracy: 98.57%, lr scale: 0.125 in 9.22 sec
Epoch 11/100, mean train accuracy: 98.58%, mean test accuracy: 98.70%, lr scale: 0.0625 in 9.48 sec
Epoch 12/100, mean train accuracy: 98.67%, mean test accuracy: 98.71%, lr scale: 0.0625 in 9.21 sec
Epoch 13/100, mean train accuracy: 98.72%, mean test accuracy: 98.73%, lr scale: 0.0625 in 9.24 sec
Epoch 14/100, mean train accuracy: 98.65%, mean test accuracy: 98.70%, lr scale: 0.0625 in 9.15 sec
Epoch 15/100, mean train accuracy: 98.70%, mean test accuracy: 98.75%, lr scale: 0.03125 in 9.17 sec
Epoch 16/100, mean train accuracy: 98.71%, mean test accuracy: 98.76%, lr scale: 0.015625 in 9.32 sec
Epoch 17/100, mean train accuracy: 98.77%, mean test accuracy: 98.78%, lr scale: 0.015625 in 9.34 sec
Epoch 18/100, mean train accuracy: 98.78%, mean test accuracy: 98.76%, lr scale: 0.015625 in 9.63 sec
Epoch 19/100, mean train accuracy: 98.75%, mean test accuracy: 98.78%, lr scale: 0.0078125 in 9.17 sec
Epoch 20/100, mean train accuracy: 98.77%, mean test accuracy: 98.77%, lr scale: 0.0078125 in 9.11 sec
Epoch 21/100, mean train accuracy: 98.80%, mean test accuracy: 98.79%, lr scale: 0.00390625 in 9.15 sec
Epoch 22/100, mean train accuracy: 98.80%, mean test accuracy: 98.75%, lr scale: 0.00390625 in 9.14 sec
Epoch 23/100, mean train accuracy: 98.80%, mean test accuracy: 98.79%, lr scale: 0.001953125 in 9.45 sec
Epoch 24/100, mean train accuracy: 98.78%, mean test accuracy: 98.79%, lr scale: 0.0009765625 in 9.42 sec
Learning rate reached 1.00E-06, stopping training
Time to train the neural network: 247.70s

Simulation Based Calibration...
Time to perform SBC: 1052.30s

Data saved in  /mnt/nfs/nrdata02-users-data/luciano/script/ABC-SBI/examples/Gauss-Gauss/results/sigma0_10.0/mu_5.0/pickles/GaussGauss_sigma_1.0_sigma0_10.0_mu_5.0_acc_0.99_eps_35.562.xy


--------------------
ITERATION (ACC = 0.99) DONE IN 1358.8048796653748 SECONDS!
--------------------




--------------------
SIGMA0 = 10.0, TRUE_MU = 5.0, ACCEPT_RATE = 0.975
--------------------


Selection of epsilon star...
epsilon:  34.82034683227539 acceptance rate:  0.99289995
epsilon:  34.06414794921875 acceptance rate:  0.99079996
epsilon:  33.45913314819336 acceptance rate:  0.9892
epsilon:  32.7700080871582 acceptance rate:  0.9906
epsilon:  32.055824279785156 acceptance rate:  0.9902
epsilon:  31.3409423828125 acceptance rate:  0.99179995
epsilon:  30.649024963378906 acceptance rate:  0.99079996
epsilon:  29.976945877075195 acceptance rate:  0.9903
epsilon:  29.44508934020996 acceptance rate:  0.991
epsilon:  28.833885192871094 acceptance rate:  0.9902
epsilon:  28.198854446411133 acceptance rate:  0.9906
epsilon:  27.49519920349121 acceptance rate:  0.99079996
epsilon:  26.878944396972656 acceptance rate:  0.9896
epsilon:  26.34501075744629 acceptance rate:  0.98859996
epsilon:  25.765188217163086 acceptance rate:  0.9903
epsilon:  25.30740737915039 acceptance rate:  0.98999995
epsilon:  24.752685546875 acceptance rate:  0.9898
epsilon:  24.308773040771484 acceptance rate:  0.98829997
epsilon:  23.70308494567871 acceptance rate:  0.98889995
epsilon:  23.20568084716797 acceptance rate:  0.98889995
epsilon:  22.742610931396484 acceptance rate:  0.98969996
epsilon:  22.176372528076172 acceptance rate:  0.9888
epsilon:  21.74668312072754 acceptance rate:  0.98639995
epsilon:  21.370113372802734 acceptance rate:  0.9895
epsilon:  20.896678924560547 acceptance rate:  0.9884
epsilon:  20.454017639160156 acceptance rate:  0.988
epsilon:  20.063480377197266 acceptance rate:  0.98939997
epsilon:  19.67658233642578 acceptance rate:  0.9896
epsilon:  19.26504898071289 acceptance rate:  0.98569995
epsilon:  18.884241104125977 acceptance rate:  0.98759997
epsilon:  18.510690689086914 acceptance rate:  0.9877
epsilon:  18.095823287963867 acceptance rate:  0.9855
epsilon:  17.705503463745117 acceptance rate:  0.98429996
epsilon:  17.424602508544922 acceptance rate:  0.9869
epsilon:  17.028507232666016 acceptance rate:  0.9866
epsilon:  16.681262969970703 acceptance rate:  0.9852
epsilon:  16.293413162231445 acceptance rate:  0.98609996
epsilon:  15.899495124816895 acceptance rate:  0.98499995
epsilon:  15.608513832092285 acceptance rate:  0.98719996
epsilon:  15.288880348205566 acceptance rate:  0.98539996
epsilon:  14.961678504943848 acceptance rate:  0.9863
epsilon:  14.623342514038086 acceptance rate:  0.9845
epsilon:  14.286534309387207 acceptance rate:  0.98709995
epsilon:  13.970061302185059 acceptance rate:  0.9844
epsilon:  13.650845527648926 acceptance rate:  0.9848
epsilon:  13.356484413146973 acceptance rate:  0.98679996
epsilon:  13.076131820678711 acceptance rate:  0.9855
epsilon:  12.774175643920898 acceptance rate:  0.98499995
epsilon:  12.492537498474121 acceptance rate:  0.98319995
epsilon:  12.267871856689453 acceptance rate:  0.9862
epsilon:  11.976767539978027 acceptance rate:  0.98389995
epsilon:  11.741387367248535 acceptance rate:  0.9824
epsilon:  11.510720252990723 acceptance rate:  0.98359996
epsilon:  11.308028221130371 acceptance rate:  0.9833
epsilon:  11.10006332397461 acceptance rate:  0.98249996
epsilon:  10.868264198303223 acceptance rate:  0.9834
epsilon:  10.643844604492188 acceptance rate:  0.98289996
epsilon:  10.403303146362305 acceptance rate:  0.98469996
epsilon:  10.148608207702637 acceptance rate:  0.98099995
epsilon:  9.97452449798584 acceptance rate:  0.98099995
epsilon:  9.80405330657959 acceptance rate:  0.9838
epsilon:  9.596467971801758 acceptance rate:  0.9841
epsilon:  9.425101280212402 acceptance rate:  0.98149997
epsilon:  9.244978904724121 acceptance rate:  0.9835
epsilon:  9.044340133666992 acceptance rate:  0.98139995
epsilon:  8.867254257202148 acceptance rate:  0.9823
epsilon:  8.69839096069336 acceptance rate:  0.9806
epsilon:  8.491958618164062 acceptance rate:  0.9817
epsilon:  8.313162803649902 acceptance rate:  0.9812
epsilon:  8.136066436767578 acceptance rate:  0.98179996
epsilon:  7.9513092041015625 acceptance rate:  0.9787
epsilon:  7.777758598327637 acceptance rate:  0.97819996
epsilon:  7.633973598480225 acceptance rate:  0.98029995
epsilon:  7.492413520812988 acceptance rate:  0.98069996
epsilon:  7.328915596008301 acceptance rate:  0.9791
epsilon:  7.1842360496521 acceptance rate:  0.97889996
epsilon:  7.038639545440674 acceptance rate:  0.9776
epsilon:  6.881134033203125 acceptance rate:  0.97919995
epsilon:  6.736873149871826 acceptance rate:  0.97859997
epsilon:  6.61253547668457 acceptance rate:  0.97709996
epsilon:  6.487246990203857 acceptance rate:  0.9784
epsilon:  6.372335910797119 acceptance rate:  0.97709996
epsilon:  6.242435455322266 acceptance rate:  0.9766
epsilon:  6.123526096343994 acceptance rate:  0.9784
epsilon:  6.000354290008545 acceptance rate:  0.97639996
epsilon:  5.872134685516357 acceptance rate:  0.9766
epsilon:  5.756350994110107 acceptance rate:  0.9765
epsilon:  5.6393656730651855 acceptance rate:  0.97779995
epsilon:  5.528661251068115 acceptance rate:  0.9765
epsilon:  5.431277275085449 acceptance rate:  0.9765
epsilon:  5.326626300811768 acceptance rate:  0.97849995
epsilon:  5.199460029602051 acceptance rate:  0.97669995
epsilon:  5.076915264129639 acceptance rate:  0.9744
Time to select epsilon star: 85.20s

Simulations of the testing dataset...
Time to simulate the testing dataset: 0.52s

Simulations of the training dataset...
Time to simulate the training dataset: 0.80s

Training the neural network...
Initial accuracy: 50.04%, Initial test accuracy: 49.95%
Training for 100 epochs...
Epoch 1/100, mean train accuracy: 84.52%, mean test accuracy: 94.32%, lr scale: 1.0 in 9.31 sec
Epoch 2/100, mean train accuracy: 87.95%, mean test accuracy: 82.96%, lr scale: 1.0 in 9.13 sec
Epoch 3/100, mean train accuracy: 93.98%, mean test accuracy: 97.78%, lr scale: 1.0 in 9.17 sec
Epoch 4/100, mean train accuracy: 94.89%, mean test accuracy: 98.15%, lr scale: 1.0 in 9.16 sec
Epoch 5/100, mean train accuracy: 87.78%, mean test accuracy: 97.65%, lr scale: 1.0 in 9.15 sec
Epoch 6/100, mean train accuracy: 97.37%, mean test accuracy: 98.46%, lr scale: 0.5 in 9.43 sec
Epoch 7/100, mean train accuracy: 97.85%, mean test accuracy: 98.39%, lr scale: 0.5 in 9.24 sec
Epoch 8/100, mean train accuracy: 97.92%, mean test accuracy: 98.68%, lr scale: 0.5 in 9.23 sec
Epoch 9/100, mean train accuracy: 98.59%, mean test accuracy: 98.62%, lr scale: 0.25 in 9.18 sec
Epoch 10/100, mean train accuracy: 98.28%, mean test accuracy: 98.59%, lr scale: 0.25 in 9.27 sec
Epoch 11/100, mean train accuracy: 98.70%, mean test accuracy: 98.73%, lr scale: 0.125 in 9.42 sec
Epoch 12/100, mean train accuracy: 98.71%, mean test accuracy: 98.77%, lr scale: 0.0625 in 9.23 sec
Epoch 13/100, mean train accuracy: 98.74%, mean test accuracy: 98.73%, lr scale: 0.0625 in 9.15 sec
Epoch 14/100, mean train accuracy: 98.74%, mean test accuracy: 98.76%, lr scale: 0.03125 in 9.20 sec
Epoch 15/100, mean train accuracy: 98.78%, mean test accuracy: 98.68%, lr scale: 0.03125 in 9.47 sec
Epoch 16/100, mean train accuracy: 98.81%, mean test accuracy: 98.80%, lr scale: 0.03125 in 9.28 sec
Epoch 17/100, mean train accuracy: 98.76%, mean test accuracy: 98.80%, lr scale: 0.015625 in 9.16 sec
Epoch 18/100, mean train accuracy: 98.83%, mean test accuracy: 98.79%, lr scale: 0.0078125 in 9.19 sec
Epoch 19/100, mean train accuracy: 98.77%, mean test accuracy: 98.80%, lr scale: 0.0078125 in 9.06 sec
Epoch 20/100, mean train accuracy: 98.80%, mean test accuracy: 98.80%, lr scale: 0.00390625 in 9.09 sec
Epoch 21/100, mean train accuracy: 98.81%, mean test accuracy: 98.80%, lr scale: 0.00390625 in 9.33 sec
Epoch 22/100, mean train accuracy: 98.85%, mean test accuracy: 98.80%, lr scale: 0.001953125 in 9.15 sec
Epoch 23/100, mean train accuracy: 98.83%, mean test accuracy: 98.81%, lr scale: 0.0009765625 in 8.79 sec
Learning rate reached 1.00E-06, stopping training
Time to train the neural network: 256.28s

Simulation Based Calibration...
