Host clust3
Old path: /mnt/nfs/nrdata02-users-data/luciano/script
New path: /mnt/nfs/nrdata02-users-data/luciano/script/ABC-SBI


--------------------
K = 50, TRUE_BETA = max, ACCEPT_RATE = 1.0
--------------------


Selection of epsilon star...
Distances: min =  2642.54 max =  13074.948 mean =  6428.2627 std =  1299.779
Time to select epsilon star: 2.25s

Simulations of the testing dataset...
Time to simulate the testing dataset: 2.89s

Simulations of the training dataset...
Time to simulate the training dataset: 2.72s

Training the neural network...
Initial accuracy: 49.94%, Initial test accuracy: 50.02%
Training for 100 epochs...
Epoch 1/100, mean train accuracy: 49.94%, mean test accuracy: 49.99%, lr scale: 1.0 in 15.53 sec
Epoch 2/100, mean train accuracy: 49.77%, mean test accuracy: 50.00%, lr scale: 1.0 in 15.34 sec
Epoch 3/100, mean train accuracy: 49.90%, mean test accuracy: 50.00%, lr scale: 1.0 in 14.96 sec
Epoch 4/100, mean train accuracy: 49.97%, mean test accuracy: 50.00%, lr scale: 1.0 in 14.70 sec
Epoch 5/100, mean train accuracy: 49.99%, mean test accuracy: 50.00%, lr scale: 1.0 in 14.94 sec
Epoch 6/100, mean train accuracy: 49.89%, mean test accuracy: 49.98%, lr scale: 0.5 in 14.82 sec
Epoch 7/100, mean train accuracy: 50.00%, mean test accuracy: 50.00%, lr scale: 0.5 in 14.88 sec
Epoch 8/100, mean train accuracy: 49.89%, mean test accuracy: 50.01%, lr scale: 0.25 in 14.94 sec
Epoch 9/100, mean train accuracy: 50.01%, mean test accuracy: 50.00%, lr scale: 0.25 in 14.82 sec
Epoch 10/100, mean train accuracy: 49.95%, mean test accuracy: 49.99%, lr scale: 0.125 in 14.77 sec
Epoch 11/100, mean train accuracy: 50.12%, mean test accuracy: 50.01%, lr scale: 0.125 in 15.06 sec
Epoch 12/100, mean train accuracy: 49.77%, mean test accuracy: 49.99%, lr scale: 0.0625 in 14.83 sec
Epoch 13/100, mean train accuracy: 49.81%, mean test accuracy: 50.01%, lr scale: 0.03125 in 15.07 sec
Epoch 14/100, mean train accuracy: 49.98%, mean test accuracy: 49.99%, lr scale: 0.03125 in 15.14 sec
Epoch 15/100, mean train accuracy: 50.14%, mean test accuracy: 50.00%, lr scale: 0.015625 in 15.14 sec
Epoch 16/100, mean train accuracy: 50.14%, mean test accuracy: 50.01%, lr scale: 0.015625 in 14.95 sec
Epoch 17/100, mean train accuracy: 50.11%, mean test accuracy: 49.99%, lr scale: 0.0078125 in 15.07 sec
Epoch 18/100, mean train accuracy: 50.04%, mean test accuracy: 49.99%, lr scale: 0.00390625 in 14.92 sec
Epoch 19/100, mean train accuracy: 49.93%, mean test accuracy: 50.00%, lr scale: 0.00390625 in 14.91 sec
Epoch 20/100, mean train accuracy: 49.92%, mean test accuracy: 49.99%, lr scale: 0.001953125 in 14.90 sec
Epoch 21/100, mean train accuracy: 50.01%, mean test accuracy: 50.01%, lr scale: 0.0009765625 in 15.08 sec
Learning rate reached 1.00E-06, stopping training
Time to train the neural network: 354.15s

Simulation Based Calibration...
Time to perform SBC: 1786.37s

Data saved in  /mnt/nfs/nrdata02-users-data/luciano/script/ABC-SBI/examples/Linear-Reg/results/K_50/beta_max/pickles/LinearReg_K_50_beta_max_acc_1.0_eps_inf.xz


--------------------
ITERATION (ACC = 1.0) DONE IN 2150.7533428668976 SECONDS!
--------------------




--------------------
K = 50, TRUE_BETA = max, ACCEPT_RATE = 0.999
--------------------


Selection of epsilon star...
Distances: min =  2631.203 max =  11844.111 mean =  6500.7144 std =  1270.1707
epsilon:  9806.1494140625 acceptance rate:  0.98899996
Time to select epsilon star: 3.60s

Simulations of the testing dataset...
Time to simulate the testing dataset: 1.92s

Simulations of the training dataset...
Time to simulate the training dataset: 4.08s

Training the neural network...
Initial accuracy: 49.96%, Initial test accuracy: 49.99%
Training for 100 epochs...
Epoch 1/100, mean train accuracy: 49.86%, mean test accuracy: 49.98%, lr scale: 1.0 in 13.88 sec
Epoch 2/100, mean train accuracy: 49.83%, mean test accuracy: 49.99%, lr scale: 1.0 in 13.93 sec
Epoch 3/100, mean train accuracy: 49.97%, mean test accuracy: 50.00%, lr scale: 1.0 in 14.00 sec
Epoch 4/100, mean train accuracy: 49.84%, mean test accuracy: 50.00%, lr scale: 1.0 in 13.84 sec
Epoch 5/100, mean train accuracy: 49.95%, mean test accuracy: 49.99%, lr scale: 1.0 in 14.09 sec
Epoch 6/100, mean train accuracy: 49.97%, mean test accuracy: 50.00%, lr scale: 0.5 in 13.93 sec
Epoch 7/100, mean train accuracy: 50.02%, mean test accuracy: 50.02%, lr scale: 0.5 in 13.94 sec
Epoch 8/100, mean train accuracy: 50.07%, mean test accuracy: 50.00%, lr scale: 0.25 in 14.09 sec
Epoch 9/100, mean train accuracy: 49.96%, mean test accuracy: 49.99%, lr scale: 0.25 in 14.09 sec
Epoch 10/100, mean train accuracy: 49.93%, mean test accuracy: 50.01%, lr scale: 0.25 in 13.83 sec
Epoch 11/100, mean train accuracy: 49.80%, mean test accuracy: 50.00%, lr scale: 0.25 in 14.02 sec
Epoch 12/100, mean train accuracy: 49.81%, mean test accuracy: 50.00%, lr scale: 0.125 in 13.85 sec
Epoch 13/100, mean train accuracy: 50.05%, mean test accuracy: 49.98%, lr scale: 0.125 in 13.74 sec
Epoch 14/100, mean train accuracy: 50.05%, mean test accuracy: 50.01%, lr scale: 0.0625 in 13.67 sec
Epoch 15/100, mean train accuracy: 49.79%, mean test accuracy: 50.01%, lr scale: 0.03125 in 14.15 sec
Epoch 16/100, mean train accuracy: 49.95%, mean test accuracy: 50.00%, lr scale: 0.03125 in 13.67 sec
Epoch 17/100, mean train accuracy: 50.03%, mean test accuracy: 50.00%, lr scale: 0.03125 in 13.70 sec
Epoch 18/100, mean train accuracy: 50.10%, mean test accuracy: 50.01%, lr scale: 0.015625 in 13.77 sec
Epoch 19/100, mean train accuracy: 49.77%, mean test accuracy: 50.05%, lr scale: 0.0078125 in 13.87 sec
Epoch 20/100, mean train accuracy: 49.79%, mean test accuracy: 50.01%, lr scale: 0.00390625 in 13.86 sec
Epoch 21/100, mean train accuracy: 49.97%, mean test accuracy: 50.02%, lr scale: 0.00390625 in 13.83 sec
Epoch 22/100, mean train accuracy: 49.87%, mean test accuracy: 50.02%, lr scale: 0.001953125 in 13.89 sec
Epoch 23/100, mean train accuracy: 49.98%, mean test accuracy: 50.07%, lr scale: 0.0009765625 in 13.46 sec
Learning rate reached 1.00E-06, stopping training
Time to train the neural network: 369.14s

Simulation Based Calibration...
Time to perform SBC: 1765.82s

Data saved in  /mnt/nfs/nrdata02-users-data/luciano/script/ABC-SBI/examples/Linear-Reg/results/K_50/beta_max/pickles/LinearReg_K_50_beta_max_acc_0.999_eps_9.81e+03.xz


--------------------
ITERATION (ACC = 0.999) DONE IN 2147.3315653800964 SECONDS!
--------------------




--------------------
K = 50, TRUE_BETA = max, ACCEPT_RATE = 0.99
--------------------


Selection of epsilon star...
epsilon:  9376.6357421875 acceptance rate:  0.97999996
Time to select epsilon star: 2.97s

Simulations of the testing dataset...
Time to simulate the testing dataset: 1.83s

Simulations of the training dataset...
Time to simulate the training dataset: 3.40s

Training the neural network...
Initial accuracy: 50.09%, Initial test accuracy: 50.00%
Training for 100 epochs...
Epoch 1/100, mean train accuracy: 49.76%, mean test accuracy: 50.00%, lr scale: 1.0 in 14.40 sec
Epoch 2/100, mean train accuracy: 49.79%, mean test accuracy: 50.00%, lr scale: 1.0 in 14.00 sec
Epoch 3/100, mean train accuracy: 50.10%, mean test accuracy: 50.01%, lr scale: 1.0 in 14.06 sec
Epoch 4/100, mean train accuracy: 49.89%, mean test accuracy: 50.00%, lr scale: 0.5 in 14.16 sec
Epoch 5/100, mean train accuracy: 49.88%, mean test accuracy: 50.01%, lr scale: 0.5 in 14.14 sec
Epoch 6/100, mean train accuracy: 50.05%, mean test accuracy: 49.99%, lr scale: 0.25 in 14.09 sec
Epoch 7/100, mean train accuracy: 50.03%, mean test accuracy: 50.03%, lr scale: 0.25 in 14.18 sec
Epoch 8/100, mean train accuracy: 50.13%, mean test accuracy: 50.00%, lr scale: 0.125 in 14.00 sec
Epoch 9/100, mean train accuracy: 49.99%, mean test accuracy: 50.02%, lr scale: 0.0625 in 13.75 sec
Epoch 10/100, mean train accuracy: 50.12%, mean test accuracy: 50.33%, lr scale: 0.0625 in 13.87 sec
Epoch 11/100, mean train accuracy: 51.68%, mean test accuracy: 53.36%, lr scale: 0.0625 in 14.04 sec
Epoch 12/100, mean train accuracy: 54.56%, mean test accuracy: 56.37%, lr scale: 0.0625 in 13.84 sec
Epoch 13/100, mean train accuracy: 67.69%, mean test accuracy: 78.17%, lr scale: 0.0625 in 13.83 sec
Epoch 14/100, mean train accuracy: 80.78%, mean test accuracy: 82.90%, lr scale: 0.0625 in 13.68 sec
Epoch 15/100, mean train accuracy: 84.03%, mean test accuracy: 84.74%, lr scale: 0.0625 in 13.91 sec
Epoch 16/100, mean train accuracy: 86.24%, mean test accuracy: 86.62%, lr scale: 0.0625 in 14.16 sec
Epoch 17/100, mean train accuracy: 87.79%, mean test accuracy: 87.95%, lr scale: 0.0625 in 13.73 sec
Epoch 18/100, mean train accuracy: 89.20%, mean test accuracy: 89.58%, lr scale: 0.0625 in 13.85 sec
Epoch 19/100, mean train accuracy: 90.06%, mean test accuracy: 90.04%, lr scale: 0.0625 in 13.90 sec
Epoch 20/100, mean train accuracy: 91.10%, mean test accuracy: 91.22%, lr scale: 0.0625 in 14.09 sec
Epoch 21/100, mean train accuracy: 91.81%, mean test accuracy: 91.85%, lr scale: 0.0625 in 13.87 sec
Epoch 22/100, mean train accuracy: 92.36%, mean test accuracy: 92.52%, lr scale: 0.0625 in 13.96 sec
Epoch 23/100, mean train accuracy: 92.89%, mean test accuracy: 92.30%, lr scale: 0.0625 in 13.82 sec
Epoch 24/100, mean train accuracy: 93.33%, mean test accuracy: 93.37%, lr scale: 0.0625 in 13.87 sec
Epoch 25/100, mean train accuracy: 93.67%, mean test accuracy: 93.57%, lr scale: 0.0625 in 14.00 sec
Epoch 26/100, mean train accuracy: 94.00%, mean test accuracy: 93.91%, lr scale: 0.0625 in 13.82 sec
Epoch 27/100, mean train accuracy: 94.19%, mean test accuracy: 94.54%, lr scale: 0.0625 in 13.59 sec
Epoch 28/100, mean train accuracy: 94.49%, mean test accuracy: 94.26%, lr scale: 0.0625 in 14.00 sec
Epoch 29/100, mean train accuracy: 94.72%, mean test accuracy: 94.36%, lr scale: 0.0625 in 13.89 sec
Epoch 30/100, mean train accuracy: 94.87%, mean test accuracy: 94.91%, lr scale: 0.0625 in 14.15 sec
Epoch 31/100, mean train accuracy: 95.03%, mean test accuracy: 95.07%, lr scale: 0.0625 in 13.80 sec
Epoch 32/100, mean train accuracy: 95.14%, mean test accuracy: 95.47%, lr scale: 0.0625 in 13.77 sec
Epoch 33/100, mean train accuracy: 95.28%, mean test accuracy: 94.77%, lr scale: 0.0625 in 13.81 sec
Epoch 34/100, mean train accuracy: 95.34%, mean test accuracy: 95.62%, lr scale: 0.0625 in 13.97 sec
Epoch 35/100, mean train accuracy: 95.41%, mean test accuracy: 95.27%, lr scale: 0.0625 in 14.06 sec
Epoch 36/100, mean train accuracy: 95.47%, mean test accuracy: 95.72%, lr scale: 0.0625 in 13.66 sec
Epoch 37/100, mean train accuracy: 96.49%, mean test accuracy: 96.35%, lr scale: 0.03125 in 13.71 sec
Epoch 38/100, mean train accuracy: 96.80%, mean test accuracy: 96.93%, lr scale: 0.03125 in 13.96 sec
Epoch 39/100, mean train accuracy: 96.84%, mean test accuracy: 96.82%, lr scale: 0.03125 in 13.89 sec
Epoch 40/100, mean train accuracy: 96.95%, mean test accuracy: 96.87%, lr scale: 0.03125 in 14.13 sec
Epoch 41/100, mean train accuracy: 96.98%, mean test accuracy: 97.16%, lr scale: 0.03125 in 14.04 sec
Epoch 42/100, mean train accuracy: 97.05%, mean test accuracy: 96.95%, lr scale: 0.03125 in 13.82 sec
Epoch 43/100, mean train accuracy: 97.27%, mean test accuracy: 97.46%, lr scale: 0.015625 in 13.96 sec
Epoch 44/100, mean train accuracy: 97.77%, mean test accuracy: 97.68%, lr scale: 0.015625 in 13.86 sec
Epoch 45/100, mean train accuracy: 97.81%, mean test accuracy: 97.47%, lr scale: 0.015625 in 14.69 sec
Epoch 46/100, mean train accuracy: 97.85%, mean test accuracy: 97.69%, lr scale: 0.015625 in 14.77 sec
Epoch 47/100, mean train accuracy: 97.88%, mean test accuracy: 97.64%, lr scale: 0.015625 in 13.53 sec
Epoch 48/100, mean train accuracy: 97.89%, mean test accuracy: 97.74%, lr scale: 0.015625 in 13.63 sec
Epoch 49/100, mean train accuracy: 97.97%, mean test accuracy: 98.13%, lr scale: 0.0078125 in 13.80 sec
Epoch 50/100, mean train accuracy: 98.25%, mean test accuracy: 98.12%, lr scale: 0.0078125 in 13.89 sec
Epoch 51/100, mean train accuracy: 98.33%, mean test accuracy: 98.05%, lr scale: 0.0078125 in 13.74 sec
Epoch 52/100, mean train accuracy: 98.32%, mean test accuracy: 98.25%, lr scale: 0.00390625 in 13.69 sec
Epoch 53/100, mean train accuracy: 98.54%, mean test accuracy: 98.27%, lr scale: 0.00390625 in 13.58 sec
Epoch 54/100, mean train accuracy: 98.57%, mean test accuracy: 98.34%, lr scale: 0.00390625 in 13.83 sec
Epoch 55/100, mean train accuracy: 98.59%, mean test accuracy: 98.42%, lr scale: 0.001953125 in 13.86 sec
Epoch 56/100, mean train accuracy: 98.70%, mean test accuracy: 98.42%, lr scale: 0.001953125 in 13.62 sec
Epoch 57/100, mean train accuracy: 98.71%, mean test accuracy: 98.39%, lr scale: 0.001953125 in 13.49 sec
Epoch 58/100, mean train accuracy: 98.70%, mean test accuracy: 98.47%, lr scale: 0.0009765625 in 13.66 sec
Learning rate reached 1.00E-06, stopping training
Time to train the neural network: 867.33s

Simulation Based Calibration...
Time to perform SBC: 1771.54s

Data saved in  /mnt/nfs/nrdata02-users-data/luciano/script/ABC-SBI/examples/Linear-Reg/results/K_50/beta_max/pickles/LinearReg_K_50_beta_max_acc_0.99_eps_9.38e+03.xz


--------------------
ITERATION (ACC = 0.99) DONE IN 2649.9394178390503 SECONDS!
--------------------




--------------------
K = 50, TRUE_BETA = max, ACCEPT_RATE = 0.975
--------------------


Selection of epsilon star...
epsilon:  9080.3720703125 acceptance rate:  0.9684
Time to select epsilon star: 3.02s

Simulations of the testing dataset...
Time to simulate the testing dataset: 1.78s

Simulations of the training dataset...
Time to simulate the training dataset: 3.18s

Training the neural network...
Initial accuracy: 49.91%, Initial test accuracy: 49.97%
Training for 100 epochs...
Epoch 1/100, mean train accuracy: 49.90%, mean test accuracy: 49.99%, lr scale: 1.0 in 14.59 sec
Epoch 2/100, mean train accuracy: 49.86%, mean test accuracy: 50.00%, lr scale: 1.0 in 14.18 sec
Epoch 3/100, mean train accuracy: 50.01%, mean test accuracy: 50.01%, lr scale: 1.0 in 14.10 sec
Epoch 4/100, mean train accuracy: 49.90%, mean test accuracy: 50.00%, lr scale: 1.0 in 13.73 sec
Epoch 5/100, mean train accuracy: 50.11%, mean test accuracy: 50.00%, lr scale: 0.5 in 13.76 sec
Epoch 6/100, mean train accuracy: 50.09%, mean test accuracy: 50.01%, lr scale: 0.5 in 14.35 sec
Epoch 7/100, mean train accuracy: 49.93%, mean test accuracy: 50.01%, lr scale: 0.5 in 13.73 sec
Epoch 8/100, mean train accuracy: 50.03%, mean test accuracy: 50.00%, lr scale: 0.25 in 14.02 sec
Epoch 9/100, mean train accuracy: 49.97%, mean test accuracy: 49.98%, lr scale: 0.125 in 14.07 sec
Epoch 10/100, mean train accuracy: 49.98%, mean test accuracy: 50.00%, lr scale: 0.0625 in 14.03 sec
Epoch 11/100, mean train accuracy: 49.97%, mean test accuracy: 50.01%, lr scale: 0.0625 in 13.99 sec
Epoch 12/100, mean train accuracy: 50.05%, mean test accuracy: 50.00%, lr scale: 0.03125 in 14.02 sec
Epoch 13/100, mean train accuracy: 50.09%, mean test accuracy: 50.00%, lr scale: 0.03125 in 14.09 sec
Epoch 14/100, mean train accuracy: 50.01%, mean test accuracy: 50.00%, lr scale: 0.015625 in 14.08 sec
Epoch 15/100, mean train accuracy: 49.88%, mean test accuracy: 50.00%, lr scale: 0.0078125 in 14.02 sec
Epoch 16/100, mean train accuracy: 49.93%, mean test accuracy: 50.00%, lr scale: 0.0078125 in 13.69 sec
Epoch 17/100, mean train accuracy: 49.91%, mean test accuracy: 50.01%, lr scale: 0.00390625 in 13.93 sec
Epoch 18/100, mean train accuracy: 50.11%, mean test accuracy: 50.01%, lr scale: 0.001953125 in 14.01 sec
Epoch 19/100, mean train accuracy: 50.00%, mean test accuracy: 49.99%, lr scale: 0.0009765625 in 13.95 sec
Learning rate reached 1.00E-06, stopping training
Time to train the neural network: 325.35s

Simulation Based Calibration...
Time to perform SBC: 1756.93s

Data saved in  /mnt/nfs/nrdata02-users-data/luciano/script/ABC-SBI/examples/Linear-Reg/results/K_50/beta_max/pickles/LinearReg_K_50_beta_max_acc_0.975_eps_9.08e+03.xz


--------------------
ITERATION (ACC = 0.975) DONE IN 2093.156856060028 SECONDS!
--------------------




--------------------
K = 50, TRUE_BETA = max, ACCEPT_RATE = 0.95
--------------------


Selection of epsilon star...
epsilon:  8887.970703125 acceptance rate:  0.9607
epsilon:  8732.8349609375 acceptance rate:  0.9514
epsilon:  8619.69140625 acceptance rate:  0.94549996
Time to select epsilon star: 8.37s

Simulations of the testing dataset...
Time to simulate the testing dataset: 1.76s

Simulations of the training dataset...
Time to simulate the training dataset: 3.77s

Training the neural network...
Initial accuracy: 50.06%, Initial test accuracy: 50.02%
Training for 100 epochs...
Epoch 1/100, mean train accuracy: 49.86%, mean test accuracy: 50.01%, lr scale: 1.0 in 14.29 sec
Epoch 2/100, mean train accuracy: 49.82%, mean test accuracy: 49.99%, lr scale: 1.0 in 14.04 sec
Epoch 3/100, mean train accuracy: 50.18%, mean test accuracy: 49.99%, lr scale: 1.0 in 13.90 sec
Epoch 4/100, mean train accuracy: 50.07%, mean test accuracy: 50.01%, lr scale: 1.0 in 13.91 sec
Epoch 5/100, mean train accuracy: 50.10%, mean test accuracy: 49.99%, lr scale: 0.5 in 13.65 sec
Epoch 6/100, mean train accuracy: 50.08%, mean test accuracy: 50.00%, lr scale: 0.5 in 13.77 sec
Epoch 7/100, mean train accuracy: 49.99%, mean test accuracy: 50.00%, lr scale: 0.25 in 13.95 sec
Epoch 8/100, mean train accuracy: 49.91%, mean test accuracy: 50.00%, lr scale: 0.25 in 13.87 sec
Epoch 9/100, mean train accuracy: 50.15%, mean test accuracy: 50.00%, lr scale: 0.125 in 13.90 sec
Epoch 10/100, mean train accuracy: 49.94%, mean test accuracy: 50.00%, lr scale: 0.125 in 14.14 sec
Epoch 11/100, mean train accuracy: 49.80%, mean test accuracy: 49.99%, lr scale: 0.0625 in 14.16 sec
Epoch 12/100, mean train accuracy: 49.97%, mean test accuracy: 50.01%, lr scale: 0.0625 in 13.77 sec
Epoch 13/100, mean train accuracy: 49.79%, mean test accuracy: 50.00%, lr scale: 0.03125 in 13.83 sec
Epoch 14/100, mean train accuracy: 49.82%, mean test accuracy: 50.01%, lr scale: 0.03125 in 13.83 sec
Epoch 15/100, mean train accuracy: 50.17%, mean test accuracy: 50.00%, lr scale: 0.015625 in 14.07 sec
Epoch 16/100, mean train accuracy: 49.88%, mean test accuracy: 50.00%, lr scale: 0.0078125 in 13.91 sec
Epoch 17/100, mean train accuracy: 50.12%, mean test accuracy: 50.00%, lr scale: 0.0078125 in 13.81 sec
Epoch 18/100, mean train accuracy: 50.01%, mean test accuracy: 50.00%, lr scale: 0.0078125 in 13.69 sec
Epoch 19/100, mean train accuracy: 50.05%, mean test accuracy: 49.99%, lr scale: 0.00390625 in 13.76 sec
Epoch 20/100, mean train accuracy: 49.88%, mean test accuracy: 50.01%, lr scale: 0.001953125 in 13.94 sec
Epoch 21/100, mean train accuracy: 49.97%, mean test accuracy: 50.00%, lr scale: 0.001953125 in 13.89 sec
Epoch 22/100, mean train accuracy: 50.05%, mean test accuracy: 50.01%, lr scale: 0.0009765625 in 13.99 sec
Learning rate reached 1.00E-06, stopping training
Time to train the neural network: 372.28s

Simulation Based Calibration...
Time to perform SBC: 1751.28s

Data saved in  /mnt/nfs/nrdata02-users-data/luciano/script/ABC-SBI/examples/Linear-Reg/results/K_50/beta_max/pickles/LinearReg_K_50_beta_max_acc_0.95_eps_8.62e+03.xz


--------------------
ITERATION (ACC = 0.95) DONE IN 2140.1300177574158 SECONDS!
--------------------




--------------------
K = 50, TRUE_BETA = max, ACCEPT_RATE = 0.925
--------------------


Selection of epsilon star...
epsilon:  8505.33984375 acceptance rate:  0.9343
epsilon:  8403.1123046875 acceptance rate:  0.92719996
epsilon:  8310.3330078125 acceptance rate:  0.9152
Time to select epsilon star: 8.64s

Simulations of the testing dataset...
Time to simulate the testing dataset: 1.85s

Simulations of the training dataset...
Time to simulate the training dataset: 4.74s

Training the neural network...
Initial accuracy: 49.96%, Initial test accuracy: 49.98%
Training for 100 epochs...
Epoch 1/100, mean train accuracy: 49.98%, mean test accuracy: 49.99%, lr scale: 1.0 in 13.82 sec
Epoch 2/100, mean train accuracy: 49.84%, mean test accuracy: 49.99%, lr scale: 1.0 in 13.66 sec
Epoch 3/100, mean train accuracy: 50.00%, mean test accuracy: 49.99%, lr scale: 1.0 in 13.81 sec
Epoch 4/100, mean train accuracy: 49.96%, mean test accuracy: 49.99%, lr scale: 1.0 in 13.77 sec
Epoch 5/100, mean train accuracy: 49.93%, mean test accuracy: 50.02%, lr scale: 0.5 in 13.84 sec
Epoch 6/100, mean train accuracy: 49.99%, mean test accuracy: 50.00%, lr scale: 0.5 in 13.73 sec
Epoch 7/100, mean train accuracy: 49.99%, mean test accuracy: 50.01%, lr scale: 0.25 in 13.57 sec
Epoch 8/100, mean train accuracy: 50.05%, mean test accuracy: 50.01%, lr scale: 0.125 in 13.87 sec
Epoch 9/100, mean train accuracy: 49.97%, mean test accuracy: 50.02%, lr scale: 0.125 in 13.84 sec
Epoch 10/100, mean train accuracy: 49.93%, mean test accuracy: 50.30%, lr scale: 0.0625 in 13.66 sec
Epoch 11/100, mean train accuracy: 50.39%, mean test accuracy: 51.04%, lr scale: 0.0625 in 13.82 sec
Epoch 12/100, mean train accuracy: 52.61%, mean test accuracy: 54.10%, lr scale: 0.0625 in 13.74 sec
Epoch 13/100, mean train accuracy: 57.96%, mean test accuracy: 71.04%, lr scale: 0.0625 in 13.93 sec
Epoch 14/100, mean train accuracy: 77.29%, mean test accuracy: 81.25%, lr scale: 0.0625 in 13.62 sec
Epoch 15/100, mean train accuracy: 82.52%, mean test accuracy: 84.20%, lr scale: 0.0625 in 13.63 sec
Epoch 16/100, mean train accuracy: 85.10%, mean test accuracy: 85.61%, lr scale: 0.0625 in 13.65 sec
Epoch 17/100, mean train accuracy: 87.02%, mean test accuracy: 87.44%, lr scale: 0.0625 in 13.95 sec
Epoch 18/100, mean train accuracy: 88.40%, mean test accuracy: 88.29%, lr scale: 0.0625 in 13.81 sec
Epoch 19/100, mean train accuracy: 89.72%, mean test accuracy: 90.24%, lr scale: 0.0625 in 13.67 sec
Epoch 20/100, mean train accuracy: 90.58%, mean test accuracy: 90.07%, lr scale: 0.0625 in 13.59 sec
Epoch 21/100, mean train accuracy: 91.41%, mean test accuracy: 91.41%, lr scale: 0.0625 in 13.80 sec
Epoch 22/100, mean train accuracy: 92.22%, mean test accuracy: 92.46%, lr scale: 0.0625 in 13.78 sec
Epoch 23/100, mean train accuracy: 92.75%, mean test accuracy: 92.87%, lr scale: 0.0625 in 13.63 sec
Epoch 24/100, mean train accuracy: 93.13%, mean test accuracy: 93.48%, lr scale: 0.0625 in 13.62 sec
Epoch 25/100, mean train accuracy: 93.62%, mean test accuracy: 93.53%, lr scale: 0.0625 in 13.27 sec
Epoch 26/100, mean train accuracy: 93.99%, mean test accuracy: 94.06%, lr scale: 0.0625 in 13.48 sec
Epoch 27/100, mean train accuracy: 94.28%, mean test accuracy: 94.27%, lr scale: 0.0625 in 13.53 sec
Epoch 28/100, mean train accuracy: 94.45%, mean test accuracy: 94.78%, lr scale: 0.0625 in 13.54 sec
Epoch 29/100, mean train accuracy: 94.77%, mean test accuracy: 94.15%, lr scale: 0.0625 in 13.33 sec
Epoch 30/100, mean train accuracy: 94.95%, mean test accuracy: 94.64%, lr scale: 0.0625 in 13.34 sec
Epoch 31/100, mean train accuracy: 94.98%, mean test accuracy: 95.12%, lr scale: 0.0625 in 13.39 sec
Epoch 32/100, mean train accuracy: 95.89%, mean test accuracy: 96.12%, lr scale: 0.03125 in 13.39 sec
Epoch 33/100, mean train accuracy: 96.38%, mean test accuracy: 96.29%, lr scale: 0.03125 in 13.53 sec
Epoch 34/100, mean train accuracy: 96.57%, mean test accuracy: 96.48%, lr scale: 0.03125 in 13.55 sec
Epoch 35/100, mean train accuracy: 96.66%, mean test accuracy: 96.58%, lr scale: 0.03125 in 13.38 sec
Epoch 36/100, mean train accuracy: 96.64%, mean test accuracy: 96.58%, lr scale: 0.03125 in 13.26 sec
Epoch 37/100, mean train accuracy: 96.77%, mean test accuracy: 96.62%, lr scale: 0.03125 in 13.36 sec
Epoch 38/100, mean train accuracy: 96.80%, mean test accuracy: 96.45%, lr scale: 0.03125 in 13.36 sec
Epoch 39/100, mean train accuracy: 96.84%, mean test accuracy: 96.74%, lr scale: 0.03125 in 13.52 sec
Epoch 40/100, mean train accuracy: 97.30%, mean test accuracy: 97.38%, lr scale: 0.015625 in 13.53 sec
Epoch 41/100, mean train accuracy: 97.61%, mean test accuracy: 97.35%, lr scale: 0.015625 in 13.32 sec
Epoch 42/100, mean train accuracy: 97.67%, mean test accuracy: 97.17%, lr scale: 0.015625 in 13.51 sec
Epoch 43/100, mean train accuracy: 97.68%, mean test accuracy: 97.38%, lr scale: 0.015625 in 13.47 sec
Epoch 44/100, mean train accuracy: 97.86%, mean test accuracy: 97.84%, lr scale: 0.0078125 in 13.41 sec
Epoch 45/100, mean train accuracy: 98.17%, mean test accuracy: 97.94%, lr scale: 0.0078125 in 13.70 sec
Epoch 46/100, mean train accuracy: 98.17%, mean test accuracy: 98.03%, lr scale: 0.00390625 in 13.68 sec
Epoch 47/100, mean train accuracy: 98.38%, mean test accuracy: 98.15%, lr scale: 0.00390625 in 13.28 sec
Epoch 48/100, mean train accuracy: 98.43%, mean test accuracy: 98.17%, lr scale: 0.00390625 in 13.29 sec
Epoch 49/100, mean train accuracy: 98.47%, mean test accuracy: 98.18%, lr scale: 0.001953125 in 13.55 sec
Epoch 50/100, mean train accuracy: 98.53%, mean test accuracy: 98.24%, lr scale: 0.001953125 in 13.41 sec
Epoch 51/100, mean train accuracy: 98.57%, mean test accuracy: 98.26%, lr scale: 0.0009765625 in 13.31 sec
Learning rate reached 1.00E-06, stopping training
Time to train the neural network: 773.65s

Simulation Based Calibration...
Time to perform SBC: 1754.12s

Data saved in  /mnt/nfs/nrdata02-users-data/luciano/script/ABC-SBI/examples/Linear-Reg/results/K_50/beta_max/pickles/LinearReg_K_50_beta_max_acc_0.925_eps_8.31e+03.xz


--------------------
ITERATION (ACC = 0.925) DONE IN 2545.760118484497 SECONDS!
--------------------




--------------------
K = 50, TRUE_BETA = max, ACCEPT_RATE = 0.9
--------------------


Selection of epsilon star...
epsilon:  8238.919921875 acceptance rate:  0.91179997
epsilon:  8166.234375 acceptance rate:  0.9001
epsilon:  8099.16650390625 acceptance rate:  0.89739996
Time to select epsilon star: 8.96s

Simulations of the testing dataset...
Time to simulate the testing dataset: 1.87s

Simulations of the training dataset...
Time to simulate the training dataset: 4.01s

Training the neural network...
Initial accuracy: 49.90%, Initial test accuracy: 50.00%
Training for 100 epochs...
Epoch 1/100, mean train accuracy: 49.81%, mean test accuracy: 49.99%, lr scale: 1.0 in 13.54 sec
Epoch 2/100, mean train accuracy: 49.88%, mean test accuracy: 49.99%, lr scale: 1.0 in 13.33 sec
Epoch 3/100, mean train accuracy: 50.09%, mean test accuracy: 49.99%, lr scale: 1.0 in 13.18 sec
Epoch 4/100, mean train accuracy: 49.92%, mean test accuracy: 49.98%, lr scale: 0.5 in 13.21 sec
Epoch 5/100, mean train accuracy: 49.87%, mean test accuracy: 50.00%, lr scale: 0.5 in 13.46 sec
Epoch 6/100, mean train accuracy: 50.14%, mean test accuracy: 50.00%, lr scale: 0.25 in 13.54 sec
Epoch 7/100, mean train accuracy: 49.91%, mean test accuracy: 50.00%, lr scale: 0.25 in 13.45 sec
Epoch 8/100, mean train accuracy: 49.91%, mean test accuracy: 50.00%, lr scale: 0.25 in 13.30 sec
Epoch 9/100, mean train accuracy: 49.92%, mean test accuracy: 50.01%, lr scale: 0.125 in 13.32 sec
Epoch 10/100, mean train accuracy: 50.15%, mean test accuracy: 49.99%, lr scale: 0.0625 in 13.56 sec
Epoch 11/100, mean train accuracy: 49.96%, mean test accuracy: 50.00%, lr scale: 0.0625 in 13.63 sec
Epoch 12/100, mean train accuracy: 50.01%, mean test accuracy: 50.00%, lr scale: 0.03125 in 13.26 sec
Epoch 13/100, mean train accuracy: 50.17%, mean test accuracy: 50.00%, lr scale: 0.03125 in 13.29 sec
Epoch 14/100, mean train accuracy: 49.90%, mean test accuracy: 50.06%, lr scale: 0.015625 in 13.41 sec
Epoch 15/100, mean train accuracy: 50.04%, mean test accuracy: 50.00%, lr scale: 0.0078125 in 13.38 sec
Epoch 16/100, mean train accuracy: 49.97%, mean test accuracy: 50.02%, lr scale: 0.0078125 in 13.64 sec
Epoch 17/100, mean train accuracy: 49.88%, mean test accuracy: 50.00%, lr scale: 0.00390625 in 13.52 sec
Epoch 18/100, mean train accuracy: 49.95%, mean test accuracy: 50.16%, lr scale: 0.001953125 in 13.57 sec
Epoch 19/100, mean train accuracy: 49.99%, mean test accuracy: 50.08%, lr scale: 0.0009765625 in 13.63 sec
Learning rate reached 1.00E-06, stopping training
Time to train the neural network: 336.12s

Simulation Based Calibration...
Time to perform SBC: 1740.70s

Data saved in  /mnt/nfs/nrdata02-users-data/luciano/script/ABC-SBI/examples/Linear-Reg/results/K_50/beta_max/pickles/LinearReg_K_50_beta_max_acc_0.9_eps_8.1e+03.xz


--------------------
ITERATION (ACC = 0.9) DONE IN 2094.275354862213 SECONDS!
--------------------




--------------------
K = 50, TRUE_BETA = max, ACCEPT_RATE = 0.85
--------------------


Selection of epsilon star...
epsilon:  8020.43212890625 acceptance rate:  0.8806
epsilon:  7948.59765625 acceptance rate:  0.8771
epsilon:  7889.06884765625 acceptance rate:  0.86649996
epsilon:  7822.421875 acceptance rate:  0.8602
epsilon:  7771.1572265625 acceptance rate:  0.85099995
epsilon:  7713.3369140625 acceptance rate:  0.8447
Time to select epsilon star: 18.48s

Simulations of the testing dataset...
Time to simulate the testing dataset: 1.85s

Simulations of the training dataset...
Time to simulate the training dataset: 4.47s

Training the neural network...
Initial accuracy: 50.06%, Initial test accuracy: 50.01%
Training for 100 epochs...
Epoch 1/100, mean train accuracy: 49.74%, mean test accuracy: 50.00%, lr scale: 1.0 in 13.99 sec
Epoch 2/100, mean train accuracy: 50.02%, mean test accuracy: 50.00%, lr scale: 1.0 in 13.51 sec
Epoch 3/100, mean train accuracy: 50.02%, mean test accuracy: 50.00%, lr scale: 1.0 in 13.57 sec
Epoch 4/100, mean train accuracy: 49.81%, mean test accuracy: 50.01%, lr scale: 1.0 in 13.52 sec
Epoch 5/100, mean train accuracy: 49.89%, mean test accuracy: 50.01%, lr scale: 0.5 in 13.71 sec
Epoch 6/100, mean train accuracy: 49.95%, mean test accuracy: 50.00%, lr scale: 0.5 in 13.79 sec
Epoch 7/100, mean train accuracy: 49.86%, mean test accuracy: 50.00%, lr scale: 0.25 in 13.64 sec
Epoch 8/100, mean train accuracy: 49.80%, mean test accuracy: 49.99%, lr scale: 0.25 in 13.56 sec
Epoch 9/100, mean train accuracy: 50.71%, mean test accuracy: 52.57%, lr scale: 0.125 in 13.68 sec
Epoch 10/100, mean train accuracy: 54.08%, mean test accuracy: 58.10%, lr scale: 0.125 in 13.89 sec
Epoch 11/100, mean train accuracy: 76.50%, mean test accuracy: 83.49%, lr scale: 0.125 in 13.64 sec
Epoch 12/100, mean train accuracy: 85.36%, mean test accuracy: 87.24%, lr scale: 0.125 in 13.72 sec
Epoch 13/100, mean train accuracy: 88.13%, mean test accuracy: 88.29%, lr scale: 0.125 in 13.60 sec
Epoch 14/100, mean train accuracy: 89.63%, mean test accuracy: 89.99%, lr scale: 0.125 in 14.13 sec
Epoch 15/100, mean train accuracy: 90.82%, mean test accuracy: 91.29%, lr scale: 0.125 in 13.69 sec
Epoch 16/100, mean train accuracy: 91.74%, mean test accuracy: 91.84%, lr scale: 0.125 in 13.76 sec
Epoch 17/100, mean train accuracy: 92.32%, mean test accuracy: 92.54%, lr scale: 0.125 in 13.72 sec
Epoch 18/100, mean train accuracy: 92.80%, mean test accuracy: 92.51%, lr scale: 0.125 in 13.74 sec
Epoch 19/100, mean train accuracy: 93.08%, mean test accuracy: 93.34%, lr scale: 0.125 in 13.87 sec
Epoch 20/100, mean train accuracy: 93.51%, mean test accuracy: 94.00%, lr scale: 0.125 in 13.78 sec
Epoch 21/100, mean train accuracy: 93.81%, mean test accuracy: 93.90%, lr scale: 0.125 in 13.55 sec
Epoch 22/100, mean train accuracy: 93.99%, mean test accuracy: 94.31%, lr scale: 0.125 in 13.59 sec
Epoch 23/100, mean train accuracy: 94.11%, mean test accuracy: 94.44%, lr scale: 0.125 in 13.72 sec
Epoch 24/100, mean train accuracy: 94.32%, mean test accuracy: 94.36%, lr scale: 0.125 in 13.89 sec
Epoch 25/100, mean train accuracy: 94.49%, mean test accuracy: 94.35%, lr scale: 0.125 in 13.68 sec
Epoch 26/100, mean train accuracy: 94.74%, mean test accuracy: 95.72%, lr scale: 0.0625 in 13.59 sec
Epoch 27/100, mean train accuracy: 96.05%, mean test accuracy: 95.85%, lr scale: 0.0625 in 13.68 sec
Epoch 28/100, mean train accuracy: 96.21%, mean test accuracy: 96.17%, lr scale: 0.0625 in 13.93 sec
Epoch 29/100, mean train accuracy: 96.35%, mean test accuracy: 96.17%, lr scale: 0.0625 in 13.73 sec
Epoch 30/100, mean train accuracy: 96.42%, mean test accuracy: 96.48%, lr scale: 0.0625 in 13.88 sec
Epoch 31/100, mean train accuracy: 96.48%, mean test accuracy: 96.19%, lr scale: 0.0625 in 13.67 sec
Epoch 32/100, mean train accuracy: 96.63%, mean test accuracy: 96.65%, lr scale: 0.0625 in 13.92 sec
Epoch 33/100, mean train accuracy: 96.65%, mean test accuracy: 96.52%, lr scale: 0.0625 in 13.65 sec
Epoch 34/100, mean train accuracy: 96.73%, mean test accuracy: 96.65%, lr scale: 0.0625 in 13.90 sec
Epoch 35/100, mean train accuracy: 96.99%, mean test accuracy: 97.29%, lr scale: 0.03125 in 13.79 sec
Epoch 36/100, mean train accuracy: 97.60%, mean test accuracy: 97.45%, lr scale: 0.03125 in 13.83 sec
Epoch 37/100, mean train accuracy: 97.68%, mean test accuracy: 97.43%, lr scale: 0.03125 in 13.60 sec
Epoch 38/100, mean train accuracy: 97.78%, mean test accuracy: 97.71%, lr scale: 0.03125 in 13.73 sec
Epoch 39/100, mean train accuracy: 97.94%, mean test accuracy: 97.95%, lr scale: 0.015625 in 13.68 sec
Epoch 40/100, mean train accuracy: 98.30%, mean test accuracy: 98.16%, lr scale: 0.015625 in 13.71 sec
Epoch 41/100, mean train accuracy: 98.35%, mean test accuracy: 98.30%, lr scale: 0.015625 in 13.96 sec
Epoch 42/100, mean train accuracy: 98.63%, mean test accuracy: 98.49%, lr scale: 0.0078125 in 13.83 sec
Epoch 43/100, mean train accuracy: 98.67%, mean test accuracy: 98.51%, lr scale: 0.0078125 in 13.64 sec
Epoch 44/100, mean train accuracy: 98.72%, mean test accuracy: 98.47%, lr scale: 0.0078125 in 13.61 sec
Epoch 45/100, mean train accuracy: 98.71%, mean test accuracy: 98.50%, lr scale: 0.0078125 in 13.67 sec
Epoch 46/100, mean train accuracy: 98.80%, mean test accuracy: 98.68%, lr scale: 0.00390625 in 13.77 sec
Epoch 47/100, mean train accuracy: 98.81%, mean test accuracy: 98.66%, lr scale: 0.00390625 in 13.91 sec
Epoch 48/100, mean train accuracy: 98.89%, mean test accuracy: 98.63%, lr scale: 0.00390625 in 13.93 sec
Epoch 49/100, mean train accuracy: 98.90%, mean test accuracy: 98.62%, lr scale: 0.00390625 in 13.77 sec
Epoch 50/100, mean train accuracy: 98.89%, mean test accuracy: 98.71%, lr scale: 0.00390625 in 13.78 sec
Epoch 51/100, mean train accuracy: 98.92%, mean test accuracy: 98.69%, lr scale: 0.001953125 in 13.64 sec
Epoch 52/100, mean train accuracy: 98.96%, mean test accuracy: 98.73%, lr scale: 0.001953125 in 13.61 sec
Epoch 53/100, mean train accuracy: 98.97%, mean test accuracy: 98.74%, lr scale: 0.001953125 in 13.91 sec
Epoch 54/100, mean train accuracy: 99.02%, mean test accuracy: 98.74%, lr scale: 0.001953125 in 14.10 sec
Epoch 55/100, mean train accuracy: 98.98%, mean test accuracy: 98.77%, lr scale: 0.0009765625 in 13.75 sec
Learning rate reached 1.00E-06, stopping training
Time to train the neural network: 852.99s

Simulation Based Calibration...
Time to perform SBC: 1743.31s

Data saved in  /mnt/nfs/nrdata02-users-data/luciano/script/ABC-SBI/examples/Linear-Reg/results/K_50/beta_max/pickles/LinearReg_K_50_beta_max_acc_0.85_eps_7.71e+03.xz


--------------------
ITERATION (ACC = 0.85) DONE IN 2624.1634118556976 SECONDS!
--------------------




--------------------
K = 50, TRUE_BETA = max, ACCEPT_RATE = 0.8
--------------------


Selection of epsilon star...
epsilon:  7667.34130859375 acceptance rate:  0.83629996
epsilon:  7624.62890625 acceptance rate:  0.8206
epsilon:  7584.07568359375 acceptance rate:  0.81549996
epsilon:  7544.88916015625 acceptance rate:  0.81409997
epsilon:  7505.248046875 acceptance rate:  0.8049
epsilon:  7463.02734375 acceptance rate:  0.7844
Time to select epsilon star: 19.69s

Simulations of the testing dataset...
Time to simulate the testing dataset: 1.83s

Simulations of the training dataset...
Time to simulate the training dataset: 4.35s

Training the neural network...
Initial accuracy: 50.04%, Initial test accuracy: 49.99%
Training for 100 epochs...
Epoch 1/100, mean train accuracy: 49.91%, mean test accuracy: 49.99%, lr scale: 1.0 in 13.79 sec
Epoch 2/100, mean train accuracy: 50.08%, mean test accuracy: 50.01%, lr scale: 1.0 in 13.72 sec
Epoch 3/100, mean train accuracy: 49.69%, mean test accuracy: 50.02%, lr scale: 1.0 in 13.49 sec
Epoch 4/100, mean train accuracy: 49.91%, mean test accuracy: 50.00%, lr scale: 0.5 in 13.60 sec
Epoch 5/100, mean train accuracy: 50.10%, mean test accuracy: 50.00%, lr scale: 0.5 in 13.61 sec
Epoch 6/100, mean train accuracy: 49.79%, mean test accuracy: 50.01%, lr scale: 0.5 in 13.78 sec
Epoch 7/100, mean train accuracy: 50.04%, mean test accuracy: 50.01%, lr scale: 0.25 in 13.77 sec
Epoch 8/100, mean train accuracy: 49.80%, mean test accuracy: 49.99%, lr scale: 0.25 in 14.04 sec
Epoch 9/100, mean train accuracy: 50.13%, mean test accuracy: 50.00%, lr scale: 0.125 in 13.69 sec
Epoch 10/100, mean train accuracy: 50.09%, mean test accuracy: 49.99%, lr scale: 0.0625 in 13.68 sec
Epoch 11/100, mean train accuracy: 49.95%, mean test accuracy: 49.97%, lr scale: 0.0625 in 14.01 sec
Epoch 12/100, mean train accuracy: 50.04%, mean test accuracy: 50.00%, lr scale: 0.03125 in 13.77 sec
Epoch 13/100, mean train accuracy: 49.95%, mean test accuracy: 50.00%, lr scale: 0.03125 in 13.93 sec
Epoch 14/100, mean train accuracy: 50.03%, mean test accuracy: 50.00%, lr scale: 0.015625 in 13.81 sec
Epoch 15/100, mean train accuracy: 50.11%, mean test accuracy: 50.01%, lr scale: 0.0078125 in 13.89 sec
Epoch 16/100, mean train accuracy: 50.13%, mean test accuracy: 50.00%, lr scale: 0.0078125 in 13.90 sec
Epoch 17/100, mean train accuracy: 49.97%, mean test accuracy: 50.00%, lr scale: 0.00390625 in 13.76 sec
Epoch 18/100, mean train accuracy: 50.02%, mean test accuracy: 50.00%, lr scale: 0.001953125 in 13.65 sec
Epoch 19/100, mean train accuracy: 49.99%, mean test accuracy: 50.00%, lr scale: 0.0009765625 in 13.66 sec
Learning rate reached 1.00E-06, stopping training
Time to train the neural network: 359.52s

Simulation Based Calibration...
Time to perform SBC: 1762.06s

Data saved in  /mnt/nfs/nrdata02-users-data/luciano/script/ABC-SBI/examples/Linear-Reg/results/K_50/beta_max/pickles/LinearReg_K_50_beta_max_acc_0.8_eps_7.46e+03.xz


--------------------
ITERATION (ACC = 0.8) DONE IN 2150.1563992500305 SECONDS!
--------------------




--------------------
K = 50, TRUE_BETA = max, ACCEPT_RATE = 0.75
--------------------


Selection of epsilon star...
epsilon:  7419.74462890625 acceptance rate:  0.7876
epsilon:  7379.638671875 acceptance rate:  0.7794
epsilon:  7343.5576171875 acceptance rate:  0.76809996
epsilon:  7310.48828125 acceptance rate:  0.7678
epsilon:  7273.98681640625 acceptance rate:  0.7576
epsilon:  7243.58984375 acceptance rate:  0.7486
Time to select epsilon star: 18.60s

Simulations of the testing dataset...
Time to simulate the testing dataset: 1.81s

Simulations of the training dataset...
Time to simulate the training dataset: 4.61s

Training the neural network...
Initial accuracy: 49.95%, Initial test accuracy: 50.02%
Training for 100 epochs...
Epoch 1/100, mean train accuracy: 49.84%, mean test accuracy: 50.02%, lr scale: 1.0 in 13.79 sec
Epoch 2/100, mean train accuracy: 49.91%, mean test accuracy: 50.01%, lr scale: 1.0 in 13.54 sec
Epoch 3/100, mean train accuracy: 49.90%, mean test accuracy: 50.00%, lr scale: 1.0 in 13.82 sec
Epoch 4/100, mean train accuracy: 49.97%, mean test accuracy: 50.01%, lr scale: 1.0 in 13.50 sec
Epoch 5/100, mean train accuracy: 49.97%, mean test accuracy: 50.00%, lr scale: 1.0 in 13.79 sec
Epoch 6/100, mean train accuracy: 49.93%, mean test accuracy: 50.00%, lr scale: 1.0 in 14.01 sec
Epoch 7/100, mean train accuracy: 49.91%, mean test accuracy: 50.01%, lr scale: 0.5 in 14.00 sec
Epoch 8/100, mean train accuracy: 49.94%, mean test accuracy: 50.00%, lr scale: 0.5 in 13.74 sec
Epoch 9/100, mean train accuracy: 50.11%, mean test accuracy: 50.00%, lr scale: 0.25 in 13.66 sec
Epoch 10/100, mean train accuracy: 49.95%, mean test accuracy: 50.01%, lr scale: 0.125 in 13.78 sec
Epoch 11/100, mean train accuracy: 50.14%, mean test accuracy: 49.99%, lr scale: 0.125 in 13.91 sec
Epoch 12/100, mean train accuracy: 49.93%, mean test accuracy: 50.00%, lr scale: 0.0625 in 13.80 sec
Epoch 13/100, mean train accuracy: 49.93%, mean test accuracy: 50.00%, lr scale: 0.0625 in 13.58 sec
Epoch 14/100, mean train accuracy: 49.94%, mean test accuracy: 50.00%, lr scale: 0.03125 in 13.51 sec
Epoch 15/100, mean train accuracy: 50.00%, mean test accuracy: 50.00%, lr scale: 0.015625 in 14.03 sec
Epoch 16/100, mean train accuracy: 49.88%, mean test accuracy: 50.00%, lr scale: 0.0078125 in 13.78 sec
Epoch 17/100, mean train accuracy: 49.94%, mean test accuracy: 50.00%, lr scale: 0.0078125 in 13.77 sec
Epoch 18/100, mean train accuracy: 50.00%, mean test accuracy: 50.00%, lr scale: 0.00390625 in 13.51 sec
Epoch 19/100, mean train accuracy: 49.94%, mean test accuracy: 49.99%, lr scale: 0.001953125 in 13.73 sec
Epoch 20/100, mean train accuracy: 49.97%, mean test accuracy: 50.00%, lr scale: 0.001953125 in 13.75 sec
Epoch 21/100, mean train accuracy: 49.78%, mean test accuracy: 50.02%, lr scale: 0.0009765625 in 13.63 sec
Learning rate reached 1.00E-06, stopping training
Time to train the neural network: 395.85s

Simulation Based Calibration...
Time to perform SBC: 1782.92s

Data saved in  /mnt/nfs/nrdata02-users-data/luciano/script/ABC-SBI/examples/Linear-Reg/results/K_50/beta_max/pickles/LinearReg_K_50_beta_max_acc_0.75_eps_7.24e+03.xz


--------------------
ITERATION (ACC = 0.75) DONE IN 2206.627599954605 SECONDS!
--------------------




--------------------
K = 50, TRUE_BETA = min, ACCEPT_RATE = 1.0
--------------------


Selection of epsilon star...
Distances: min =  2658.9202 max =  13058.171 mean =  6464.812 std =  1294.7277
Time to select epsilon star: 0.21s

Simulations of the testing dataset...
Time to simulate the testing dataset: 0.06s

Simulations of the training dataset...
Time to simulate the training dataset: 0.48s

Training the neural network...
Initial accuracy: 50.02%, Initial test accuracy: 50.00%
Training for 100 epochs...
Epoch 1/100, mean train accuracy: 49.94%, mean test accuracy: 49.99%, lr scale: 1.0 in 15.16 sec
Epoch 2/100, mean train accuracy: 50.02%, mean test accuracy: 50.00%, lr scale: 1.0 in 14.36 sec
Epoch 3/100, mean train accuracy: 50.01%, mean test accuracy: 50.00%, lr scale: 1.0 in 13.94 sec
Epoch 4/100, mean train accuracy: 50.01%, mean test accuracy: 50.00%, lr scale: 1.0 in 13.78 sec
Epoch 5/100, mean train accuracy: 49.92%, mean test accuracy: 50.02%, lr scale: 0.5 in 13.98 sec
Epoch 6/100, mean train accuracy: 49.86%, mean test accuracy: 50.00%, lr scale: 0.5 in 13.38 sec
Epoch 7/100, mean train accuracy: 50.17%, mean test accuracy: 50.01%, lr scale: 0.5 in 13.68 sec
Epoch 8/100, mean train accuracy: 49.96%, mean test accuracy: 50.03%, lr scale: 0.5 in 14.65 sec
Epoch 9/100, mean train accuracy: 50.12%, mean test accuracy: 49.99%, lr scale: 0.25 in 14.77 sec
Epoch 10/100, mean train accuracy: 49.96%, mean test accuracy: 50.00%, lr scale: 0.125 in 14.78 sec
Epoch 11/100, mean train accuracy: 50.11%, mean test accuracy: 50.00%, lr scale: 0.125 in 14.48 sec
Epoch 12/100, mean train accuracy: 50.06%, mean test accuracy: 50.00%, lr scale: 0.125 in 14.77 sec
Epoch 13/100, mean train accuracy: 50.03%, mean test accuracy: 50.01%, lr scale: 0.0625 in 13.86 sec
Epoch 14/100, mean train accuracy: 49.99%, mean test accuracy: 50.01%, lr scale: 0.03125 in 13.89 sec
Epoch 15/100, mean train accuracy: 49.94%, mean test accuracy: 50.01%, lr scale: 0.03125 in 13.65 sec
Epoch 16/100, mean train accuracy: 49.82%, mean test accuracy: 50.00%, lr scale: 0.015625 in 13.60 sec
Epoch 17/100, mean train accuracy: 50.08%, mean test accuracy: 50.01%, lr scale: 0.0078125 in 13.56 sec
Epoch 18/100, mean train accuracy: 49.82%, mean test accuracy: 49.99%, lr scale: 0.00390625 in 13.53 sec
Epoch 19/100, mean train accuracy: 49.98%, mean test accuracy: 50.01%, lr scale: 0.00390625 in 13.66 sec
Epoch 20/100, mean train accuracy: 50.05%, mean test accuracy: 49.99%, lr scale: 0.001953125 in 13.75 sec
Epoch 21/100, mean train accuracy: 50.03%, mean test accuracy: 50.01%, lr scale: 0.0009765625 in 13.56 sec
Learning rate reached 1.00E-06, stopping training
Time to train the neural network: 330.54s

Simulation Based Calibration...
Time to perform SBC: 1723.05s

Data saved in  /mnt/nfs/nrdata02-users-data/luciano/script/ABC-SBI/examples/Linear-Reg/results/K_50/beta_min/pickles/LinearReg_K_50_beta_min_acc_1.0_eps_inf.xz


--------------------
ITERATION (ACC = 1.0) DONE IN 2057.4891147613525 SECONDS!
--------------------




--------------------
K = 50, TRUE_BETA = min, ACCEPT_RATE = 0.999
--------------------


Selection of epsilon star...
Distances: min =  2693.2776 max =  13511.477 mean =  6472.8564 std =  1280.3204
epsilon:  9749.9375 acceptance rate:  0.9873
Time to select epsilon star: 2.66s

Simulations of the testing dataset...
Time to simulate the testing dataset: 1.80s

Simulations of the training dataset...
Time to simulate the training dataset: 3.47s

Training the neural network...
Initial accuracy: 50.15%, Initial test accuracy: 50.01%
Training for 100 epochs...
Epoch 1/100, mean train accuracy: 49.98%, mean test accuracy: 50.00%, lr scale: 1.0 in 14.11 sec
Epoch 2/100, mean train accuracy: 49.88%, mean test accuracy: 49.99%, lr scale: 1.0 in 14.09 sec
Epoch 3/100, mean train accuracy: 50.00%, mean test accuracy: 50.01%, lr scale: 1.0 in 14.03 sec
Epoch 4/100, mean train accuracy: 49.92%, mean test accuracy: 50.00%, lr scale: 1.0 in 13.74 sec
Epoch 5/100, mean train accuracy: 49.83%, mean test accuracy: 49.98%, lr scale: 0.5 in 13.79 sec
Epoch 6/100, mean train accuracy: 50.05%, mean test accuracy: 50.00%, lr scale: 0.5 in 13.71 sec
Epoch 7/100, mean train accuracy: 50.14%, mean test accuracy: 50.00%, lr scale: 0.5 in 13.99 sec
Epoch 8/100, mean train accuracy: 49.93%, mean test accuracy: 49.99%, lr scale: 0.25 in 13.63 sec
Epoch 9/100, mean train accuracy: 50.01%, mean test accuracy: 49.99%, lr scale: 0.125 in 13.75 sec
Epoch 10/100, mean train accuracy: 49.88%, mean test accuracy: 49.99%, lr scale: 0.125 in 13.59 sec
Epoch 11/100, mean train accuracy: 50.01%, mean test accuracy: 49.99%, lr scale: 0.0625 in 13.97 sec
Epoch 12/100, mean train accuracy: 50.11%, mean test accuracy: 50.01%, lr scale: 0.03125 in 13.90 sec
Epoch 13/100, mean train accuracy: 49.86%, mean test accuracy: 50.01%, lr scale: 0.03125 in 13.74 sec
Epoch 14/100, mean train accuracy: 49.88%, mean test accuracy: 50.00%, lr scale: 0.015625 in 13.61 sec
Epoch 15/100, mean train accuracy: 50.07%, mean test accuracy: 50.00%, lr scale: 0.015625 in 13.78 sec
Epoch 16/100, mean train accuracy: 49.96%, mean test accuracy: 50.00%, lr scale: 0.0078125 in 13.64 sec
Epoch 17/100, mean train accuracy: 50.06%, mean test accuracy: 50.00%, lr scale: 0.0078125 in 13.89 sec
Epoch 18/100, mean train accuracy: 50.07%, mean test accuracy: 50.00%, lr scale: 0.00390625 in 13.81 sec
Epoch 19/100, mean train accuracy: 50.01%, mean test accuracy: 50.02%, lr scale: 0.001953125 in 13.61 sec
Epoch 20/100, mean train accuracy: 50.02%, mean test accuracy: 49.99%, lr scale: 0.001953125 in 13.67 sec
Epoch 21/100, mean train accuracy: 49.97%, mean test accuracy: 49.99%, lr scale: 0.0009765625 in 13.76 sec
Learning rate reached 1.00E-06, stopping training
Time to train the neural network: 345.96s

Simulation Based Calibration...
Time to perform SBC: 1734.01s

Data saved in  /mnt/nfs/nrdata02-users-data/luciano/script/ABC-SBI/examples/Linear-Reg/results/K_50/beta_min/pickles/LinearReg_K_50_beta_min_acc_0.999_eps_9.75e+03.xz


--------------------
ITERATION (ACC = 0.999) DONE IN 2090.8994376659393 SECONDS!
--------------------




--------------------
K = 50, TRUE_BETA = min, ACCEPT_RATE = 0.99
--------------------


Selection of epsilon star...
epsilon:  9307.6474609375 acceptance rate:  0.9776
Time to select epsilon star: 2.91s

Simulations of the testing dataset...
Time to simulate the testing dataset: 1.86s

Simulations of the training dataset...
Time to simulate the training dataset: 3.71s

Training the neural network...
Initial accuracy: 50.11%, Initial test accuracy: 50.01%
Training for 100 epochs...
Epoch 1/100, mean train accuracy: 49.89%, mean test accuracy: 50.00%, lr scale: 1.0 in 13.71 sec
Epoch 2/100, mean train accuracy: 49.89%, mean test accuracy: 49.99%, lr scale: 1.0 in 13.66 sec
Epoch 3/100, mean train accuracy: 50.09%, mean test accuracy: 50.00%, lr scale: 1.0 in 13.61 sec
Epoch 4/100, mean train accuracy: 50.15%, mean test accuracy: 49.99%, lr scale: 0.5 in 13.70 sec
Epoch 5/100, mean train accuracy: 50.01%, mean test accuracy: 49.99%, lr scale: 0.5 in 13.62 sec
Epoch 6/100, mean train accuracy: 49.85%, mean test accuracy: 50.00%, lr scale: 0.25 in 13.53 sec
Epoch 7/100, mean train accuracy: 49.99%, mean test accuracy: 49.99%, lr scale: 0.25 in 13.98 sec
Epoch 8/100, mean train accuracy: 50.00%, mean test accuracy: 50.00%, lr scale: 0.125 in 13.94 sec
Epoch 9/100, mean train accuracy: 50.05%, mean test accuracy: 50.00%, lr scale: 0.125 in 13.83 sec
Epoch 10/100, mean train accuracy: 49.89%, mean test accuracy: 50.01%, lr scale: 0.0625 in 13.75 sec
Epoch 11/100, mean train accuracy: 50.00%, mean test accuracy: 49.99%, lr scale: 0.0625 in 13.74 sec
Epoch 12/100, mean train accuracy: 50.00%, mean test accuracy: 50.00%, lr scale: 0.03125 in 14.07 sec
Epoch 13/100, mean train accuracy: 50.12%, mean test accuracy: 49.99%, lr scale: 0.03125 in 13.91 sec
Epoch 14/100, mean train accuracy: 50.04%, mean test accuracy: 49.99%, lr scale: 0.015625 in 13.69 sec
Epoch 15/100, mean train accuracy: 49.97%, mean test accuracy: 50.00%, lr scale: 0.0078125 in 13.68 sec
Epoch 16/100, mean train accuracy: 49.91%, mean test accuracy: 49.99%, lr scale: 0.0078125 in 13.79 sec
Epoch 17/100, mean train accuracy: 50.19%, mean test accuracy: 50.01%, lr scale: 0.00390625 in 13.85 sec
Epoch 18/100, mean train accuracy: 49.86%, mean test accuracy: 50.03%, lr scale: 0.001953125 in 14.03 sec
Epoch 19/100, mean train accuracy: 49.94%, mean test accuracy: 50.04%, lr scale: 0.0009765625 in 13.62 sec
Learning rate reached 1.00E-06, stopping training
Time to train the neural network: 320.24s

Simulation Based Calibration...
Time to perform SBC: 1733.69s

Data saved in  /mnt/nfs/nrdata02-users-data/luciano/script/ABC-SBI/examples/Linear-Reg/results/K_50/beta_min/pickles/LinearReg_K_50_beta_min_acc_0.99_eps_9.31e+03.xz


--------------------
ITERATION (ACC = 0.99) DONE IN 2065.1911981105804 SECONDS!
--------------------




--------------------
K = 50, TRUE_BETA = min, ACCEPT_RATE = 0.975
--------------------


Selection of epsilon star...
epsilon:  9056.88671875 acceptance rate:  0.9686
Time to select epsilon star: 3.11s

Simulations of the testing dataset...
Time to simulate the testing dataset: 1.83s

Simulations of the training dataset...
Time to simulate the training dataset: 3.51s

Training the neural network...
Initial accuracy: 49.91%, Initial test accuracy: 50.00%
Training for 100 epochs...
Epoch 1/100, mean train accuracy: 49.62%, mean test accuracy: 50.00%, lr scale: 1.0 in 14.30 sec
Epoch 2/100, mean train accuracy: 49.92%, mean test accuracy: 50.00%, lr scale: 1.0 in 14.05 sec
Epoch 3/100, mean train accuracy: 49.90%, mean test accuracy: 49.99%, lr scale: 1.0 in 13.87 sec
Epoch 4/100, mean train accuracy: 50.04%, mean test accuracy: 49.99%, lr scale: 0.5 in 13.90 sec
Epoch 5/100, mean train accuracy: 49.99%, mean test accuracy: 50.00%, lr scale: 0.5 in 13.76 sec
Epoch 6/100, mean train accuracy: 50.09%, mean test accuracy: 49.99%, lr scale: 0.5 in 13.93 sec
Epoch 7/100, mean train accuracy: 49.86%, mean test accuracy: 50.00%, lr scale: 0.25 in 13.98 sec
Epoch 8/100, mean train accuracy: 50.16%, mean test accuracy: 50.00%, lr scale: 0.25 in 13.65 sec
Epoch 9/100, mean train accuracy: 49.99%, mean test accuracy: 49.99%, lr scale: 0.25 in 13.60 sec
Epoch 10/100, mean train accuracy: 50.12%, mean test accuracy: 50.01%, lr scale: 0.125 in 13.73 sec
Epoch 11/100, mean train accuracy: 50.08%, mean test accuracy: 50.00%, lr scale: 0.0625 in 13.71 sec
Epoch 12/100, mean train accuracy: 50.08%, mean test accuracy: 49.99%, lr scale: 0.0625 in 14.21 sec
Epoch 13/100, mean train accuracy: 50.09%, mean test accuracy: 50.00%, lr scale: 0.0625 in 13.60 sec
Epoch 14/100, mean train accuracy: 49.90%, mean test accuracy: 50.06%, lr scale: 0.03125 in 13.73 sec
Epoch 15/100, mean train accuracy: 50.06%, mean test accuracy: 50.00%, lr scale: 0.015625 in 13.62 sec
Epoch 16/100, mean train accuracy: 50.16%, mean test accuracy: 50.04%, lr scale: 0.0078125 in 13.75 sec
Epoch 17/100, mean train accuracy: 49.93%, mean test accuracy: 50.13%, lr scale: 0.0078125 in 13.76 sec
Epoch 18/100, mean train accuracy: 50.19%, mean test accuracy: 50.01%, lr scale: 0.00390625 in 13.77 sec
Epoch 19/100, mean train accuracy: 50.20%, mean test accuracy: 50.01%, lr scale: 0.00390625 in 13.93 sec
Epoch 20/100, mean train accuracy: 50.14%, mean test accuracy: 50.14%, lr scale: 0.001953125 in 13.73 sec
Epoch 21/100, mean train accuracy: 50.10%, mean test accuracy: 50.05%, lr scale: 0.0009765625 in 13.68 sec
Learning rate reached 1.00E-06, stopping training
Time to train the neural network: 345.41s

Simulation Based Calibration...
Time to perform SBC: 1738.78s

Data saved in  /mnt/nfs/nrdata02-users-data/luciano/script/ABC-SBI/examples/Linear-Reg/results/K_50/beta_min/pickles/LinearReg_K_50_beta_min_acc_0.975_eps_9.06e+03.xz


--------------------
ITERATION (ACC = 0.975) DONE IN 2095.4183893203735 SECONDS!
--------------------




--------------------
K = 50, TRUE_BETA = min, ACCEPT_RATE = 0.95
--------------------


Selection of epsilon star...
epsilon:  8839.9267578125 acceptance rate:  0.9558
epsilon:  8678.177734375 acceptance rate:  0.9475
Time to select epsilon star: 5.83s

Simulations of the testing dataset...
Time to simulate the testing dataset: 1.84s

Simulations of the training dataset...
Time to simulate the training dataset: 3.73s

Training the neural network...
Initial accuracy: 50.02%, Initial test accuracy: 50.00%
Training for 100 epochs...
Epoch 1/100, mean train accuracy: 49.98%, mean test accuracy: 50.01%, lr scale: 1.0 in 14.44 sec
Epoch 2/100, mean train accuracy: 49.95%, mean test accuracy: 50.00%, lr scale: 1.0 in 14.03 sec
Epoch 3/100, mean train accuracy: 49.89%, mean test accuracy: 50.00%, lr scale: 1.0 in 13.93 sec
Epoch 4/100, mean train accuracy: 49.98%, mean test accuracy: 50.01%, lr scale: 1.0 in 14.09 sec
Epoch 5/100, mean train accuracy: 50.01%, mean test accuracy: 50.01%, lr scale: 0.5 in 13.77 sec
Epoch 6/100, mean train accuracy: 49.94%, mean test accuracy: 49.99%, lr scale: 0.5 in 13.69 sec
Epoch 7/100, mean train accuracy: 50.09%, mean test accuracy: 50.00%, lr scale: 0.25 in 13.87 sec
Epoch 8/100, mean train accuracy: 50.10%, mean test accuracy: 50.00%, lr scale: 0.25 in 13.87 sec
Epoch 9/100, mean train accuracy: 50.08%, mean test accuracy: 49.99%, lr scale: 0.125 in 13.75 sec
Epoch 10/100, mean train accuracy: 50.12%, mean test accuracy: 50.00%, lr scale: 0.125 in 13.48 sec
Epoch 11/100, mean train accuracy: 49.95%, mean test accuracy: 50.01%, lr scale: 0.0625 in 13.76 sec
Epoch 12/100, mean train accuracy: 50.10%, mean test accuracy: 50.00%, lr scale: 0.0625 in 13.75 sec
Epoch 13/100, mean train accuracy: 50.12%, mean test accuracy: 50.00%, lr scale: 0.03125 in 13.86 sec
Epoch 14/100, mean train accuracy: 49.99%, mean test accuracy: 50.01%, lr scale: 0.015625 in 13.68 sec
Epoch 15/100, mean train accuracy: 50.00%, mean test accuracy: 50.02%, lr scale: 0.015625 in 13.70 sec
Epoch 16/100, mean train accuracy: 49.91%, mean test accuracy: 50.03%, lr scale: 0.0078125 in 13.70 sec
Epoch 17/100, mean train accuracy: 50.09%, mean test accuracy: 50.01%, lr scale: 0.0078125 in 13.69 sec
Epoch 18/100, mean train accuracy: 49.89%, mean test accuracy: 50.00%, lr scale: 0.00390625 in 13.80 sec
Epoch 19/100, mean train accuracy: 49.93%, mean test accuracy: 50.01%, lr scale: 0.001953125 in 13.81 sec
Epoch 20/100, mean train accuracy: 49.86%, mean test accuracy: 50.02%, lr scale: 0.0009765625 in 13.98 sec
Learning rate reached 1.00E-06, stopping training
Time to train the neural network: 343.75s

Simulation Based Calibration...
Time to perform SBC: 1786.87s

Data saved in  /mnt/nfs/nrdata02-users-data/luciano/script/ABC-SBI/examples/Linear-Reg/results/K_50/beta_min/pickles/LinearReg_K_50_beta_min_acc_0.95_eps_8.68e+03.xz


--------------------
ITERATION (ACC = 0.95) DONE IN 2144.9031326770782 SECONDS!
--------------------




--------------------
K = 50, TRUE_BETA = min, ACCEPT_RATE = 0.925
--------------------


Selection of epsilon star...
epsilon:  8548.7470703125 acceptance rate:  0.935
epsilon:  8441.9775390625 acceptance rate:  0.92759997
epsilon:  8340.296875 acceptance rate:  0.91959995
Time to select epsilon star: 8.86s

Simulations of the testing dataset...
Time to simulate the testing dataset: 1.85s

Simulations of the training dataset...
Time to simulate the training dataset: 4.48s

Training the neural network...
Initial accuracy: 49.94%, Initial test accuracy: 50.02%
Training for 100 epochs...
Epoch 1/100, mean train accuracy: 49.82%, mean test accuracy: 50.00%, lr scale: 1.0 in 14.25 sec
Epoch 2/100, mean train accuracy: 50.27%, mean test accuracy: 50.01%, lr scale: 1.0 in 13.88 sec
Epoch 3/100, mean train accuracy: 50.00%, mean test accuracy: 50.00%, lr scale: 1.0 in 13.81 sec
Epoch 4/100, mean train accuracy: 49.97%, mean test accuracy: 50.01%, lr scale: 0.5 in 13.59 sec
Epoch 5/100, mean train accuracy: 49.93%, mean test accuracy: 50.01%, lr scale: 0.5 in 13.76 sec
Epoch 6/100, mean train accuracy: 49.99%, mean test accuracy: 50.01%, lr scale: 0.25 in 13.81 sec
Epoch 7/100, mean train accuracy: 49.83%, mean test accuracy: 50.00%, lr scale: 0.125 in 14.37 sec
Epoch 8/100, mean train accuracy: 50.11%, mean test accuracy: 50.01%, lr scale: 0.125 in 13.95 sec
Epoch 9/100, mean train accuracy: 49.92%, mean test accuracy: 50.00%, lr scale: 0.0625 in 13.75 sec
Epoch 10/100, mean train accuracy: 50.05%, mean test accuracy: 49.99%, lr scale: 0.0625 in 13.67 sec
Epoch 11/100, mean train accuracy: 49.95%, mean test accuracy: 50.05%, lr scale: 0.03125 in 13.72 sec
Epoch 12/100, mean train accuracy: 49.89%, mean test accuracy: 50.00%, lr scale: 0.03125 in 14.00 sec
Epoch 13/100, mean train accuracy: 50.11%, mean test accuracy: 50.00%, lr scale: 0.015625 in 13.69 sec
Epoch 14/100, mean train accuracy: 50.05%, mean test accuracy: 50.01%, lr scale: 0.015625 in 13.76 sec
Epoch 15/100, mean train accuracy: 50.11%, mean test accuracy: 50.01%, lr scale: 0.0078125 in 13.62 sec
Epoch 16/100, mean train accuracy: 49.89%, mean test accuracy: 50.03%, lr scale: 0.00390625 in 14.25 sec
Epoch 17/100, mean train accuracy: 50.10%, mean test accuracy: 50.00%, lr scale: 0.001953125 in 14.04 sec
Epoch 18/100, mean train accuracy: 50.08%, mean test accuracy: 50.04%, lr scale: 0.001953125 in 13.62 sec
Epoch 19/100, mean train accuracy: 50.09%, mean test accuracy: 50.26%, lr scale: 0.0009765625 in 13.56 sec
Learning rate reached 1.00E-06, stopping training
Time to train the neural network: 338.47s

Simulation Based Calibration...
Time to perform SBC: 1790.19s

Data saved in  /mnt/nfs/nrdata02-users-data/luciano/script/ABC-SBI/examples/Linear-Reg/results/K_50/beta_min/pickles/LinearReg_K_50_beta_min_acc_0.925_eps_8.34e+03.xz


--------------------
ITERATION (ACC = 0.925) DONE IN 2146.7634353637695 SECONDS!
--------------------




--------------------
K = 50, TRUE_BETA = min, ACCEPT_RATE = 0.9
--------------------


Selection of epsilon star...
epsilon:  8251.50390625 acceptance rate:  0.9133
epsilon:  8163.2119140625 acceptance rate:  0.90169996
epsilon:  8080.89013671875 acceptance rate:  0.8946
Time to select epsilon star: 8.56s

Simulations of the testing dataset...
Time to simulate the testing dataset: 1.79s

Simulations of the training dataset...
Time to simulate the training dataset: 4.87s

Training the neural network...
Initial accuracy: 49.88%, Initial test accuracy: 50.00%
Training for 100 epochs...
Epoch 1/100, mean train accuracy: 49.84%, mean test accuracy: 50.00%, lr scale: 1.0 in 13.44 sec
Epoch 2/100, mean train accuracy: 50.06%, mean test accuracy: 50.00%, lr scale: 1.0 in 13.45 sec
Epoch 3/100, mean train accuracy: 49.92%, mean test accuracy: 50.01%, lr scale: 1.0 in 13.27 sec
Epoch 4/100, mean train accuracy: 49.84%, mean test accuracy: 50.00%, lr scale: 1.0 in 13.33 sec
Epoch 5/100, mean train accuracy: 49.96%, mean test accuracy: 50.00%, lr scale: 0.5 in 13.43 sec
Epoch 6/100, mean train accuracy: 49.99%, mean test accuracy: 50.01%, lr scale: 0.5 in 13.17 sec
Epoch 7/100, mean train accuracy: 50.01%, mean test accuracy: 50.00%, lr scale: 0.5 in 13.24 sec
Epoch 8/100, mean train accuracy: 50.09%, mean test accuracy: 50.01%, lr scale: 0.25 in 13.45 sec
Epoch 9/100, mean train accuracy: 49.94%, mean test accuracy: 50.00%, lr scale: 0.125 in 13.71 sec
Epoch 10/100, mean train accuracy: 50.19%, mean test accuracy: 50.00%, lr scale: 0.125 in 13.38 sec
Epoch 11/100, mean train accuracy: 50.07%, mean test accuracy: 50.00%, lr scale: 0.125 in 13.42 sec
Epoch 12/100, mean train accuracy: 49.99%, mean test accuracy: 50.01%, lr scale: 0.0625 in 13.70 sec
Epoch 13/100, mean train accuracy: 50.15%, mean test accuracy: 49.99%, lr scale: 0.0625 in 13.54 sec
Epoch 14/100, mean train accuracy: 49.89%, mean test accuracy: 50.01%, lr scale: 0.03125 in 13.60 sec
Epoch 15/100, mean train accuracy: 49.87%, mean test accuracy: 49.98%, lr scale: 0.015625 in 13.61 sec
Epoch 16/100, mean train accuracy: 50.10%, mean test accuracy: 50.00%, lr scale: 0.015625 in 13.23 sec
Epoch 17/100, mean train accuracy: 50.03%, mean test accuracy: 50.06%, lr scale: 0.0078125 in 13.50 sec
Epoch 18/100, mean train accuracy: 49.96%, mean test accuracy: 50.00%, lr scale: 0.00390625 in 13.62 sec
Epoch 19/100, mean train accuracy: 50.09%, mean test accuracy: 50.01%, lr scale: 0.001953125 in 13.47 sec
Epoch 20/100, mean train accuracy: 50.02%, mean test accuracy: 50.08%, lr scale: 0.001953125 in 13.52 sec
Epoch 21/100, mean train accuracy: 50.07%, mean test accuracy: 50.04%, lr scale: 0.0009765625 in 13.40 sec
Learning rate reached 1.00E-06, stopping training
Time to train the neural network: 356.21s

Simulation Based Calibration...
Time to perform SBC: 1743.77s

Data saved in  /mnt/nfs/nrdata02-users-data/luciano/script/ABC-SBI/examples/Linear-Reg/results/K_50/beta_min/pickles/LinearReg_K_50_beta_min_acc_0.9_eps_8.08e+03.xz


--------------------
ITERATION (ACC = 0.9) DONE IN 2119.2350754737854 SECONDS!
--------------------




--------------------
K = 50, TRUE_BETA = min, ACCEPT_RATE = 0.85
--------------------


Selection of epsilon star...
epsilon:  8014.76416015625 acceptance rate:  0.87979996
epsilon:  7938.45361328125 acceptance rate:  0.8649
epsilon:  7871.59814453125 acceptance rate:  0.8664
epsilon:  7813.1240234375 acceptance rate:  0.86249995
epsilon:  7768.11328125 acceptance rate:  0.84669995
Time to select epsilon star: 14.75s

Simulations of the testing dataset...
Time to simulate the testing dataset: 1.85s

Simulations of the training dataset...
Time to simulate the training dataset: 4.25s

Training the neural network...
Initial accuracy: 50.01%, Initial test accuracy: 49.98%
Training for 100 epochs...
Epoch 1/100, mean train accuracy: 49.94%, mean test accuracy: 50.01%, lr scale: 1.0 in 14.03 sec
Epoch 2/100, mean train accuracy: 50.03%, mean test accuracy: 50.00%, lr scale: 1.0 in 13.62 sec
Epoch 3/100, mean train accuracy: 50.16%, mean test accuracy: 49.99%, lr scale: 1.0 in 13.39 sec
Epoch 4/100, mean train accuracy: 49.86%, mean test accuracy: 50.01%, lr scale: 1.0 in 13.42 sec
Epoch 5/100, mean train accuracy: 49.98%, mean test accuracy: 49.99%, lr scale: 0.5 in 13.82 sec
Epoch 6/100, mean train accuracy: 50.08%, mean test accuracy: 50.00%, lr scale: 0.5 in 13.39 sec
Epoch 7/100, mean train accuracy: 50.00%, mean test accuracy: 50.00%, lr scale: 0.25 in 13.34 sec
Epoch 8/100, mean train accuracy: 50.00%, mean test accuracy: 49.99%, lr scale: 0.25 in 13.36 sec
Epoch 9/100, mean train accuracy: 50.23%, mean test accuracy: 50.00%, lr scale: 0.125 in 13.27 sec
Epoch 10/100, mean train accuracy: 50.05%, mean test accuracy: 49.99%, lr scale: 0.125 in 13.43 sec
Epoch 11/100, mean train accuracy: 49.87%, mean test accuracy: 50.01%, lr scale: 0.0625 in 13.76 sec
Epoch 12/100, mean train accuracy: 49.92%, mean test accuracy: 50.01%, lr scale: 0.0625 in 13.37 sec
Epoch 13/100, mean train accuracy: 50.27%, mean test accuracy: 50.01%, lr scale: 0.03125 in 13.31 sec
Epoch 14/100, mean train accuracy: 50.11%, mean test accuracy: 50.01%, lr scale: 0.03125 in 13.16 sec
Epoch 15/100, mean train accuracy: 50.02%, mean test accuracy: 50.04%, lr scale: 0.015625 in 13.36 sec
Epoch 16/100, mean train accuracy: 49.99%, mean test accuracy: 50.01%, lr scale: 0.0078125 in 13.29 sec
Epoch 17/100, mean train accuracy: 49.91%, mean test accuracy: 49.99%, lr scale: 0.0078125 in 13.41 sec
Epoch 18/100, mean train accuracy: 49.81%, mean test accuracy: 50.01%, lr scale: 0.00390625 in 13.31 sec
Epoch 19/100, mean train accuracy: 50.00%, mean test accuracy: 50.00%, lr scale: 0.001953125 in 13.55 sec
Epoch 20/100, mean train accuracy: 50.02%, mean test accuracy: 50.06%, lr scale: 0.0009765625 in 13.61 sec
Learning rate reached 1.00E-06, stopping training
Time to train the neural network: 348.85s

Simulation Based Calibration...
Time to perform SBC: 1734.43s

Data saved in  /mnt/nfs/nrdata02-users-data/luciano/script/ABC-SBI/examples/Linear-Reg/results/K_50/beta_min/pickles/LinearReg_K_50_beta_min_acc_0.85_eps_7.77e+03.xz


--------------------
ITERATION (ACC = 0.85) DONE IN 2107.2301795482635 SECONDS!
--------------------




--------------------
K = 50, TRUE_BETA = min, ACCEPT_RATE = 0.8
--------------------


Selection of epsilon star...
epsilon:  7719.48779296875 acceptance rate:  0.8394
epsilon:  7683.51171875 acceptance rate:  0.8398
epsilon:  7639.00732421875 acceptance rate:  0.8268
epsilon:  7589.99658203125 acceptance rate:  0.8239
epsilon:  7551.26171875 acceptance rate:  0.8211
epsilon:  7510.138671875 acceptance rate:  0.79829997
Time to select epsilon star: 18.79s

Simulations of the testing dataset...
Time to simulate the testing dataset: 1.85s

Simulations of the training dataset...
Time to simulate the training dataset: 4.36s

Training the neural network...
Initial accuracy: 49.91%, Initial test accuracy: 49.99%
Training for 100 epochs...
Epoch 1/100, mean train accuracy: 50.01%, mean test accuracy: 49.98%, lr scale: 1.0 in 13.35 sec
Epoch 2/100, mean train accuracy: 49.97%, mean test accuracy: 50.00%, lr scale: 1.0 in 13.37 sec
Epoch 3/100, mean train accuracy: 49.83%, mean test accuracy: 49.99%, lr scale: 1.0 in 13.50 sec
Epoch 4/100, mean train accuracy: 49.93%, mean test accuracy: 50.01%, lr scale: 1.0 in 13.18 sec
Epoch 5/100, mean train accuracy: 49.89%, mean test accuracy: 49.99%, lr scale: 1.0 in 13.28 sec
Epoch 6/100, mean train accuracy: 49.79%, mean test accuracy: 50.00%, lr scale: 0.5 in 13.23 sec
Epoch 7/100, mean train accuracy: 49.94%, mean test accuracy: 50.00%, lr scale: 0.5 in 13.18 sec
Epoch 8/100, mean train accuracy: 49.95%, mean test accuracy: 50.01%, lr scale: 0.25 in 13.40 sec
Epoch 9/100, mean train accuracy: 50.12%, mean test accuracy: 50.00%, lr scale: 0.25 in 13.57 sec
Epoch 10/100, mean train accuracy: 49.87%, mean test accuracy: 50.01%, lr scale: 0.125 in 13.54 sec
Epoch 11/100, mean train accuracy: 50.12%, mean test accuracy: 50.01%, lr scale: 0.125 in 13.40 sec
Epoch 12/100, mean train accuracy: 50.02%, mean test accuracy: 49.98%, lr scale: 0.0625 in 13.45 sec
Epoch 13/100, mean train accuracy: 50.10%, mean test accuracy: 50.01%, lr scale: 0.0625 in 13.40 sec
Epoch 14/100, mean train accuracy: 50.14%, mean test accuracy: 50.01%, lr scale: 0.03125 in 13.75 sec
Epoch 15/100, mean train accuracy: 50.02%, mean test accuracy: 50.01%, lr scale: 0.03125 in 13.52 sec
Epoch 16/100, mean train accuracy: 50.10%, mean test accuracy: 50.00%, lr scale: 0.015625 in 13.31 sec
Epoch 17/100, mean train accuracy: 49.97%, mean test accuracy: 50.01%, lr scale: 0.0078125 in 13.39 sec
Epoch 18/100, mean train accuracy: 49.91%, mean test accuracy: 50.00%, lr scale: 0.00390625 in 13.36 sec
Epoch 19/100, mean train accuracy: 49.82%, mean test accuracy: 50.00%, lr scale: 0.00390625 in 13.44 sec
Epoch 20/100, mean train accuracy: 50.09%, mean test accuracy: 50.00%, lr scale: 0.001953125 in 13.66 sec
Epoch 21/100, mean train accuracy: 49.95%, mean test accuracy: 50.00%, lr scale: 0.0009765625 in 13.57 sec
Learning rate reached 1.00E-06, stopping training
Time to train the neural network: 370.40s

Simulation Based Calibration...
Time to perform SBC: 1731.19s

Data saved in  /mnt/nfs/nrdata02-users-data/luciano/script/ABC-SBI/examples/Linear-Reg/results/K_50/beta_min/pickles/LinearReg_K_50_beta_min_acc_0.8_eps_7.51e+03.xz


--------------------
ITERATION (ACC = 0.8) DONE IN 2129.3023006916046 SECONDS!
--------------------




--------------------
K = 50, TRUE_BETA = min, ACCEPT_RATE = 0.75
--------------------


Selection of epsilon star...
epsilon:  7467.28271484375 acceptance rate:  0.7971
epsilon:  7426.90087890625 acceptance rate:  0.78749996
epsilon:  7386.63232421875 acceptance rate:  0.77879995
epsilon:  7349.685546875 acceptance rate:  0.77309996
epsilon:  7321.09130859375 acceptance rate:  0.76309997
epsilon:  7288.64306640625 acceptance rate:  0.7586
epsilon:  7256.35009765625 acceptance rate:  0.7538
epsilon:  7226.5498046875 acceptance rate:  0.7438
Time to select epsilon star: 25.49s

Simulations of the testing dataset...
Time to simulate the testing dataset: 1.86s

Simulations of the training dataset...
Time to simulate the training dataset: 4.32s

Training the neural network...
Initial accuracy: 50.02%, Initial test accuracy: 49.96%
Training for 100 epochs...
Epoch 1/100, mean train accuracy: 49.75%, mean test accuracy: 50.00%, lr scale: 1.0 in 13.32 sec
Epoch 2/100, mean train accuracy: 49.86%, mean test accuracy: 50.01%, lr scale: 1.0 in 13.35 sec
Epoch 3/100, mean train accuracy: 49.81%, mean test accuracy: 50.01%, lr scale: 1.0 in 13.23 sec
Epoch 4/100, mean train accuracy: 49.92%, mean test accuracy: 50.00%, lr scale: 0.5 in 13.13 sec
Epoch 5/100, mean train accuracy: 49.91%, mean test accuracy: 50.00%, lr scale: 0.5 in 13.47 sec
Epoch 6/100, mean train accuracy: 49.93%, mean test accuracy: 50.00%, lr scale: 0.5 in 13.26 sec
Epoch 7/100, mean train accuracy: 50.01%, mean test accuracy: 49.99%, lr scale: 0.25 in 13.39 sec
Epoch 8/100, mean train accuracy: 49.82%, mean test accuracy: 50.01%, lr scale: 0.125 in 13.51 sec
Epoch 9/100, mean train accuracy: 50.09%, mean test accuracy: 49.99%, lr scale: 0.0625 in 13.33 sec
Epoch 10/100, mean train accuracy: 50.04%, mean test accuracy: 50.00%, lr scale: 0.0625 in 13.48 sec
Epoch 11/100, mean train accuracy: 49.95%, mean test accuracy: 50.00%, lr scale: 0.03125 in 13.18 sec
Epoch 12/100, mean train accuracy: 49.88%, mean test accuracy: 50.05%, lr scale: 0.03125 in 13.68 sec
Epoch 13/100, mean train accuracy: 50.01%, mean test accuracy: 50.03%, lr scale: 0.015625 in 13.47 sec
Epoch 14/100, mean train accuracy: 49.96%, mean test accuracy: 50.01%, lr scale: 0.0078125 in 13.71 sec
Epoch 15/100, mean train accuracy: 49.90%, mean test accuracy: 50.00%, lr scale: 0.0078125 in 13.32 sec
Epoch 16/100, mean train accuracy: 49.84%, mean test accuracy: 49.99%, lr scale: 0.00390625 in 13.62 sec
Epoch 17/100, mean train accuracy: 49.95%, mean test accuracy: 50.01%, lr scale: 0.001953125 in 13.22 sec
Epoch 18/100, mean train accuracy: 49.82%, mean test accuracy: 50.02%, lr scale: 0.0009765625 in 13.50 sec
Learning rate reached 1.00E-06, stopping training
Time to train the neural network: 351.39s

Simulation Based Calibration...
Time to perform SBC: 1758.15s

Data saved in  /mnt/nfs/nrdata02-users-data/luciano/script/ABC-SBI/examples/Linear-Reg/results/K_50/beta_min/pickles/LinearReg_K_50_beta_min_acc_0.75_eps_7.23e+03.xz


--------------------
ITERATION (ACC = 0.75) DONE IN 2143.9094846248627 SECONDS!
--------------------




--------------------
K = 50, TRUE_BETA = random, ACCEPT_RATE = 1.0
--------------------


Selection of epsilon star...
Distances: min =  2657.4287 max =  11569.609 mean =  6476.374 std =  1294.5161
Time to select epsilon star: 0.18s

Simulations of the testing dataset...
Time to simulate the testing dataset: 0.05s

Simulations of the training dataset...
Time to simulate the training dataset: 0.42s

Training the neural network...
Initial accuracy: 49.96%, Initial test accuracy: 50.01%
Training for 100 epochs...
Epoch 1/100, mean train accuracy: 49.84%, mean test accuracy: 50.00%, lr scale: 1.0 in 14.15 sec
Epoch 2/100, mean train accuracy: 50.03%, mean test accuracy: 50.00%, lr scale: 1.0 in 14.16 sec
Epoch 3/100, mean train accuracy: 50.08%, mean test accuracy: 50.01%, lr scale: 1.0 in 13.89 sec
Epoch 4/100, mean train accuracy: 50.09%, mean test accuracy: 49.99%, lr scale: 0.5 in 13.55 sec
Epoch 5/100, mean train accuracy: 50.14%, mean test accuracy: 50.00%, lr scale: 0.5 in 13.70 sec
Epoch 6/100, mean train accuracy: 50.15%, mean test accuracy: 50.00%, lr scale: 0.25 in 13.38 sec
Epoch 7/100, mean train accuracy: 50.27%, mean test accuracy: 49.99%, lr scale: 0.25 in 13.34 sec
Epoch 8/100, mean train accuracy: 50.00%, mean test accuracy: 49.98%, lr scale: 0.125 in 13.57 sec
Epoch 9/100, mean train accuracy: 50.15%, mean test accuracy: 50.00%, lr scale: 0.125 in 13.67 sec
Epoch 10/100, mean train accuracy: 49.98%, mean test accuracy: 50.00%, lr scale: 0.0625 in 13.61 sec
Epoch 11/100, mean train accuracy: 50.10%, mean test accuracy: 49.99%, lr scale: 0.0625 in 13.38 sec
Epoch 12/100, mean train accuracy: 49.83%, mean test accuracy: 50.00%, lr scale: 0.03125 in 13.28 sec
Epoch 13/100, mean train accuracy: 50.08%, mean test accuracy: 50.03%, lr scale: 0.015625 in 13.18 sec
Epoch 14/100, mean train accuracy: 49.92%, mean test accuracy: 50.00%, lr scale: 0.015625 in 13.45 sec
Epoch 15/100, mean train accuracy: 50.10%, mean test accuracy: 49.99%, lr scale: 0.015625 in 13.36 sec
Epoch 16/100, mean train accuracy: 50.00%, mean test accuracy: 49.99%, lr scale: 0.0078125 in 13.47 sec
Epoch 17/100, mean train accuracy: 50.01%, mean test accuracy: 50.01%, lr scale: 0.00390625 in 13.20 sec
Epoch 18/100, mean train accuracy: 49.87%, mean test accuracy: 50.04%, lr scale: 0.00390625 in 13.22 sec
Epoch 19/100, mean train accuracy: 50.08%, mean test accuracy: 50.06%, lr scale: 0.001953125 in 13.34 sec
Epoch 20/100, mean train accuracy: 50.03%, mean test accuracy: 50.21%, lr scale: 0.0009765625 in 13.39 sec
Learning rate reached 1.00E-06, stopping training
Time to train the neural network: 304.13s

Simulation Based Calibration...
