Host clust12
Old path: /mnt/nfs/nrdata02-users-data/luciano/script
New path: /mnt/nfs/nrdata02-users-data/luciano/script/ABC-SBI
N_VARS [2]


--------------------
K = 2, TRUE_BETA = max, ACCEPT_RATE = 1.0
--------------------


Selection of epsilon star...
Distances: min =  1.9113226 max =  2001.7218 mean =  245.4291 std =  242.25162
Time to select epsilon star: 0.87s

Simulations of the testing dataset...
Time to simulate the testing dataset: 1.37s

Simulations of the training dataset...
Time to simulate the training dataset: 1.05s

Training the neural network...
Initial accuracy: 49.39%, Initial test accuracy: 49.47%
Training for 100 epochs...
Epoch 1/100, mean train accuracy: 78.67%, mean test accuracy: 82.70%, lr scale: 1.0 in 6.84 sec
Epoch 2/100, mean train accuracy: 91.03%, mean test accuracy: 82.45%, lr scale: 1.0 in 7.63 sec
Epoch 3/100, mean train accuracy: 89.71%, mean test accuracy: 95.74%, lr scale: 1.0 in 7.76 sec
Epoch 4/100, mean train accuracy: 76.31%, mean test accuracy: 52.11%, lr scale: 0.5 in 7.74 sec
Epoch 5/100, mean train accuracy: 86.38%, mean test accuracy: 96.40%, lr scale: 0.5 in 7.86 sec
Epoch 6/100, mean train accuracy: 93.73%, mean test accuracy: 95.36%, lr scale: 0.5 in 8.08 sec
Epoch 7/100, mean train accuracy: 95.77%, mean test accuracy: 95.83%, lr scale: 0.5 in 8.25 sec
Epoch 8/100, mean train accuracy: 96.10%, mean test accuracy: 97.47%, lr scale: 0.5 in 8.17 sec
Epoch 9/100, mean train accuracy: 97.26%, mean test accuracy: 97.66%, lr scale: 0.25 in 8.12 sec
Epoch 10/100, mean train accuracy: 97.92%, mean test accuracy: 98.53%, lr scale: 0.25 in 8.34 sec
Epoch 11/100, mean train accuracy: 98.53%, mean test accuracy: 98.81%, lr scale: 0.125 in 8.39 sec
Epoch 12/100, mean train accuracy: 98.61%, mean test accuracy: 97.51%, lr scale: 0.125 in 8.31 sec
Epoch 13/100, mean train accuracy: 98.74%, mean test accuracy: 99.00%, lr scale: 0.0625 in 8.33 sec
Epoch 14/100, mean train accuracy: 98.94%, mean test accuracy: 99.00%, lr scale: 0.0625 in 8.34 sec
Epoch 15/100, mean train accuracy: 98.97%, mean test accuracy: 98.97%, lr scale: 0.0625 in 8.28 sec
Epoch 16/100, mean train accuracy: 98.94%, mean test accuracy: 98.98%, lr scale: 0.0625 in 8.26 sec
Epoch 17/100, mean train accuracy: 99.08%, mean test accuracy: 99.07%, lr scale: 0.03125 in 8.33 sec
Epoch 18/100, mean train accuracy: 99.16%, mean test accuracy: 98.87%, lr scale: 0.03125 in 8.32 sec
Epoch 19/100, mean train accuracy: 99.19%, mean test accuracy: 99.25%, lr scale: 0.015625 in 8.31 sec
Epoch 20/100, mean train accuracy: 99.26%, mean test accuracy: 99.24%, lr scale: 0.015625 in 8.28 sec
Epoch 21/100, mean train accuracy: 99.29%, mean test accuracy: 99.27%, lr scale: 0.015625 in 8.31 sec
Epoch 22/100, mean train accuracy: 99.30%, mean test accuracy: 99.29%, lr scale: 0.0078125 in 8.31 sec
Epoch 23/100, mean train accuracy: 99.31%, mean test accuracy: 99.31%, lr scale: 0.0078125 in 8.29 sec
Epoch 24/100, mean train accuracy: 99.34%, mean test accuracy: 99.29%, lr scale: 0.0078125 in 8.30 sec
Epoch 25/100, mean train accuracy: 99.34%, mean test accuracy: 99.33%, lr scale: 0.00390625 in 8.31 sec
Epoch 26/100, mean train accuracy: 99.36%, mean test accuracy: 99.34%, lr scale: 0.00390625 in 8.36 sec
Epoch 27/100, mean train accuracy: 99.37%, mean test accuracy: 99.33%, lr scale: 0.001953125 in 8.42 sec
Epoch 28/100, mean train accuracy: 99.39%, mean test accuracy: 99.33%, lr scale: 0.0009765625 in 8.29 sec
Learning rate reached 1.00E-06, stopping training
Time to train the neural network: 244.34s

Simulation Based Calibration...
Time to perform SBC: 349.48s

Data saved in  /mnt/nfs/nrdata02-users-data/luciano/script/ABC-SBI/examples/Linear-Reg/new_results_500_cluster/K_2/beta_max/pickles/LinearReg_K_2_beta_max_acc_1.0_eps_inf.xz


--------------------
ITERATION (ACC = 1.0) DONE IN 598.9326899051666 SECONDS!
--------------------




--------------------
K = 2, TRUE_BETA = max, ACCEPT_RATE = 0.999
--------------------


Selection of epsilon star...
Distances: min =  2.101813 max =  2976.6792 mean =  247.4484 std =  243.46571
epsilon:  1132.5474853515625 acceptance rate:  0.9945
Time to select epsilon star: 1.42s

Simulations of the testing dataset...
Time to simulate the testing dataset: 0.68s

Simulations of the training dataset...
Time to simulate the training dataset: 1.18s

Training the neural network...
Initial accuracy: 50.00%, Initial test accuracy: 50.00%
Training for 100 epochs...
Epoch 1/100, mean train accuracy: 77.81%, mean test accuracy: 85.88%, lr scale: 1.0 in 8.29 sec
Epoch 2/100, mean train accuracy: 91.04%, mean test accuracy: 96.24%, lr scale: 1.0 in 8.25 sec
Epoch 3/100, mean train accuracy: 91.46%, mean test accuracy: 84.69%, lr scale: 1.0 in 8.25 sec
Epoch 4/100, mean train accuracy: 94.47%, mean test accuracy: 97.03%, lr scale: 1.0 in 8.27 sec
Epoch 5/100, mean train accuracy: 92.86%, mean test accuracy: 95.91%, lr scale: 0.5 in 8.26 sec
Epoch 6/100, mean train accuracy: 96.26%, mean test accuracy: 96.14%, lr scale: 0.5 in 8.28 sec
Epoch 7/100, mean train accuracy: 96.85%, mean test accuracy: 97.89%, lr scale: 0.5 in 8.11 sec
Epoch 8/100, mean train accuracy: 97.38%, mean test accuracy: 97.97%, lr scale: 0.5 in 8.11 sec
Epoch 9/100, mean train accuracy: 97.68%, mean test accuracy: 98.15%, lr scale: 0.25 in 8.09 sec
Epoch 10/100, mean train accuracy: 98.24%, mean test accuracy: 98.70%, lr scale: 0.25 in 8.07 sec
Epoch 11/100, mean train accuracy: 98.27%, mean test accuracy: 95.04%, lr scale: 0.25 in 8.44 sec
Epoch 12/100, mean train accuracy: 98.34%, mean test accuracy: 98.85%, lr scale: 0.125 in 8.28 sec
Epoch 13/100, mean train accuracy: 98.83%, mean test accuracy: 99.04%, lr scale: 0.125 in 8.29 sec
Epoch 14/100, mean train accuracy: 99.05%, mean test accuracy: 99.26%, lr scale: 0.0625 in 8.30 sec
Epoch 15/100, mean train accuracy: 99.20%, mean test accuracy: 99.23%, lr scale: 0.0625 in 8.27 sec
Epoch 16/100, mean train accuracy: 99.19%, mean test accuracy: 99.25%, lr scale: 0.0625 in 8.29 sec
Epoch 17/100, mean train accuracy: 99.17%, mean test accuracy: 99.26%, lr scale: 0.0625 in 8.30 sec
Epoch 18/100, mean train accuracy: 99.22%, mean test accuracy: 99.29%, lr scale: 0.03125 in 8.29 sec
Epoch 19/100, mean train accuracy: 99.33%, mean test accuracy: 99.30%, lr scale: 0.03125 in 8.27 sec
Epoch 20/100, mean train accuracy: 99.33%, mean test accuracy: 99.35%, lr scale: 0.03125 in 8.28 sec
Epoch 21/100, mean train accuracy: 99.34%, mean test accuracy: 99.35%, lr scale: 0.03125 in 8.28 sec
Epoch 22/100, mean train accuracy: 99.32%, mean test accuracy: 99.32%, lr scale: 0.03125 in 8.29 sec
Epoch 23/100, mean train accuracy: 99.35%, mean test accuracy: 99.36%, lr scale: 0.015625 in 8.29 sec
Epoch 24/100, mean train accuracy: 99.41%, mean test accuracy: 99.38%, lr scale: 0.015625 in 8.28 sec
Epoch 25/100, mean train accuracy: 99.41%, mean test accuracy: 99.40%, lr scale: 0.015625 in 8.27 sec
Epoch 26/100, mean train accuracy: 99.42%, mean test accuracy: 99.40%, lr scale: 0.015625 in 8.28 sec
Epoch 27/100, mean train accuracy: 99.41%, mean test accuracy: 99.42%, lr scale: 0.0078125 in 8.29 sec
Epoch 28/100, mean train accuracy: 99.43%, mean test accuracy: 99.43%, lr scale: 0.0078125 in 8.29 sec
Epoch 29/100, mean train accuracy: 99.45%, mean test accuracy: 99.42%, lr scale: 0.0078125 in 8.27 sec
Epoch 30/100, mean train accuracy: 99.46%, mean test accuracy: 99.43%, lr scale: 0.00390625 in 8.45 sec
Epoch 31/100, mean train accuracy: 99.45%, mean test accuracy: 99.44%, lr scale: 0.001953125 in 8.27 sec
Epoch 32/100, mean train accuracy: 99.51%, mean test accuracy: 99.45%, lr scale: 0.001953125 in 8.22 sec
Epoch 33/100, mean train accuracy: 99.49%, mean test accuracy: 99.45%, lr scale: 0.001953125 in 8.24 sec
Epoch 34/100, mean train accuracy: 99.50%, mean test accuracy: 99.45%, lr scale: 0.0009765625 in 8.23 sec
Learning rate reached 1.00E-06, stopping training
Time to train the neural network: 304.26s

Simulation Based Calibration...
Time to perform SBC: 347.95s

Data saved in  /mnt/nfs/nrdata02-users-data/luciano/script/ABC-SBI/examples/Linear-Reg/new_results_500_cluster/K_2/beta_max/pickles/LinearReg_K_2_beta_max_acc_0.999_eps_1.13e+03.xz


--------------------
ITERATION (ACC = 0.999) DONE IN 657.1074736118317 SECONDS!
--------------------




--------------------
K = 2, TRUE_BETA = max, ACCEPT_RATE = 0.99
--------------------


Selection of epsilon star...
epsilon:  947.5369873046875 acceptance rate:  0.99009997
epsilon:  860.4901123046875 acceptance rate:  0.983
Time to select epsilon star: 2.03s

Simulations of the testing dataset...
Time to simulate the testing dataset: 0.69s

Simulations of the training dataset...
Time to simulate the training dataset: 1.28s

Training the neural network...
Initial accuracy: 50.02%, Initial test accuracy: 50.03%
Training for 100 epochs...
Epoch 1/100, mean train accuracy: 78.27%, mean test accuracy: 92.73%, lr scale: 1.0 in 8.36 sec
Epoch 2/100, mean train accuracy: 90.24%, mean test accuracy: 92.87%, lr scale: 1.0 in 8.28 sec
Epoch 3/100, mean train accuracy: 91.43%, mean test accuracy: 95.02%, lr scale: 1.0 in 8.29 sec
Epoch 4/100, mean train accuracy: 94.20%, mean test accuracy: 95.35%, lr scale: 1.0 in 8.11 sec
Epoch 5/100, mean train accuracy: 92.58%, mean test accuracy: 95.53%, lr scale: 0.5 in 8.12 sec
Epoch 6/100, mean train accuracy: 96.91%, mean test accuracy: 94.81%, lr scale: 0.5 in 8.13 sec
Epoch 7/100, mean train accuracy: 97.13%, mean test accuracy: 98.18%, lr scale: 0.5 in 8.34 sec
Epoch 8/100, mean train accuracy: 95.78%, mean test accuracy: 97.70%, lr scale: 0.25 in 8.28 sec
Epoch 9/100, mean train accuracy: 98.13%, mean test accuracy: 97.02%, lr scale: 0.25 in 8.31 sec
Epoch 10/100, mean train accuracy: 98.09%, mean test accuracy: 96.66%, lr scale: 0.25 in 8.29 sec
Epoch 11/100, mean train accuracy: 98.05%, mean test accuracy: 98.68%, lr scale: 0.25 in 8.30 sec
Epoch 12/100, mean train accuracy: 98.45%, mean test accuracy: 98.99%, lr scale: 0.125 in 8.29 sec
Epoch 13/100, mean train accuracy: 98.86%, mean test accuracy: 98.88%, lr scale: 0.125 in 8.32 sec
Epoch 14/100, mean train accuracy: 98.81%, mean test accuracy: 98.93%, lr scale: 0.125 in 8.30 sec
Epoch 15/100, mean train accuracy: 98.85%, mean test accuracy: 99.08%, lr scale: 0.125 in 8.32 sec
Epoch 16/100, mean train accuracy: 99.07%, mean test accuracy: 98.80%, lr scale: 0.0625 in 8.32 sec
Epoch 17/100, mean train accuracy: 99.12%, mean test accuracy: 99.17%, lr scale: 0.0625 in 8.31 sec
Epoch 18/100, mean train accuracy: 99.13%, mean test accuracy: 99.05%, lr scale: 0.0625 in 8.33 sec
Epoch 19/100, mean train accuracy: 99.14%, mean test accuracy: 99.10%, lr scale: 0.0625 in 8.30 sec
Epoch 20/100, mean train accuracy: 99.22%, mean test accuracy: 99.24%, lr scale: 0.03125 in 8.33 sec
Epoch 21/100, mean train accuracy: 99.26%, mean test accuracy: 99.29%, lr scale: 0.015625 in 8.34 sec
Epoch 22/100, mean train accuracy: 99.36%, mean test accuracy: 99.34%, lr scale: 0.015625 in 8.31 sec
Epoch 23/100, mean train accuracy: 99.35%, mean test accuracy: 99.35%, lr scale: 0.015625 in 8.30 sec
Epoch 24/100, mean train accuracy: 99.37%, mean test accuracy: 99.35%, lr scale: 0.015625 in 8.42 sec
Epoch 25/100, mean train accuracy: 99.38%, mean test accuracy: 99.37%, lr scale: 0.0078125 in 8.31 sec
Epoch 26/100, mean train accuracy: 99.39%, mean test accuracy: 99.37%, lr scale: 0.00390625 in 8.30 sec
Epoch 27/100, mean train accuracy: 99.44%, mean test accuracy: 99.33%, lr scale: 0.00390625 in 8.29 sec
Epoch 28/100, mean train accuracy: 99.41%, mean test accuracy: 99.38%, lr scale: 0.00390625 in 8.30 sec
Epoch 29/100, mean train accuracy: 99.41%, mean test accuracy: 99.40%, lr scale: 0.001953125 in 8.28 sec
Epoch 30/100, mean train accuracy: 99.43%, mean test accuracy: 99.40%, lr scale: 0.0009765625 in 8.29 sec
Learning rate reached 1.00E-06, stopping training
Time to train the neural network: 272.26s

Simulation Based Calibration...
Time to perform SBC: 348.56s

Data saved in  /mnt/nfs/nrdata02-users-data/luciano/script/ABC-SBI/examples/Linear-Reg/new_results_500_cluster/K_2/beta_max/pickles/LinearReg_K_2_beta_max_acc_0.99_eps_8.6e+02.xz


--------------------
ITERATION (ACC = 0.99) DONE IN 626.3906946182251 SECONDS!
--------------------




--------------------
K = 2, TRUE_BETA = max, ACCEPT_RATE = 0.975
--------------------


Selection of epsilon star...
epsilon:  790.4708251953125 acceptance rate:  0.9772
epsilon:  735.9232177734375 acceptance rate:  0.9698
Time to select epsilon star: 2.03s

Simulations of the testing dataset...
Time to simulate the testing dataset: 0.69s

Simulations of the training dataset...
Time to simulate the training dataset: 1.19s

Training the neural network...
Initial accuracy: 49.99%, Initial test accuracy: 50.06%
Training for 100 epochs...
Epoch 1/100, mean train accuracy: 78.85%, mean test accuracy: 94.57%, lr scale: 1.0 in 8.33 sec
Epoch 2/100, mean train accuracy: 80.83%, mean test accuracy: 59.91%, lr scale: 1.0 in 8.26 sec
Epoch 3/100, mean train accuracy: 82.38%, mean test accuracy: 95.67%, lr scale: 0.5 in 8.24 sec
Epoch 4/100, mean train accuracy: 92.29%, mean test accuracy: 96.89%, lr scale: 0.5 in 8.30 sec
Epoch 5/100, mean train accuracy: 95.62%, mean test accuracy: 95.93%, lr scale: 0.5 in 8.49 sec
Epoch 6/100, mean train accuracy: 96.39%, mean test accuracy: 97.46%, lr scale: 0.5 in 8.26 sec
Epoch 7/100, mean train accuracy: 96.74%, mean test accuracy: 95.86%, lr scale: 0.5 in 8.29 sec
Epoch 8/100, mean train accuracy: 96.71%, mean test accuracy: 98.52%, lr scale: 0.25 in 8.31 sec
Epoch 9/100, mean train accuracy: 97.88%, mean test accuracy: 98.55%, lr scale: 0.25 in 8.32 sec
Epoch 10/100, mean train accuracy: 97.95%, mean test accuracy: 98.59%, lr scale: 0.25 in 8.10 sec
Epoch 11/100, mean train accuracy: 98.04%, mean test accuracy: 98.66%, lr scale: 0.25 in 8.18 sec
Epoch 12/100, mean train accuracy: 98.09%, mean test accuracy: 98.90%, lr scale: 0.125 in 8.17 sec
Epoch 13/100, mean train accuracy: 98.79%, mean test accuracy: 98.88%, lr scale: 0.125 in 8.19 sec
Epoch 14/100, mean train accuracy: 98.83%, mean test accuracy: 98.89%, lr scale: 0.0625 in 8.31 sec
Epoch 15/100, mean train accuracy: 98.92%, mean test accuracy: 98.87%, lr scale: 0.0625 in 8.30 sec
Epoch 16/100, mean train accuracy: 99.03%, mean test accuracy: 99.06%, lr scale: 0.0625 in 8.32 sec
Epoch 17/100, mean train accuracy: 99.04%, mean test accuracy: 98.97%, lr scale: 0.0625 in 8.34 sec
Epoch 18/100, mean train accuracy: 99.16%, mean test accuracy: 99.20%, lr scale: 0.03125 in 8.31 sec
Epoch 19/100, mean train accuracy: 99.19%, mean test accuracy: 99.12%, lr scale: 0.03125 in 8.33 sec
Epoch 20/100, mean train accuracy: 99.25%, mean test accuracy: 99.27%, lr scale: 0.015625 in 8.32 sec
Epoch 21/100, mean train accuracy: 99.26%, mean test accuracy: 99.27%, lr scale: 0.015625 in 8.37 sec
Epoch 22/100, mean train accuracy: 99.32%, mean test accuracy: 99.23%, lr scale: 0.015625 in 8.31 sec
Epoch 23/100, mean train accuracy: 99.30%, mean test accuracy: 99.32%, lr scale: 0.0078125 in 8.30 sec
Epoch 24/100, mean train accuracy: 99.36%, mean test accuracy: 99.35%, lr scale: 0.0078125 in 8.27 sec
Epoch 25/100, mean train accuracy: 99.36%, mean test accuracy: 99.37%, lr scale: 0.00390625 in 8.51 sec
Epoch 26/100, mean train accuracy: 99.38%, mean test accuracy: 99.37%, lr scale: 0.001953125 in 8.33 sec
Epoch 27/100, mean train accuracy: 99.38%, mean test accuracy: 99.38%, lr scale: 0.001953125 in 8.21 sec
Epoch 28/100, mean train accuracy: 99.40%, mean test accuracy: 99.38%, lr scale: 0.001953125 in 8.29 sec
Epoch 29/100, mean train accuracy: 99.43%, mean test accuracy: 99.38%, lr scale: 0.0009765625 in 8.29 sec
Learning rate reached 1.00E-06, stopping training
Time to train the neural network: 265.75s

Simulation Based Calibration...
Time to perform SBC: 349.75s

Data saved in  /mnt/nfs/nrdata02-users-data/luciano/script/ABC-SBI/examples/Linear-Reg/new_results_500_cluster/K_2/beta_max/pickles/LinearReg_K_2_beta_max_acc_0.975_eps_7.36e+02.xz


--------------------
ITERATION (ACC = 0.975) DONE IN 620.9717826843262 SECONDS!
--------------------




--------------------
K = 2, TRUE_BETA = max, ACCEPT_RATE = 0.95
--------------------


Selection of epsilon star...
epsilon:  690.4447631835938 acceptance rate:  0.9651
epsilon:  649.5009765625 acceptance rate:  0.9586
epsilon:  618.3162841796875 acceptance rate:  0.9543
epsilon:  589.2481689453125 acceptance rate:  0.9474
Time to select epsilon star: 3.89s

Simulations of the testing dataset...
Time to simulate the testing dataset: 0.69s

Simulations of the training dataset...
Time to simulate the training dataset: 1.24s

Training the neural network...
Initial accuracy: 50.11%, Initial test accuracy: 50.01%
Training for 100 epochs...
Epoch 1/100, mean train accuracy: 78.32%, mean test accuracy: 81.14%, lr scale: 1.0 in 8.33 sec
Epoch 2/100, mean train accuracy: 89.94%, mean test accuracy: 92.07%, lr scale: 1.0 in 8.14 sec
Epoch 3/100, mean train accuracy: 89.84%, mean test accuracy: 93.82%, lr scale: 1.0 in 8.28 sec
Epoch 4/100, mean train accuracy: 92.77%, mean test accuracy: 97.56%, lr scale: 1.0 in 8.26 sec
Epoch 5/100, mean train accuracy: 95.25%, mean test accuracy: 95.54%, lr scale: 1.0 in 8.20 sec
Epoch 6/100, mean train accuracy: 93.70%, mean test accuracy: 92.66%, lr scale: 1.0 in 8.26 sec
Epoch 7/100, mean train accuracy: 95.23%, mean test accuracy: 97.74%, lr scale: 0.5 in 8.50 sec
Epoch 8/100, mean train accuracy: 97.48%, mean test accuracy: 98.26%, lr scale: 0.5 in 8.31 sec
Epoch 9/100, mean train accuracy: 97.31%, mean test accuracy: 98.32%, lr scale: 0.25 in 8.31 sec
Epoch 10/100, mean train accuracy: 98.34%, mean test accuracy: 98.59%, lr scale: 0.25 in 8.30 sec
Epoch 11/100, mean train accuracy: 98.27%, mean test accuracy: 96.00%, lr scale: 0.25 in 8.35 sec
Epoch 12/100, mean train accuracy: 98.29%, mean test accuracy: 98.76%, lr scale: 0.25 in 8.34 sec
Epoch 13/100, mean train accuracy: 98.68%, mean test accuracy: 99.03%, lr scale: 0.125 in 8.36 sec
Epoch 14/100, mean train accuracy: 98.93%, mean test accuracy: 99.20%, lr scale: 0.0625 in 8.08 sec
Epoch 15/100, mean train accuracy: 99.11%, mean test accuracy: 99.15%, lr scale: 0.0625 in 8.24 sec
Epoch 16/100, mean train accuracy: 99.08%, mean test accuracy: 99.14%, lr scale: 0.0625 in 8.16 sec
Epoch 17/100, mean train accuracy: 99.18%, mean test accuracy: 99.29%, lr scale: 0.03125 in 8.11 sec
Epoch 18/100, mean train accuracy: 99.25%, mean test accuracy: 99.27%, lr scale: 0.03125 in 8.32 sec
Epoch 19/100, mean train accuracy: 99.26%, mean test accuracy: 99.32%, lr scale: 0.015625 in 8.36 sec
Epoch 20/100, mean train accuracy: 99.36%, mean test accuracy: 99.37%, lr scale: 0.015625 in 8.33 sec
Epoch 21/100, mean train accuracy: 99.34%, mean test accuracy: 99.34%, lr scale: 0.015625 in 8.32 sec
Epoch 22/100, mean train accuracy: 99.35%, mean test accuracy: 99.36%, lr scale: 0.015625 in 8.34 sec
Epoch 23/100, mean train accuracy: 99.36%, mean test accuracy: 99.31%, lr scale: 0.015625 in 8.35 sec
Epoch 24/100, mean train accuracy: 99.39%, mean test accuracy: 99.35%, lr scale: 0.0078125 in 8.47 sec
Epoch 25/100, mean train accuracy: 99.39%, mean test accuracy: 99.39%, lr scale: 0.0078125 in 8.30 sec
Epoch 26/100, mean train accuracy: 99.38%, mean test accuracy: 99.38%, lr scale: 0.00390625 in 8.29 sec
Epoch 27/100, mean train accuracy: 99.42%, mean test accuracy: 99.37%, lr scale: 0.00390625 in 8.35 sec
Epoch 28/100, mean train accuracy: 99.42%, mean test accuracy: 99.36%, lr scale: 0.00390625 in 8.35 sec
Epoch 29/100, mean train accuracy: 99.43%, mean test accuracy: 99.42%, lr scale: 0.001953125 in 8.30 sec
Epoch 30/100, mean train accuracy: 99.39%, mean test accuracy: 99.40%, lr scale: 0.0009765625 in 8.32 sec
Learning rate reached 1.00E-06, stopping training
Time to train the neural network: 277.00s

Simulation Based Calibration...
Time to perform SBC: 349.90s

Data saved in  /mnt/nfs/nrdata02-users-data/luciano/script/ABC-SBI/examples/Linear-Reg/new_results_500_cluster/K_2/beta_max/pickles/LinearReg_K_2_beta_max_acc_0.95_eps_5.89e+02.xz


--------------------
ITERATION (ACC = 0.95) DONE IN 634.2422769069672 SECONDS!
--------------------




--------------------
K = 2, TRUE_BETA = max, ACCEPT_RATE = 0.925
--------------------


Selection of epsilon star...
epsilon:  563.9635620117188 acceptance rate:  0.9436
epsilon:  543.8645629882812 acceptance rate:  0.9371
epsilon:  525.1097412109375 acceptance rate:  0.932
epsilon:  509.19000244140625 acceptance rate:  0.9259
epsilon:  493.2541198730469 acceptance rate:  0.922
Time to select epsilon star: 4.99s

Simulations of the testing dataset...
Time to simulate the testing dataset: 0.74s

Simulations of the training dataset...
Time to simulate the training dataset: 1.24s

Training the neural network...
Initial accuracy: 50.66%, Initial test accuracy: 50.39%
Training for 100 epochs...
Epoch 1/100, mean train accuracy: 80.98%, mean test accuracy: 61.06%, lr scale: 1.0 in 8.27 sec
Epoch 2/100, mean train accuracy: 89.66%, mean test accuracy: 95.80%, lr scale: 1.0 in 8.23 sec
Epoch 3/100, mean train accuracy: 90.07%, mean test accuracy: 93.59%, lr scale: 1.0 in 8.22 sec
Epoch 4/100, mean train accuracy: 93.43%, mean test accuracy: 96.28%, lr scale: 1.0 in 8.44 sec
Epoch 5/100, mean train accuracy: 93.95%, mean test accuracy: 96.39%, lr scale: 1.0 in 8.26 sec
Epoch 6/100, mean train accuracy: 88.60%, mean test accuracy: 89.15%, lr scale: 1.0 in 8.27 sec
Epoch 7/100, mean train accuracy: 93.44%, mean test accuracy: 96.73%, lr scale: 0.5 in 8.27 sec
Epoch 8/100, mean train accuracy: 95.72%, mean test accuracy: 94.00%, lr scale: 0.5 in 8.06 sec
Epoch 9/100, mean train accuracy: 97.21%, mean test accuracy: 98.02%, lr scale: 0.5 in 8.10 sec
Epoch 10/100, mean train accuracy: 97.19%, mean test accuracy: 98.19%, lr scale: 0.5 in 8.16 sec
Epoch 11/100, mean train accuracy: 96.97%, mean test accuracy: 98.29%, lr scale: 0.25 in 8.13 sec
Epoch 12/100, mean train accuracy: 98.13%, mean test accuracy: 98.09%, lr scale: 0.25 in 8.08 sec
Epoch 13/100, mean train accuracy: 98.37%, mean test accuracy: 98.09%, lr scale: 0.25 in 8.30 sec
Epoch 14/100, mean train accuracy: 98.13%, mean test accuracy: 98.74%, lr scale: 0.125 in 8.27 sec
Epoch 15/100, mean train accuracy: 98.78%, mean test accuracy: 90.46%, lr scale: 0.125 in 8.28 sec
Epoch 16/100, mean train accuracy: 98.75%, mean test accuracy: 98.93%, lr scale: 0.125 in 8.26 sec
Epoch 17/100, mean train accuracy: 98.69%, mean test accuracy: 98.83%, lr scale: 0.125 in 8.27 sec
Epoch 18/100, mean train accuracy: 98.88%, mean test accuracy: 98.86%, lr scale: 0.125 in 8.27 sec
Epoch 19/100, mean train accuracy: 98.84%, mean test accuracy: 99.09%, lr scale: 0.0625 in 8.28 sec
Epoch 20/100, mean train accuracy: 99.12%, mean test accuracy: 99.10%, lr scale: 0.0625 in 8.25 sec
Epoch 21/100, mean train accuracy: 99.18%, mean test accuracy: 99.22%, lr scale: 0.03125 in 8.13 sec
Epoch 22/100, mean train accuracy: 99.24%, mean test accuracy: 99.24%, lr scale: 0.03125 in 8.32 sec
Epoch 23/100, mean train accuracy: 99.24%, mean test accuracy: 99.28%, lr scale: 0.03125 in 8.42 sec
Epoch 24/100, mean train accuracy: 99.26%, mean test accuracy: 99.22%, lr scale: 0.015625 in 8.20 sec
Epoch 25/100, mean train accuracy: 99.31%, mean test accuracy: 99.31%, lr scale: 0.015625 in 8.29 sec
Epoch 26/100, mean train accuracy: 99.33%, mean test accuracy: 99.32%, lr scale: 0.0078125 in 8.25 sec
Epoch 27/100, mean train accuracy: 99.37%, mean test accuracy: 99.34%, lr scale: 0.0078125 in 8.29 sec
Epoch 28/100, mean train accuracy: 99.36%, mean test accuracy: 99.38%, lr scale: 0.00390625 in 8.30 sec
Epoch 29/100, mean train accuracy: 99.40%, mean test accuracy: 99.38%, lr scale: 0.00390625 in 8.28 sec
Epoch 30/100, mean train accuracy: 99.41%, mean test accuracy: 99.37%, lr scale: 0.00390625 in 8.28 sec
Epoch 31/100, mean train accuracy: 99.38%, mean test accuracy: 99.36%, lr scale: 0.00390625 in 8.30 sec
Epoch 32/100, mean train accuracy: 99.41%, mean test accuracy: 99.37%, lr scale: 0.001953125 in 8.30 sec
Epoch 33/100, mean train accuracy: 99.41%, mean test accuracy: 99.38%, lr scale: 0.001953125 in 8.25 sec
Epoch 34/100, mean train accuracy: 99.40%, mean test accuracy: 99.39%, lr scale: 0.0009765625 in 8.25 sec
Learning rate reached 1.00E-06, stopping training
Time to train the neural network: 310.72s

Simulation Based Calibration...
Time to perform SBC: 348.41s

Data saved in  /mnt/nfs/nrdata02-users-data/luciano/script/ABC-SBI/examples/Linear-Reg/new_results_500_cluster/K_2/beta_max/pickles/LinearReg_K_2_beta_max_acc_0.925_eps_4.93e+02.xz


--------------------
ITERATION (ACC = 0.925) DONE IN 667.5780529975891 SECONDS!
--------------------




--------------------
K = 2, TRUE_BETA = max, ACCEPT_RATE = 0.9
--------------------


Selection of epsilon star...
epsilon:  477.54254150390625 acceptance rate:  0.9206
epsilon:  464.1361389160156 acceptance rate:  0.9101
epsilon:  451.331787109375 acceptance rate:  0.91239995
epsilon:  438.98565673828125 acceptance rate:  0.9
Time to select epsilon star: 4.26s

Simulations of the testing dataset...
Time to simulate the testing dataset: 0.71s

Simulations of the training dataset...
Time to simulate the training dataset: 1.23s

Training the neural network...
Initial accuracy: 49.67%, Initial test accuracy: 49.63%
Training for 100 epochs...
Epoch 1/100, mean train accuracy: 82.30%, mean test accuracy: 89.17%, lr scale: 1.0 in 8.49 sec
Epoch 2/100, mean train accuracy: 85.47%, mean test accuracy: 55.99%, lr scale: 1.0 in 8.29 sec
Epoch 3/100, mean train accuracy: 90.29%, mean test accuracy: 96.83%, lr scale: 0.5 in 8.28 sec
Epoch 4/100, mean train accuracy: 95.24%, mean test accuracy: 97.82%, lr scale: 0.5 in 8.28 sec
Epoch 5/100, mean train accuracy: 95.64%, mean test accuracy: 96.75%, lr scale: 0.5 in 8.29 sec
Epoch 6/100, mean train accuracy: 95.48%, mean test accuracy: 95.52%, lr scale: 0.5 in 8.26 sec
Epoch 7/100, mean train accuracy: 96.38%, mean test accuracy: 97.25%, lr scale: 0.5 in 8.26 sec
Epoch 8/100, mean train accuracy: 96.29%, mean test accuracy: 97.45%, lr scale: 0.5 in 8.28 sec
Epoch 9/100, mean train accuracy: 96.39%, mean test accuracy: 98.15%, lr scale: 0.5 in 8.29 sec
Epoch 10/100, mean train accuracy: 96.77%, mean test accuracy: 97.08%, lr scale: 0.5 in 8.05 sec
Epoch 11/100, mean train accuracy: 96.98%, mean test accuracy: 96.30%, lr scale: 0.5 in 8.19 sec
Epoch 12/100, mean train accuracy: 96.78%, mean test accuracy: 98.38%, lr scale: 0.25 in 8.19 sec
Epoch 13/100, mean train accuracy: 98.04%, mean test accuracy: 98.75%, lr scale: 0.25 in 8.12 sec
Epoch 14/100, mean train accuracy: 98.17%, mean test accuracy: 98.85%, lr scale: 0.125 in 8.16 sec
Epoch 15/100, mean train accuracy: 98.66%, mean test accuracy: 98.95%, lr scale: 0.125 in 8.36 sec
Epoch 16/100, mean train accuracy: 98.75%, mean test accuracy: 98.78%, lr scale: 0.125 in 8.32 sec
Epoch 17/100, mean train accuracy: 98.82%, mean test accuracy: 99.04%, lr scale: 0.0625 in 8.33 sec
Epoch 18/100, mean train accuracy: 99.10%, mean test accuracy: 99.19%, lr scale: 0.0625 in 8.34 sec
Epoch 19/100, mean train accuracy: 99.04%, mean test accuracy: 99.17%, lr scale: 0.03125 in 8.32 sec
Epoch 20/100, mean train accuracy: 99.22%, mean test accuracy: 99.31%, lr scale: 0.03125 in 8.32 sec
Epoch 21/100, mean train accuracy: 99.23%, mean test accuracy: 99.27%, lr scale: 0.03125 in 8.51 sec
Epoch 22/100, mean train accuracy: 99.26%, mean test accuracy: 99.29%, lr scale: 0.03125 in 8.31 sec
Epoch 23/100, mean train accuracy: 99.25%, mean test accuracy: 99.32%, lr scale: 0.015625 in 8.35 sec
Epoch 24/100, mean train accuracy: 99.35%, mean test accuracy: 99.36%, lr scale: 0.015625 in 8.33 sec
Epoch 25/100, mean train accuracy: 99.34%, mean test accuracy: 99.38%, lr scale: 0.0078125 in 8.32 sec
Epoch 26/100, mean train accuracy: 99.39%, mean test accuracy: 99.39%, lr scale: 0.0078125 in 8.32 sec
Epoch 27/100, mean train accuracy: 99.39%, mean test accuracy: 99.39%, lr scale: 0.0078125 in 8.33 sec
Epoch 28/100, mean train accuracy: 99.38%, mean test accuracy: 99.40%, lr scale: 0.00390625 in 8.34 sec
Epoch 29/100, mean train accuracy: 99.39%, mean test accuracy: 99.41%, lr scale: 0.001953125 in 8.31 sec
Epoch 30/100, mean train accuracy: 99.43%, mean test accuracy: 99.40%, lr scale: 0.001953125 in 8.30 sec
Epoch 31/100, mean train accuracy: 99.42%, mean test accuracy: 99.42%, lr scale: 0.001953125 in 8.31 sec
Epoch 32/100, mean train accuracy: 99.42%, mean test accuracy: 99.42%, lr scale: 0.0009765625 in 8.31 sec
Learning rate reached 1.00E-06, stopping training
Time to train the neural network: 297.57s

Simulation Based Calibration...
Time to perform SBC: 347.09s

Data saved in  /mnt/nfs/nrdata02-users-data/luciano/script/ABC-SBI/examples/Linear-Reg/new_results_500_cluster/K_2/beta_max/pickles/LinearReg_K_2_beta_max_acc_0.9_eps_4.39e+02.xz


--------------------
ITERATION (ACC = 0.9) DONE IN 652.3658759593964 SECONDS!
--------------------




--------------------
K = 2, TRUE_BETA = max, ACCEPT_RATE = 0.85
--------------------


Selection of epsilon star...
epsilon:  427.3019714355469 acceptance rate:  0.9001
epsilon:  414.9272766113281 acceptance rate:  0.8982
epsilon:  403.91693115234375 acceptance rate:  0.8903
epsilon:  394.5299377441406 acceptance rate:  0.8772
epsilon:  384.6030578613281 acceptance rate:  0.8829
epsilon:  375.11077880859375 acceptance rate:  0.8792
epsilon:  367.91168212890625 acceptance rate:  0.86939996
epsilon:  359.0533447265625 acceptance rate:  0.86499995
epsilon:  351.3410949707031 acceptance rate:  0.8588
epsilon:  343.8870544433594 acceptance rate:  0.854
epsilon:  337.1029968261719 acceptance rate:  0.8505
epsilon:  329.75567626953125 acceptance rate:  0.8513
epsilon:  323.07794189453125 acceptance rate:  0.84489995
Time to select epsilon star: 13.76s

Simulations of the testing dataset...
Time to simulate the testing dataset: 0.71s

Simulations of the training dataset...
Time to simulate the training dataset: 1.25s

Training the neural network...
Initial accuracy: 50.26%, Initial test accuracy: 50.16%
Training for 100 epochs...
Epoch 1/100, mean train accuracy: 83.15%, mean test accuracy: 91.66%, lr scale: 1.0 in 8.35 sec
Epoch 2/100, mean train accuracy: 91.48%, mean test accuracy: 93.26%, lr scale: 1.0 in 8.28 sec
Epoch 3/100, mean train accuracy: 93.38%, mean test accuracy: 97.32%, lr scale: 1.0 in 8.27 sec
Epoch 4/100, mean train accuracy: 94.04%, mean test accuracy: 82.29%, lr scale: 1.0 in 8.30 sec
Epoch 5/100, mean train accuracy: 91.25%, mean test accuracy: 95.73%, lr scale: 0.5 in 8.33 sec
Epoch 6/100, mean train accuracy: 95.81%, mean test accuracy: 96.98%, lr scale: 0.5 in 8.11 sec
Epoch 7/100, mean train accuracy: 96.14%, mean test accuracy: 97.60%, lr scale: 0.5 in 8.03 sec
Epoch 8/100, mean train accuracy: 97.26%, mean test accuracy: 98.15%, lr scale: 0.25 in 8.14 sec
Epoch 9/100, mean train accuracy: 97.42%, mean test accuracy: 95.32%, lr scale: 0.25 in 8.14 sec
Epoch 10/100, mean train accuracy: 97.79%, mean test accuracy: 98.32%, lr scale: 0.25 in 8.13 sec
Epoch 11/100, mean train accuracy: 97.90%, mean test accuracy: 98.60%, lr scale: 0.125 in 8.09 sec
Epoch 12/100, mean train accuracy: 98.51%, mean test accuracy: 98.52%, lr scale: 0.125 in 8.29 sec
Epoch 13/100, mean train accuracy: 98.61%, mean test accuracy: 98.78%, lr scale: 0.0625 in 8.27 sec
Epoch 14/100, mean train accuracy: 98.88%, mean test accuracy: 98.78%, lr scale: 0.0625 in 8.28 sec
Epoch 15/100, mean train accuracy: 98.87%, mean test accuracy: 98.91%, lr scale: 0.0625 in 8.26 sec
Epoch 16/100, mean train accuracy: 98.74%, mean test accuracy: 98.98%, lr scale: 0.03125 in 8.26 sec
Epoch 17/100, mean train accuracy: 99.02%, mean test accuracy: 98.97%, lr scale: 0.03125 in 8.25 sec
Epoch 18/100, mean train accuracy: 99.07%, mean test accuracy: 99.07%, lr scale: 0.03125 in 8.28 sec
Epoch 19/100, mean train accuracy: 99.04%, mean test accuracy: 99.01%, lr scale: 0.03125 in 8.42 sec
Epoch 20/100, mean train accuracy: 99.05%, mean test accuracy: 99.11%, lr scale: 0.015625 in 8.24 sec
Epoch 21/100, mean train accuracy: 99.14%, mean test accuracy: 99.09%, lr scale: 0.015625 in 8.26 sec
Epoch 22/100, mean train accuracy: 99.15%, mean test accuracy: 99.10%, lr scale: 0.015625 in 8.26 sec
Epoch 23/100, mean train accuracy: 99.18%, mean test accuracy: 99.15%, lr scale: 0.0078125 in 8.27 sec
Epoch 24/100, mean train accuracy: 99.20%, mean test accuracy: 99.09%, lr scale: 0.0078125 in 8.25 sec
Epoch 25/100, mean train accuracy: 99.20%, mean test accuracy: 99.16%, lr scale: 0.0078125 in 8.27 sec
Epoch 26/100, mean train accuracy: 99.20%, mean test accuracy: 99.18%, lr scale: 0.0078125 in 8.26 sec
Epoch 27/100, mean train accuracy: 99.22%, mean test accuracy: 99.15%, lr scale: 0.0078125 in 8.26 sec
Epoch 28/100, mean train accuracy: 99.22%, mean test accuracy: 99.19%, lr scale: 0.0078125 in 8.26 sec
Epoch 29/100, mean train accuracy: 99.22%, mean test accuracy: 99.21%, lr scale: 0.00390625 in 8.25 sec
Epoch 30/100, mean train accuracy: 99.24%, mean test accuracy: 99.21%, lr scale: 0.00390625 in 8.26 sec
Epoch 31/100, mean train accuracy: 99.27%, mean test accuracy: 99.19%, lr scale: 0.00390625 in 8.27 sec
Epoch 32/100, mean train accuracy: 99.26%, mean test accuracy: 99.20%, lr scale: 0.001953125 in 8.28 sec
Epoch 33/100, mean train accuracy: 99.27%, mean test accuracy: 99.22%, lr scale: 0.001953125 in 8.27 sec
Epoch 34/100, mean train accuracy: 99.29%, mean test accuracy: 99.20%, lr scale: 0.0009765625 in 8.28 sec
Learning rate reached 1.00E-06, stopping training
Time to train the neural network: 316.31s

Simulation Based Calibration...
Time to perform SBC: 349.83s

Data saved in  /mnt/nfs/nrdata02-users-data/luciano/script/ABC-SBI/examples/Linear-Reg/new_results_500_cluster/K_2/beta_max/pickles/LinearReg_K_2_beta_max_acc_0.85_eps_3.23e+02.xz


--------------------
ITERATION (ACC = 0.85) DONE IN 683.3897902965546 SECONDS!
--------------------




--------------------
K = 2, TRUE_BETA = max, ACCEPT_RATE = 0.8
--------------------


Selection of epsilon star...
epsilon:  315.83404541015625 acceptance rate:  0.8404
epsilon:  308.9483337402344 acceptance rate:  0.82989997
epsilon:  302.28692626953125 acceptance rate:  0.82879996
epsilon:  296.9734802246094 acceptance rate:  0.82519996
epsilon:  291.2991027832031 acceptance rate:  0.81729996
epsilon:  287.1036071777344 acceptance rate:  0.82089996
epsilon:  281.97283935546875 acceptance rate:  0.8143
epsilon:  276.4270935058594 acceptance rate:  0.8174
epsilon:  270.87725830078125 acceptance rate:  0.80079997
epsilon:  265.7485046386719 acceptance rate:  0.7948
Time to select epsilon star: 11.80s

Simulations of the testing dataset...
Time to simulate the testing dataset: 0.73s

Simulations of the training dataset...
Time to simulate the training dataset: 1.51s

Training the neural network...
Initial accuracy: 49.89%, Initial test accuracy: 49.93%
Training for 100 epochs...
Epoch 1/100, mean train accuracy: 78.18%, mean test accuracy: 68.51%, lr scale: 1.0 in 8.25 sec
Epoch 2/100, mean train accuracy: 89.03%, mean test accuracy: 95.82%, lr scale: 1.0 in 8.16 sec
Epoch 3/100, mean train accuracy: 91.96%, mean test accuracy: 97.37%, lr scale: 1.0 in 8.16 sec
Epoch 4/100, mean train accuracy: 94.13%, mean test accuracy: 97.29%, lr scale: 1.0 in 8.08 sec
Epoch 5/100, mean train accuracy: 91.35%, mean test accuracy: 94.76%, lr scale: 0.5 in 8.35 sec
Epoch 6/100, mean train accuracy: 96.97%, mean test accuracy: 98.15%, lr scale: 0.5 in 8.30 sec
Epoch 7/100, mean train accuracy: 97.20%, mean test accuracy: 98.53%, lr scale: 0.5 in 8.30 sec
Epoch 8/100, mean train accuracy: 96.78%, mean test accuracy: 97.80%, lr scale: 0.5 in 8.32 sec
Epoch 9/100, mean train accuracy: 97.57%, mean test accuracy: 98.81%, lr scale: 0.5 in 8.38 sec
Epoch 10/100, mean train accuracy: 94.51%, mean test accuracy: 96.88%, lr scale: 0.5 in 8.36 sec
Epoch 11/100, mean train accuracy: 97.47%, mean test accuracy: 98.34%, lr scale: 0.25 in 8.33 sec
Epoch 12/100, mean train accuracy: 98.24%, mean test accuracy: 98.46%, lr scale: 0.25 in 8.31 sec
Epoch 13/100, mean train accuracy: 98.49%, mean test accuracy: 98.75%, lr scale: 0.125 in 8.33 sec
Epoch 14/100, mean train accuracy: 98.55%, mean test accuracy: 98.53%, lr scale: 0.125 in 8.37 sec
Epoch 15/100, mean train accuracy: 98.73%, mean test accuracy: 98.67%, lr scale: 0.0625 in 8.36 sec
Epoch 16/100, mean train accuracy: 98.83%, mean test accuracy: 98.98%, lr scale: 0.0625 in 8.34 sec
Epoch 17/100, mean train accuracy: 98.91%, mean test accuracy: 98.97%, lr scale: 0.0625 in 8.33 sec
Epoch 18/100, mean train accuracy: 98.98%, mean test accuracy: 99.08%, lr scale: 0.03125 in 8.38 sec
Epoch 19/100, mean train accuracy: 99.06%, mean test accuracy: 99.12%, lr scale: 0.03125 in 8.34 sec
Epoch 20/100, mean train accuracy: 99.14%, mean test accuracy: 99.20%, lr scale: 0.015625 in 8.51 sec
Epoch 21/100, mean train accuracy: 99.19%, mean test accuracy: 99.19%, lr scale: 0.015625 in 8.35 sec
Epoch 22/100, mean train accuracy: 99.20%, mean test accuracy: 99.19%, lr scale: 0.0078125 in 8.37 sec
Epoch 23/100, mean train accuracy: 99.24%, mean test accuracy: 99.22%, lr scale: 0.0078125 in 8.34 sec
Epoch 24/100, mean train accuracy: 99.23%, mean test accuracy: 99.24%, lr scale: 0.0078125 in 8.34 sec
Epoch 25/100, mean train accuracy: 99.24%, mean test accuracy: 99.25%, lr scale: 0.0078125 in 8.33 sec
Epoch 26/100, mean train accuracy: 99.26%, mean test accuracy: 99.23%, lr scale: 0.0078125 in 8.35 sec
Epoch 27/100, mean train accuracy: 99.25%, mean test accuracy: 99.25%, lr scale: 0.00390625 in 8.38 sec
Epoch 28/100, mean train accuracy: 99.28%, mean test accuracy: 99.25%, lr scale: 0.00390625 in 8.33 sec
Epoch 29/100, mean train accuracy: 99.30%, mean test accuracy: 99.27%, lr scale: 0.001953125 in 8.32 sec
Epoch 30/100, mean train accuracy: 99.30%, mean test accuracy: 99.28%, lr scale: 0.001953125 in 8.33 sec
Epoch 31/100, mean train accuracy: 99.29%, mean test accuracy: 99.28%, lr scale: 0.0009765625 in 8.38 sec
Learning rate reached 1.00E-06, stopping training
Time to train the neural network: 302.99s

Simulation Based Calibration...
Time to perform SBC: 348.14s

Data saved in  /mnt/nfs/nrdata02-users-data/luciano/script/ABC-SBI/examples/Linear-Reg/new_results_500_cluster/K_2/beta_max/pickles/LinearReg_K_2_beta_max_acc_0.8_eps_2.66e+02.xz


--------------------
ITERATION (ACC = 0.8) DONE IN 666.7720437049866 SECONDS!
--------------------




--------------------
K = 2, TRUE_BETA = max, ACCEPT_RATE = 0.75
--------------------


Selection of epsilon star...
epsilon:  260.6182556152344 acceptance rate:  0.7894
epsilon:  255.80064392089844 acceptance rate:  0.7909
epsilon:  251.55169677734375 acceptance rate:  0.7883
epsilon:  247.0559844970703 acceptance rate:  0.7838
epsilon:  242.94082641601562 acceptance rate:  0.7741
epsilon:  238.98699951171875 acceptance rate:  0.778
epsilon:  235.1659393310547 acceptance rate:  0.77059996
epsilon:  231.44541931152344 acceptance rate:  0.7676
epsilon:  227.3578643798828 acceptance rate:  0.7628
epsilon:  223.5831756591797 acceptance rate:  0.7625
epsilon:  219.44482421875 acceptance rate:  0.7547
epsilon:  215.57937622070312 acceptance rate:  0.743
Time to select epsilon star: 14.64s

Simulations of the testing dataset...
Time to simulate the testing dataset: 0.76s

Simulations of the training dataset...
Time to simulate the training dataset: 1.24s

Training the neural network...
Initial accuracy: 50.12%, Initial test accuracy: 50.05%
Training for 100 epochs...
Epoch 1/100, mean train accuracy: 79.95%, mean test accuracy: 94.74%, lr scale: 1.0 in 8.03 sec
Epoch 2/100, mean train accuracy: 89.51%, mean test accuracy: 94.63%, lr scale: 1.0 in 7.93 sec
Epoch 3/100, mean train accuracy: 90.26%, mean test accuracy: 98.19%, lr scale: 0.5 in 8.11 sec
Epoch 4/100, mean train accuracy: 96.06%, mean test accuracy: 95.61%, lr scale: 0.5 in 8.55 sec
Epoch 5/100, mean train accuracy: 97.14%, mean test accuracy: 98.18%, lr scale: 0.25 in 8.21 sec
Epoch 6/100, mean train accuracy: 98.06%, mean test accuracy: 98.77%, lr scale: 0.25 in 8.23 sec
Epoch 7/100, mean train accuracy: 97.76%, mean test accuracy: 98.52%, lr scale: 0.25 in 8.32 sec
Epoch 8/100, mean train accuracy: 98.13%, mean test accuracy: 99.04%, lr scale: 0.25 in 8.28 sec
Epoch 9/100, mean train accuracy: 98.07%, mean test accuracy: 98.39%, lr scale: 0.25 in 8.36 sec
Epoch 10/100, mean train accuracy: 98.63%, mean test accuracy: 99.06%, lr scale: 0.125 in 8.31 sec
Epoch 11/100, mean train accuracy: 98.82%, mean test accuracy: 99.13%, lr scale: 0.125 in 8.30 sec
Epoch 12/100, mean train accuracy: 99.05%, mean test accuracy: 99.15%, lr scale: 0.0625 in 8.31 sec
Epoch 13/100, mean train accuracy: 99.11%, mean test accuracy: 99.25%, lr scale: 0.0625 in 8.34 sec
Epoch 14/100, mean train accuracy: 99.16%, mean test accuracy: 99.30%, lr scale: 0.03125 in 8.29 sec
Epoch 15/100, mean train accuracy: 99.23%, mean test accuracy: 99.33%, lr scale: 0.03125 in 8.32 sec
Epoch 16/100, mean train accuracy: 99.25%, mean test accuracy: 99.34%, lr scale: 0.015625 in 8.32 sec
Epoch 17/100, mean train accuracy: 99.30%, mean test accuracy: 99.36%, lr scale: 0.015625 in 8.37 sec
Epoch 18/100, mean train accuracy: 99.33%, mean test accuracy: 99.33%, lr scale: 0.015625 in 8.30 sec
Epoch 19/100, mean train accuracy: 99.31%, mean test accuracy: 99.37%, lr scale: 0.0078125 in 8.34 sec
Epoch 20/100, mean train accuracy: 99.32%, mean test accuracy: 99.40%, lr scale: 0.00390625 in 8.30 sec
Epoch 21/100, mean train accuracy: 99.35%, mean test accuracy: 99.40%, lr scale: 0.00390625 in 8.35 sec
Epoch 22/100, mean train accuracy: 99.38%, mean test accuracy: 99.41%, lr scale: 0.001953125 in 8.33 sec
Epoch 23/100, mean train accuracy: 99.35%, mean test accuracy: 99.41%, lr scale: 0.001953125 in 8.35 sec
Epoch 24/100, mean train accuracy: 99.39%, mean test accuracy: 99.41%, lr scale: 0.0009765625 in 8.48 sec
Learning rate reached 1.00E-06, stopping training
Time to train the neural network: 246.37s

Simulation Based Calibration...
Time to perform SBC: 349.06s

Data saved in  /mnt/nfs/nrdata02-users-data/luciano/script/ABC-SBI/examples/Linear-Reg/new_results_500_cluster/K_2/beta_max/pickles/LinearReg_K_2_beta_max_acc_0.75_eps_2.16e+02.xz


--------------------
ITERATION (ACC = 0.75) DONE IN 613.6956753730774 SECONDS!
--------------------




--------------------
K = 2, TRUE_BETA = max, ACCEPT_RATE = 0.7
--------------------


Selection of epsilon star...
epsilon:  211.84698486328125 acceptance rate:  0.73429996
epsilon:  208.58847045898438 acceptance rate:  0.7369
epsilon:  205.28843688964844 acceptance rate:  0.7409
epsilon:  202.35992431640625 acceptance rate:  0.7374
epsilon:  199.06468200683594 acceptance rate:  0.74219996
epsilon:  196.0311279296875 acceptance rate:  0.7317
epsilon:  192.67735290527344 acceptance rate:  0.7262
epsilon:  189.39219665527344 acceptance rate:  0.7238
epsilon:  186.43421936035156 acceptance rate:  0.71349996
epsilon:  184.0834503173828 acceptance rate:  0.7118
epsilon:  181.1429443359375 acceptance rate:  0.7015
epsilon:  178.4112548828125 acceptance rate:  0.70739996
epsilon:  175.68638610839844 acceptance rate:  0.69449997
Time to select epsilon star: 18.00s

Simulations of the testing dataset...
Time to simulate the testing dataset: 0.71s

Simulations of the training dataset...
Time to simulate the training dataset: 1.19s

Training the neural network...
Initial accuracy: 49.74%, Initial test accuracy: 49.74%
Training for 100 epochs...
Epoch 1/100, mean train accuracy: 81.11%, mean test accuracy: 92.81%, lr scale: 1.0 in 8.34 sec
Epoch 2/100, mean train accuracy: 90.88%, mean test accuracy: 88.60%, lr scale: 1.0 in 8.08 sec
Epoch 3/100, mean train accuracy: 92.98%, mean test accuracy: 92.70%, lr scale: 1.0 in 8.09 sec
Epoch 4/100, mean train accuracy: 92.00%, mean test accuracy: 96.02%, lr scale: 1.0 in 8.20 sec
Epoch 5/100, mean train accuracy: 95.34%, mean test accuracy: 63.09%, lr scale: 1.0 in 8.18 sec
Epoch 6/100, mean train accuracy: 94.09%, mean test accuracy: 97.20%, lr scale: 0.5 in 8.19 sec
Epoch 7/100, mean train accuracy: 97.32%, mean test accuracy: 94.89%, lr scale: 0.5 in 8.16 sec
Epoch 8/100, mean train accuracy: 97.59%, mean test accuracy: 97.27%, lr scale: 0.5 in 8.10 sec
Epoch 9/100, mean train accuracy: 97.26%, mean test accuracy: 97.95%, lr scale: 0.25 in 8.19 sec
Epoch 10/100, mean train accuracy: 98.42%, mean test accuracy: 98.79%, lr scale: 0.25 in 8.31 sec
Epoch 11/100, mean train accuracy: 98.46%, mean test accuracy: 97.88%, lr scale: 0.25 in 8.29 sec
Epoch 12/100, mean train accuracy: 98.41%, mean test accuracy: 98.65%, lr scale: 0.25 in 8.32 sec
Epoch 13/100, mean train accuracy: 98.93%, mean test accuracy: 99.15%, lr scale: 0.125 in 8.53 sec
Epoch 14/100, mean train accuracy: 98.96%, mean test accuracy: 99.20%, lr scale: 0.0625 in 8.35 sec
Epoch 15/100, mean train accuracy: 99.21%, mean test accuracy: 99.19%, lr scale: 0.0625 in 8.34 sec
Epoch 16/100, mean train accuracy: 99.17%, mean test accuracy: 99.31%, lr scale: 0.03125 in 8.32 sec
Epoch 17/100, mean train accuracy: 99.28%, mean test accuracy: 99.34%, lr scale: 0.03125 in 8.30 sec
Epoch 18/100, mean train accuracy: 99.27%, mean test accuracy: 99.34%, lr scale: 0.015625 in 8.29 sec
Epoch 19/100, mean train accuracy: 99.32%, mean test accuracy: 99.28%, lr scale: 0.015625 in 8.30 sec
Epoch 20/100, mean train accuracy: 99.33%, mean test accuracy: 99.28%, lr scale: 0.015625 in 8.31 sec
Epoch 21/100, mean train accuracy: 99.34%, mean test accuracy: 99.36%, lr scale: 0.0078125 in 8.30 sec
Epoch 22/100, mean train accuracy: 99.37%, mean test accuracy: 99.36%, lr scale: 0.0078125 in 8.28 sec
Epoch 23/100, mean train accuracy: 99.40%, mean test accuracy: 99.37%, lr scale: 0.00390625 in 8.29 sec
Epoch 24/100, mean train accuracy: 99.40%, mean test accuracy: 99.37%, lr scale: 0.00390625 in 8.29 sec
Epoch 25/100, mean train accuracy: 99.38%, mean test accuracy: 99.38%, lr scale: 0.00390625 in 8.25 sec
Epoch 26/100, mean train accuracy: 99.39%, mean test accuracy: 99.40%, lr scale: 0.001953125 in 8.13 sec
Epoch 27/100, mean train accuracy: 99.39%, mean test accuracy: 99.40%, lr scale: 0.0009765625 in 8.29 sec
Learning rate reached 1.00E-06, stopping training
Time to train the neural network: 274.78s

Simulation Based Calibration...
Time to perform SBC: 348.79s

Data saved in  /mnt/nfs/nrdata02-users-data/luciano/script/ABC-SBI/examples/Linear-Reg/new_results_500_cluster/K_2/beta_max/pickles/LinearReg_K_2_beta_max_acc_0.7_eps_1.76e+02.xz


--------------------
ITERATION (ACC = 0.7) DONE IN 645.0513520240784 SECONDS!
--------------------




--------------------
K = 2, TRUE_BETA = min, ACCEPT_RATE = 1.0
--------------------


Selection of epsilon star...
Distances: min =  2.0160913 max =  2393.7976 mean =  243.65277 std =  241.07372
Time to select epsilon star: 0.80s

Simulations of the testing dataset...
Time to simulate the testing dataset: 0.72s

Simulations of the training dataset...
Time to simulate the training dataset: 0.96s

Training the neural network...
Initial accuracy: 50.06%, Initial test accuracy: 50.08%
Training for 100 epochs...
Epoch 1/100, mean train accuracy: 74.90%, mean test accuracy: 82.51%, lr scale: 1.0 in 8.35 sec
Epoch 2/100, mean train accuracy: 83.68%, mean test accuracy: 74.70%, lr scale: 1.0 in 8.52 sec
Epoch 3/100, mean train accuracy: 74.72%, mean test accuracy: 84.10%, lr scale: 0.5 in 8.34 sec
Epoch 4/100, mean train accuracy: 89.26%, mean test accuracy: 94.53%, lr scale: 0.5 in 8.34 sec
Epoch 5/100, mean train accuracy: 95.21%, mean test accuracy: 76.13%, lr scale: 0.5 in 8.34 sec
Epoch 6/100, mean train accuracy: 94.32%, mean test accuracy: 96.72%, lr scale: 0.5 in 8.33 sec
Epoch 7/100, mean train accuracy: 96.74%, mean test accuracy: 97.08%, lr scale: 0.5 in 8.33 sec
Epoch 8/100, mean train accuracy: 96.78%, mean test accuracy: 97.73%, lr scale: 0.5 in 8.36 sec
Epoch 9/100, mean train accuracy: 97.47%, mean test accuracy: 98.31%, lr scale: 0.25 in 8.36 sec
Epoch 10/100, mean train accuracy: 98.02%, mean test accuracy: 98.51%, lr scale: 0.25 in 8.32 sec
Epoch 11/100, mean train accuracy: 98.31%, mean test accuracy: 95.84%, lr scale: 0.25 in 8.35 sec
Epoch 12/100, mean train accuracy: 98.08%, mean test accuracy: 98.64%, lr scale: 0.25 in 8.26 sec
Epoch 13/100, mean train accuracy: 97.66%, mean test accuracy: 97.80%, lr scale: 0.25 in 8.12 sec
Epoch 14/100, mean train accuracy: 98.45%, mean test accuracy: 98.99%, lr scale: 0.125 in 8.14 sec
Epoch 15/100, mean train accuracy: 98.52%, mean test accuracy: 98.94%, lr scale: 0.125 in 8.29 sec
Epoch 16/100, mean train accuracy: 98.92%, mean test accuracy: 98.86%, lr scale: 0.125 in 8.33 sec
Epoch 17/100, mean train accuracy: 98.84%, mean test accuracy: 98.98%, lr scale: 0.125 in 8.31 sec
Epoch 18/100, mean train accuracy: 98.92%, mean test accuracy: 99.12%, lr scale: 0.125 in 8.32 sec
Epoch 19/100, mean train accuracy: 98.72%, mean test accuracy: 99.14%, lr scale: 0.125 in 8.32 sec
Epoch 20/100, mean train accuracy: 98.94%, mean test accuracy: 99.21%, lr scale: 0.0625 in 8.30 sec
Epoch 21/100, mean train accuracy: 99.19%, mean test accuracy: 99.23%, lr scale: 0.0625 in 8.31 sec
Epoch 22/100, mean train accuracy: 99.13%, mean test accuracy: 99.29%, lr scale: 0.03125 in 8.31 sec
Epoch 23/100, mean train accuracy: 99.30%, mean test accuracy: 99.31%, lr scale: 0.03125 in 8.32 sec
Epoch 24/100, mean train accuracy: 99.31%, mean test accuracy: 99.36%, lr scale: 0.015625 in 8.32 sec
Epoch 25/100, mean train accuracy: 99.37%, mean test accuracy: 99.39%, lr scale: 0.015625 in 8.30 sec
Epoch 26/100, mean train accuracy: 99.39%, mean test accuracy: 99.38%, lr scale: 0.015625 in 8.31 sec
Epoch 27/100, mean train accuracy: 99.40%, mean test accuracy: 99.40%, lr scale: 0.0078125 in 8.49 sec
Epoch 28/100, mean train accuracy: 99.41%, mean test accuracy: 99.42%, lr scale: 0.0078125 in 8.31 sec
Epoch 29/100, mean train accuracy: 99.43%, mean test accuracy: 99.44%, lr scale: 0.0078125 in 8.31 sec
Epoch 30/100, mean train accuracy: 99.44%, mean test accuracy: 99.45%, lr scale: 0.00390625 in 8.33 sec
Epoch 31/100, mean train accuracy: 99.48%, mean test accuracy: 99.44%, lr scale: 0.00390625 in 8.32 sec
Epoch 32/100, mean train accuracy: 99.48%, mean test accuracy: 99.44%, lr scale: 0.00390625 in 8.30 sec
Epoch 33/100, mean train accuracy: 99.45%, mean test accuracy: 99.43%, lr scale: 0.00390625 in 8.30 sec
Epoch 34/100, mean train accuracy: 99.49%, mean test accuracy: 99.45%, lr scale: 0.001953125 in 8.31 sec
Epoch 35/100, mean train accuracy: 99.48%, mean test accuracy: 99.45%, lr scale: 0.0009765625 in 8.31 sec
Learning rate reached 1.00E-06, stopping training
Time to train the neural network: 308.96s

Simulation Based Calibration...
Time to perform SBC: 348.92s

Data saved in  /mnt/nfs/nrdata02-users-data/luciano/script/ABC-SBI/examples/Linear-Reg/new_results_500_cluster/K_2/beta_min/pickles/LinearReg_K_2_beta_min_acc_1.0_eps_inf.xz


--------------------
ITERATION (ACC = 1.0) DONE IN 661.8961238861084 SECONDS!
--------------------




--------------------
K = 2, TRUE_BETA = min, ACCEPT_RATE = 0.999
--------------------


Selection of epsilon star...
Distances: min =  2.0325823 max =  2172.8125 mean =  243.43654 std =  243.48894
epsilon:  1141.898681640625 acceptance rate:  0.9923
Time to select epsilon star: 1.24s

Simulations of the testing dataset...
Time to simulate the testing dataset: 0.71s

Simulations of the training dataset...
Time to simulate the training dataset: 1.24s

Training the neural network...
Initial accuracy: 50.19%, Initial test accuracy: 50.20%
Training for 100 epochs...
Epoch 1/100, mean train accuracy: 76.67%, mean test accuracy: 94.06%, lr scale: 1.0 in 8.32 sec
Epoch 2/100, mean train accuracy: 91.46%, mean test accuracy: 95.94%, lr scale: 1.0 in 8.32 sec
Epoch 3/100, mean train accuracy: 91.57%, mean test accuracy: 91.38%, lr scale: 1.0 in 8.27 sec
Epoch 4/100, mean train accuracy: 95.46%, mean test accuracy: 97.42%, lr scale: 0.5 in 8.24 sec
Epoch 5/100, mean train accuracy: 95.14%, mean test accuracy: 97.71%, lr scale: 0.5 in 8.25 sec
Epoch 6/100, mean train accuracy: 96.82%, mean test accuracy: 96.90%, lr scale: 0.5 in 8.53 sec
Epoch 7/100, mean train accuracy: 97.20%, mean test accuracy: 98.18%, lr scale: 0.25 in 8.14 sec
Epoch 8/100, mean train accuracy: 98.15%, mean test accuracy: 98.92%, lr scale: 0.25 in 8.18 sec
Epoch 9/100, mean train accuracy: 98.06%, mean test accuracy: 98.65%, lr scale: 0.25 in 8.11 sec
Epoch 10/100, mean train accuracy: 98.43%, mean test accuracy: 98.96%, lr scale: 0.125 in 8.36 sec
Epoch 11/100, mean train accuracy: 98.87%, mean test accuracy: 99.01%, lr scale: 0.125 in 8.31 sec
Epoch 12/100, mean train accuracy: 98.80%, mean test accuracy: 99.12%, lr scale: 0.125 in 8.33 sec
Epoch 13/100, mean train accuracy: 98.84%, mean test accuracy: 99.15%, lr scale: 0.125 in 8.29 sec
Epoch 14/100, mean train accuracy: 99.03%, mean test accuracy: 99.19%, lr scale: 0.0625 in 8.34 sec
Epoch 15/100, mean train accuracy: 99.17%, mean test accuracy: 99.19%, lr scale: 0.0625 in 8.31 sec
Epoch 16/100, mean train accuracy: 99.27%, mean test accuracy: 99.30%, lr scale: 0.03125 in 8.35 sec
Epoch 17/100, mean train accuracy: 99.30%, mean test accuracy: 99.30%, lr scale: 0.03125 in 8.33 sec
Epoch 18/100, mean train accuracy: 99.35%, mean test accuracy: 99.40%, lr scale: 0.015625 in 8.37 sec
Epoch 19/100, mean train accuracy: 99.39%, mean test accuracy: 99.42%, lr scale: 0.015625 in 8.33 sec
Epoch 20/100, mean train accuracy: 99.38%, mean test accuracy: 99.38%, lr scale: 0.015625 in 8.34 sec
Epoch 21/100, mean train accuracy: 99.41%, mean test accuracy: 99.42%, lr scale: 0.0078125 in 8.27 sec
Epoch 22/100, mean train accuracy: 99.42%, mean test accuracy: 99.42%, lr scale: 0.0078125 in 8.33 sec
Epoch 23/100, mean train accuracy: 99.46%, mean test accuracy: 99.45%, lr scale: 0.00390625 in 8.37 sec
Epoch 24/100, mean train accuracy: 99.46%, mean test accuracy: 99.45%, lr scale: 0.001953125 in 8.32 sec
Epoch 25/100, mean train accuracy: 99.47%, mean test accuracy: 99.46%, lr scale: 0.001953125 in 8.30 sec
Epoch 26/100, mean train accuracy: 99.47%, mean test accuracy: 99.46%, lr scale: 0.0009765625 in 8.32 sec
Learning rate reached 1.00E-06, stopping training
Time to train the neural network: 237.76s

Simulation Based Calibration...
Time to perform SBC: 350.70s

Data saved in  /mnt/nfs/nrdata02-users-data/luciano/script/ABC-SBI/examples/Linear-Reg/new_results_500_cluster/K_2/beta_min/pickles/LinearReg_K_2_beta_min_acc_0.999_eps_1.14e+03.xz


--------------------
ITERATION (ACC = 0.999) DONE IN 593.1982748508453 SECONDS!
--------------------




--------------------
K = 2, TRUE_BETA = min, ACCEPT_RATE = 0.99
--------------------


Selection of epsilon star...
epsilon:  970.1781005859375 acceptance rate:  0.98709995
Time to select epsilon star: 1.03s

Simulations of the testing dataset...
Time to simulate the testing dataset: 0.67s

Simulations of the training dataset...
Time to simulate the training dataset: 1.16s

Training the neural network...
Initial accuracy: 50.09%, Initial test accuracy: 50.02%
Training for 100 epochs...
Epoch 1/100, mean train accuracy: 74.00%, mean test accuracy: 93.01%, lr scale: 1.0 in 8.32 sec
Epoch 2/100, mean train accuracy: 90.88%, mean test accuracy: 75.86%, lr scale: 1.0 in 8.26 sec
Epoch 3/100, mean train accuracy: 89.34%, mean test accuracy: 95.21%, lr scale: 1.0 in 8.27 sec
Epoch 4/100, mean train accuracy: 83.85%, mean test accuracy: 88.81%, lr scale: 1.0 in 8.27 sec
Epoch 5/100, mean train accuracy: 87.07%, mean test accuracy: 96.15%, lr scale: 0.5 in 8.29 sec
Epoch 6/100, mean train accuracy: 96.41%, mean test accuracy: 93.39%, lr scale: 0.5 in 8.29 sec
Epoch 7/100, mean train accuracy: 96.96%, mean test accuracy: 98.29%, lr scale: 0.5 in 8.24 sec
Epoch 8/100, mean train accuracy: 97.16%, mean test accuracy: 98.06%, lr scale: 0.5 in 8.06 sec
Epoch 9/100, mean train accuracy: 96.87%, mean test accuracy: 98.10%, lr scale: 0.5 in 8.10 sec
Epoch 10/100, mean train accuracy: 97.85%, mean test accuracy: 98.47%, lr scale: 0.25 in 8.19 sec
Epoch 11/100, mean train accuracy: 98.28%, mean test accuracy: 98.66%, lr scale: 0.25 in 8.17 sec
Epoch 12/100, mean train accuracy: 98.45%, mean test accuracy: 98.74%, lr scale: 0.125 in 8.33 sec
Epoch 13/100, mean train accuracy: 98.78%, mean test accuracy: 98.92%, lr scale: 0.125 in 8.29 sec
Epoch 14/100, mean train accuracy: 98.72%, mean test accuracy: 98.87%, lr scale: 0.125 in 8.24 sec
Epoch 15/100, mean train accuracy: 99.03%, mean test accuracy: 98.89%, lr scale: 0.0625 in 8.34 sec
Epoch 16/100, mean train accuracy: 99.09%, mean test accuracy: 99.13%, lr scale: 0.0625 in 8.29 sec
Epoch 17/100, mean train accuracy: 99.05%, mean test accuracy: 99.20%, lr scale: 0.03125 in 8.35 sec
Epoch 18/100, mean train accuracy: 99.25%, mean test accuracy: 99.30%, lr scale: 0.03125 in 8.32 sec
Epoch 19/100, mean train accuracy: 99.26%, mean test accuracy: 99.28%, lr scale: 0.03125 in 8.30 sec
Epoch 20/100, mean train accuracy: 99.30%, mean test accuracy: 99.36%, lr scale: 0.015625 in 8.31 sec
Epoch 21/100, mean train accuracy: 99.34%, mean test accuracy: 99.38%, lr scale: 0.015625 in 8.33 sec
Epoch 22/100, mean train accuracy: 99.32%, mean test accuracy: 99.37%, lr scale: 0.0078125 in 8.32 sec
Epoch 23/100, mean train accuracy: 99.39%, mean test accuracy: 99.40%, lr scale: 0.0078125 in 8.49 sec
Epoch 24/100, mean train accuracy: 99.35%, mean test accuracy: 99.39%, lr scale: 0.0078125 in 8.28 sec
Epoch 25/100, mean train accuracy: 99.41%, mean test accuracy: 99.43%, lr scale: 0.00390625 in 8.34 sec
Epoch 26/100, mean train accuracy: 99.40%, mean test accuracy: 99.41%, lr scale: 0.00390625 in 8.33 sec
Epoch 27/100, mean train accuracy: 99.43%, mean test accuracy: 99.44%, lr scale: 0.001953125 in 8.30 sec
Epoch 28/100, mean train accuracy: 99.41%, mean test accuracy: 99.44%, lr scale: 0.001953125 in 8.32 sec
Epoch 29/100, mean train accuracy: 99.43%, mean test accuracy: 99.45%, lr scale: 0.001953125 in 8.32 sec
Epoch 30/100, mean train accuracy: 99.43%, mean test accuracy: 99.45%, lr scale: 0.0009765625 in 8.32 sec
Learning rate reached 1.00E-06, stopping training
Time to train the neural network: 273.31s

Simulation Based Calibration...
Time to perform SBC: 348.97s

Data saved in  /mnt/nfs/nrdata02-users-data/luciano/script/ABC-SBI/examples/Linear-Reg/new_results_500_cluster/K_2/beta_min/pickles/LinearReg_K_2_beta_min_acc_0.99_eps_9.7e+02.xz


--------------------
ITERATION (ACC = 0.99) DONE IN 626.6763579845428 SECONDS!
--------------------




--------------------
K = 2, TRUE_BETA = min, ACCEPT_RATE = 0.975
--------------------


Selection of epsilon star...
epsilon:  873.6178588867188 acceptance rate:  0.98289996
epsilon:  800.47607421875 acceptance rate:  0.9733
Time to select epsilon star: 1.98s

Simulations of the testing dataset...
Time to simulate the testing dataset: 0.67s

Simulations of the training dataset...
Time to simulate the training dataset: 1.11s

Training the neural network...
Initial accuracy: 50.00%, Initial test accuracy: 49.97%
Training for 100 epochs...
Epoch 1/100, mean train accuracy: 79.63%, mean test accuracy: 76.97%, lr scale: 1.0 in 8.33 sec
Epoch 2/100, mean train accuracy: 88.30%, mean test accuracy: 85.84%, lr scale: 1.0 in 8.26 sec
Epoch 3/100, mean train accuracy: 90.23%, mean test accuracy: 88.17%, lr scale: 1.0 in 8.26 sec
Epoch 4/100, mean train accuracy: 93.47%, mean test accuracy: 96.31%, lr scale: 1.0 in 8.27 sec
Epoch 5/100, mean train accuracy: 91.91%, mean test accuracy: 97.71%, lr scale: 0.5 in 8.26 sec
Epoch 6/100, mean train accuracy: 96.88%, mean test accuracy: 97.88%, lr scale: 0.5 in 8.10 sec
Epoch 7/100, mean train accuracy: 96.70%, mean test accuracy: 94.44%, lr scale: 0.5 in 8.15 sec
Epoch 8/100, mean train accuracy: 97.34%, mean test accuracy: 98.57%, lr scale: 0.5 in 8.36 sec
Epoch 9/100, mean train accuracy: 97.17%, mean test accuracy: 97.54%, lr scale: 0.5 in 8.16 sec
Epoch 10/100, mean train accuracy: 97.81%, mean test accuracy: 98.39%, lr scale: 0.25 in 8.35 sec
Epoch 11/100, mean train accuracy: 98.30%, mean test accuracy: 95.13%, lr scale: 0.25 in 8.36 sec
Epoch 12/100, mean train accuracy: 98.02%, mean test accuracy: 98.94%, lr scale: 0.125 in 8.37 sec
Epoch 13/100, mean train accuracy: 98.88%, mean test accuracy: 98.77%, lr scale: 0.125 in 8.33 sec
Epoch 14/100, mean train accuracy: 98.60%, mean test accuracy: 98.98%, lr scale: 0.125 in 8.33 sec
Epoch 15/100, mean train accuracy: 98.94%, mean test accuracy: 99.13%, lr scale: 0.125 in 8.31 sec
Epoch 16/100, mean train accuracy: 99.18%, mean test accuracy: 99.23%, lr scale: 0.0625 in 8.29 sec
Epoch 17/100, mean train accuracy: 99.15%, mean test accuracy: 99.29%, lr scale: 0.03125 in 8.29 sec
Epoch 18/100, mean train accuracy: 99.33%, mean test accuracy: 99.28%, lr scale: 0.03125 in 8.31 sec
Epoch 19/100, mean train accuracy: 99.33%, mean test accuracy: 99.13%, lr scale: 0.03125 in 8.30 sec
Epoch 20/100, mean train accuracy: 99.33%, mean test accuracy: 99.33%, lr scale: 0.015625 in 8.31 sec
Epoch 21/100, mean train accuracy: 99.39%, mean test accuracy: 99.40%, lr scale: 0.015625 in 8.32 sec
Epoch 22/100, mean train accuracy: 99.39%, mean test accuracy: 99.38%, lr scale: 0.015625 in 8.32 sec
Epoch 23/100, mean train accuracy: 99.37%, mean test accuracy: 99.42%, lr scale: 0.0078125 in 8.33 sec
Epoch 24/100, mean train accuracy: 99.43%, mean test accuracy: 99.43%, lr scale: 0.0078125 in 8.34 sec
Epoch 25/100, mean train accuracy: 99.41%, mean test accuracy: 99.46%, lr scale: 0.00390625 in 8.32 sec
Epoch 26/100, mean train accuracy: 99.46%, mean test accuracy: 99.45%, lr scale: 0.00390625 in 8.32 sec
Epoch 27/100, mean train accuracy: 99.46%, mean test accuracy: 99.45%, lr scale: 0.00390625 in 8.32 sec
Epoch 28/100, mean train accuracy: 99.46%, mean test accuracy: 99.46%, lr scale: 0.00390625 in 8.34 sec
Epoch 29/100, mean train accuracy: 99.47%, mean test accuracy: 99.46%, lr scale: 0.00390625 in 8.33 sec
Epoch 30/100, mean train accuracy: 99.48%, mean test accuracy: 99.46%, lr scale: 0.001953125 in 8.31 sec
Epoch 31/100, mean train accuracy: 99.47%, mean test accuracy: 99.47%, lr scale: 0.001953125 in 8.33 sec
Epoch 32/100, mean train accuracy: 99.46%, mean test accuracy: 99.47%, lr scale: 0.0009765625 in 8.33 sec
Learning rate reached 1.00E-06, stopping training
Time to train the neural network: 291.93s

Simulation Based Calibration...
Time to perform SBC: 350.03s

Data saved in  /mnt/nfs/nrdata02-users-data/luciano/script/ABC-SBI/examples/Linear-Reg/new_results_500_cluster/K_2/beta_min/pickles/LinearReg_K_2_beta_min_acc_0.975_eps_8e+02.xz


--------------------
ITERATION (ACC = 0.975) DONE IN 647.5747678279877 SECONDS!
--------------------




--------------------
K = 2, TRUE_BETA = min, ACCEPT_RATE = 0.95
--------------------


Selection of epsilon star...
epsilon:  749.96875 acceptance rate:  0.97129995
epsilon:  699.873046875 acceptance rate:  0.96239996
epsilon:  668.700927734375 acceptance rate:  0.9576
epsilon:  637.23046875 acceptance rate:  0.94979995
Time to select epsilon star: 3.83s

Simulations of the testing dataset...
Time to simulate the testing dataset: 0.71s

Simulations of the training dataset...
Time to simulate the training dataset: 1.14s

Training the neural network...
Initial accuracy: 50.70%, Initial test accuracy: 50.47%
Training for 100 epochs...
Epoch 1/100, mean train accuracy: 75.61%, mean test accuracy: 91.89%, lr scale: 1.0 in 8.39 sec
Epoch 2/100, mean train accuracy: 89.58%, mean test accuracy: 84.77%, lr scale: 1.0 in 8.29 sec
Epoch 3/100, mean train accuracy: 92.47%, mean test accuracy: 90.94%, lr scale: 1.0 in 8.26 sec
Epoch 4/100, mean train accuracy: 90.03%, mean test accuracy: 86.03%, lr scale: 1.0 in 8.27 sec
Epoch 5/100, mean train accuracy: 96.55%, mean test accuracy: 96.66%, lr scale: 0.5 in 8.27 sec
Epoch 6/100, mean train accuracy: 97.09%, mean test accuracy: 97.86%, lr scale: 0.5 in 8.26 sec
Epoch 7/100, mean train accuracy: 97.08%, mean test accuracy: 97.44%, lr scale: 0.5 in 8.28 sec
Epoch 8/100, mean train accuracy: 97.75%, mean test accuracy: 98.65%, lr scale: 0.25 in 8.27 sec
Epoch 9/100, mean train accuracy: 98.31%, mean test accuracy: 98.78%, lr scale: 0.25 in 8.28 sec
Epoch 10/100, mean train accuracy: 98.63%, mean test accuracy: 99.00%, lr scale: 0.125 in 8.13 sec
Epoch 11/100, mean train accuracy: 98.81%, mean test accuracy: 98.87%, lr scale: 0.125 in 8.11 sec
Epoch 12/100, mean train accuracy: 98.88%, mean test accuracy: 99.16%, lr scale: 0.125 in 8.16 sec
Epoch 13/100, mean train accuracy: 98.82%, mean test accuracy: 99.17%, lr scale: 0.125 in 8.15 sec
Epoch 14/100, mean train accuracy: 98.72%, mean test accuracy: 99.08%, lr scale: 0.125 in 8.12 sec
Epoch 15/100, mean train accuracy: 99.13%, mean test accuracy: 99.21%, lr scale: 0.0625 in 8.30 sec
Epoch 16/100, mean train accuracy: 99.17%, mean test accuracy: 99.25%, lr scale: 0.03125 in 8.28 sec
Epoch 17/100, mean train accuracy: 99.23%, mean test accuracy: 99.33%, lr scale: 0.03125 in 8.49 sec
Epoch 18/100, mean train accuracy: 99.32%, mean test accuracy: 99.32%, lr scale: 0.03125 in 8.31 sec
Epoch 19/100, mean train accuracy: 99.30%, mean test accuracy: 99.35%, lr scale: 0.015625 in 8.29 sec
Epoch 20/100, mean train accuracy: 99.38%, mean test accuracy: 99.31%, lr scale: 0.015625 in 8.28 sec
Epoch 21/100, mean train accuracy: 99.36%, mean test accuracy: 99.37%, lr scale: 0.0078125 in 8.27 sec
Epoch 22/100, mean train accuracy: 99.42%, mean test accuracy: 99.36%, lr scale: 0.0078125 in 8.25 sec
Epoch 23/100, mean train accuracy: 99.41%, mean test accuracy: 99.42%, lr scale: 0.0078125 in 8.26 sec
Epoch 24/100, mean train accuracy: 99.39%, mean test accuracy: 99.38%, lr scale: 0.00390625 in 8.25 sec
Epoch 25/100, mean train accuracy: 99.44%, mean test accuracy: 99.40%, lr scale: 0.00390625 in 8.27 sec
Epoch 26/100, mean train accuracy: 99.46%, mean test accuracy: 99.44%, lr scale: 0.00390625 in 8.26 sec
Epoch 27/100, mean train accuracy: 99.44%, mean test accuracy: 99.43%, lr scale: 0.001953125 in 8.27 sec
Epoch 28/100, mean train accuracy: 99.47%, mean test accuracy: 99.44%, lr scale: 0.001953125 in 8.28 sec
Epoch 29/100, mean train accuracy: 99.45%, mean test accuracy: 99.44%, lr scale: 0.001953125 in 8.27 sec
Epoch 30/100, mean train accuracy: 99.45%, mean test accuracy: 99.45%, lr scale: 0.0009765625 in 8.27 sec
Learning rate reached 1.00E-06, stopping training
Time to train the neural network: 274.26s

Simulation Based Calibration...
Time to perform SBC: 349.02s

Data saved in  /mnt/nfs/nrdata02-users-data/luciano/script/ABC-SBI/examples/Linear-Reg/new_results_500_cluster/K_2/beta_min/pickles/LinearReg_K_2_beta_min_acc_0.95_eps_6.37e+02.xz


--------------------
ITERATION (ACC = 0.95) DONE IN 630.5596232414246 SECONDS!
--------------------




--------------------
K = 2, TRUE_BETA = min, ACCEPT_RATE = 0.925
--------------------


Selection of epsilon star...
epsilon:  605.9990234375 acceptance rate:  0.94769996
epsilon:  580.5774536132812 acceptance rate:  0.935
epsilon:  554.9431762695312 acceptance rate:  0.9381
epsilon:  536.5169677734375 acceptance rate:  0.9273
epsilon:  516.1470947265625 acceptance rate:  0.92469996
Time to select epsilon star: 5.12s

Simulations of the testing dataset...
Time to simulate the testing dataset: 0.71s

Simulations of the training dataset...
Time to simulate the training dataset: 1.17s

Training the neural network...
Initial accuracy: 50.00%, Initial test accuracy: 49.97%
Training for 100 epochs...
Epoch 1/100, mean train accuracy: 73.90%, mean test accuracy: 81.78%, lr scale: 1.0 in 8.31 sec
Epoch 2/100, mean train accuracy: 91.06%, mean test accuracy: 96.68%, lr scale: 1.0 in 8.28 sec
Epoch 3/100, mean train accuracy: 91.58%, mean test accuracy: 95.88%, lr scale: 1.0 in 8.33 sec
Epoch 4/100, mean train accuracy: 90.58%, mean test accuracy: 96.79%, lr scale: 1.0 in 8.54 sec
Epoch 5/100, mean train accuracy: 94.40%, mean test accuracy: 96.17%, lr scale: 1.0 in 8.30 sec
Epoch 6/100, mean train accuracy: 93.36%, mean test accuracy: 98.41%, lr scale: 0.5 in 8.30 sec
Epoch 7/100, mean train accuracy: 97.13%, mean test accuracy: 98.12%, lr scale: 0.5 in 8.33 sec
Epoch 8/100, mean train accuracy: 97.22%, mean test accuracy: 95.32%, lr scale: 0.5 in 8.35 sec
Epoch 9/100, mean train accuracy: 97.14%, mean test accuracy: 98.47%, lr scale: 0.5 in 8.30 sec
Epoch 10/100, mean train accuracy: 98.07%, mean test accuracy: 98.53%, lr scale: 0.25 in 8.30 sec
Epoch 11/100, mean train accuracy: 98.42%, mean test accuracy: 98.41%, lr scale: 0.25 in 8.30 sec
Epoch 12/100, mean train accuracy: 97.87%, mean test accuracy: 98.09%, lr scale: 0.25 in 8.38 sec
Epoch 13/100, mean train accuracy: 98.63%, mean test accuracy: 98.76%, lr scale: 0.125 in 8.35 sec
Epoch 14/100, mean train accuracy: 98.90%, mean test accuracy: 98.37%, lr scale: 0.125 in 8.21 sec
Epoch 15/100, mean train accuracy: 99.04%, mean test accuracy: 99.22%, lr scale: 0.0625 in 8.18 sec
Epoch 16/100, mean train accuracy: 99.19%, mean test accuracy: 99.19%, lr scale: 0.0625 in 8.26 sec
Epoch 17/100, mean train accuracy: 99.15%, mean test accuracy: 99.22%, lr scale: 0.0625 in 8.24 sec
Epoch 18/100, mean train accuracy: 99.24%, mean test accuracy: 99.24%, lr scale: 0.03125 in 8.22 sec
Epoch 19/100, mean train accuracy: 99.30%, mean test accuracy: 99.28%, lr scale: 0.03125 in 8.36 sec
Epoch 20/100, mean train accuracy: 99.35%, mean test accuracy: 99.35%, lr scale: 0.015625 in 8.39 sec
Epoch 21/100, mean train accuracy: 99.37%, mean test accuracy: 99.36%, lr scale: 0.015625 in 8.38 sec
Epoch 22/100, mean train accuracy: 99.36%, mean test accuracy: 99.36%, lr scale: 0.015625 in 8.36 sec
Epoch 23/100, mean train accuracy: 99.37%, mean test accuracy: 99.36%, lr scale: 0.0078125 in 8.34 sec
Epoch 24/100, mean train accuracy: 99.43%, mean test accuracy: 99.40%, lr scale: 0.0078125 in 8.34 sec
Epoch 25/100, mean train accuracy: 99.39%, mean test accuracy: 99.36%, lr scale: 0.0078125 in 8.35 sec
Epoch 26/100, mean train accuracy: 99.44%, mean test accuracy: 99.39%, lr scale: 0.00390625 in 8.30 sec
Epoch 27/100, mean train accuracy: 99.47%, mean test accuracy: 99.40%, lr scale: 0.001953125 in 8.30 sec
Epoch 28/100, mean train accuracy: 99.44%, mean test accuracy: 99.42%, lr scale: 0.001953125 in 8.30 sec
Epoch 29/100, mean train accuracy: 99.48%, mean test accuracy: 99.41%, lr scale: 0.001953125 in 8.28 sec
Epoch 30/100, mean train accuracy: 99.45%, mean test accuracy: 99.41%, lr scale: 0.0009765625 in 8.29 sec
Learning rate reached 1.00E-06, stopping training
Time to train the neural network: 280.12s

Simulation Based Calibration...
Time to perform SBC: 350.66s

Data saved in  /mnt/nfs/nrdata02-users-data/luciano/script/ABC-SBI/examples/Linear-Reg/new_results_500_cluster/K_2/beta_min/pickles/LinearReg_K_2_beta_min_acc_0.925_eps_5.16e+02.xz


--------------------
ITERATION (ACC = 0.925) DONE IN 639.308976650238 SECONDS!
--------------------




--------------------
K = 2, TRUE_BETA = min, ACCEPT_RATE = 0.9
--------------------


Selection of epsilon star...
epsilon:  501.0809631347656 acceptance rate:  0.9105
epsilon:  484.554931640625 acceptance rate:  0.9087
epsilon:  469.3935852050781 acceptance rate:  0.9052
epsilon:  455.943359375 acceptance rate:  0.905
epsilon:  444.07415771484375 acceptance rate:  0.8991
Time to select epsilon star: 5.03s

Simulations of the testing dataset...
Time to simulate the testing dataset: 0.71s

Simulations of the training dataset...
Time to simulate the training dataset: 1.20s

Training the neural network...
Initial accuracy: 49.39%, Initial test accuracy: 49.40%
Training for 100 epochs...
Epoch 1/100, mean train accuracy: 79.59%, mean test accuracy: 95.15%, lr scale: 1.0 in 8.24 sec
Epoch 2/100, mean train accuracy: 85.04%, mean test accuracy: 77.69%, lr scale: 1.0 in 8.26 sec
Epoch 3/100, mean train accuracy: 91.88%, mean test accuracy: 94.84%, lr scale: 0.5 in 8.32 sec
Epoch 4/100, mean train accuracy: 96.05%, mean test accuracy: 93.84%, lr scale: 0.5 in 8.28 sec
Epoch 5/100, mean train accuracy: 96.13%, mean test accuracy: 98.18%, lr scale: 0.5 in 8.28 sec
Epoch 6/100, mean train accuracy: 95.24%, mean test accuracy: 96.59%, lr scale: 0.5 in 8.28 sec
Epoch 7/100, mean train accuracy: 96.36%, mean test accuracy: 78.77%, lr scale: 0.5 in 8.33 sec
Epoch 8/100, mean train accuracy: 96.07%, mean test accuracy: 95.01%, lr scale: 0.5 in 8.26 sec
Epoch 9/100, mean train accuracy: 96.68%, mean test accuracy: 97.81%, lr scale: 0.25 in 8.28 sec
Epoch 10/100, mean train accuracy: 97.96%, mean test accuracy: 95.85%, lr scale: 0.25 in 8.29 sec
Epoch 11/100, mean train accuracy: 97.93%, mean test accuracy: 98.16%, lr scale: 0.25 in 8.33 sec
Epoch 12/100, mean train accuracy: 98.12%, mean test accuracy: 98.61%, lr scale: 0.25 in 8.28 sec
Epoch 13/100, mean train accuracy: 98.42%, mean test accuracy: 98.91%, lr scale: 0.125 in 8.32 sec
Epoch 14/100, mean train accuracy: 98.79%, mean test accuracy: 99.14%, lr scale: 0.125 in 8.28 sec
Epoch 15/100, mean train accuracy: 98.70%, mean test accuracy: 98.94%, lr scale: 0.125 in 8.60 sec
Epoch 16/100, mean train accuracy: 98.94%, mean test accuracy: 99.16%, lr scale: 0.125 in 8.33 sec
Epoch 17/100, mean train accuracy: 98.94%, mean test accuracy: 99.23%, lr scale: 0.0625 in 8.34 sec
Epoch 18/100, mean train accuracy: 99.19%, mean test accuracy: 99.18%, lr scale: 0.0625 in 8.34 sec
Epoch 19/100, mean train accuracy: 99.17%, mean test accuracy: 99.25%, lr scale: 0.03125 in 8.38 sec
Epoch 20/100, mean train accuracy: 99.26%, mean test accuracy: 99.32%, lr scale: 0.03125 in 8.35 sec
Epoch 21/100, mean train accuracy: 99.26%, mean test accuracy: 99.29%, lr scale: 0.03125 in 8.09 sec
Epoch 22/100, mean train accuracy: 99.32%, mean test accuracy: 99.33%, lr scale: 0.015625 in 8.21 sec
Epoch 23/100, mean train accuracy: 99.34%, mean test accuracy: 99.32%, lr scale: 0.015625 in 8.23 sec
Epoch 24/100, mean train accuracy: 99.35%, mean test accuracy: 99.35%, lr scale: 0.015625 in 8.22 sec
Epoch 25/100, mean train accuracy: 99.38%, mean test accuracy: 99.41%, lr scale: 0.0078125 in 8.32 sec
Epoch 26/100, mean train accuracy: 99.38%, mean test accuracy: 99.39%, lr scale: 0.0078125 in 8.34 sec
Epoch 27/100, mean train accuracy: 99.40%, mean test accuracy: 99.41%, lr scale: 0.0078125 in 8.30 sec
Epoch 28/100, mean train accuracy: 99.40%, mean test accuracy: 99.41%, lr scale: 0.00390625 in 8.37 sec
Epoch 29/100, mean train accuracy: 99.43%, mean test accuracy: 99.43%, lr scale: 0.00390625 in 8.32 sec
Epoch 30/100, mean train accuracy: 99.43%, mean test accuracy: 99.42%, lr scale: 0.001953125 in 8.32 sec
Epoch 31/100, mean train accuracy: 99.44%, mean test accuracy: 99.42%, lr scale: 0.001953125 in 8.31 sec
Epoch 32/100, mean train accuracy: 99.42%, mean test accuracy: 99.39%, lr scale: 0.001953125 in 8.36 sec
Epoch 33/100, mean train accuracy: 99.43%, mean test accuracy: 99.43%, lr scale: 0.0009765625 in 8.34 sec
Learning rate reached 1.00E-06, stopping training
Time to train the neural network: 306.75s

Simulation Based Calibration...
Time to perform SBC: 350.71s

Data saved in  /mnt/nfs/nrdata02-users-data/luciano/script/ABC-SBI/examples/Linear-Reg/new_results_500_cluster/K_2/beta_min/pickles/LinearReg_K_2_beta_min_acc_0.9_eps_4.44e+02.xz


--------------------
ITERATION (ACC = 0.9) DONE IN 666.0101535320282 SECONDS!
--------------------




--------------------
K = 2, TRUE_BETA = min, ACCEPT_RATE = 0.85
--------------------


Selection of epsilon star...
epsilon:  430.16064453125 acceptance rate:  0.8925
epsilon:  419.906982421875 acceptance rate:  0.88809997
epsilon:  407.4766845703125 acceptance rate:  0.8785
epsilon:  395.8565368652344 acceptance rate:  0.87869996
epsilon:  386.29022216796875 acceptance rate:  0.8728
epsilon:  376.85528564453125 acceptance rate:  0.8662
epsilon:  368.6936950683594 acceptance rate:  0.85069996
epsilon:  359.8357238769531 acceptance rate:  0.8556
epsilon:  352.28729248046875 acceptance rate:  0.8486
Time to select epsilon star: 9.73s

Simulations of the testing dataset...
Time to simulate the testing dataset: 0.70s

Simulations of the training dataset...
Time to simulate the training dataset: 1.17s

Training the neural network...
Initial accuracy: 50.22%, Initial test accuracy: 50.24%
Training for 100 epochs...
Epoch 1/100, mean train accuracy: 79.19%, mean test accuracy: 92.06%, lr scale: 1.0 in 8.35 sec
Epoch 2/100, mean train accuracy: 88.88%, mean test accuracy: 76.47%, lr scale: 1.0 in 8.29 sec
Epoch 3/100, mean train accuracy: 91.71%, mean test accuracy: 89.79%, lr scale: 1.0 in 8.26 sec
Epoch 4/100, mean train accuracy: 90.24%, mean test accuracy: 95.71%, lr scale: 1.0 in 8.25 sec
Epoch 5/100, mean train accuracy: 92.73%, mean test accuracy: 97.18%, lr scale: 1.0 in 8.26 sec
Epoch 6/100, mean train accuracy: 93.65%, mean test accuracy: 83.75%, lr scale: 1.0 in 8.25 sec
Epoch 7/100, mean train accuracy: 95.08%, mean test accuracy: 98.15%, lr scale: 0.5 in 8.27 sec
Epoch 8/100, mean train accuracy: 97.34%, mean test accuracy: 98.21%, lr scale: 0.5 in 8.26 sec
Epoch 9/100, mean train accuracy: 97.41%, mean test accuracy: 97.19%, lr scale: 0.25 in 8.26 sec
Epoch 10/100, mean train accuracy: 98.38%, mean test accuracy: 98.67%, lr scale: 0.25 in 8.26 sec
Epoch 11/100, mean train accuracy: 98.34%, mean test accuracy: 98.80%, lr scale: 0.25 in 8.27 sec
Epoch 12/100, mean train accuracy: 98.79%, mean test accuracy: 98.94%, lr scale: 0.125 in 8.28 sec
Epoch 13/100, mean train accuracy: 98.91%, mean test accuracy: 99.08%, lr scale: 0.0625 in 8.29 sec
Epoch 14/100, mean train accuracy: 99.12%, mean test accuracy: 99.19%, lr scale: 0.0625 in 8.08 sec
Epoch 15/100, mean train accuracy: 99.09%, mean test accuracy: 99.17%, lr scale: 0.0625 in 8.14 sec
Epoch 16/100, mean train accuracy: 99.19%, mean test accuracy: 99.21%, lr scale: 0.03125 in 8.17 sec
Epoch 17/100, mean train accuracy: 99.24%, mean test accuracy: 99.24%, lr scale: 0.03125 in 8.14 sec
Epoch 18/100, mean train accuracy: 99.25%, mean test accuracy: 99.32%, lr scale: 0.015625 in 8.09 sec
Epoch 19/100, mean train accuracy: 99.34%, mean test accuracy: 99.30%, lr scale: 0.015625 in 8.15 sec
Epoch 20/100, mean train accuracy: 99.34%, mean test accuracy: 99.37%, lr scale: 0.0078125 in 8.28 sec
Epoch 21/100, mean train accuracy: 99.37%, mean test accuracy: 99.36%, lr scale: 0.0078125 in 8.14 sec
Epoch 22/100, mean train accuracy: 99.38%, mean test accuracy: 99.36%, lr scale: 0.0078125 in 8.28 sec
Epoch 23/100, mean train accuracy: 99.38%, mean test accuracy: 99.37%, lr scale: 0.0078125 in 8.34 sec
Epoch 24/100, mean train accuracy: 99.38%, mean test accuracy: 99.40%, lr scale: 0.00390625 in 8.51 sec
Epoch 25/100, mean train accuracy: 99.39%, mean test accuracy: 99.42%, lr scale: 0.00390625 in 8.28 sec
Epoch 26/100, mean train accuracy: 99.41%, mean test accuracy: 99.41%, lr scale: 0.001953125 in 8.30 sec
Epoch 27/100, mean train accuracy: 99.40%, mean test accuracy: 99.41%, lr scale: 0.001953125 in 8.32 sec
Epoch 28/100, mean train accuracy: 99.42%, mean test accuracy: 99.40%, lr scale: 0.0009765625 in 8.30 sec
Learning rate reached 1.00E-06, stopping training
Time to train the neural network: 266.49s

Simulation Based Calibration...
Time to perform SBC: 348.93s

Data saved in  /mnt/nfs/nrdata02-users-data/luciano/script/ABC-SBI/examples/Linear-Reg/new_results_500_cluster/K_2/beta_min/pickles/LinearReg_K_2_beta_min_acc_0.85_eps_3.52e+02.xz


--------------------
ITERATION (ACC = 0.85) DONE IN 628.5155482292175 SECONDS!
--------------------




--------------------
K = 2, TRUE_BETA = min, ACCEPT_RATE = 0.8
--------------------


Selection of epsilon star...
epsilon:  345.1875915527344 acceptance rate:  0.8427
epsilon:  337.7953186035156 acceptance rate:  0.8443
epsilon:  330.78509521484375 acceptance rate:  0.829
epsilon:  323.7734680175781 acceptance rate:  0.8267
epsilon:  316.8136901855469 acceptance rate:  0.8276
epsilon:  310.65570068359375 acceptance rate:  0.82189995
epsilon:  303.8312072753906 acceptance rate:  0.8186
epsilon:  297.67572021484375 acceptance rate:  0.79969996
Time to select epsilon star: 8.73s

Simulations of the testing dataset...
Time to simulate the testing dataset: 0.69s

Simulations of the training dataset...
Time to simulate the training dataset: 1.25s

Training the neural network...
Initial accuracy: 49.70%, Initial test accuracy: 49.69%
Training for 100 epochs...
Epoch 1/100, mean train accuracy: 79.13%, mean test accuracy: 95.67%, lr scale: 1.0 in 8.34 sec
Epoch 2/100, mean train accuracy: 69.48%, mean test accuracy: 80.80%, lr scale: 1.0 in 8.30 sec
Epoch 3/100, mean train accuracy: 91.04%, mean test accuracy: 75.00%, lr scale: 0.5 in 8.26 sec
Epoch 4/100, mean train accuracy: 95.37%, mean test accuracy: 97.29%, lr scale: 0.5 in 8.24 sec
Epoch 5/100, mean train accuracy: 96.37%, mean test accuracy: 97.16%, lr scale: 0.5 in 8.25 sec
Epoch 6/100, mean train accuracy: 96.11%, mean test accuracy: 96.13%, lr scale: 0.5 in 8.29 sec
Epoch 7/100, mean train accuracy: 96.96%, mean test accuracy: 98.31%, lr scale: 0.25 in 8.26 sec
Epoch 8/100, mean train accuracy: 97.93%, mean test accuracy: 98.52%, lr scale: 0.25 in 8.29 sec
Epoch 9/100, mean train accuracy: 96.90%, mean test accuracy: 98.33%, lr scale: 0.25 in 8.30 sec
Epoch 10/100, mean train accuracy: 98.15%, mean test accuracy: 98.65%, lr scale: 0.25 in 8.32 sec
Epoch 11/100, mean train accuracy: 98.20%, mean test accuracy: 99.02%, lr scale: 0.125 in 8.31 sec
Epoch 12/100, mean train accuracy: 98.59%, mean test accuracy: 98.85%, lr scale: 0.125 in 8.58 sec
Epoch 13/100, mean train accuracy: 98.82%, mean test accuracy: 99.06%, lr scale: 0.0625 in 8.34 sec
Epoch 14/100, mean train accuracy: 98.99%, mean test accuracy: 99.07%, lr scale: 0.0625 in 8.33 sec
Epoch 15/100, mean train accuracy: 99.02%, mean test accuracy: 99.11%, lr scale: 0.03125 in 8.32 sec
Epoch 16/100, mean train accuracy: 99.17%, mean test accuracy: 99.22%, lr scale: 0.03125 in 8.12 sec
Epoch 17/100, mean train accuracy: 99.15%, mean test accuracy: 99.23%, lr scale: 0.03125 in 8.14 sec
Epoch 18/100, mean train accuracy: 99.16%, mean test accuracy: 99.29%, lr scale: 0.015625 in 8.15 sec
Epoch 19/100, mean train accuracy: 99.25%, mean test accuracy: 99.25%, lr scale: 0.015625 in 8.19 sec
Epoch 20/100, mean train accuracy: 99.25%, mean test accuracy: 99.31%, lr scale: 0.0078125 in 8.20 sec
Epoch 21/100, mean train accuracy: 99.31%, mean test accuracy: 99.33%, lr scale: 0.0078125 in 8.05 sec
Epoch 22/100, mean train accuracy: 99.32%, mean test accuracy: 99.34%, lr scale: 0.0078125 in 8.29 sec
Epoch 23/100, mean train accuracy: 99.31%, mean test accuracy: 99.34%, lr scale: 0.00390625 in 8.31 sec
Epoch 24/100, mean train accuracy: 99.32%, mean test accuracy: 99.34%, lr scale: 0.001953125 in 8.30 sec
Epoch 25/100, mean train accuracy: 99.33%, mean test accuracy: 99.36%, lr scale: 0.001953125 in 8.32 sec
Epoch 26/100, mean train accuracy: 99.37%, mean test accuracy: 99.38%, lr scale: 0.001953125 in 8.33 sec
Epoch 27/100, mean train accuracy: 99.36%, mean test accuracy: 99.37%, lr scale: 0.0009765625 in 8.31 sec
Learning rate reached 1.00E-06, stopping training
Time to train the neural network: 263.49s

Simulation Based Calibration...
Time to perform SBC: 349.92s

Data saved in  /mnt/nfs/nrdata02-users-data/luciano/script/ABC-SBI/examples/Linear-Reg/new_results_500_cluster/K_2/beta_min/pickles/LinearReg_K_2_beta_min_acc_0.8_eps_2.98e+02.xz


--------------------
ITERATION (ACC = 0.8) DONE IN 625.6215615272522 SECONDS!
--------------------




--------------------
K = 2, TRUE_BETA = min, ACCEPT_RATE = 0.75
--------------------


Selection of epsilon star...
epsilon:  292.5849914550781 acceptance rate:  0.8156
epsilon:  286.9181213378906 acceptance rate:  0.80469996
epsilon:  281.87896728515625 acceptance rate:  0.79819995
epsilon:  275.0263671875 acceptance rate:  0.7941
epsilon:  270.03466796875 acceptance rate:  0.7912
epsilon:  264.7492370605469 acceptance rate:  0.7804
epsilon:  260.55816650390625 acceptance rate:  0.7866
epsilon:  256.3229675292969 acceptance rate:  0.7794
epsilon:  251.69195556640625 acceptance rate:  0.7741
epsilon:  246.66714477539062 acceptance rate:  0.7676
epsilon:  242.0441436767578 acceptance rate:  0.75839996
epsilon:  238.24673461914062 acceptance rate:  0.7558
epsilon:  234.2290802001953 acceptance rate:  0.7518
epsilon:  230.29527282714844 acceptance rate:  0.75339997
epsilon:  226.24449157714844 acceptance rate:  0.7418
Time to select epsilon star: 18.35s

Simulations of the testing dataset...
Time to simulate the testing dataset: 0.71s

Simulations of the training dataset...
Time to simulate the training dataset: 1.30s

Training the neural network...
Initial accuracy: 48.50%, Initial test accuracy: 48.62%
Training for 100 epochs...
Epoch 1/100, mean train accuracy: 79.47%, mean test accuracy: 93.31%, lr scale: 1.0 in 8.37 sec
Epoch 2/100, mean train accuracy: 89.06%, mean test accuracy: 77.34%, lr scale: 1.0 in 8.31 sec
Epoch 3/100, mean train accuracy: 89.48%, mean test accuracy: 87.39%, lr scale: 1.0 in 8.54 sec
Epoch 4/100, mean train accuracy: 89.76%, mean test accuracy: 91.01%, lr scale: 1.0 in 8.33 sec
Epoch 5/100, mean train accuracy: 92.53%, mean test accuracy: 97.79%, lr scale: 1.0 in 8.37 sec
Epoch 6/100, mean train accuracy: 93.69%, mean test accuracy: 97.97%, lr scale: 0.5 in 8.31 sec
Epoch 7/100, mean train accuracy: 96.05%, mean test accuracy: 97.07%, lr scale: 0.5 in 8.31 sec
Epoch 8/100, mean train accuracy: 97.20%, mean test accuracy: 98.12%, lr scale: 0.5 in 8.31 sec
Epoch 9/100, mean train accuracy: 97.36%, mean test accuracy: 98.28%, lr scale: 0.5 in 8.33 sec
Epoch 10/100, mean train accuracy: 97.95%, mean test accuracy: 98.48%, lr scale: 0.25 in 8.34 sec
Epoch 11/100, mean train accuracy: 98.23%, mean test accuracy: 98.79%, lr scale: 0.25 in 8.24 sec
Epoch 12/100, mean train accuracy: 98.33%, mean test accuracy: 98.75%, lr scale: 0.25 in 8.09 sec
Epoch 13/100, mean train accuracy: 98.35%, mean test accuracy: 98.92%, lr scale: 0.25 in 8.22 sec
Epoch 14/100, mean train accuracy: 98.89%, mean test accuracy: 99.02%, lr scale: 0.125 in 8.23 sec
Epoch 15/100, mean train accuracy: 98.81%, mean test accuracy: 99.04%, lr scale: 0.125 in 8.21 sec
Epoch 16/100, mean train accuracy: 99.05%, mean test accuracy: 99.03%, lr scale: 0.0625 in 8.21 sec
Epoch 17/100, mean train accuracy: 99.18%, mean test accuracy: 99.20%, lr scale: 0.0625 in 8.17 sec
Epoch 18/100, mean train accuracy: 99.20%, mean test accuracy: 98.89%, lr scale: 0.03125 in 8.36 sec
Epoch 19/100, mean train accuracy: 99.29%, mean test accuracy: 99.23%, lr scale: 0.03125 in 8.35 sec
Epoch 20/100, mean train accuracy: 99.29%, mean test accuracy: 99.32%, lr scale: 0.03125 in 8.36 sec
Epoch 21/100, mean train accuracy: 99.30%, mean test accuracy: 99.33%, lr scale: 0.015625 in 8.35 sec
Epoch 22/100, mean train accuracy: 99.35%, mean test accuracy: 99.36%, lr scale: 0.015625 in 8.36 sec
Epoch 23/100, mean train accuracy: 99.36%, mean test accuracy: 99.37%, lr scale: 0.0078125 in 8.35 sec
Epoch 24/100, mean train accuracy: 99.40%, mean test accuracy: 99.36%, lr scale: 0.0078125 in 8.35 sec
Epoch 25/100, mean train accuracy: 99.37%, mean test accuracy: 99.39%, lr scale: 0.00390625 in 8.36 sec
Epoch 26/100, mean train accuracy: 99.41%, mean test accuracy: 99.39%, lr scale: 0.00390625 in 8.33 sec
Epoch 27/100, mean train accuracy: 99.41%, mean test accuracy: 99.40%, lr scale: 0.001953125 in 8.52 sec
Epoch 28/100, mean train accuracy: 99.43%, mean test accuracy: 99.40%, lr scale: 0.001953125 in 8.33 sec
Epoch 29/100, mean train accuracy: 99.42%, mean test accuracy: 99.39%, lr scale: 0.0009765625 in 8.31 sec
Learning rate reached 1.00E-06, stopping training
Time to train the neural network: 295.47s

Simulation Based Calibration...
Time to perform SBC: 349.03s

Data saved in  /mnt/nfs/nrdata02-users-data/luciano/script/ABC-SBI/examples/Linear-Reg/new_results_500_cluster/K_2/beta_min/pickles/LinearReg_K_2_beta_min_acc_0.75_eps_2.26e+02.xz


--------------------
ITERATION (ACC = 0.75) DONE IN 666.453428030014 SECONDS!
--------------------




--------------------
K = 2, TRUE_BETA = min, ACCEPT_RATE = 0.7
--------------------


Selection of epsilon star...
epsilon:  222.5360107421875 acceptance rate:  0.7425
epsilon:  219.2657470703125 acceptance rate:  0.7478
epsilon:  214.9506378173828 acceptance rate:  0.7398
epsilon:  211.94972229003906 acceptance rate:  0.73219997
epsilon:  209.1516571044922 acceptance rate:  0.7204
epsilon:  205.9370880126953 acceptance rate:  0.7276
epsilon:  202.77125549316406 acceptance rate:  0.71
epsilon:  199.0491180419922 acceptance rate:  0.7134
epsilon:  196.3455810546875 acceptance rate:  0.7155
epsilon:  193.24386596679688 acceptance rate:  0.7079
epsilon:  190.24838256835938 acceptance rate:  0.708
epsilon:  187.5807342529297 acceptance rate:  0.6961
Time to select epsilon star: 15.76s

Simulations of the testing dataset...
Time to simulate the testing dataset: 0.70s

Simulations of the training dataset...
Time to simulate the training dataset: 1.24s

Training the neural network...
Initial accuracy: 49.20%, Initial test accuracy: 49.43%
Training for 100 epochs...
Epoch 1/100, mean train accuracy: 78.35%, mean test accuracy: 85.93%, lr scale: 1.0 in 8.39 sec
Epoch 2/100, mean train accuracy: 89.92%, mean test accuracy: 91.88%, lr scale: 1.0 in 8.34 sec
Epoch 3/100, mean train accuracy: 67.62%, mean test accuracy: 81.29%, lr scale: 0.5 in 8.38 sec
Epoch 4/100, mean train accuracy: 88.72%, mean test accuracy: 91.97%, lr scale: 0.5 in 8.33 sec
Epoch 5/100, mean train accuracy: 94.44%, mean test accuracy: 97.21%, lr scale: 0.5 in 8.36 sec
Epoch 6/100, mean train accuracy: 95.48%, mean test accuracy: 97.68%, lr scale: 0.5 in 8.34 sec
Epoch 7/100, mean train accuracy: 96.46%, mean test accuracy: 92.61%, lr scale: 0.5 in 8.39 sec
Epoch 8/100, mean train accuracy: 94.81%, mean test accuracy: 97.22%, lr scale: 0.5 in 8.34 sec
Epoch 9/100, mean train accuracy: 96.48%, mean test accuracy: 98.24%, lr scale: 0.25 in 8.33 sec
Epoch 10/100, mean train accuracy: 97.53%, mean test accuracy: 98.42%, lr scale: 0.25 in 8.34 sec
Epoch 11/100, mean train accuracy: 98.29%, mean test accuracy: 98.56%, lr scale: 0.125 in 8.32 sec
Epoch 12/100, mean train accuracy: 98.54%, mean test accuracy: 98.74%, lr scale: 0.125 in 8.30 sec
Epoch 13/100, mean train accuracy: 98.53%, mean test accuracy: 97.70%, lr scale: 0.125 in 8.56 sec
Epoch 14/100, mean train accuracy: 98.51%, mean test accuracy: 98.52%, lr scale: 0.125 in 8.32 sec
Epoch 15/100, mean train accuracy: 98.65%, mean test accuracy: 98.63%, lr scale: 0.125 in 8.12 sec
Epoch 16/100, mean train accuracy: 98.78%, mean test accuracy: 99.01%, lr scale: 0.0625 in 8.19 sec
Epoch 17/100, mean train accuracy: 98.94%, mean test accuracy: 98.95%, lr scale: 0.0625 in 8.21 sec
Epoch 18/100, mean train accuracy: 98.94%, mean test accuracy: 98.70%, lr scale: 0.0625 in 8.23 sec
Epoch 19/100, mean train accuracy: 98.94%, mean test accuracy: 99.04%, lr scale: 0.0625 in 8.19 sec
Epoch 20/100, mean train accuracy: 99.12%, mean test accuracy: 99.18%, lr scale: 0.03125 in 8.25 sec
Epoch 21/100, mean train accuracy: 99.18%, mean test accuracy: 99.14%, lr scale: 0.03125 in 8.25 sec
Epoch 22/100, mean train accuracy: 99.22%, mean test accuracy: 99.17%, lr scale: 0.03125 in 8.36 sec
Epoch 23/100, mean train accuracy: 99.16%, mean test accuracy: 99.21%, lr scale: 0.015625 in 8.34 sec
Epoch 24/100, mean train accuracy: 99.26%, mean test accuracy: 98.65%, lr scale: 0.015625 in 8.37 sec
Epoch 25/100, mean train accuracy: 99.26%, mean test accuracy: 99.21%, lr scale: 0.015625 in 8.34 sec
Epoch 26/100, mean train accuracy: 99.26%, mean test accuracy: 99.26%, lr scale: 0.015625 in 8.36 sec
Epoch 27/100, mean train accuracy: 99.24%, mean test accuracy: 99.26%, lr scale: 0.015625 in 8.34 sec
Epoch 28/100, mean train accuracy: 99.30%, mean test accuracy: 99.28%, lr scale: 0.0078125 in 8.38 sec
Epoch 29/100, mean train accuracy: 99.33%, mean test accuracy: 99.30%, lr scale: 0.00390625 in 8.31 sec
Epoch 30/100, mean train accuracy: 99.36%, mean test accuracy: 99.31%, lr scale: 0.00390625 in 8.31 sec
Epoch 31/100, mean train accuracy: 99.36%, mean test accuracy: 99.31%, lr scale: 0.001953125 in 8.30 sec
Epoch 32/100, mean train accuracy: 99.34%, mean test accuracy: 99.31%, lr scale: 0.001953125 in 8.30 sec
Epoch 33/100, mean train accuracy: 99.38%, mean test accuracy: 99.31%, lr scale: 0.0009765625 in 8.29 sec
Learning rate reached 1.00E-06, stopping training
Time to train the neural network: 325.41s

Simulation Based Calibration...
Time to perform SBC: 351.51s

Data saved in  /mnt/nfs/nrdata02-users-data/luciano/script/ABC-SBI/examples/Linear-Reg/new_results_500_cluster/K_2/beta_min/pickles/LinearReg_K_2_beta_min_acc_0.7_eps_1.88e+02.xz


--------------------
ITERATION (ACC = 0.7) DONE IN 696.226539850235 SECONDS!
--------------------


