Host clust12
Old path: /mnt/nfs/nrdata02-users-data/luciano/script
New path: /mnt/nfs/nrdata02-users-data/luciano/script/ABC-SBI
N_VARS [2]


--------------------
K = 2, TRUE_BETA = max, ACCEPT_RATE = 1.0
--------------------


Selection of epsilon star...
Distances: min =  1.9113226 max =  2001.7218 mean =  245.4291 std =  242.25162
Time to select epsilon star: 0.93s

Simulations of the testing dataset...
Time to simulate the testing dataset: 0.95s

Simulations of the training dataset...
Time to simulate the training dataset: 1.12s

Training the neural network...
Initial accuracy: 49.56%, Initial test accuracy: 49.57%
Training for 100 epochs...
Epoch 1/100, mean train accuracy: 77.88%, mean test accuracy: 82.89%, lr scale: 1.0 in 7.94 sec
Epoch 2/100, mean train accuracy: 88.97%, mean test accuracy: 91.33%, lr scale: 1.0 in 8.20 sec
Epoch 3/100, mean train accuracy: 88.43%, mean test accuracy: 82.77%, lr scale: 1.0 in 8.15 sec
Epoch 4/100, mean train accuracy: 92.47%, mean test accuracy: 92.16%, lr scale: 0.5 in 8.28 sec
Epoch 5/100, mean train accuracy: 96.63%, mean test accuracy: 96.48%, lr scale: 0.5 in 8.38 sec
Epoch 6/100, mean train accuracy: 96.33%, mean test accuracy: 98.06%, lr scale: 0.25 in 8.36 sec
Epoch 7/100, mean train accuracy: 98.19%, mean test accuracy: 98.58%, lr scale: 0.25 in 8.39 sec
Epoch 8/100, mean train accuracy: 98.30%, mean test accuracy: 98.97%, lr scale: 0.125 in 8.37 sec
Epoch 9/100, mean train accuracy: 98.78%, mean test accuracy: 98.95%, lr scale: 0.125 in 8.36 sec
Epoch 10/100, mean train accuracy: 98.75%, mean test accuracy: 95.77%, lr scale: 0.125 in 8.50 sec
Epoch 11/100, mean train accuracy: 98.93%, mean test accuracy: 99.15%, lr scale: 0.0625 in 8.36 sec
Epoch 12/100, mean train accuracy: 99.01%, mean test accuracy: 99.07%, lr scale: 0.0625 in 8.36 sec
Epoch 13/100, mean train accuracy: 99.14%, mean test accuracy: 98.91%, lr scale: 0.0625 in 8.35 sec
Epoch 14/100, mean train accuracy: 99.19%, mean test accuracy: 99.29%, lr scale: 0.03125 in 8.34 sec
Epoch 15/100, mean train accuracy: 99.27%, mean test accuracy: 99.27%, lr scale: 0.03125 in 8.34 sec
Epoch 16/100, mean train accuracy: 99.30%, mean test accuracy: 99.28%, lr scale: 0.03125 in 8.34 sec
Epoch 17/100, mean train accuracy: 99.28%, mean test accuracy: 99.00%, lr scale: 0.015625 in 8.38 sec
Epoch 18/100, mean train accuracy: 99.37%, mean test accuracy: 99.35%, lr scale: 0.015625 in 8.30 sec
Epoch 19/100, mean train accuracy: 99.37%, mean test accuracy: 99.35%, lr scale: 0.0078125 in 8.35 sec
Epoch 20/100, mean train accuracy: 99.40%, mean test accuracy: 99.39%, lr scale: 0.0078125 in 8.37 sec
Epoch 21/100, mean train accuracy: 99.40%, mean test accuracy: 99.39%, lr scale: 0.0078125 in 8.30 sec
Epoch 22/100, mean train accuracy: 99.44%, mean test accuracy: 99.36%, lr scale: 0.0078125 in 8.34 sec
Epoch 23/100, mean train accuracy: 99.43%, mean test accuracy: 99.40%, lr scale: 0.00390625 in 8.37 sec
Epoch 24/100, mean train accuracy: 99.45%, mean test accuracy: 99.37%, lr scale: 0.00390625 in 8.36 sec
Epoch 25/100, mean train accuracy: 99.45%, mean test accuracy: 99.41%, lr scale: 0.00390625 in 8.37 sec
Epoch 26/100, mean train accuracy: 99.46%, mean test accuracy: 99.42%, lr scale: 0.00390625 in 8.51 sec
Epoch 27/100, mean train accuracy: 99.44%, mean test accuracy: 99.42%, lr scale: 0.001953125 in 8.36 sec
Epoch 28/100, mean train accuracy: 99.47%, mean test accuracy: 99.40%, lr scale: 0.001953125 in 8.32 sec
Epoch 29/100, mean train accuracy: 99.47%, mean test accuracy: 99.42%, lr scale: 0.0009765625 in 8.32 sec
Learning rate reached 1.00E-06, stopping training
Time to train the neural network: 261.81s

Simulation Based Calibration...
Time to perform SBC: 353.61s

Data saved in  /mnt/nfs/nrdata02-users-data/luciano/script/ABC-SBI/examples/Linear-Reg/old_results_500_cluster/K_2/beta_max/pickles/LinearReg_K_2_beta_max_acc_1.0_eps_inf.xz


--------------------
ITERATION (ACC = 1.0) DONE IN 620.3019721508026 SECONDS!
--------------------




--------------------
K = 2, TRUE_BETA = max, ACCEPT_RATE = 0.999
--------------------


Selection of epsilon star...
Distances: min =  2.1152427 max =  2319.2327 mean =  242.81647 std =  235.77512
epsilon:  1067.6988525390625 acceptance rate:  0.992
Time to select epsilon star: 1.39s

Simulations of the testing dataset...
Time to simulate the testing dataset: 0.66s

Simulations of the training dataset...
Time to simulate the training dataset: 1.21s

Training the neural network...
Initial accuracy: 50.26%, Initial test accuracy: 50.28%
Training for 100 epochs...
Epoch 1/100, mean train accuracy: 76.62%, mean test accuracy: 92.52%, lr scale: 1.0 in 8.10 sec
Epoch 2/100, mean train accuracy: 89.86%, mean test accuracy: 94.47%, lr scale: 1.0 in 8.28 sec
Epoch 3/100, mean train accuracy: 93.65%, mean test accuracy: 84.92%, lr scale: 1.0 in 8.27 sec
Epoch 4/100, mean train accuracy: 89.82%, mean test accuracy: 95.88%, lr scale: 1.0 in 8.28 sec
Epoch 5/100, mean train accuracy: 95.15%, mean test accuracy: 96.82%, lr scale: 0.5 in 8.28 sec
Epoch 6/100, mean train accuracy: 96.96%, mean test accuracy: 98.39%, lr scale: 0.5 in 8.29 sec
Epoch 7/100, mean train accuracy: 96.96%, mean test accuracy: 96.97%, lr scale: 0.5 in 8.30 sec
Epoch 8/100, mean train accuracy: 97.55%, mean test accuracy: 98.26%, lr scale: 0.25 in 8.45 sec
Epoch 9/100, mean train accuracy: 97.70%, mean test accuracy: 98.44%, lr scale: 0.25 in 8.28 sec
Epoch 10/100, mean train accuracy: 98.32%, mean test accuracy: 98.01%, lr scale: 0.25 in 8.29 sec
Epoch 11/100, mean train accuracy: 98.37%, mean test accuracy: 98.96%, lr scale: 0.125 in 8.28 sec
Epoch 12/100, mean train accuracy: 98.69%, mean test accuracy: 99.03%, lr scale: 0.125 in 8.31 sec
Epoch 13/100, mean train accuracy: 98.85%, mean test accuracy: 98.76%, lr scale: 0.125 in 8.27 sec
Epoch 14/100, mean train accuracy: 98.92%, mean test accuracy: 98.95%, lr scale: 0.125 in 8.28 sec
Epoch 15/100, mean train accuracy: 98.88%, mean test accuracy: 99.02%, lr scale: 0.125 in 8.28 sec
Epoch 16/100, mean train accuracy: 98.94%, mean test accuracy: 99.01%, lr scale: 0.125 in 8.26 sec
Epoch 17/100, mean train accuracy: 99.04%, mean test accuracy: 99.23%, lr scale: 0.0625 in 8.27 sec
Epoch 18/100, mean train accuracy: 99.16%, mean test accuracy: 98.89%, lr scale: 0.0625 in 8.27 sec
Epoch 19/100, mean train accuracy: 99.17%, mean test accuracy: 99.32%, lr scale: 0.03125 in 8.28 sec
Epoch 20/100, mean train accuracy: 99.26%, mean test accuracy: 99.27%, lr scale: 0.03125 in 8.30 sec
Epoch 21/100, mean train accuracy: 99.29%, mean test accuracy: 99.25%, lr scale: 0.03125 in 8.30 sec
Epoch 22/100, mean train accuracy: 99.31%, mean test accuracy: 99.34%, lr scale: 0.015625 in 8.30 sec
Epoch 23/100, mean train accuracy: 99.36%, mean test accuracy: 99.40%, lr scale: 0.015625 in 8.29 sec
Epoch 24/100, mean train accuracy: 99.39%, mean test accuracy: 99.39%, lr scale: 0.015625 in 8.29 sec
Epoch 25/100, mean train accuracy: 99.37%, mean test accuracy: 99.39%, lr scale: 0.0078125 in 8.30 sec
Epoch 26/100, mean train accuracy: 99.40%, mean test accuracy: 99.35%, lr scale: 0.0078125 in 8.30 sec
Epoch 27/100, mean train accuracy: 99.44%, mean test accuracy: 99.41%, lr scale: 0.00390625 in 8.43 sec
Epoch 28/100, mean train accuracy: 99.42%, mean test accuracy: 99.43%, lr scale: 0.00390625 in 8.29 sec
Epoch 29/100, mean train accuracy: 99.42%, mean test accuracy: 99.41%, lr scale: 0.001953125 in 8.29 sec
Epoch 30/100, mean train accuracy: 99.46%, mean test accuracy: 99.43%, lr scale: 0.001953125 in 8.30 sec
Epoch 31/100, mean train accuracy: 99.47%, mean test accuracy: 99.43%, lr scale: 0.0009765625 in 8.30 sec
Learning rate reached 1.00E-06, stopping training
Time to train the neural network: 290.30s

Simulation Based Calibration...
Time to perform SBC: 351.08s

Data saved in  /mnt/nfs/nrdata02-users-data/luciano/script/ABC-SBI/examples/Linear-Reg/old_results_500_cluster/K_2/beta_max/pickles/LinearReg_K_2_beta_max_acc_0.999_eps_1.07e+03.xz


--------------------
ITERATION (ACC = 0.999) DONE IN 646.2237315177917 SECONDS!
--------------------




--------------------
K = 2, TRUE_BETA = max, ACCEPT_RATE = 0.99
--------------------


Selection of epsilon star...
epsilon:  923.4913330078125 acceptance rate:  0.98579997
Time to select epsilon star: 1.05s

Simulations of the testing dataset...
Time to simulate the testing dataset: 0.69s

Simulations of the training dataset...
Time to simulate the training dataset: 1.22s

Training the neural network...
Initial accuracy: 50.12%, Initial test accuracy: 49.97%
Training for 100 epochs...
Epoch 1/100, mean train accuracy: 78.85%, mean test accuracy: 92.33%, lr scale: 1.0 in 8.22 sec
Epoch 2/100, mean train accuracy: 90.60%, mean test accuracy: 96.03%, lr scale: 1.0 in 8.31 sec
Epoch 3/100, mean train accuracy: 87.15%, mean test accuracy: 84.30%, lr scale: 1.0 in 8.33 sec
Epoch 4/100, mean train accuracy: 91.72%, mean test accuracy: 91.00%, lr scale: 1.0 in 8.30 sec
Epoch 5/100, mean train accuracy: 94.37%, mean test accuracy: 93.89%, lr scale: 1.0 in 8.31 sec
Epoch 6/100, mean train accuracy: 95.02%, mean test accuracy: 98.28%, lr scale: 0.5 in 8.49 sec
Epoch 7/100, mean train accuracy: 97.20%, mean test accuracy: 98.40%, lr scale: 0.5 in 8.31 sec
Epoch 8/100, mean train accuracy: 97.01%, mean test accuracy: 96.55%, lr scale: 0.5 in 8.27 sec
Epoch 9/100, mean train accuracy: 97.71%, mean test accuracy: 98.61%, lr scale: 0.25 in 8.29 sec
Epoch 10/100, mean train accuracy: 98.25%, mean test accuracy: 98.79%, lr scale: 0.25 in 8.33 sec
Epoch 11/100, mean train accuracy: 98.29%, mean test accuracy: 98.74%, lr scale: 0.25 in 8.31 sec
Epoch 12/100, mean train accuracy: 98.73%, mean test accuracy: 99.16%, lr scale: 0.125 in 8.30 sec
Epoch 13/100, mean train accuracy: 98.78%, mean test accuracy: 98.94%, lr scale: 0.125 in 8.29 sec
Epoch 14/100, mean train accuracy: 98.99%, mean test accuracy: 99.09%, lr scale: 0.125 in 8.33 sec
Epoch 15/100, mean train accuracy: 99.02%, mean test accuracy: 99.20%, lr scale: 0.0625 in 8.34 sec
Epoch 16/100, mean train accuracy: 99.15%, mean test accuracy: 99.19%, lr scale: 0.0625 in 8.31 sec
Epoch 17/100, mean train accuracy: 99.08%, mean test accuracy: 99.19%, lr scale: 0.0625 in 8.32 sec
Epoch 18/100, mean train accuracy: 99.21%, mean test accuracy: 99.23%, lr scale: 0.0625 in 8.29 sec
Epoch 19/100, mean train accuracy: 99.13%, mean test accuracy: 99.01%, lr scale: 0.0625 in 8.30 sec
Epoch 20/100, mean train accuracy: 99.23%, mean test accuracy: 99.33%, lr scale: 0.03125 in 8.31 sec
Epoch 21/100, mean train accuracy: 99.28%, mean test accuracy: 99.06%, lr scale: 0.03125 in 8.29 sec
Epoch 22/100, mean train accuracy: 99.31%, mean test accuracy: 99.36%, lr scale: 0.015625 in 8.29 sec
Epoch 23/100, mean train accuracy: 99.37%, mean test accuracy: 99.31%, lr scale: 0.015625 in 8.43 sec
Epoch 24/100, mean train accuracy: 99.37%, mean test accuracy: 99.40%, lr scale: 0.0078125 in 8.31 sec
Epoch 25/100, mean train accuracy: 99.42%, mean test accuracy: 99.40%, lr scale: 0.0078125 in 8.31 sec
Epoch 26/100, mean train accuracy: 99.40%, mean test accuracy: 99.43%, lr scale: 0.00390625 in 8.30 sec
Epoch 27/100, mean train accuracy: 99.42%, mean test accuracy: 99.43%, lr scale: 0.00390625 in 8.31 sec
Epoch 28/100, mean train accuracy: 99.42%, mean test accuracy: 99.42%, lr scale: 0.001953125 in 8.34 sec
Epoch 29/100, mean train accuracy: 99.45%, mean test accuracy: 99.43%, lr scale: 0.001953125 in 8.32 sec
Epoch 30/100, mean train accuracy: 99.43%, mean test accuracy: 99.43%, lr scale: 0.001953125 in 8.30 sec
Epoch 31/100, mean train accuracy: 99.43%, mean test accuracy: 99.44%, lr scale: 0.0009765625 in 8.29 sec
Learning rate reached 1.00E-06, stopping training
Time to train the neural network: 290.18s

Simulation Based Calibration...
Time to perform SBC: 351.91s

Data saved in  /mnt/nfs/nrdata02-users-data/luciano/script/ABC-SBI/examples/Linear-Reg/old_results_500_cluster/K_2/beta_max/pickles/LinearReg_K_2_beta_max_acc_0.99_eps_9.23e+02.xz


--------------------
ITERATION (ACC = 0.99) DONE IN 646.5925562381744 SECONDS!
--------------------




--------------------
K = 2, TRUE_BETA = max, ACCEPT_RATE = 0.975
--------------------


Selection of epsilon star...
epsilon:  832.0225219726562 acceptance rate:  0.9819
epsilon:  781.1817626953125 acceptance rate:  0.9762
epsilon:  728.14697265625 acceptance rate:  0.97139996
Time to select epsilon star: 2.90s

Simulations of the testing dataset...
Time to simulate the testing dataset: 0.65s

Simulations of the training dataset...
Time to simulate the training dataset: 1.16s

Training the neural network...
Initial accuracy: 49.37%, Initial test accuracy: 49.31%
Training for 100 epochs...
Epoch 1/100, mean train accuracy: 78.47%, mean test accuracy: 90.80%, lr scale: 1.0 in 8.41 sec
Epoch 2/100, mean train accuracy: 89.60%, mean test accuracy: 87.49%, lr scale: 1.0 in 8.48 sec
Epoch 3/100, mean train accuracy: 90.90%, mean test accuracy: 96.24%, lr scale: 1.0 in 8.35 sec
Epoch 4/100, mean train accuracy: 93.76%, mean test accuracy: 88.61%, lr scale: 1.0 in 8.35 sec
Epoch 5/100, mean train accuracy: 90.07%, mean test accuracy: 95.73%, lr scale: 1.0 in 8.34 sec
Epoch 6/100, mean train accuracy: 96.97%, mean test accuracy: 97.43%, lr scale: 0.5 in 8.34 sec
Epoch 7/100, mean train accuracy: 96.85%, mean test accuracy: 95.56%, lr scale: 0.5 in 8.36 sec
Epoch 8/100, mean train accuracy: 96.82%, mean test accuracy: 98.18%, lr scale: 0.5 in 8.32 sec
Epoch 9/100, mean train accuracy: 97.29%, mean test accuracy: 98.49%, lr scale: 0.25 in 8.37 sec
Epoch 10/100, mean train accuracy: 98.26%, mean test accuracy: 98.86%, lr scale: 0.25 in 8.35 sec
Epoch 11/100, mean train accuracy: 98.29%, mean test accuracy: 98.78%, lr scale: 0.25 in 8.35 sec
Epoch 12/100, mean train accuracy: 98.40%, mean test accuracy: 98.91%, lr scale: 0.125 in 8.34 sec
Epoch 13/100, mean train accuracy: 98.83%, mean test accuracy: 98.80%, lr scale: 0.125 in 8.35 sec
Epoch 14/100, mean train accuracy: 98.90%, mean test accuracy: 99.22%, lr scale: 0.0625 in 8.34 sec
Epoch 15/100, mean train accuracy: 99.12%, mean test accuracy: 99.20%, lr scale: 0.0625 in 8.33 sec
Epoch 16/100, mean train accuracy: 99.14%, mean test accuracy: 99.25%, lr scale: 0.03125 in 8.33 sec
Epoch 17/100, mean train accuracy: 99.24%, mean test accuracy: 99.26%, lr scale: 0.03125 in 8.31 sec
Epoch 18/100, mean train accuracy: 99.27%, mean test accuracy: 99.33%, lr scale: 0.03125 in 8.34 sec
Epoch 19/100, mean train accuracy: 99.34%, mean test accuracy: 99.36%, lr scale: 0.015625 in 8.31 sec
Epoch 20/100, mean train accuracy: 99.36%, mean test accuracy: 99.26%, lr scale: 0.015625 in 8.31 sec
Epoch 21/100, mean train accuracy: 99.37%, mean test accuracy: 99.38%, lr scale: 0.0078125 in 8.46 sec
Epoch 22/100, mean train accuracy: 99.37%, mean test accuracy: 99.39%, lr scale: 0.0078125 in 8.31 sec
Epoch 23/100, mean train accuracy: 99.36%, mean test accuracy: 99.39%, lr scale: 0.0078125 in 8.34 sec
Epoch 24/100, mean train accuracy: 99.40%, mean test accuracy: 99.37%, lr scale: 0.00390625 in 8.31 sec
Epoch 25/100, mean train accuracy: 99.41%, mean test accuracy: 99.41%, lr scale: 0.001953125 in 8.32 sec
Epoch 26/100, mean train accuracy: 99.42%, mean test accuracy: 99.39%, lr scale: 0.001953125 in 8.32 sec
Epoch 27/100, mean train accuracy: 99.42%, mean test accuracy: 99.39%, lr scale: 0.001953125 in 8.33 sec
Epoch 28/100, mean train accuracy: 99.44%, mean test accuracy: 99.41%, lr scale: 0.0009765625 in 8.34 sec
Learning rate reached 1.00E-06, stopping training
Time to train the neural network: 271.79s

Simulation Based Calibration...
Time to perform SBC: 351.23s

Data saved in  /mnt/nfs/nrdata02-users-data/luciano/script/ABC-SBI/examples/Linear-Reg/old_results_500_cluster/K_2/beta_max/pickles/LinearReg_K_2_beta_max_acc_0.975_eps_7.28e+02.xz


--------------------
ITERATION (ACC = 0.975) DONE IN 629.3870153427124 SECONDS!
--------------------




--------------------
K = 2, TRUE_BETA = max, ACCEPT_RATE = 0.95
--------------------


Selection of epsilon star...
epsilon:  688.71435546875 acceptance rate:  0.965
epsilon:  647.8538818359375 acceptance rate:  0.9553
epsilon:  617.9867553710938 acceptance rate:  0.9544
epsilon:  585.8953857421875 acceptance rate:  0.946
Time to select epsilon star: 4.00s

Simulations of the testing dataset...
Time to simulate the testing dataset: 0.67s

Simulations of the training dataset...
Time to simulate the training dataset: 1.25s

Training the neural network...
Initial accuracy: 50.03%, Initial test accuracy: 50.04%
Training for 100 epochs...
Epoch 1/100, mean train accuracy: 81.84%, mean test accuracy: 93.78%, lr scale: 1.0 in 8.30 sec
Epoch 2/100, mean train accuracy: 89.89%, mean test accuracy: 94.01%, lr scale: 1.0 in 8.27 sec
Epoch 3/100, mean train accuracy: 82.25%, mean test accuracy: 52.92%, lr scale: 1.0 in 8.25 sec
Epoch 4/100, mean train accuracy: 83.91%, mean test accuracy: 95.35%, lr scale: 0.5 in 8.32 sec
Epoch 5/100, mean train accuracy: 95.76%, mean test accuracy: 96.56%, lr scale: 0.5 in 8.09 sec
Epoch 6/100, mean train accuracy: 96.20%, mean test accuracy: 97.19%, lr scale: 0.5 in 8.18 sec
Epoch 7/100, mean train accuracy: 96.60%, mean test accuracy: 97.58%, lr scale: 0.5 in 8.16 sec
Epoch 8/100, mean train accuracy: 96.70%, mean test accuracy: 97.04%, lr scale: 0.25 in 8.14 sec
Epoch 9/100, mean train accuracy: 97.82%, mean test accuracy: 98.32%, lr scale: 0.25 in 8.05 sec
Epoch 10/100, mean train accuracy: 98.34%, mean test accuracy: 98.68%, lr scale: 0.125 in 8.25 sec
Epoch 11/100, mean train accuracy: 98.63%, mean test accuracy: 98.78%, lr scale: 0.125 in 8.31 sec
Epoch 12/100, mean train accuracy: 98.69%, mean test accuracy: 98.91%, lr scale: 0.0625 in 8.34 sec
Epoch 13/100, mean train accuracy: 98.92%, mean test accuracy: 99.03%, lr scale: 0.0625 in 8.28 sec
Epoch 14/100, mean train accuracy: 98.88%, mean test accuracy: 98.99%, lr scale: 0.0625 in 8.23 sec
Epoch 15/100, mean train accuracy: 98.92%, mean test accuracy: 99.05%, lr scale: 0.0625 in 8.28 sec
Epoch 16/100, mean train accuracy: 98.92%, mean test accuracy: 99.01%, lr scale: 0.0625 in 8.32 sec
Epoch 17/100, mean train accuracy: 99.08%, mean test accuracy: 99.13%, lr scale: 0.03125 in 8.32 sec
Epoch 18/100, mean train accuracy: 99.13%, mean test accuracy: 98.88%, lr scale: 0.03125 in 8.32 sec
Epoch 19/100, mean train accuracy: 99.13%, mean test accuracy: 99.19%, lr scale: 0.03125 in 8.30 sec
Epoch 20/100, mean train accuracy: 99.16%, mean test accuracy: 99.05%, lr scale: 0.015625 in 8.32 sec
Epoch 21/100, mean train accuracy: 99.22%, mean test accuracy: 99.24%, lr scale: 0.015625 in 8.48 sec
Epoch 22/100, mean train accuracy: 99.23%, mean test accuracy: 99.22%, lr scale: 0.015625 in 8.31 sec
Epoch 23/100, mean train accuracy: 99.24%, mean test accuracy: 99.28%, lr scale: 0.015625 in 8.31 sec
Epoch 24/100, mean train accuracy: 99.26%, mean test accuracy: 99.25%, lr scale: 0.0078125 in 8.29 sec
Epoch 25/100, mean train accuracy: 99.27%, mean test accuracy: 99.27%, lr scale: 0.00390625 in 8.32 sec
Epoch 26/100, mean train accuracy: 99.30%, mean test accuracy: 99.32%, lr scale: 0.00390625 in 8.33 sec
Epoch 27/100, mean train accuracy: 99.31%, mean test accuracy: 99.31%, lr scale: 0.001953125 in 8.30 sec
Epoch 28/100, mean train accuracy: 99.34%, mean test accuracy: 99.31%, lr scale: 0.001953125 in 8.35 sec
Epoch 29/100, mean train accuracy: 99.34%, mean test accuracy: 99.30%, lr scale: 0.001953125 in 8.30 sec
Epoch 30/100, mean train accuracy: 99.33%, mean test accuracy: 99.33%, lr scale: 0.0009765625 in 8.31 sec
Learning rate reached 1.00E-06, stopping training
Time to train the neural network: 289.48s

Simulation Based Calibration...
Time to perform SBC: 349.23s

Data saved in  /mnt/nfs/nrdata02-users-data/luciano/script/ABC-SBI/examples/Linear-Reg/old_results_500_cluster/K_2/beta_max/pickles/LinearReg_K_2_beta_max_acc_0.95_eps_5.86e+02.xz


--------------------
ITERATION (ACC = 0.95) DONE IN 646.216685295105 SECONDS!
--------------------




--------------------
K = 2, TRUE_BETA = max, ACCEPT_RATE = 0.925
--------------------


Selection of epsilon star...
epsilon:  557.7831420898438 acceptance rate:  0.9402
epsilon:  534.7218627929688 acceptance rate:  0.931
epsilon:  517.146484375 acceptance rate:  0.932
epsilon:  498.5841064453125 acceptance rate:  0.9273
epsilon:  482.7755432128906 acceptance rate:  0.91889995
Time to select epsilon star: 5.10s

Simulations of the testing dataset...
Time to simulate the testing dataset: 0.70s

Simulations of the training dataset...
Time to simulate the training dataset: 1.25s

Training the neural network...
Initial accuracy: 50.02%, Initial test accuracy: 49.92%
Training for 100 epochs...
Epoch 1/100, mean train accuracy: 74.70%, mean test accuracy: 93.27%, lr scale: 1.0 in 8.48 sec
Epoch 2/100, mean train accuracy: 91.55%, mean test accuracy: 93.95%, lr scale: 1.0 in 8.28 sec
Epoch 3/100, mean train accuracy: 88.85%, mean test accuracy: 95.09%, lr scale: 1.0 in 8.27 sec
Epoch 4/100, mean train accuracy: 92.57%, mean test accuracy: 94.18%, lr scale: 1.0 in 8.27 sec
Epoch 5/100, mean train accuracy: 95.93%, mean test accuracy: 98.21%, lr scale: 0.5 in 8.27 sec
Epoch 6/100, mean train accuracy: 96.59%, mean test accuracy: 95.16%, lr scale: 0.5 in 8.28 sec
Epoch 7/100, mean train accuracy: 97.10%, mean test accuracy: 97.66%, lr scale: 0.5 in 8.27 sec
Epoch 8/100, mean train accuracy: 98.27%, mean test accuracy: 98.84%, lr scale: 0.25 in 8.03 sec
Epoch 9/100, mean train accuracy: 98.08%, mean test accuracy: 98.89%, lr scale: 0.125 in 8.16 sec
Epoch 10/100, mean train accuracy: 98.84%, mean test accuracy: 99.02%, lr scale: 0.125 in 8.13 sec
Epoch 11/100, mean train accuracy: 98.65%, mean test accuracy: 98.94%, lr scale: 0.125 in 8.19 sec
Epoch 12/100, mean train accuracy: 98.99%, mean test accuracy: 98.87%, lr scale: 0.125 in 8.11 sec
Epoch 13/100, mean train accuracy: 98.84%, mean test accuracy: 98.92%, lr scale: 0.125 in 8.15 sec
Epoch 14/100, mean train accuracy: 98.80%, mean test accuracy: 99.06%, lr scale: 0.125 in 8.33 sec
Epoch 15/100, mean train accuracy: 98.74%, mean test accuracy: 99.07%, lr scale: 0.125 in 8.34 sec
Epoch 16/100, mean train accuracy: 99.16%, mean test accuracy: 99.22%, lr scale: 0.0625 in 8.33 sec
Epoch 17/100, mean train accuracy: 99.13%, mean test accuracy: 99.21%, lr scale: 0.0625 in 8.33 sec
Epoch 18/100, mean train accuracy: 99.16%, mean test accuracy: 99.29%, lr scale: 0.03125 in 8.49 sec
Epoch 19/100, mean train accuracy: 99.25%, mean test accuracy: 99.29%, lr scale: 0.03125 in 8.32 sec
Epoch 20/100, mean train accuracy: 99.26%, mean test accuracy: 99.22%, lr scale: 0.03125 in 8.31 sec
Epoch 21/100, mean train accuracy: 99.27%, mean test accuracy: 99.29%, lr scale: 0.03125 in 8.31 sec
Epoch 22/100, mean train accuracy: 99.30%, mean test accuracy: 99.33%, lr scale: 0.015625 in 8.31 sec
Epoch 23/100, mean train accuracy: 99.32%, mean test accuracy: 99.36%, lr scale: 0.015625 in 8.31 sec
Epoch 24/100, mean train accuracy: 99.34%, mean test accuracy: 99.36%, lr scale: 0.0078125 in 8.30 sec
Epoch 25/100, mean train accuracy: 99.35%, mean test accuracy: 99.34%, lr scale: 0.00390625 in 8.31 sec
Epoch 26/100, mean train accuracy: 99.39%, mean test accuracy: 99.37%, lr scale: 0.00390625 in 8.30 sec
Epoch 27/100, mean train accuracy: 99.37%, mean test accuracy: 99.36%, lr scale: 0.00390625 in 8.29 sec
Epoch 28/100, mean train accuracy: 99.40%, mean test accuracy: 99.37%, lr scale: 0.001953125 in 8.30 sec
Epoch 29/100, mean train accuracy: 99.40%, mean test accuracy: 99.38%, lr scale: 0.0009765625 in 8.30 sec
Learning rate reached 1.00E-06, stopping training
Time to train the neural network: 284.40s

Simulation Based Calibration...
Time to perform SBC: 347.80s

Data saved in  /mnt/nfs/nrdata02-users-data/luciano/script/ABC-SBI/examples/Linear-Reg/old_results_500_cluster/K_2/beta_max/pickles/LinearReg_K_2_beta_max_acc_0.925_eps_4.83e+02.xz


--------------------
ITERATION (ACC = 0.925) DONE IN 640.7903900146484 SECONDS!
--------------------




--------------------
K = 2, TRUE_BETA = max, ACCEPT_RATE = 0.9
--------------------


Selection of epsilon star...
epsilon:  468.13818359375 acceptance rate:  0.913
epsilon:  455.11553955078125 acceptance rate:  0.90989995
epsilon:  444.22235107421875 acceptance rate:  0.90199995
epsilon:  432.28948974609375 acceptance rate:  0.89739996
Time to select epsilon star: 4.30s

Simulations of the testing dataset...
Time to simulate the testing dataset: 0.70s

Simulations of the training dataset...
Time to simulate the training dataset: 1.25s

Training the neural network...
Initial accuracy: 49.78%, Initial test accuracy: 49.96%
Training for 100 epochs...
Epoch 1/100, mean train accuracy: 76.56%, mean test accuracy: 78.99%, lr scale: 1.0 in 8.36 sec
Epoch 2/100, mean train accuracy: 87.52%, mean test accuracy: 93.65%, lr scale: 1.0 in 8.30 sec
Epoch 3/100, mean train accuracy: 80.48%, mean test accuracy: 93.06%, lr scale: 0.5 in 8.48 sec
Epoch 4/100, mean train accuracy: 95.58%, mean test accuracy: 97.68%, lr scale: 0.5 in 8.29 sec
Epoch 5/100, mean train accuracy: 96.01%, mean test accuracy: 94.72%, lr scale: 0.5 in 8.30 sec
Epoch 6/100, mean train accuracy: 96.81%, mean test accuracy: 98.12%, lr scale: 0.25 in 8.28 sec
Epoch 7/100, mean train accuracy: 97.61%, mean test accuracy: 98.09%, lr scale: 0.25 in 8.28 sec
Epoch 8/100, mean train accuracy: 98.05%, mean test accuracy: 98.42%, lr scale: 0.25 in 8.27 sec
Epoch 9/100, mean train accuracy: 98.15%, mean test accuracy: 98.79%, lr scale: 0.125 in 8.30 sec
Epoch 10/100, mean train accuracy: 98.57%, mean test accuracy: 98.89%, lr scale: 0.125 in 8.17 sec
Epoch 11/100, mean train accuracy: 98.62%, mean test accuracy: 98.93%, lr scale: 0.125 in 8.13 sec
Epoch 12/100, mean train accuracy: 98.60%, mean test accuracy: 98.78%, lr scale: 0.125 in 8.20 sec
Epoch 13/100, mean train accuracy: 98.89%, mean test accuracy: 98.94%, lr scale: 0.0625 in 8.17 sec
Epoch 14/100, mean train accuracy: 98.95%, mean test accuracy: 99.06%, lr scale: 0.03125 in 8.18 sec
Epoch 15/100, mean train accuracy: 99.13%, mean test accuracy: 99.18%, lr scale: 0.03125 in 8.17 sec
Epoch 16/100, mean train accuracy: 99.11%, mean test accuracy: 99.12%, lr scale: 0.03125 in 8.09 sec
Epoch 17/100, mean train accuracy: 99.18%, mean test accuracy: 99.10%, lr scale: 0.015625 in 8.26 sec
Epoch 18/100, mean train accuracy: 99.22%, mean test accuracy: 99.20%, lr scale: 0.015625 in 8.28 sec
Epoch 19/100, mean train accuracy: 99.22%, mean test accuracy: 99.28%, lr scale: 0.0078125 in 8.29 sec
Epoch 20/100, mean train accuracy: 99.24%, mean test accuracy: 99.14%, lr scale: 0.0078125 in 8.29 sec
Epoch 21/100, mean train accuracy: 99.30%, mean test accuracy: 99.27%, lr scale: 0.0078125 in 8.27 sec
Epoch 22/100, mean train accuracy: 99.28%, mean test accuracy: 99.27%, lr scale: 0.00390625 in 8.27 sec
Epoch 23/100, mean train accuracy: 99.28%, mean test accuracy: 99.23%, lr scale: 0.00390625 in 8.47 sec
Epoch 24/100, mean train accuracy: 99.31%, mean test accuracy: 99.30%, lr scale: 0.001953125 in 8.27 sec
Epoch 25/100, mean train accuracy: 99.35%, mean test accuracy: 99.31%, lr scale: 0.001953125 in 8.28 sec
Epoch 26/100, mean train accuracy: 99.31%, mean test accuracy: 99.31%, lr scale: 0.0009765625 in 8.29 sec
Learning rate reached 1.00E-06, stopping training
Time to train the neural network: 266.32s

Simulation Based Calibration...
Time to perform SBC: 347.71s

Data saved in  /mnt/nfs/nrdata02-users-data/luciano/script/ABC-SBI/examples/Linear-Reg/old_results_500_cluster/K_2/beta_max/pickles/LinearReg_K_2_beta_max_acc_0.9_eps_4.32e+02.xz


--------------------
ITERATION (ACC = 0.9) DONE IN 621.8259863853455 SECONDS!
--------------------




--------------------
K = 2, TRUE_BETA = max, ACCEPT_RATE = 0.85
--------------------


Selection of epsilon star...
epsilon:  420.0711669921875 acceptance rate:  0.8943
epsilon:  407.9095153808594 acceptance rate:  0.8865
epsilon:  396.6947326660156 acceptance rate:  0.8872
epsilon:  386.3197326660156 acceptance rate:  0.88079995
epsilon:  378.1216735839844 acceptance rate:  0.8756
epsilon:  370.3533935546875 acceptance rate:  0.8736
epsilon:  361.1839904785156 acceptance rate:  0.86079997
epsilon:  352.97528076171875 acceptance rate:  0.8574
epsilon:  344.0908508300781 acceptance rate:  0.85679996
epsilon:  337.08209228515625 acceptance rate:  0.8513
epsilon:  330.9795227050781 acceptance rate:  0.849
Time to select epsilon star: 12.29s

Simulations of the testing dataset...
Time to simulate the testing dataset: 0.71s

Simulations of the training dataset...
Time to simulate the training dataset: 1.26s

Training the neural network...
Initial accuracy: 50.06%, Initial test accuracy: 49.93%
Training for 100 epochs...
Epoch 1/100, mean train accuracy: 78.23%, mean test accuracy: 92.92%, lr scale: 1.0 in 8.33 sec
Epoch 2/100, mean train accuracy: 91.37%, mean test accuracy: 85.38%, lr scale: 1.0 in 8.31 sec
Epoch 3/100, mean train accuracy: 92.54%, mean test accuracy: 96.65%, lr scale: 1.0 in 8.31 sec
Epoch 4/100, mean train accuracy: 92.39%, mean test accuracy: 93.23%, lr scale: 1.0 in 8.28 sec
Epoch 5/100, mean train accuracy: 95.65%, mean test accuracy: 97.91%, lr scale: 0.5 in 8.27 sec
Epoch 6/100, mean train accuracy: 96.72%, mean test accuracy: 98.02%, lr scale: 0.5 in 8.28 sec
Epoch 7/100, mean train accuracy: 96.61%, mean test accuracy: 98.19%, lr scale: 0.5 in 8.30 sec
Epoch 8/100, mean train accuracy: 97.84%, mean test accuracy: 98.54%, lr scale: 0.25 in 8.50 sec
Epoch 9/100, mean train accuracy: 98.13%, mean test accuracy: 98.71%, lr scale: 0.25 in 8.31 sec
Epoch 10/100, mean train accuracy: 98.21%, mean test accuracy: 97.65%, lr scale: 0.25 in 8.33 sec
Epoch 11/100, mean train accuracy: 98.28%, mean test accuracy: 98.35%, lr scale: 0.125 in 8.32 sec
Epoch 12/100, mean train accuracy: 98.67%, mean test accuracy: 98.92%, lr scale: 0.125 in 8.27 sec
Epoch 13/100, mean train accuracy: 98.74%, mean test accuracy: 98.98%, lr scale: 0.125 in 8.08 sec
Epoch 14/100, mean train accuracy: 98.64%, mean test accuracy: 98.76%, lr scale: 0.125 in 8.19 sec
Epoch 15/100, mean train accuracy: 99.05%, mean test accuracy: 99.17%, lr scale: 0.0625 in 8.19 sec
Epoch 16/100, mean train accuracy: 99.02%, mean test accuracy: 99.09%, lr scale: 0.0625 in 8.25 sec
Epoch 17/100, mean train accuracy: 99.17%, mean test accuracy: 99.12%, lr scale: 0.03125 in 8.21 sec
Epoch 18/100, mean train accuracy: 99.20%, mean test accuracy: 99.14%, lr scale: 0.03125 in 8.28 sec
Epoch 19/100, mean train accuracy: 99.16%, mean test accuracy: 99.08%, lr scale: 0.03125 in 8.24 sec
Epoch 20/100, mean train accuracy: 99.21%, mean test accuracy: 99.26%, lr scale: 0.015625 in 8.21 sec
Epoch 21/100, mean train accuracy: 99.20%, mean test accuracy: 99.20%, lr scale: 0.015625 in 8.23 sec
Epoch 22/100, mean train accuracy: 99.24%, mean test accuracy: 99.28%, lr scale: 0.0078125 in 8.34 sec
Epoch 23/100, mean train accuracy: 99.27%, mean test accuracy: 99.28%, lr scale: 0.0078125 in 8.31 sec
Epoch 24/100, mean train accuracy: 99.31%, mean test accuracy: 99.17%, lr scale: 0.0078125 in 8.29 sec
Epoch 25/100, mean train accuracy: 99.26%, mean test accuracy: 99.30%, lr scale: 0.00390625 in 8.29 sec
Epoch 26/100, mean train accuracy: 99.30%, mean test accuracy: 99.30%, lr scale: 0.001953125 in 8.27 sec
Epoch 27/100, mean train accuracy: 99.34%, mean test accuracy: 99.30%, lr scale: 0.001953125 in 8.30 sec
Epoch 28/100, mean train accuracy: 99.33%, mean test accuracy: 99.30%, lr scale: 0.001953125 in 8.29 sec
Epoch 29/100, mean train accuracy: 99.31%, mean test accuracy: 99.30%, lr scale: 0.0009765625 in 8.28 sec
Learning rate reached 1.00E-06, stopping training
Time to train the neural network: 298.01s

Simulation Based Calibration...
Time to perform SBC: 349.47s

Data saved in  /mnt/nfs/nrdata02-users-data/luciano/script/ABC-SBI/examples/Linear-Reg/old_results_500_cluster/K_2/beta_max/pickles/LinearReg_K_2_beta_max_acc_0.85_eps_3.31e+02.xz


--------------------
ITERATION (ACC = 0.85) DONE IN 663.2010624408722 SECONDS!
--------------------




--------------------
K = 2, TRUE_BETA = max, ACCEPT_RATE = 0.8
--------------------


Selection of epsilon star...
epsilon:  322.9640197753906 acceptance rate:  0.843
epsilon:  316.8481140136719 acceptance rate:  0.843
epsilon:  310.3188171386719 acceptance rate:  0.83089995
epsilon:  303.9697570800781 acceptance rate:  0.82879996
epsilon:  298.46209716796875 acceptance rate:  0.82739997
epsilon:  292.2612609863281 acceptance rate:  0.8226
epsilon:  286.6752014160156 acceptance rate:  0.8145
epsilon:  281.3438415527344 acceptance rate:  0.8152
epsilon:  276.43878173828125 acceptance rate:  0.8113
epsilon:  271.6246032714844 acceptance rate:  0.8135
epsilon:  267.1921691894531 acceptance rate:  0.8099
epsilon:  262.09375 acceptance rate:  0.80039996
epsilon:  257.9293212890625 acceptance rate:  0.7879
Time to select epsilon star: 14.96s

Simulations of the testing dataset...
Time to simulate the testing dataset: 0.66s

Simulations of the training dataset...
Time to simulate the training dataset: 1.16s

Training the neural network...
Initial accuracy: 50.42%, Initial test accuracy: 50.40%
Training for 100 epochs...
Epoch 1/100, mean train accuracy: 79.88%, mean test accuracy: 92.24%, lr scale: 1.0 in 7.78 sec
Epoch 2/100, mean train accuracy: 91.36%, mean test accuracy: 96.06%, lr scale: 1.0 in 7.77 sec
Epoch 3/100, mean train accuracy: 89.30%, mean test accuracy: 65.17%, lr scale: 1.0 in 7.76 sec
Epoch 4/100, mean train accuracy: 76.15%, mean test accuracy: 94.80%, lr scale: 0.5 in 7.76 sec
Epoch 5/100, mean train accuracy: 93.75%, mean test accuracy: 95.89%, lr scale: 0.5 in 7.77 sec
Epoch 6/100, mean train accuracy: 94.95%, mean test accuracy: 95.54%, lr scale: 0.5 in 7.77 sec
Epoch 7/100, mean train accuracy: 95.79%, mean test accuracy: 97.22%, lr scale: 0.25 in 7.76 sec
Epoch 8/100, mean train accuracy: 96.89%, mean test accuracy: 96.03%, lr scale: 0.25 in 7.76 sec
Epoch 9/100, mean train accuracy: 96.85%, mean test accuracy: 97.85%, lr scale: 0.25 in 7.75 sec
Epoch 10/100, mean train accuracy: 97.10%, mean test accuracy: 97.57%, lr scale: 0.25 in 7.77 sec
Epoch 11/100, mean train accuracy: 96.94%, mean test accuracy: 97.91%, lr scale: 0.125 in 7.75 sec
Epoch 12/100, mean train accuracy: 97.93%, mean test accuracy: 98.34%, lr scale: 0.125 in 7.95 sec
Epoch 13/100, mean train accuracy: 97.87%, mean test accuracy: 98.47%, lr scale: 0.0625 in 7.80 sec
Epoch 14/100, mean train accuracy: 98.44%, mean test accuracy: 98.37%, lr scale: 0.0625 in 7.79 sec
Epoch 15/100, mean train accuracy: 98.33%, mean test accuracy: 98.56%, lr scale: 0.0625 in 7.80 sec
Epoch 16/100, mean train accuracy: 98.58%, mean test accuracy: 98.69%, lr scale: 0.03125 in 7.79 sec
Epoch 17/100, mean train accuracy: 98.76%, mean test accuracy: 98.53%, lr scale: 0.03125 in 7.67 sec
Epoch 18/100, mean train accuracy: 98.74%, mean test accuracy: 98.72%, lr scale: 0.03125 in 7.69 sec
Epoch 19/100, mean train accuracy: 98.91%, mean test accuracy: 98.87%, lr scale: 0.015625 in 7.75 sec
Epoch 20/100, mean train accuracy: 98.92%, mean test accuracy: 98.93%, lr scale: 0.0078125 in 7.74 sec
Epoch 21/100, mean train accuracy: 98.98%, mean test accuracy: 98.97%, lr scale: 0.0078125 in 7.73 sec
Epoch 22/100, mean train accuracy: 99.04%, mean test accuracy: 98.95%, lr scale: 0.0078125 in 7.73 sec
Epoch 23/100, mean train accuracy: 99.04%, mean test accuracy: 98.99%, lr scale: 0.00390625 in 7.72 sec
Epoch 24/100, mean train accuracy: 99.07%, mean test accuracy: 99.00%, lr scale: 0.00390625 in 7.73 sec
Epoch 25/100, mean train accuracy: 99.08%, mean test accuracy: 98.99%, lr scale: 0.001953125 in 7.73 sec
Epoch 26/100, mean train accuracy: 99.09%, mean test accuracy: 99.03%, lr scale: 0.001953125 in 7.70 sec
Epoch 27/100, mean train accuracy: 99.12%, mean test accuracy: 99.05%, lr scale: 0.001953125 in 7.83 sec
Epoch 28/100, mean train accuracy: 99.11%, mean test accuracy: 99.02%, lr scale: 0.0009765625 in 7.84 sec
Learning rate reached 1.00E-06, stopping training
Time to train the neural network: 286.31s

Simulation Based Calibration...
Time to perform SBC: 330.42s

Data saved in  /mnt/nfs/nrdata02-users-data/luciano/script/ABC-SBI/examples/Linear-Reg/old_results_500_cluster/K_2/beta_max/pickles/LinearReg_K_2_beta_max_acc_0.8_eps_2.58e+02.xz


--------------------
ITERATION (ACC = 0.8) DONE IN 634.9531137943268 SECONDS!
--------------------




--------------------
K = 2, TRUE_BETA = max, ACCEPT_RATE = 0.75
--------------------


Selection of epsilon star...
epsilon:  253.98492431640625 acceptance rate:  0.7897
epsilon:  249.48468017578125 acceptance rate:  0.78679997
epsilon:  245.29095458984375 acceptance rate:  0.78279996
epsilon:  241.49789428710938 acceptance rate:  0.775
epsilon:  237.8179168701172 acceptance rate:  0.77889997
epsilon:  233.94773864746094 acceptance rate:  0.77529997
epsilon:  229.83253479003906 acceptance rate:  0.7668
epsilon:  226.39691162109375 acceptance rate:  0.76479995
epsilon:  222.61666870117188 acceptance rate:  0.7597
epsilon:  219.21070861816406 acceptance rate:  0.74909997
Time to select epsilon star: 12.14s

Simulations of the testing dataset...
Time to simulate the testing dataset: 0.64s

Simulations of the training dataset...
Time to simulate the training dataset: 1.16s

Training the neural network...
Initial accuracy: 50.11%, Initial test accuracy: 50.23%
Training for 100 epochs...
Epoch 1/100, mean train accuracy: 75.95%, mean test accuracy: 93.98%, lr scale: 1.0 in 7.82 sec
Epoch 2/100, mean train accuracy: 83.89%, mean test accuracy: 94.07%, lr scale: 1.0 in 7.79 sec
Epoch 3/100, mean train accuracy: 91.57%, mean test accuracy: 83.45%, lr scale: 1.0 in 7.79 sec
Epoch 4/100, mean train accuracy: 88.02%, mean test accuracy: 86.10%, lr scale: 1.0 in 7.79 sec
Epoch 5/100, mean train accuracy: 94.88%, mean test accuracy: 96.46%, lr scale: 0.5 in 7.79 sec
Epoch 6/100, mean train accuracy: 96.15%, mean test accuracy: 97.23%, lr scale: 0.5 in 7.79 sec
Epoch 7/100, mean train accuracy: 96.54%, mean test accuracy: 97.86%, lr scale: 0.5 in 7.79 sec
Epoch 8/100, mean train accuracy: 96.58%, mean test accuracy: 97.90%, lr scale: 0.5 in 7.78 sec
Epoch 9/100, mean train accuracy: 96.82%, mean test accuracy: 98.13%, lr scale: 0.5 in 7.78 sec
Epoch 10/100, mean train accuracy: 97.15%, mean test accuracy: 98.60%, lr scale: 0.25 in 7.79 sec
Epoch 11/100, mean train accuracy: 98.05%, mean test accuracy: 94.17%, lr scale: 0.25 in 7.78 sec
Epoch 12/100, mean train accuracy: 98.02%, mean test accuracy: 98.37%, lr scale: 0.25 in 7.77 sec
Epoch 13/100, mean train accuracy: 98.21%, mean test accuracy: 98.58%, lr scale: 0.125 in 7.79 sec
Epoch 14/100, mean train accuracy: 98.67%, mean test accuracy: 98.69%, lr scale: 0.125 in 7.79 sec
Epoch 15/100, mean train accuracy: 98.58%, mean test accuracy: 98.93%, lr scale: 0.125 in 7.78 sec
Epoch 16/100, mean train accuracy: 98.54%, mean test accuracy: 98.83%, lr scale: 0.125 in 7.96 sec
Epoch 17/100, mean train accuracy: 98.62%, mean test accuracy: 98.78%, lr scale: 0.125 in 7.72 sec
Epoch 18/100, mean train accuracy: 98.72%, mean test accuracy: 98.83%, lr scale: 0.125 in 7.69 sec
Epoch 19/100, mean train accuracy: 98.90%, mean test accuracy: 99.02%, lr scale: 0.0625 in 7.74 sec
Epoch 20/100, mean train accuracy: 98.91%, mean test accuracy: 99.05%, lr scale: 0.0625 in 7.73 sec
Epoch 21/100, mean train accuracy: 99.04%, mean test accuracy: 99.11%, lr scale: 0.03125 in 7.72 sec
Epoch 22/100, mean train accuracy: 99.09%, mean test accuracy: 99.01%, lr scale: 0.03125 in 7.75 sec
Epoch 23/100, mean train accuracy: 99.12%, mean test accuracy: 99.17%, lr scale: 0.015625 in 7.70 sec
Epoch 24/100, mean train accuracy: 99.15%, mean test accuracy: 99.10%, lr scale: 0.015625 in 7.74 sec
Epoch 25/100, mean train accuracy: 99.18%, mean test accuracy: 99.21%, lr scale: 0.0078125 in 7.73 sec
Epoch 26/100, mean train accuracy: 99.20%, mean test accuracy: 99.23%, lr scale: 0.0078125 in 7.74 sec
Epoch 27/100, mean train accuracy: 99.21%, mean test accuracy: 99.23%, lr scale: 0.00390625 in 7.73 sec
Epoch 28/100, mean train accuracy: 99.21%, mean test accuracy: 99.23%, lr scale: 0.00390625 in 7.70 sec
Epoch 29/100, mean train accuracy: 99.23%, mean test accuracy: 99.23%, lr scale: 0.001953125 in 7.81 sec
Epoch 30/100, mean train accuracy: 99.23%, mean test accuracy: 99.24%, lr scale: 0.0009765625 in 7.81 sec
Learning rate reached 1.00E-06, stopping training
Time to train the neural network: 311.79s

Simulation Based Calibration...
Time to perform SBC: 329.71s

Data saved in  /mnt/nfs/nrdata02-users-data/luciano/script/ABC-SBI/examples/Linear-Reg/old_results_500_cluster/K_2/beta_max/pickles/LinearReg_K_2_beta_max_acc_0.75_eps_2.19e+02.xz


--------------------
ITERATION (ACC = 0.75) DONE IN 656.9438152313232 SECONDS!
--------------------




--------------------
K = 2, TRUE_BETA = max, ACCEPT_RATE = 0.7
--------------------


Selection of epsilon star...
epsilon:  215.6538543701172 acceptance rate:  0.74939996
epsilon:  212.7320556640625 acceptance rate:  0.7502
epsilon:  209.4960174560547 acceptance rate:  0.74649996
epsilon:  206.46987915039062 acceptance rate:  0.72969997
epsilon:  203.35719299316406 acceptance rate:  0.73429996
epsilon:  200.5210723876953 acceptance rate:  0.7309
epsilon:  197.37950134277344 acceptance rate:  0.7345
epsilon:  194.21604919433594 acceptance rate:  0.7208
epsilon:  191.22903442382812 acceptance rate:  0.7206
epsilon:  188.8459930419922 acceptance rate:  0.7215
epsilon:  186.16351318359375 acceptance rate:  0.7115
epsilon:  183.4292755126953 acceptance rate:  0.717
epsilon:  180.34727478027344 acceptance rate:  0.7018
epsilon:  177.7818603515625 acceptance rate:  0.70059997
epsilon:  175.29283142089844 acceptance rate:  0.7025
epsilon:  173.4493408203125 acceptance rate:  0.7019
epsilon:  171.30490112304688 acceptance rate:  0.70239997
epsilon:  168.9707489013672 acceptance rate:  0.6843
Time to select epsilon star: 23.81s

Simulations of the testing dataset...
Time to simulate the testing dataset: 0.64s

Simulations of the training dataset...
Time to simulate the training dataset: 1.17s

Training the neural network...
Initial accuracy: 49.62%, Initial test accuracy: 49.67%
Training for 100 epochs...
Epoch 1/100, mean train accuracy: 74.97%, mean test accuracy: 82.55%, lr scale: 1.0 in 7.81 sec
Epoch 2/100, mean train accuracy: 80.14%, mean test accuracy: 66.99%, lr scale: 1.0 in 7.78 sec
Epoch 3/100, mean train accuracy: 81.72%, mean test accuracy: 96.06%, lr scale: 0.5 in 7.76 sec
Epoch 4/100, mean train accuracy: 95.59%, mean test accuracy: 97.35%, lr scale: 0.5 in 7.77 sec
Epoch 5/100, mean train accuracy: 94.94%, mean test accuracy: 96.02%, lr scale: 0.5 in 7.76 sec
Epoch 6/100, mean train accuracy: 96.32%, mean test accuracy: 96.85%, lr scale: 0.25 in 7.76 sec
Epoch 7/100, mean train accuracy: 97.49%, mean test accuracy: 98.13%, lr scale: 0.25 in 7.77 sec
Epoch 8/100, mean train accuracy: 97.47%, mean test accuracy: 98.06%, lr scale: 0.25 in 7.77 sec
Epoch 9/100, mean train accuracy: 97.98%, mean test accuracy: 98.41%, lr scale: 0.25 in 7.77 sec
Epoch 10/100, mean train accuracy: 98.18%, mean test accuracy: 98.80%, lr scale: 0.125 in 7.79 sec
Epoch 11/100, mean train accuracy: 98.52%, mean test accuracy: 98.60%, lr scale: 0.125 in 7.74 sec
Epoch 12/100, mean train accuracy: 98.47%, mean test accuracy: 98.77%, lr scale: 0.125 in 7.72 sec
Epoch 13/100, mean train accuracy: 98.40%, mean test accuracy: 98.67%, lr scale: 0.125 in 7.71 sec
Epoch 14/100, mean train accuracy: 98.58%, mean test accuracy: 96.55%, lr scale: 0.125 in 7.75 sec
Epoch 15/100, mean train accuracy: 98.73%, mean test accuracy: 98.91%, lr scale: 0.0625 in 7.74 sec
Epoch 16/100, mean train accuracy: 98.83%, mean test accuracy: 98.89%, lr scale: 0.0625 in 7.74 sec
Epoch 17/100, mean train accuracy: 98.96%, mean test accuracy: 99.03%, lr scale: 0.03125 in 7.90 sec
Epoch 18/100, mean train accuracy: 98.99%, mean test accuracy: 98.99%, lr scale: 0.03125 in 7.75 sec
Epoch 19/100, mean train accuracy: 99.03%, mean test accuracy: 99.08%, lr scale: 0.015625 in 7.71 sec
Epoch 20/100, mean train accuracy: 99.12%, mean test accuracy: 99.06%, lr scale: 0.015625 in 7.73 sec
Epoch 21/100, mean train accuracy: 99.09%, mean test accuracy: 99.09%, lr scale: 0.0078125 in 7.73 sec
Epoch 22/100, mean train accuracy: 99.16%, mean test accuracy: 99.11%, lr scale: 0.0078125 in 7.71 sec
Epoch 23/100, mean train accuracy: 99.15%, mean test accuracy: 99.09%, lr scale: 0.00390625 in 7.73 sec
Epoch 24/100, mean train accuracy: 99.13%, mean test accuracy: 99.11%, lr scale: 0.00390625 in 7.68 sec
Epoch 25/100, mean train accuracy: 99.18%, mean test accuracy: 99.11%, lr scale: 0.001953125 in 7.81 sec
Epoch 26/100, mean train accuracy: 99.16%, mean test accuracy: 99.13%, lr scale: 0.0009765625 in 7.82 sec
Learning rate reached 1.00E-06, stopping training
Time to train the neural network: 305.79s

Simulation Based Calibration...
Time to perform SBC: 328.53s

Data saved in  /mnt/nfs/nrdata02-users-data/luciano/script/ABC-SBI/examples/Linear-Reg/old_results_500_cluster/K_2/beta_max/pickles/LinearReg_K_2_beta_max_acc_0.7_eps_1.69e+02.xz


--------------------
ITERATION (ACC = 0.7) DONE IN 661.4369897842407 SECONDS!
--------------------




--------------------
K = 2, TRUE_BETA = min, ACCEPT_RATE = 1.0
--------------------


Selection of epsilon star...
Distances: min =  1.94761 max =  2186.7307 mean =  241.00984 std =  240.9267
Time to select epsilon star: 0.71s

Simulations of the testing dataset...
Time to simulate the testing dataset: 0.66s

Simulations of the training dataset...
Time to simulate the training dataset: 1.12s

Training the neural network...
Initial accuracy: 49.86%, Initial test accuracy: 49.82%
Training for 100 epochs...
Epoch 1/100, mean train accuracy: 78.26%, mean test accuracy: 93.10%, lr scale: 1.0 in 7.80 sec
Epoch 2/100, mean train accuracy: 89.33%, mean test accuracy: 94.91%, lr scale: 1.0 in 7.77 sec
Epoch 3/100, mean train accuracy: 92.17%, mean test accuracy: 90.52%, lr scale: 1.0 in 7.75 sec
Epoch 4/100, mean train accuracy: 91.69%, mean test accuracy: 95.30%, lr scale: 0.5 in 7.98 sec
Epoch 5/100, mean train accuracy: 96.32%, mean test accuracy: 94.95%, lr scale: 0.5 in 7.80 sec
Epoch 6/100, mean train accuracy: 96.78%, mean test accuracy: 91.66%, lr scale: 0.5 in 7.79 sec
Epoch 7/100, mean train accuracy: 96.44%, mean test accuracy: 94.87%, lr scale: 0.5 in 7.79 sec
Epoch 8/100, mean train accuracy: 93.61%, mean test accuracy: 96.30%, lr scale: 0.5 in 7.79 sec
Epoch 9/100, mean train accuracy: 97.67%, mean test accuracy: 98.42%, lr scale: 0.25 in 7.80 sec
Epoch 10/100, mean train accuracy: 98.05%, mean test accuracy: 98.54%, lr scale: 0.125 in 7.79 sec
Epoch 11/100, mean train accuracy: 98.71%, mean test accuracy: 98.85%, lr scale: 0.125 in 7.80 sec
Epoch 12/100, mean train accuracy: 98.65%, mean test accuracy: 98.91%, lr scale: 0.0625 in 7.80 sec
Epoch 13/100, mean train accuracy: 98.98%, mean test accuracy: 99.07%, lr scale: 0.0625 in 7.81 sec
Epoch 14/100, mean train accuracy: 98.93%, mean test accuracy: 98.95%, lr scale: 0.0625 in 7.75 sec
Epoch 15/100, mean train accuracy: 98.93%, mean test accuracy: 99.07%, lr scale: 0.0625 in 7.69 sec
Epoch 16/100, mean train accuracy: 99.03%, mean test accuracy: 99.20%, lr scale: 0.03125 in 7.74 sec
Epoch 17/100, mean train accuracy: 99.20%, mean test accuracy: 99.20%, lr scale: 0.03125 in 7.70 sec
Epoch 18/100, mean train accuracy: 99.17%, mean test accuracy: 99.23%, lr scale: 0.03125 in 7.82 sec
Epoch 19/100, mean train accuracy: 99.18%, mean test accuracy: 99.23%, lr scale: 0.015625 in 7.82 sec
Epoch 20/100, mean train accuracy: 99.28%, mean test accuracy: 99.24%, lr scale: 0.015625 in 7.84 sec
Epoch 21/100, mean train accuracy: 99.25%, mean test accuracy: 99.30%, lr scale: 0.0078125 in 7.83 sec
Epoch 22/100, mean train accuracy: 99.31%, mean test accuracy: 99.31%, lr scale: 0.0078125 in 7.83 sec
Epoch 23/100, mean train accuracy: 99.34%, mean test accuracy: 99.32%, lr scale: 0.0078125 in 7.83 sec
Epoch 24/100, mean train accuracy: 99.34%, mean test accuracy: 99.29%, lr scale: 0.0078125 in 7.83 sec
Epoch 25/100, mean train accuracy: 99.34%, mean test accuracy: 99.34%, lr scale: 0.00390625 in 7.84 sec
Epoch 26/100, mean train accuracy: 99.33%, mean test accuracy: 99.32%, lr scale: 0.00390625 in 7.83 sec
Epoch 27/100, mean train accuracy: 99.35%, mean test accuracy: 99.35%, lr scale: 0.001953125 in 7.85 sec
Epoch 28/100, mean train accuracy: 99.37%, mean test accuracy: 99.35%, lr scale: 0.0009765625 in 7.85 sec
Learning rate reached 1.00E-06, stopping training
Time to train the neural network: 237.99s

Simulation Based Calibration...
Time to perform SBC: 329.41s

Data saved in  /mnt/nfs/nrdata02-users-data/luciano/script/ABC-SBI/examples/Linear-Reg/old_results_500_cluster/K_2/beta_min/pickles/LinearReg_K_2_beta_min_acc_1.0_eps_inf.xz


--------------------
ITERATION (ACC = 1.0) DONE IN 571.328111410141 SECONDS!
--------------------




--------------------
K = 2, TRUE_BETA = min, ACCEPT_RATE = 0.999
--------------------


Selection of epsilon star...
Distances: min =  1.9455957 max =  2587.9207 mean =  242.21675 std =  238.56471
epsilon:  1083.829833984375 acceptance rate:  0.9928
Time to select epsilon star: 1.10s

Simulations of the testing dataset...
Time to simulate the testing dataset: 0.64s

Simulations of the training dataset...
Time to simulate the training dataset: 1.10s

Training the neural network...
Initial accuracy: 49.30%, Initial test accuracy: 49.47%
Training for 100 epochs...
Epoch 1/100, mean train accuracy: 76.90%, mean test accuracy: 95.15%, lr scale: 1.0 in 7.78 sec
Epoch 2/100, mean train accuracy: 90.96%, mean test accuracy: 94.67%, lr scale: 1.0 in 7.76 sec
Epoch 3/100, mean train accuracy: 84.24%, mean test accuracy: 50.36%, lr scale: 1.0 in 7.75 sec
Epoch 4/100, mean train accuracy: 56.75%, mean test accuracy: 57.58%, lr scale: 0.5 in 7.76 sec
Epoch 5/100, mean train accuracy: 68.47%, mean test accuracy: 95.96%, lr scale: 0.25 in 7.76 sec
Epoch 6/100, mean train accuracy: 96.52%, mean test accuracy: 97.35%, lr scale: 0.25 in 7.75 sec
Epoch 7/100, mean train accuracy: 97.08%, mean test accuracy: 98.14%, lr scale: 0.25 in 7.75 sec
Epoch 8/100, mean train accuracy: 97.29%, mean test accuracy: 98.18%, lr scale: 0.25 in 7.77 sec
Epoch 9/100, mean train accuracy: 97.13%, mean test accuracy: 98.59%, lr scale: 0.125 in 7.77 sec
Epoch 10/100, mean train accuracy: 98.28%, mean test accuracy: 98.56%, lr scale: 0.125 in 7.76 sec
Epoch 11/100, mean train accuracy: 98.30%, mean test accuracy: 98.84%, lr scale: 0.0625 in 7.78 sec
Epoch 12/100, mean train accuracy: 98.77%, mean test accuracy: 98.84%, lr scale: 0.0625 in 7.77 sec
Epoch 13/100, mean train accuracy: 98.90%, mean test accuracy: 99.03%, lr scale: 0.03125 in 7.98 sec
Epoch 14/100, mean train accuracy: 99.00%, mean test accuracy: 99.06%, lr scale: 0.03125 in 7.79 sec
Epoch 15/100, mean train accuracy: 99.02%, mean test accuracy: 99.06%, lr scale: 0.03125 in 7.80 sec
Epoch 16/100, mean train accuracy: 99.04%, mean test accuracy: 99.04%, lr scale: 0.03125 in 7.79 sec
Epoch 17/100, mean train accuracy: 99.04%, mean test accuracy: 98.90%, lr scale: 0.03125 in 7.79 sec
Epoch 18/100, mean train accuracy: 99.04%, mean test accuracy: 99.09%, lr scale: 0.03125 in 7.80 sec
Epoch 19/100, mean train accuracy: 99.07%, mean test accuracy: 99.06%, lr scale: 0.03125 in 7.81 sec
Epoch 20/100, mean train accuracy: 99.08%, mean test accuracy: 99.09%, lr scale: 0.03125 in 7.80 sec
Epoch 21/100, mean train accuracy: 99.17%, mean test accuracy: 99.17%, lr scale: 0.015625 in 7.66 sec
Epoch 22/100, mean train accuracy: 99.21%, mean test accuracy: 99.16%, lr scale: 0.015625 in 7.73 sec
Epoch 23/100, mean train accuracy: 99.19%, mean test accuracy: 99.21%, lr scale: 0.015625 in 7.76 sec
Epoch 24/100, mean train accuracy: 99.21%, mean test accuracy: 99.23%, lr scale: 0.015625 in 7.69 sec
Epoch 25/100, mean train accuracy: 99.20%, mean test accuracy: 99.08%, lr scale: 0.0078125 in 7.83 sec
Epoch 26/100, mean train accuracy: 99.27%, mean test accuracy: 99.25%, lr scale: 0.0078125 in 7.80 sec
Epoch 27/100, mean train accuracy: 99.28%, mean test accuracy: 99.25%, lr scale: 0.0078125 in 7.82 sec
Epoch 28/100, mean train accuracy: 99.27%, mean test accuracy: 98.64%, lr scale: 0.0078125 in 7.81 sec
Epoch 29/100, mean train accuracy: 99.28%, mean test accuracy: 99.26%, lr scale: 0.00390625 in 7.80 sec
Epoch 30/100, mean train accuracy: 99.31%, mean test accuracy: 99.25%, lr scale: 0.00390625 in 7.81 sec
Epoch 31/100, mean train accuracy: 99.31%, mean test accuracy: 99.30%, lr scale: 0.00390625 in 7.81 sec
Epoch 32/100, mean train accuracy: 99.34%, mean test accuracy: 99.32%, lr scale: 0.00390625 in 7.82 sec
Epoch 33/100, mean train accuracy: 99.32%, mean test accuracy: 99.31%, lr scale: 0.00390625 in 7.81 sec
Epoch 34/100, mean train accuracy: 99.35%, mean test accuracy: 99.32%, lr scale: 0.001953125 in 8.05 sec
Epoch 35/100, mean train accuracy: 99.34%, mean test accuracy: 99.31%, lr scale: 0.001953125 in 7.82 sec
Epoch 36/100, mean train accuracy: 99.34%, mean test accuracy: 99.34%, lr scale: 0.0009765625 in 7.81 sec
Learning rate reached 1.00E-06, stopping training
Time to train the neural network: 311.56s

Simulation Based Calibration...
Time to perform SBC: 329.05s

Data saved in  /mnt/nfs/nrdata02-users-data/luciano/script/ABC-SBI/examples/Linear-Reg/old_results_500_cluster/K_2/beta_min/pickles/LinearReg_K_2_beta_min_acc_0.999_eps_1.08e+03.xz


--------------------
ITERATION (ACC = 0.999) DONE IN 644.9747314453125 SECONDS!
--------------------




--------------------
K = 2, TRUE_BETA = min, ACCEPT_RATE = 0.99
--------------------


Selection of epsilon star...
epsilon:  919.8408813476562 acceptance rate:  0.98429996
Time to select epsilon star: 0.99s

Simulations of the testing dataset...
Time to simulate the testing dataset: 0.66s

Simulations of the training dataset...
Time to simulate the training dataset: 1.12s

Training the neural network...
Initial accuracy: 49.91%, Initial test accuracy: 49.84%
Training for 100 epochs...
Epoch 1/100, mean train accuracy: 77.74%, mean test accuracy: 92.31%, lr scale: 1.0 in 7.81 sec
Epoch 2/100, mean train accuracy: 82.20%, mean test accuracy: 75.74%, lr scale: 1.0 in 7.77 sec
Epoch 3/100, mean train accuracy: 92.30%, mean test accuracy: 96.13%, lr scale: 1.0 in 7.75 sec
Epoch 4/100, mean train accuracy: 94.67%, mean test accuracy: 93.24%, lr scale: 1.0 in 7.78 sec
Epoch 5/100, mean train accuracy: 92.50%, mean test accuracy: 53.30%, lr scale: 1.0 in 7.76 sec
Epoch 6/100, mean train accuracy: 50.12%, mean test accuracy: 50.18%, lr scale: 1.0 in 7.76 sec
Epoch 7/100, mean train accuracy: 55.48%, mean test accuracy: 52.73%, lr scale: 0.5 in 7.75 sec
Epoch 8/100, mean train accuracy: 77.86%, mean test accuracy: 71.09%, lr scale: 0.25 in 7.77 sec
Epoch 9/100, mean train accuracy: 95.18%, mean test accuracy: 94.29%, lr scale: 0.25 in 7.76 sec
Epoch 10/100, mean train accuracy: 96.57%, mean test accuracy: 97.90%, lr scale: 0.25 in 7.76 sec
Epoch 11/100, mean train accuracy: 96.52%, mean test accuracy: 95.26%, lr scale: 0.25 in 7.77 sec
Epoch 12/100, mean train accuracy: 97.06%, mean test accuracy: 98.02%, lr scale: 0.25 in 7.77 sec
Epoch 13/100, mean train accuracy: 97.02%, mean test accuracy: 95.86%, lr scale: 0.25 in 7.77 sec
Epoch 14/100, mean train accuracy: 97.67%, mean test accuracy: 98.42%, lr scale: 0.125 in 7.76 sec
Epoch 15/100, mean train accuracy: 98.34%, mean test accuracy: 98.73%, lr scale: 0.125 in 7.90 sec
Epoch 16/100, mean train accuracy: 98.58%, mean test accuracy: 98.84%, lr scale: 0.0625 in 7.71 sec
Epoch 17/100, mean train accuracy: 98.89%, mean test accuracy: 98.98%, lr scale: 0.0625 in 7.67 sec
Epoch 18/100, mean train accuracy: 98.83%, mean test accuracy: 99.03%, lr scale: 0.0625 in 7.72 sec
Epoch 19/100, mean train accuracy: 99.00%, mean test accuracy: 98.88%, lr scale: 0.0625 in 7.69 sec
Epoch 20/100, mean train accuracy: 98.88%, mean test accuracy: 99.03%, lr scale: 0.03125 in 7.80 sec
Epoch 21/100, mean train accuracy: 99.15%, mean test accuracy: 99.18%, lr scale: 0.03125 in 7.79 sec
Epoch 22/100, mean train accuracy: 99.11%, mean test accuracy: 99.18%, lr scale: 0.03125 in 7.79 sec
Epoch 23/100, mean train accuracy: 99.20%, mean test accuracy: 99.27%, lr scale: 0.015625 in 7.80 sec
Epoch 24/100, mean train accuracy: 99.23%, mean test accuracy: 99.24%, lr scale: 0.015625 in 7.80 sec
Epoch 25/100, mean train accuracy: 99.27%, mean test accuracy: 99.24%, lr scale: 0.0078125 in 7.79 sec
Epoch 26/100, mean train accuracy: 99.28%, mean test accuracy: 99.31%, lr scale: 0.0078125 in 7.79 sec
Epoch 27/100, mean train accuracy: 99.32%, mean test accuracy: 99.32%, lr scale: 0.0078125 in 7.79 sec
Epoch 28/100, mean train accuracy: 99.31%, mean test accuracy: 99.34%, lr scale: 0.00390625 in 7.80 sec
Epoch 29/100, mean train accuracy: 99.33%, mean test accuracy: 99.35%, lr scale: 0.001953125 in 7.78 sec
Epoch 30/100, mean train accuracy: 99.34%, mean test accuracy: 99.35%, lr scale: 0.001953125 in 7.79 sec
Epoch 31/100, mean train accuracy: 99.33%, mean test accuracy: 99.33%, lr scale: 0.001953125 in 7.80 sec
Epoch 32/100, mean train accuracy: 99.33%, mean test accuracy: 99.34%, lr scale: 0.0009765625 in 7.79 sec
Learning rate reached 1.00E-06, stopping training
Time to train the neural network: 281.41s

Simulation Based Calibration...
Time to perform SBC: 329.82s

Data saved in  /mnt/nfs/nrdata02-users-data/luciano/script/ABC-SBI/examples/Linear-Reg/old_results_500_cluster/K_2/beta_min/pickles/LinearReg_K_2_beta_min_acc_0.99_eps_9.2e+02.xz


--------------------
ITERATION (ACC = 0.99) DONE IN 615.5179817676544 SECONDS!
--------------------




--------------------
K = 2, TRUE_BETA = min, ACCEPT_RATE = 0.975
--------------------


Selection of epsilon star...
epsilon:  817.4041748046875 acceptance rate:  0.9776
epsilon:  755.3912963867188 acceptance rate:  0.97309995
Time to select epsilon star: 2.10s

Simulations of the testing dataset...
Time to simulate the testing dataset: 0.65s

Simulations of the training dataset...
Time to simulate the training dataset: 1.12s

Training the neural network...
Initial accuracy: 50.36%, Initial test accuracy: 50.16%
Training for 100 epochs...
Epoch 1/100, mean train accuracy: 79.54%, mean test accuracy: 87.20%, lr scale: 1.0 in 7.83 sec
Epoch 2/100, mean train accuracy: 88.07%, mean test accuracy: 58.64%, lr scale: 1.0 in 7.77 sec
Epoch 3/100, mean train accuracy: 92.01%, mean test accuracy: 93.24%, lr scale: 1.0 in 7.77 sec
Epoch 4/100, mean train accuracy: 92.81%, mean test accuracy: 80.69%, lr scale: 1.0 in 7.77 sec
Epoch 5/100, mean train accuracy: 94.55%, mean test accuracy: 97.32%, lr scale: 0.5 in 7.76 sec
Epoch 6/100, mean train accuracy: 96.73%, mean test accuracy: 95.31%, lr scale: 0.5 in 7.77 sec
Epoch 7/100, mean train accuracy: 97.10%, mean test accuracy: 98.38%, lr scale: 0.5 in 7.78 sec
Epoch 8/100, mean train accuracy: 95.92%, mean test accuracy: 96.46%, lr scale: 0.5 in 7.77 sec
Epoch 9/100, mean train accuracy: 94.53%, mean test accuracy: 97.52%, lr scale: 0.25 in 7.76 sec
Epoch 10/100, mean train accuracy: 97.81%, mean test accuracy: 98.16%, lr scale: 0.25 in 7.76 sec
Epoch 11/100, mean train accuracy: 97.78%, mean test accuracy: 88.68%, lr scale: 0.25 in 7.76 sec
Epoch 12/100, mean train accuracy: 97.86%, mean test accuracy: 98.44%, lr scale: 0.125 in 7.76 sec
Epoch 13/100, mean train accuracy: 98.46%, mean test accuracy: 98.57%, lr scale: 0.125 in 7.77 sec
Epoch 14/100, mean train accuracy: 98.18%, mean test accuracy: 97.81%, lr scale: 0.125 in 7.79 sec
Epoch 15/100, mean train accuracy: 98.37%, mean test accuracy: 98.46%, lr scale: 0.125 in 7.78 sec
Epoch 16/100, mean train accuracy: 98.58%, mean test accuracy: 98.72%, lr scale: 0.0625 in 7.67 sec
Epoch 17/100, mean train accuracy: 98.88%, mean test accuracy: 98.89%, lr scale: 0.0625 in 7.71 sec
Epoch 18/100, mean train accuracy: 98.82%, mean test accuracy: 98.70%, lr scale: 0.0625 in 7.92 sec
Epoch 19/100, mean train accuracy: 98.85%, mean test accuracy: 98.83%, lr scale: 0.0625 in 7.71 sec
Epoch 20/100, mean train accuracy: 98.71%, mean test accuracy: 98.92%, lr scale: 0.0625 in 7.68 sec
Epoch 21/100, mean train accuracy: 98.92%, mean test accuracy: 99.04%, lr scale: 0.03125 in 7.81 sec
Epoch 22/100, mean train accuracy: 99.07%, mean test accuracy: 99.10%, lr scale: 0.03125 in 7.80 sec
Epoch 23/100, mean train accuracy: 99.10%, mean test accuracy: 99.12%, lr scale: 0.03125 in 7.79 sec
Epoch 24/100, mean train accuracy: 99.10%, mean test accuracy: 99.14%, lr scale: 0.03125 in 7.80 sec
Epoch 25/100, mean train accuracy: 99.17%, mean test accuracy: 99.21%, lr scale: 0.015625 in 7.81 sec
Epoch 26/100, mean train accuracy: 99.19%, mean test accuracy: 99.21%, lr scale: 0.015625 in 7.82 sec
Epoch 27/100, mean train accuracy: 99.21%, mean test accuracy: 99.21%, lr scale: 0.0078125 in 7.80 sec
Epoch 28/100, mean train accuracy: 99.25%, mean test accuracy: 99.24%, lr scale: 0.0078125 in 7.81 sec
Epoch 29/100, mean train accuracy: 99.26%, mean test accuracy: 99.27%, lr scale: 0.0078125 in 7.81 sec
Epoch 30/100, mean train accuracy: 99.29%, mean test accuracy: 99.27%, lr scale: 0.0078125 in 7.80 sec
Epoch 31/100, mean train accuracy: 99.29%, mean test accuracy: 99.28%, lr scale: 0.00390625 in 7.81 sec
Epoch 32/100, mean train accuracy: 99.29%, mean test accuracy: 99.27%, lr scale: 0.00390625 in 7.81 sec
Epoch 33/100, mean train accuracy: 99.31%, mean test accuracy: 99.31%, lr scale: 0.001953125 in 7.79 sec
Epoch 34/100, mean train accuracy: 99.33%, mean test accuracy: 99.31%, lr scale: 0.0009765625 in 7.81 sec
Learning rate reached 1.00E-06, stopping training
Time to train the neural network: 301.52s

Simulation Based Calibration...
Time to perform SBC: 329.49s

Data saved in  /mnt/nfs/nrdata02-users-data/luciano/script/ABC-SBI/examples/Linear-Reg/old_results_500_cluster/K_2/beta_min/pickles/LinearReg_K_2_beta_min_acc_0.975_eps_7.55e+02.xz


--------------------
ITERATION (ACC = 0.975) DONE IN 636.3859918117523 SECONDS!
--------------------




--------------------
K = 2, TRUE_BETA = min, ACCEPT_RATE = 0.95
--------------------


Selection of epsilon star...
epsilon:  707.9230346679688 acceptance rate:  0.96169996
epsilon:  663.2239379882812 acceptance rate:  0.95629996
epsilon:  637.05859375 acceptance rate:  0.94769996
Time to select epsilon star: 2.80s

Simulations of the testing dataset...
Time to simulate the testing dataset: 0.64s

Simulations of the training dataset...
Time to simulate the training dataset: 1.10s

Training the neural network...
Initial accuracy: 50.12%, Initial test accuracy: 50.09%
Training for 100 epochs...
Epoch 1/100, mean train accuracy: 79.09%, mean test accuracy: 95.19%, lr scale: 1.0 in 8.05 sec
Epoch 2/100, mean train accuracy: 89.74%, mean test accuracy: 86.87%, lr scale: 1.0 in 7.82 sec
Epoch 3/100, mean train accuracy: 89.70%, mean test accuracy: 95.41%, lr scale: 0.5 in 7.81 sec
Epoch 4/100, mean train accuracy: 95.42%, mean test accuracy: 96.15%, lr scale: 0.5 in 7.80 sec
Epoch 5/100, mean train accuracy: 95.09%, mean test accuracy: 95.89%, lr scale: 0.5 in 7.81 sec
Epoch 6/100, mean train accuracy: 96.96%, mean test accuracy: 97.87%, lr scale: 0.25 in 7.80 sec
Epoch 7/100, mean train accuracy: 97.63%, mean test accuracy: 96.49%, lr scale: 0.25 in 7.80 sec
Epoch 8/100, mean train accuracy: 97.75%, mean test accuracy: 98.45%, lr scale: 0.25 in 7.81 sec
Epoch 9/100, mean train accuracy: 98.39%, mean test accuracy: 98.42%, lr scale: 0.125 in 7.80 sec
Epoch 10/100, mean train accuracy: 98.49%, mean test accuracy: 98.03%, lr scale: 0.0625 in 7.82 sec
Epoch 11/100, mean train accuracy: 98.91%, mean test accuracy: 99.02%, lr scale: 0.0625 in 7.81 sec
Epoch 12/100, mean train accuracy: 98.90%, mean test accuracy: 98.90%, lr scale: 0.0625 in 7.80 sec
Epoch 13/100, mean train accuracy: 98.92%, mean test accuracy: 98.94%, lr scale: 0.03125 in 7.67 sec
Epoch 14/100, mean train accuracy: 99.08%, mean test accuracy: 98.97%, lr scale: 0.03125 in 7.74 sec
Epoch 15/100, mean train accuracy: 99.11%, mean test accuracy: 99.08%, lr scale: 0.03125 in 7.75 sec
Epoch 16/100, mean train accuracy: 99.11%, mean test accuracy: 99.19%, lr scale: 0.03125 in 7.75 sec
Epoch 17/100, mean train accuracy: 99.24%, mean test accuracy: 99.24%, lr scale: 0.015625 in 7.71 sec
Epoch 18/100, mean train accuracy: 99.22%, mean test accuracy: 99.23%, lr scale: 0.015625 in 7.82 sec
Epoch 19/100, mean train accuracy: 99.27%, mean test accuracy: 99.28%, lr scale: 0.015625 in 7.82 sec
Epoch 20/100, mean train accuracy: 99.27%, mean test accuracy: 99.30%, lr scale: 0.0078125 in 7.83 sec
Epoch 21/100, mean train accuracy: 99.30%, mean test accuracy: 99.32%, lr scale: 0.0078125 in 7.83 sec
Epoch 22/100, mean train accuracy: 99.34%, mean test accuracy: 99.30%, lr scale: 0.00390625 in 7.82 sec
Epoch 23/100, mean train accuracy: 99.37%, mean test accuracy: 99.34%, lr scale: 0.00390625 in 7.84 sec
Epoch 24/100, mean train accuracy: 99.35%, mean test accuracy: 99.34%, lr scale: 0.00390625 in 7.82 sec
Epoch 25/100, mean train accuracy: 99.40%, mean test accuracy: 99.33%, lr scale: 0.001953125 in 7.85 sec
Epoch 26/100, mean train accuracy: 99.39%, mean test accuracy: 99.34%, lr scale: 0.0009765625 in 7.84 sec
Learning rate reached 1.00E-06, stopping training
Time to train the neural network: 240.70s

Simulation Based Calibration...
Time to perform SBC: 328.89s

Data saved in  /mnt/nfs/nrdata02-users-data/luciano/script/ABC-SBI/examples/Linear-Reg/old_results_500_cluster/K_2/beta_min/pickles/LinearReg_K_2_beta_min_acc_0.95_eps_6.37e+02.xz


--------------------
ITERATION (ACC = 0.95) DONE IN 575.8066864013672 SECONDS!
--------------------




--------------------
K = 2, TRUE_BETA = min, ACCEPT_RATE = 0.925
--------------------


Selection of epsilon star...
epsilon:  604.511474609375 acceptance rate:  0.9461
epsilon:  583.755859375 acceptance rate:  0.94329995
epsilon:  563.379150390625 acceptance rate:  0.93509996
epsilon:  541.569580078125 acceptance rate:  0.9316
epsilon:  521.8141479492188 acceptance rate:  0.92509997
epsilon:  504.03057861328125 acceptance rate:  0.9201
Time to select epsilon star: 5.54s

Simulations of the testing dataset...
Time to simulate the testing dataset: 0.67s

Simulations of the training dataset...
Time to simulate the training dataset: 1.14s

Training the neural network...
Initial accuracy: 49.84%, Initial test accuracy: 49.84%
Training for 100 epochs...
Epoch 1/100, mean train accuracy: 80.76%, mean test accuracy: 93.92%, lr scale: 1.0 in 7.80 sec
Epoch 2/100, mean train accuracy: 85.20%, mean test accuracy: 72.80%, lr scale: 1.0 in 7.76 sec
Epoch 3/100, mean train accuracy: 86.37%, mean test accuracy: 96.23%, lr scale: 0.5 in 7.77 sec
Epoch 4/100, mean train accuracy: 95.87%, mean test accuracy: 97.08%, lr scale: 0.5 in 7.78 sec
Epoch 5/100, mean train accuracy: 96.03%, mean test accuracy: 97.60%, lr scale: 0.5 in 7.78 sec
Epoch 6/100, mean train accuracy: 97.19%, mean test accuracy: 97.36%, lr scale: 0.25 in 7.78 sec
Epoch 7/100, mean train accuracy: 97.66%, mean test accuracy: 95.21%, lr scale: 0.25 in 7.79 sec
Epoch 8/100, mean train accuracy: 98.46%, mean test accuracy: 98.75%, lr scale: 0.125 in 7.78 sec
Epoch 9/100, mean train accuracy: 98.36%, mean test accuracy: 98.02%, lr scale: 0.125 in 7.78 sec
Epoch 10/100, mean train accuracy: 98.66%, mean test accuracy: 98.65%, lr scale: 0.125 in 7.78 sec
Epoch 11/100, mean train accuracy: 98.45%, mean test accuracy: 98.81%, lr scale: 0.125 in 7.76 sec
Epoch 12/100, mean train accuracy: 98.53%, mean test accuracy: 98.43%, lr scale: 0.125 in 7.78 sec
Epoch 13/100, mean train accuracy: 98.86%, mean test accuracy: 98.93%, lr scale: 0.0625 in 7.79 sec
Epoch 14/100, mean train accuracy: 99.03%, mean test accuracy: 99.02%, lr scale: 0.0625 in 7.77 sec
Epoch 15/100, mean train accuracy: 98.95%, mean test accuracy: 99.11%, lr scale: 0.03125 in 7.78 sec
Epoch 16/100, mean train accuracy: 99.13%, mean test accuracy: 99.13%, lr scale: 0.03125 in 7.98 sec
Epoch 17/100, mean train accuracy: 99.15%, mean test accuracy: 99.16%, lr scale: 0.03125 in 7.78 sec
Epoch 18/100, mean train accuracy: 99.16%, mean test accuracy: 99.19%, lr scale: 0.03125 in 7.78 sec
Epoch 19/100, mean train accuracy: 99.16%, mean test accuracy: 99.05%, lr scale: 0.03125 in 7.65 sec
Epoch 20/100, mean train accuracy: 99.20%, mean test accuracy: 99.16%, lr scale: 0.015625 in 7.73 sec
Epoch 21/100, mean train accuracy: 99.27%, mean test accuracy: 99.28%, lr scale: 0.015625 in 7.70 sec
Epoch 22/100, mean train accuracy: 99.27%, mean test accuracy: 99.21%, lr scale: 0.015625 in 7.73 sec
Epoch 23/100, mean train accuracy: 99.29%, mean test accuracy: 99.33%, lr scale: 0.0078125 in 7.73 sec
Epoch 24/100, mean train accuracy: 99.34%, mean test accuracy: 99.19%, lr scale: 0.0078125 in 7.69 sec
Epoch 25/100, mean train accuracy: 99.35%, mean test accuracy: 99.33%, lr scale: 0.0078125 in 7.82 sec
Epoch 26/100, mean train accuracy: 99.33%, mean test accuracy: 99.28%, lr scale: 0.0078125 in 7.82 sec
Epoch 27/100, mean train accuracy: 99.31%, mean test accuracy: 99.32%, lr scale: 0.0078125 in 7.84 sec
Epoch 28/100, mean train accuracy: 99.33%, mean test accuracy: 99.31%, lr scale: 0.00390625 in 7.83 sec
Epoch 29/100, mean train accuracy: 99.36%, mean test accuracy: 99.35%, lr scale: 0.001953125 in 7.82 sec
Epoch 30/100, mean train accuracy: 99.37%, mean test accuracy: 99.35%, lr scale: 0.001953125 in 7.81 sec
Epoch 31/100, mean train accuracy: 99.39%, mean test accuracy: 99.36%, lr scale: 0.0009765625 in 7.83 sec
Learning rate reached 1.00E-06, stopping training
Time to train the neural network: 287.43s

Simulation Based Calibration...
Time to perform SBC: 329.51s

Data saved in  /mnt/nfs/nrdata02-users-data/luciano/script/ABC-SBI/examples/Linear-Reg/old_results_500_cluster/K_2/beta_min/pickles/LinearReg_K_2_beta_min_acc_0.925_eps_5.04e+02.xz


--------------------
ITERATION (ACC = 0.925) DONE IN 625.8274099826813 SECONDS!
--------------------




--------------------
K = 2, TRUE_BETA = min, ACCEPT_RATE = 0.9
--------------------


Selection of epsilon star...
epsilon:  488.38153076171875 acceptance rate:  0.91499996
epsilon:  474.0699157714844 acceptance rate:  0.9076
epsilon:  461.92706298828125 acceptance rate:  0.9032
epsilon:  449.9926452636719 acceptance rate:  0.8991
Time to select epsilon star: 4.01s

Simulations of the testing dataset...
Time to simulate the testing dataset: 0.68s

Simulations of the training dataset...
Time to simulate the training dataset: 1.16s

Training the neural network...
Initial accuracy: 49.92%, Initial test accuracy: 49.88%
Training for 100 epochs...
Epoch 1/100, mean train accuracy: 80.67%, mean test accuracy: 88.80%, lr scale: 1.0 in 7.83 sec
Epoch 2/100, mean train accuracy: 90.35%, mean test accuracy: 92.08%, lr scale: 1.0 in 7.78 sec
Epoch 3/100, mean train accuracy: 89.77%, mean test accuracy: 96.53%, lr scale: 1.0 in 7.77 sec
Epoch 4/100, mean train accuracy: 92.51%, mean test accuracy: 94.91%, lr scale: 1.0 in 7.79 sec
Epoch 5/100, mean train accuracy: 94.93%, mean test accuracy: 94.83%, lr scale: 1.0 in 7.80 sec
Epoch 6/100, mean train accuracy: 94.39%, mean test accuracy: 96.31%, lr scale: 1.0 in 7.77 sec
Epoch 7/100, mean train accuracy: 95.55%, mean test accuracy: 97.29%, lr scale: 0.5 in 7.77 sec
Epoch 8/100, mean train accuracy: 97.14%, mean test accuracy: 97.81%, lr scale: 0.5 in 7.77 sec
Epoch 9/100, mean train accuracy: 97.05%, mean test accuracy: 98.62%, lr scale: 0.25 in 7.78 sec
Epoch 10/100, mean train accuracy: 98.12%, mean test accuracy: 98.61%, lr scale: 0.25 in 7.79 sec
Epoch 11/100, mean train accuracy: 98.20%, mean test accuracy: 98.12%, lr scale: 0.25 in 7.78 sec
Epoch 12/100, mean train accuracy: 98.36%, mean test accuracy: 98.46%, lr scale: 0.25 in 7.79 sec
Epoch 13/100, mean train accuracy: 98.42%, mean test accuracy: 98.94%, lr scale: 0.25 in 7.81 sec
Epoch 14/100, mean train accuracy: 98.31%, mean test accuracy: 98.95%, lr scale: 0.25 in 7.78 sec
Epoch 15/100, mean train accuracy: 98.82%, mean test accuracy: 99.01%, lr scale: 0.125 in 7.80 sec
Epoch 16/100, mean train accuracy: 98.92%, mean test accuracy: 99.02%, lr scale: 0.125 in 7.78 sec
Epoch 17/100, mean train accuracy: 98.79%, mean test accuracy: 97.06%, lr scale: 0.0625 in 7.73 sec
Epoch 18/100, mean train accuracy: 98.99%, mean test accuracy: 99.21%, lr scale: 0.0625 in 7.69 sec
Epoch 19/100, mean train accuracy: 99.18%, mean test accuracy: 99.20%, lr scale: 0.0625 in 7.73 sec
Epoch 20/100, mean train accuracy: 99.19%, mean test accuracy: 99.20%, lr scale: 0.03125 in 7.71 sec
Epoch 21/100, mean train accuracy: 99.26%, mean test accuracy: 99.27%, lr scale: 0.03125 in 7.72 sec
Epoch 22/100, mean train accuracy: 99.24%, mean test accuracy: 99.29%, lr scale: 0.015625 in 7.73 sec
Epoch 23/100, mean train accuracy: 99.31%, mean test accuracy: 99.37%, lr scale: 0.015625 in 7.71 sec
Epoch 24/100, mean train accuracy: 99.34%, mean test accuracy: 99.39%, lr scale: 0.015625 in 7.82 sec
Epoch 25/100, mean train accuracy: 99.34%, mean test accuracy: 99.39%, lr scale: 0.0078125 in 7.82 sec
Epoch 26/100, mean train accuracy: 99.38%, mean test accuracy: 99.40%, lr scale: 0.0078125 in 7.83 sec
Epoch 27/100, mean train accuracy: 99.37%, mean test accuracy: 99.41%, lr scale: 0.0078125 in 8.01 sec
Epoch 28/100, mean train accuracy: 99.35%, mean test accuracy: 99.40%, lr scale: 0.00390625 in 7.84 sec
Epoch 29/100, mean train accuracy: 99.38%, mean test accuracy: 99.41%, lr scale: 0.00390625 in 7.82 sec
Epoch 30/100, mean train accuracy: 99.39%, mean test accuracy: 99.41%, lr scale: 0.001953125 in 7.82 sec
Epoch 31/100, mean train accuracy: 99.41%, mean test accuracy: 99.41%, lr scale: 0.001953125 in 7.82 sec
Epoch 32/100, mean train accuracy: 99.38%, mean test accuracy: 99.43%, lr scale: 0.0009765625 in 7.82 sec
Learning rate reached 1.00E-06, stopping training
Time to train the neural network: 295.39s

Simulation Based Calibration...
Time to perform SBC: 329.31s

Data saved in  /mnt/nfs/nrdata02-users-data/luciano/script/ABC-SBI/examples/Linear-Reg/old_results_500_cluster/K_2/beta_min/pickles/LinearReg_K_2_beta_min_acc_0.9_eps_4.5e+02.xz


--------------------
ITERATION (ACC = 0.9) DONE IN 632.0121388435364 SECONDS!
--------------------




--------------------
K = 2, TRUE_BETA = min, ACCEPT_RATE = 0.85
--------------------


Selection of epsilon star...
epsilon:  435.5004577636719 acceptance rate:  0.88909996
epsilon:  423.8038024902344 acceptance rate:  0.8922
epsilon:  410.8811340332031 acceptance rate:  0.8875
epsilon:  400.6164855957031 acceptance rate:  0.87439996
epsilon:  391.1605224609375 acceptance rate:  0.876
epsilon:  381.4769592285156 acceptance rate:  0.8731
epsilon:  372.4610290527344 acceptance rate:  0.8681
epsilon:  363.4095153808594 acceptance rate:  0.85819995
epsilon:  356.1858825683594 acceptance rate:  0.8603
epsilon:  348.583984375 acceptance rate:  0.8481
Time to select epsilon star: 10.00s

Simulations of the testing dataset...
Time to simulate the testing dataset: 0.64s

Simulations of the training dataset...
Time to simulate the training dataset: 1.08s

Training the neural network...
Initial accuracy: 50.11%, Initial test accuracy: 50.11%
Training for 100 epochs...
Epoch 1/100, mean train accuracy: 74.32%, mean test accuracy: 87.99%, lr scale: 1.0 in 7.86 sec
Epoch 2/100, mean train accuracy: 85.35%, mean test accuracy: 90.95%, lr scale: 1.0 in 7.79 sec
Epoch 3/100, mean train accuracy: 91.50%, mean test accuracy: 84.46%, lr scale: 1.0 in 7.81 sec
Epoch 4/100, mean train accuracy: 93.57%, mean test accuracy: 97.28%, lr scale: 0.5 in 7.80 sec
Epoch 5/100, mean train accuracy: 96.63%, mean test accuracy: 97.48%, lr scale: 0.5 in 7.81 sec
Epoch 6/100, mean train accuracy: 96.55%, mean test accuracy: 93.21%, lr scale: 0.5 in 7.79 sec
Epoch 7/100, mean train accuracy: 97.74%, mean test accuracy: 98.32%, lr scale: 0.25 in 7.80 sec
Epoch 8/100, mean train accuracy: 97.93%, mean test accuracy: 98.85%, lr scale: 0.125 in 7.80 sec
Epoch 9/100, mean train accuracy: 98.73%, mean test accuracy: 98.89%, lr scale: 0.125 in 7.82 sec
Epoch 10/100, mean train accuracy: 98.84%, mean test accuracy: 99.01%, lr scale: 0.0625 in 7.83 sec
Epoch 11/100, mean train accuracy: 99.01%, mean test accuracy: 99.07%, lr scale: 0.0625 in 7.80 sec
Epoch 12/100, mean train accuracy: 98.95%, mean test accuracy: 99.16%, lr scale: 0.03125 in 7.80 sec
Epoch 13/100, mean train accuracy: 99.12%, mean test accuracy: 99.16%, lr scale: 0.03125 in 8.06 sec
Epoch 14/100, mean train accuracy: 99.19%, mean test accuracy: 99.16%, lr scale: 0.03125 in 7.83 sec
Epoch 15/100, mean train accuracy: 99.18%, mean test accuracy: 99.24%, lr scale: 0.015625 in 7.84 sec
Epoch 16/100, mean train accuracy: 99.22%, mean test accuracy: 99.24%, lr scale: 0.015625 in 7.69 sec
Epoch 17/100, mean train accuracy: 99.25%, mean test accuracy: 99.25%, lr scale: 0.015625 in 7.75 sec
Epoch 18/100, mean train accuracy: 99.30%, mean test accuracy: 99.27%, lr scale: 0.0078125 in 7.78 sec
Epoch 19/100, mean train accuracy: 99.30%, mean test accuracy: 99.30%, lr scale: 0.00390625 in 7.76 sec
Epoch 20/100, mean train accuracy: 99.32%, mean test accuracy: 99.30%, lr scale: 0.00390625 in 7.77 sec
Epoch 21/100, mean train accuracy: 99.31%, mean test accuracy: 99.32%, lr scale: 0.00390625 in 7.75 sec
Epoch 22/100, mean train accuracy: 99.35%, mean test accuracy: 99.32%, lr scale: 0.001953125 in 7.79 sec
Epoch 23/100, mean train accuracy: 99.35%, mean test accuracy: 99.31%, lr scale: 0.001953125 in 7.75 sec
Epoch 24/100, mean train accuracy: 99.35%, mean test accuracy: 99.32%, lr scale: 0.0009765625 in 7.84 sec
Learning rate reached 1.00E-06, stopping training
Time to train the neural network: 246.08s

Simulation Based Calibration...
Time to perform SBC: 330.17s

Data saved in  /mnt/nfs/nrdata02-users-data/luciano/script/ABC-SBI/examples/Linear-Reg/old_results_500_cluster/K_2/beta_min/pickles/LinearReg_K_2_beta_min_acc_0.85_eps_3.49e+02.xz


--------------------
ITERATION (ACC = 0.85) DONE IN 589.4421141147614 SECONDS!
--------------------




--------------------
K = 2, TRUE_BETA = min, ACCEPT_RATE = 0.8
--------------------


Selection of epsilon star...
epsilon:  342.1427307128906 acceptance rate:  0.8479
epsilon:  335.3841247558594 acceptance rate:  0.8411
epsilon:  328.24676513671875 acceptance rate:  0.83849996
epsilon:  321.18536376953125 acceptance rate:  0.8267
epsilon:  314.19464111328125 acceptance rate:  0.8236
epsilon:  308.3543701171875 acceptance rate:  0.82229996
epsilon:  301.46490478515625 acceptance rate:  0.80689996
epsilon:  294.6910095214844 acceptance rate:  0.8089
epsilon:  289.2706298828125 acceptance rate:  0.8045
epsilon:  282.9620666503906 acceptance rate:  0.7971
Time to select epsilon star: 10.44s

Simulations of the testing dataset...
Time to simulate the testing dataset: 0.64s

Simulations of the training dataset...
Time to simulate the training dataset: 1.12s

Training the neural network...
Initial accuracy: 50.01%, Initial test accuracy: 50.04%
Training for 100 epochs...
Epoch 1/100, mean train accuracy: 79.27%, mean test accuracy: 80.03%, lr scale: 1.0 in 7.83 sec
Epoch 2/100, mean train accuracy: 88.34%, mean test accuracy: 94.03%, lr scale: 1.0 in 7.79 sec
Epoch 3/100, mean train accuracy: 91.09%, mean test accuracy: 96.22%, lr scale: 1.0 in 7.79 sec
Epoch 4/100, mean train accuracy: 91.97%, mean test accuracy: 95.42%, lr scale: 1.0 in 7.79 sec
Epoch 5/100, mean train accuracy: 92.23%, mean test accuracy: 94.69%, lr scale: 1.0 in 8.05 sec
Epoch 6/100, mean train accuracy: 93.74%, mean test accuracy: 96.62%, lr scale: 1.0 in 7.83 sec
Epoch 7/100, mean train accuracy: 96.95%, mean test accuracy: 97.90%, lr scale: 0.5 in 7.82 sec
Epoch 8/100, mean train accuracy: 96.76%, mean test accuracy: 97.28%, lr scale: 0.5 in 7.82 sec
Epoch 9/100, mean train accuracy: 96.89%, mean test accuracy: 98.07%, lr scale: 0.5 in 7.85 sec
Epoch 10/100, mean train accuracy: 96.75%, mean test accuracy: 98.24%, lr scale: 0.5 in 7.83 sec
Epoch 11/100, mean train accuracy: 98.04%, mean test accuracy: 98.41%, lr scale: 0.25 in 7.83 sec
Epoch 12/100, mean train accuracy: 98.45%, mean test accuracy: 98.87%, lr scale: 0.125 in 7.84 sec
Epoch 13/100, mean train accuracy: 98.71%, mean test accuracy: 98.88%, lr scale: 0.125 in 7.83 sec
Epoch 14/100, mean train accuracy: 98.69%, mean test accuracy: 99.03%, lr scale: 0.125 in 7.83 sec
Epoch 15/100, mean train accuracy: 98.66%, mean test accuracy: 98.60%, lr scale: 0.125 in 7.82 sec
Epoch 16/100, mean train accuracy: 98.95%, mean test accuracy: 99.03%, lr scale: 0.0625 in 7.80 sec
Epoch 17/100, mean train accuracy: 98.99%, mean test accuracy: 98.86%, lr scale: 0.0625 in 7.69 sec
Epoch 18/100, mean train accuracy: 99.08%, mean test accuracy: 99.16%, lr scale: 0.03125 in 7.76 sec
Epoch 19/100, mean train accuracy: 99.16%, mean test accuracy: 99.05%, lr scale: 0.03125 in 7.75 sec
Epoch 20/100, mean train accuracy: 99.20%, mean test accuracy: 99.25%, lr scale: 0.015625 in 7.77 sec
Epoch 21/100, mean train accuracy: 99.21%, mean test accuracy: 99.22%, lr scale: 0.015625 in 7.76 sec
Epoch 22/100, mean train accuracy: 99.26%, mean test accuracy: 99.28%, lr scale: 0.0078125 in 7.79 sec
Epoch 23/100, mean train accuracy: 99.26%, mean test accuracy: 99.28%, lr scale: 0.00390625 in 7.80 sec
Epoch 24/100, mean train accuracy: 99.27%, mean test accuracy: 99.28%, lr scale: 0.00390625 in 7.72 sec
Epoch 25/100, mean train accuracy: 99.33%, mean test accuracy: 99.30%, lr scale: 0.00390625 in 7.86 sec
Epoch 26/100, mean train accuracy: 99.31%, mean test accuracy: 99.31%, lr scale: 0.001953125 in 7.84 sec
Epoch 27/100, mean train accuracy: 99.29%, mean test accuracy: 99.31%, lr scale: 0.0009765625 in 7.85 sec
Learning rate reached 1.00E-06, stopping training
Time to train the neural network: 285.65s

Simulation Based Calibration...
Time to perform SBC: 329.49s

Data saved in  /mnt/nfs/nrdata02-users-data/luciano/script/ABC-SBI/examples/Linear-Reg/old_results_500_cluster/K_2/beta_min/pickles/LinearReg_K_2_beta_min_acc_0.8_eps_2.83e+02.xz


--------------------
ITERATION (ACC = 0.8) DONE IN 628.8312125205994 SECONDS!
--------------------




--------------------
K = 2, TRUE_BETA = min, ACCEPT_RATE = 0.75
--------------------


Selection of epsilon star...
epsilon:  276.6399230957031 acceptance rate:  0.792
epsilon:  271.3005065917969 acceptance rate:  0.78679997
epsilon:  266.1034851074219 acceptance rate:  0.7861
epsilon:  261.1930236816406 acceptance rate:  0.7873
epsilon:  256.3764953613281 acceptance rate:  0.7797
epsilon:  251.42083740234375 acceptance rate:  0.7678
epsilon:  247.1829833984375 acceptance rate:  0.76879996
epsilon:  242.4689483642578 acceptance rate:  0.76449996
epsilon:  238.95689392089844 acceptance rate:  0.7621
epsilon:  235.06715393066406 acceptance rate:  0.7545
epsilon:  231.39788818359375 acceptance rate:  0.75189996
epsilon:  228.00857543945312 acceptance rate:  0.7441
Time to select epsilon star: 14.01s

Simulations of the testing dataset...
Time to simulate the testing dataset: 0.65s

Simulations of the training dataset...
Time to simulate the training dataset: 1.07s

Training the neural network...
Initial accuracy: 50.44%, Initial test accuracy: 50.42%
Training for 100 epochs...
Epoch 1/100, mean train accuracy: 77.28%, mean test accuracy: 94.17%, lr scale: 1.0 in 7.78 sec
Epoch 2/100, mean train accuracy: 87.85%, mean test accuracy: 89.51%, lr scale: 1.0 in 7.75 sec
Epoch 3/100, mean train accuracy: 85.66%, mean test accuracy: 90.87%, lr scale: 1.0 in 7.76 sec
Epoch 4/100, mean train accuracy: 94.92%, mean test accuracy: 90.64%, lr scale: 0.5 in 7.76 sec
Epoch 5/100, mean train accuracy: 95.82%, mean test accuracy: 96.66%, lr scale: 0.5 in 7.77 sec
Epoch 6/100, mean train accuracy: 96.21%, mean test accuracy: 96.68%, lr scale: 0.5 in 7.76 sec
Epoch 7/100, mean train accuracy: 97.74%, mean test accuracy: 98.61%, lr scale: 0.25 in 7.76 sec
Epoch 8/100, mean train accuracy: 98.05%, mean test accuracy: 98.59%, lr scale: 0.125 in 7.75 sec
Epoch 9/100, mean train accuracy: 98.28%, mean test accuracy: 98.89%, lr scale: 0.125 in 7.75 sec
Epoch 10/100, mean train accuracy: 98.46%, mean test accuracy: 98.51%, lr scale: 0.125 in 7.77 sec
Epoch 11/100, mean train accuracy: 98.22%, mean test accuracy: 98.75%, lr scale: 0.0625 in 7.75 sec
Epoch 12/100, mean train accuracy: 98.92%, mean test accuracy: 98.89%, lr scale: 0.0625 in 7.76 sec
Epoch 13/100, mean train accuracy: 98.79%, mean test accuracy: 98.31%, lr scale: 0.0625 in 7.77 sec
Epoch 14/100, mean train accuracy: 99.02%, mean test accuracy: 99.10%, lr scale: 0.03125 in 7.61 sec
Epoch 15/100, mean train accuracy: 99.07%, mean test accuracy: 99.10%, lr scale: 0.03125 in 7.72 sec
Epoch 16/100, mean train accuracy: 99.10%, mean test accuracy: 99.15%, lr scale: 0.015625 in 7.68 sec
Epoch 17/100, mean train accuracy: 99.16%, mean test accuracy: 99.14%, lr scale: 0.015625 in 7.71 sec
Epoch 18/100, mean train accuracy: 99.19%, mean test accuracy: 99.20%, lr scale: 0.0078125 in 7.70 sec
Epoch 19/100, mean train accuracy: 99.20%, mean test accuracy: 99.17%, lr scale: 0.0078125 in 7.71 sec
Epoch 20/100, mean train accuracy: 99.20%, mean test accuracy: 99.19%, lr scale: 0.0078125 in 7.71 sec
Epoch 21/100, mean train accuracy: 99.23%, mean test accuracy: 99.22%, lr scale: 0.00390625 in 7.69 sec
Epoch 22/100, mean train accuracy: 99.23%, mean test accuracy: 99.23%, lr scale: 0.001953125 in 7.67 sec
Epoch 23/100, mean train accuracy: 99.23%, mean test accuracy: 99.21%, lr scale: 0.001953125 in 8.00 sec
Epoch 24/100, mean train accuracy: 99.24%, mean test accuracy: 99.22%, lr scale: 0.001953125 in 7.78 sec
Epoch 25/100, mean train accuracy: 99.25%, mean test accuracy: 99.22%, lr scale: 0.0009765625 in 7.78 sec
Learning rate reached 1.00E-06, stopping training
Time to train the neural network: 269.35s

Simulation Based Calibration...
Time to perform SBC: 328.08s

Data saved in  /mnt/nfs/nrdata02-users-data/luciano/script/ABC-SBI/examples/Linear-Reg/old_results_500_cluster/K_2/beta_min/pickles/LinearReg_K_2_beta_min_acc_0.75_eps_2.28e+02.xz


--------------------
ITERATION (ACC = 0.75) DONE IN 614.6271350383759 SECONDS!
--------------------




--------------------
K = 2, TRUE_BETA = min, ACCEPT_RATE = 0.7
--------------------


Selection of epsilon star...
epsilon:  223.98806762695312 acceptance rate:  0.737
epsilon:  219.93275451660156 acceptance rate:  0.7363
epsilon:  216.2464141845703 acceptance rate:  0.73429996
epsilon:  212.0547332763672 acceptance rate:  0.7305
epsilon:  208.42649841308594 acceptance rate:  0.7227
epsilon:  205.1645965576172 acceptance rate:  0.7209
epsilon:  201.61074829101562 acceptance rate:  0.72429997
epsilon:  198.70541381835938 acceptance rate:  0.7136
epsilon:  196.07254028320312 acceptance rate:  0.70339996
epsilon:  192.9225616455078 acceptance rate:  0.70769995
epsilon:  190.0270233154297 acceptance rate:  0.70159996
epsilon:  187.1503448486328 acceptance rate:  0.7069
epsilon:  184.6400604248047 acceptance rate:  0.6836
Time to select epsilon star: 15.94s

Simulations of the testing dataset...
Time to simulate the testing dataset: 0.70s

Simulations of the training dataset...
Time to simulate the training dataset: 1.10s

Training the neural network...
Initial accuracy: 49.90%, Initial test accuracy: 50.00%
Training for 100 epochs...
Epoch 1/100, mean train accuracy: 77.11%, mean test accuracy: 91.68%, lr scale: 1.0 in 7.78 sec
Epoch 2/100, mean train accuracy: 84.42%, mean test accuracy: 93.03%, lr scale: 1.0 in 7.75 sec
Epoch 3/100, mean train accuracy: 86.65%, mean test accuracy: 83.94%, lr scale: 1.0 in 7.75 sec
Epoch 4/100, mean train accuracy: 90.69%, mean test accuracy: 96.80%, lr scale: 1.0 in 7.75 sec
Epoch 5/100, mean train accuracy: 94.44%, mean test accuracy: 69.83%, lr scale: 1.0 in 7.75 sec
Epoch 6/100, mean train accuracy: 91.53%, mean test accuracy: 95.83%, lr scale: 1.0 in 7.75 sec
Epoch 7/100, mean train accuracy: 96.45%, mean test accuracy: 97.71%, lr scale: 0.5 in 7.76 sec
Epoch 8/100, mean train accuracy: 96.95%, mean test accuracy: 98.29%, lr scale: 0.5 in 7.76 sec
Epoch 9/100, mean train accuracy: 97.15%, mean test accuracy: 97.98%, lr scale: 0.5 in 7.75 sec
Epoch 10/100, mean train accuracy: 97.27%, mean test accuracy: 98.38%, lr scale: 0.25 in 7.76 sec
Epoch 11/100, mean train accuracy: 98.21%, mean test accuracy: 98.61%, lr scale: 0.25 in 7.75 sec
Epoch 12/100, mean train accuracy: 98.17%, mean test accuracy: 98.41%, lr scale: 0.25 in 7.76 sec
Epoch 13/100, mean train accuracy: 98.50%, mean test accuracy: 98.86%, lr scale: 0.125 in 8.01 sec
Epoch 14/100, mean train accuracy: 98.67%, mean test accuracy: 97.23%, lr scale: 0.125 in 7.78 sec
Epoch 15/100, mean train accuracy: 98.90%, mean test accuracy: 99.05%, lr scale: 0.0625 in 7.68 sec
Epoch 16/100, mean train accuracy: 99.02%, mean test accuracy: 99.03%, lr scale: 0.0625 in 7.71 sec
Epoch 17/100, mean train accuracy: 99.05%, mean test accuracy: 99.11%, lr scale: 0.03125 in 7.74 sec
Epoch 18/100, mean train accuracy: 99.10%, mean test accuracy: 99.13%, lr scale: 0.03125 in 7.75 sec
Epoch 19/100, mean train accuracy: 99.13%, mean test accuracy: 99.19%, lr scale: 0.015625 in 7.74 sec
Epoch 20/100, mean train accuracy: 99.18%, mean test accuracy: 99.20%, lr scale: 0.015625 in 7.73 sec
Epoch 21/100, mean train accuracy: 99.21%, mean test accuracy: 99.17%, lr scale: 0.015625 in 7.71 sec
Epoch 22/100, mean train accuracy: 99.22%, mean test accuracy: 99.20%, lr scale: 0.015625 in 7.75 sec
Epoch 23/100, mean train accuracy: 99.21%, mean test accuracy: 99.19%, lr scale: 0.015625 in 7.75 sec
Epoch 24/100, mean train accuracy: 99.17%, mean test accuracy: 99.19%, lr scale: 0.015625 in 7.71 sec
Epoch 25/100, mean train accuracy: 99.21%, mean test accuracy: 99.18%, lr scale: 0.0078125 in 7.78 sec
Epoch 26/100, mean train accuracy: 99.24%, mean test accuracy: 99.20%, lr scale: 0.0078125 in 7.83 sec
Epoch 27/100, mean train accuracy: 99.24%, mean test accuracy: 99.22%, lr scale: 0.00390625 in 7.82 sec
Epoch 28/100, mean train accuracy: 99.23%, mean test accuracy: 99.22%, lr scale: 0.001953125 in 7.80 sec
Epoch 29/100, mean train accuracy: 99.26%, mean test accuracy: 99.22%, lr scale: 0.0009765625 in 7.81 sec
Learning rate reached 1.00E-06, stopping training
Time to train the neural network: 315.93s

Simulation Based Calibration...
Time to perform SBC: 328.07s

Data saved in  /mnt/nfs/nrdata02-users-data/luciano/script/ABC-SBI/examples/Linear-Reg/old_results_500_cluster/K_2/beta_min/pickles/LinearReg_K_2_beta_min_acc_0.7_eps_1.85e+02.xz


--------------------
ITERATION (ACC = 0.7) DONE IN 663.1968669891357 SECONDS!
--------------------


