Host clust4
Old path: /mnt/nfs/nrdata02-users-data/luciano/script
New path: /mnt/nfs/nrdata02-users-data/luciano/script/ABC-SBI


--------------------
SIGMA0 = 20.0, TRUE_MU = 0, ACCEPT_RATE = 1.0
--------------------


Selection of epsilon star...
Distances: min =  2.57999e-08 max =  5184.155 mean =  400.90814 std =  558.53
Time to select epsilon star: 1.02s

Simulations of the testing dataset...
Time to simulate the testing dataset: 1.24s

Simulations of the training dataset...
Time to simulate the training dataset: 1.37s

Training the neural network...
Initial accuracy: 49.73%, Initial test accuracy: 49.78%
Training for 100 epochs...
Epoch 1/100, mean train accuracy: 91.47%, mean test accuracy: 96.08%, lr scale: 1.0 in 8.13 sec
Epoch 2/100, mean train accuracy: 94.12%, mean test accuracy: 97.20%, lr scale: 1.0 in 7.93 sec
Epoch 3/100, mean train accuracy: 94.56%, mean test accuracy: 98.71%, lr scale: 0.5 in 8.08 sec
Epoch 4/100, mean train accuracy: 97.28%, mean test accuracy: 98.43%, lr scale: 0.5 in 8.22 sec
Epoch 5/100, mean train accuracy: 97.69%, mean test accuracy: 99.02%, lr scale: 0.25 in 8.31 sec
Epoch 6/100, mean train accuracy: 98.57%, mean test accuracy: 98.87%, lr scale: 0.25 in 8.02 sec
Epoch 7/100, mean train accuracy: 98.78%, mean test accuracy: 99.20%, lr scale: 0.25 in 8.04 sec
Epoch 8/100, mean train accuracy: 98.58%, mean test accuracy: 98.93%, lr scale: 0.25 in 7.73 sec
Epoch 9/100, mean train accuracy: 99.12%, mean test accuracy: 99.28%, lr scale: 0.125 in 7.73 sec
Epoch 10/100, mean train accuracy: 99.04%, mean test accuracy: 99.24%, lr scale: 0.125 in 7.95 sec
Epoch 11/100, mean train accuracy: 99.24%, mean test accuracy: 99.25%, lr scale: 0.125 in 7.52 sec
Epoch 12/100, mean train accuracy: 99.02%, mean test accuracy: 99.24%, lr scale: 0.0625 in 7.60 sec
Epoch 13/100, mean train accuracy: 99.32%, mean test accuracy: 99.28%, lr scale: 0.0625 in 7.42 sec
Epoch 14/100, mean train accuracy: 99.32%, mean test accuracy: 99.32%, lr scale: 0.0625 in 7.37 sec
Epoch 15/100, mean train accuracy: 99.31%, mean test accuracy: 99.34%, lr scale: 0.03125 in 7.42 sec
Epoch 16/100, mean train accuracy: 99.35%, mean test accuracy: 99.35%, lr scale: 0.03125 in 7.24 sec
Epoch 17/100, mean train accuracy: 99.36%, mean test accuracy: 99.36%, lr scale: 0.03125 in 7.48 sec
Epoch 18/100, mean train accuracy: 99.35%, mean test accuracy: 99.28%, lr scale: 0.015625 in 7.32 sec
Epoch 19/100, mean train accuracy: 99.40%, mean test accuracy: 99.39%, lr scale: 0.015625 in 7.36 sec
Epoch 20/100, mean train accuracy: 99.40%, mean test accuracy: 99.38%, lr scale: 0.0078125 in 7.43 sec
Epoch 21/100, mean train accuracy: 99.41%, mean test accuracy: 99.39%, lr scale: 0.0078125 in 7.29 sec
Epoch 22/100, mean train accuracy: 99.40%, mean test accuracy: 99.39%, lr scale: 0.0078125 in 7.40 sec
Epoch 23/100, mean train accuracy: 99.42%, mean test accuracy: 99.37%, lr scale: 0.00390625 in 7.33 sec
Epoch 24/100, mean train accuracy: 99.41%, mean test accuracy: 99.40%, lr scale: 0.00390625 in 7.27 sec
Epoch 25/100, mean train accuracy: 99.42%, mean test accuracy: 99.40%, lr scale: 0.001953125 in 7.32 sec
Epoch 26/100, mean train accuracy: 99.41%, mean test accuracy: 99.40%, lr scale: 0.0009765625 in 7.23 sec
Learning rate reached 1.00E-06, stopping training
Time to train the neural network: 213.67s

Simulation Based Calibration...
Time to perform SBC: 950.19s

Data saved in  /mnt/nfs/nrdata02-users-data/luciano/script/ABC-SBI/examples/Gauss-Gauss/old_results/sigma0_20.0/mu_0/pickles/GaussGauss_sigma_1.0_sigma0_20.0_mu_0_acc_1.0_eps_inf.xy


--------------------
ITERATION (ACC = 1.0) DONE IN 1170.1647744178772 SECONDS!
--------------------




--------------------
SIGMA0 = 20.0, TRUE_MU = 0, ACCEPT_RATE = 0.999
--------------------


Selection of epsilon star...
Distances: min =  1.0266555e-08 max =  6733.098 mean =  396.08066 std =  559.53296
epsilon:  2690.640869140625 acceptance rate:  0.99979997
epsilon:  2179.440673828125 acceptance rate:  0.9999
epsilon:  1921.6031494140625 acceptance rate:  0.99979997
epsilon:  1711.6820068359375 acceptance rate:  0.99979997
epsilon:  1582.8846435546875 acceptance rate:  0.9999
epsilon:  1456.7879638671875 acceptance rate:  0.9996
epsilon:  1355.12548828125 acceptance rate:  0.99979997
epsilon:  1255.777587890625 acceptance rate:  0.9995
epsilon:  1174.66259765625 acceptance rate:  0.9993
epsilon:  1122.322509765625 acceptance rate:  0.99939996
epsilon:  1057.806884765625 acceptance rate:  0.9995
epsilon:  997.4385986328125 acceptance rate:  0.99939996
epsilon:  949.12646484375 acceptance rate:  0.99899995
Time to select epsilon star: 9.12s

Simulations of the testing dataset...
Time to simulate the testing dataset: 0.60s

Simulations of the training dataset...
Time to simulate the training dataset: 0.75s

Training the neural network...
Initial accuracy: 50.73%, Initial test accuracy: 50.80%
Training for 100 epochs...
Epoch 1/100, mean train accuracy: 91.68%, mean test accuracy: 97.24%, lr scale: 1.0 in 7.49 sec
Epoch 2/100, mean train accuracy: 88.92%, mean test accuracy: 93.33%, lr scale: 0.5 in 7.49 sec
Epoch 3/100, mean train accuracy: 95.77%, mean test accuracy: 98.45%, lr scale: 0.5 in 7.23 sec
Epoch 4/100, mean train accuracy: 96.44%, mean test accuracy: 98.50%, lr scale: 0.5 in 7.39 sec
Epoch 5/100, mean train accuracy: 97.24%, mean test accuracy: 98.58%, lr scale: 0.5 in 7.37 sec
Epoch 6/100, mean train accuracy: 96.61%, mean test accuracy: 96.24%, lr scale: 0.5 in 7.26 sec
Epoch 7/100, mean train accuracy: 98.41%, mean test accuracy: 99.02%, lr scale: 0.25 in 7.28 sec
Epoch 8/100, mean train accuracy: 98.41%, mean test accuracy: 98.44%, lr scale: 0.25 in 7.31 sec
Epoch 9/100, mean train accuracy: 98.74%, mean test accuracy: 99.13%, lr scale: 0.25 in 7.36 sec
Epoch 10/100, mean train accuracy: 98.35%, mean test accuracy: 99.05%, lr scale: 0.25 in 7.41 sec
Epoch 11/100, mean train accuracy: 98.74%, mean test accuracy: 98.21%, lr scale: 0.25 in 7.53 sec
Epoch 12/100, mean train accuracy: 98.65%, mean test accuracy: 99.22%, lr scale: 0.125 in 7.35 sec
Epoch 13/100, mean train accuracy: 99.18%, mean test accuracy: 99.21%, lr scale: 0.125 in 7.26 sec
Epoch 14/100, mean train accuracy: 98.89%, mean test accuracy: 99.27%, lr scale: 0.0625 in 7.30 sec
Epoch 15/100, mean train accuracy: 99.22%, mean test accuracy: 99.27%, lr scale: 0.0625 in 7.40 sec
Epoch 16/100, mean train accuracy: 99.25%, mean test accuracy: 99.26%, lr scale: 0.03125 in 7.29 sec
Epoch 17/100, mean train accuracy: 99.27%, mean test accuracy: 99.14%, lr scale: 0.03125 in 7.25 sec
Epoch 18/100, mean train accuracy: 99.27%, mean test accuracy: 99.29%, lr scale: 0.03125 in 7.49 sec
Epoch 19/100, mean train accuracy: 99.28%, mean test accuracy: 99.27%, lr scale: 0.015625 in 7.26 sec
Epoch 20/100, mean train accuracy: 99.30%, mean test accuracy: 99.31%, lr scale: 0.015625 in 7.31 sec
Epoch 21/100, mean train accuracy: 99.28%, mean test accuracy: 99.33%, lr scale: 0.0078125 in 7.37 sec
Epoch 22/100, mean train accuracy: 99.34%, mean test accuracy: 99.33%, lr scale: 0.0078125 in 7.30 sec
Epoch 23/100, mean train accuracy: 99.33%, mean test accuracy: 99.34%, lr scale: 0.0078125 in 7.27 sec
Epoch 24/100, mean train accuracy: 99.36%, mean test accuracy: 99.33%, lr scale: 0.00390625 in 7.36 sec
Epoch 25/100, mean train accuracy: 99.32%, mean test accuracy: 99.34%, lr scale: 0.00390625 in 7.35 sec
Epoch 26/100, mean train accuracy: 99.33%, mean test accuracy: 99.33%, lr scale: 0.001953125 in 7.31 sec
Epoch 27/100, mean train accuracy: 99.30%, mean test accuracy: 99.34%, lr scale: 0.001953125 in 7.49 sec
Epoch 28/100, mean train accuracy: 99.34%, mean test accuracy: 99.34%, lr scale: 0.0009765625 in 7.30 sec
Learning rate reached 1.00E-06, stopping training
Time to train the neural network: 222.49s

Simulation Based Calibration...
Time to perform SBC: 946.97s

Data saved in  /mnt/nfs/nrdata02-users-data/luciano/script/ABC-SBI/examples/Gauss-Gauss/old_results/sigma0_20.0/mu_0/pickles/GaussGauss_sigma_1.0_sigma0_20.0_mu_0_acc_0.999_eps_949.13.xy


--------------------
ITERATION (ACC = 0.999) DONE IN 1182.2254838943481 SECONDS!
--------------------




--------------------
SIGMA0 = 20.0, TRUE_MU = 0, ACCEPT_RATE = 0.99
--------------------


Selection of epsilon star...
epsilon:  902.697998046875 acceptance rate:  0.9988
epsilon:  864.51904296875 acceptance rate:  0.99909997
epsilon:  826.3515014648438 acceptance rate:  0.9989
epsilon:  791.4191284179688 acceptance rate:  0.99909997
epsilon:  763.4326171875 acceptance rate:  0.99899995
epsilon:  735.08544921875 acceptance rate:  0.99909997
epsilon:  707.19384765625 acceptance rate:  0.99909997
epsilon:  682.6481323242188 acceptance rate:  0.99869996
epsilon:  660.3145751953125 acceptance rate:  0.9989
epsilon:  637.5110473632812 acceptance rate:  0.99859995
epsilon:  618.7279052734375 acceptance rate:  0.9985
epsilon:  594.4039916992188 acceptance rate:  0.9988
epsilon:  574.7074584960938 acceptance rate:  0.9985
epsilon:  557.6514282226562 acceptance rate:  0.99869996
epsilon:  535.3884887695312 acceptance rate:  0.9988
epsilon:  516.31201171875 acceptance rate:  0.99789995
epsilon:  501.41168212890625 acceptance rate:  0.9982
epsilon:  486.73516845703125 acceptance rate:  0.9982
epsilon:  471.9839172363281 acceptance rate:  0.9985
epsilon:  458.4599609375 acceptance rate:  0.9988
epsilon:  445.1481018066406 acceptance rate:  0.9985
epsilon:  432.6345520019531 acceptance rate:  0.9984
epsilon:  419.078369140625 acceptance rate:  0.9975
epsilon:  408.2859191894531 acceptance rate:  0.9978
epsilon:  396.8717346191406 acceptance rate:  0.9974
epsilon:  386.40496826171875 acceptance rate:  0.9982
epsilon:  374.14422607421875 acceptance rate:  0.99729997
epsilon:  364.79473876953125 acceptance rate:  0.9982
epsilon:  355.48321533203125 acceptance rate:  0.9978
epsilon:  346.00201416015625 acceptance rate:  0.9981
epsilon:  336.2264099121094 acceptance rate:  0.99799997
epsilon:  326.5791015625 acceptance rate:  0.99799997
epsilon:  317.0621337890625 acceptance rate:  0.99729997
epsilon:  307.8482360839844 acceptance rate:  0.9974
epsilon:  299.6125183105469 acceptance rate:  0.9971
epsilon:  292.8330383300781 acceptance rate:  0.9978
epsilon:  285.55657958984375 acceptance rate:  0.9974
epsilon:  278.49456787109375 acceptance rate:  0.9971
epsilon:  270.7608642578125 acceptance rate:  0.99689996
epsilon:  264.4407958984375 acceptance rate:  0.99729997
epsilon:  258.0717468261719 acceptance rate:  0.99729997
epsilon:  251.19798278808594 acceptance rate:  0.99719995
epsilon:  245.39395141601562 acceptance rate:  0.996
epsilon:  240.07077026367188 acceptance rate:  0.9966
epsilon:  233.93446350097656 acceptance rate:  0.9975
epsilon:  227.9756622314453 acceptance rate:  0.9971
epsilon:  222.42868041992188 acceptance rate:  0.99609995
epsilon:  217.4404754638672 acceptance rate:  0.9971
epsilon:  211.87588500976562 acceptance rate:  0.996
epsilon:  207.12484741210938 acceptance rate:  0.9963
epsilon:  202.59182739257812 acceptance rate:  0.9963
epsilon:  197.66754150390625 acceptance rate:  0.9971
epsilon:  192.3746337890625 acceptance rate:  0.9957
epsilon:  188.2257080078125 acceptance rate:  0.99689996
epsilon:  183.69480895996094 acceptance rate:  0.99609995
epsilon:  179.95394897460938 acceptance rate:  0.99679995
epsilon:  175.62646484375 acceptance rate:  0.99609995
epsilon:  171.82330322265625 acceptance rate:  0.9975
epsilon:  167.7918243408203 acceptance rate:  0.99649996
epsilon:  163.82286071777344 acceptance rate:  0.99679995
epsilon:  159.59808349609375 acceptance rate:  0.9967
epsilon:  155.53433227539062 acceptance rate:  0.99609995
epsilon:  151.52703857421875 acceptance rate:  0.99619997
epsilon:  148.0968475341797 acceptance rate:  0.99729997
epsilon:  144.10255432128906 acceptance rate:  0.9957
epsilon:  140.74388122558594 acceptance rate:  0.99619997
epsilon:  137.23094177246094 acceptance rate:  0.99609995
epsilon:  134.3408966064453 acceptance rate:  0.99509996
epsilon:  131.22315979003906 acceptance rate:  0.9956
epsilon:  128.4200439453125 acceptance rate:  0.99499995
epsilon:  125.58289337158203 acceptance rate:  0.9967
epsilon:  122.60523986816406 acceptance rate:  0.99509996
epsilon:  120.73639678955078 acceptance rate:  0.9957
epsilon:  117.87457275390625 acceptance rate:  0.99539995
epsilon:  115.51744079589844 acceptance rate:  0.9952
epsilon:  112.95061492919922 acceptance rate:  0.996
epsilon:  110.59538269042969 acceptance rate:  0.9952
epsilon:  108.00471496582031 acceptance rate:  0.9945
epsilon:  105.66568756103516 acceptance rate:  0.9956
epsilon:  103.01853942871094 acceptance rate:  0.99469995
epsilon:  101.18329620361328 acceptance rate:  0.99509996
epsilon:  98.60784149169922 acceptance rate:  0.99439996
epsilon:  96.52727508544922 acceptance rate:  0.9945
epsilon:  94.27896881103516 acceptance rate:  0.9945
epsilon:  92.2390365600586 acceptance rate:  0.9952
epsilon:  90.04815673828125 acceptance rate:  0.9946
epsilon:  88.09011840820312 acceptance rate:  0.99469995
epsilon:  86.22396850585938 acceptance rate:  0.9932
epsilon:  84.46197509765625 acceptance rate:  0.99499995
epsilon:  82.36714172363281 acceptance rate:  0.9949
epsilon:  80.54859161376953 acceptance rate:  0.9941
epsilon:  79.01029205322266 acceptance rate:  0.99439996
epsilon:  77.62029266357422 acceptance rate:  0.9941
epsilon:  75.8697280883789 acceptance rate:  0.99509996
epsilon:  74.1754150390625 acceptance rate:  0.9949
epsilon:  72.55398559570312 acceptance rate:  0.9934
epsilon:  71.11779022216797 acceptance rate:  0.992
epsilon:  69.90707397460938 acceptance rate:  0.9942
epsilon:  68.36701965332031 acceptance rate:  0.99369997
epsilon:  66.80513763427734 acceptance rate:  0.99249995
epsilon:  65.35592651367188 acceptance rate:  0.9934
epsilon:  63.795536041259766 acceptance rate:  0.9928
epsilon:  62.68714141845703 acceptance rate:  0.9939
epsilon:  61.26093292236328 acceptance rate:  0.99249995
epsilon:  60.16230773925781 acceptance rate:  0.9921
epsilon:  58.9724006652832 acceptance rate:  0.9931
epsilon:  57.72539520263672 acceptance rate:  0.9921
epsilon:  56.69258117675781 acceptance rate:  0.993
epsilon:  55.469539642333984 acceptance rate:  0.9932
epsilon:  54.31922149658203 acceptance rate:  0.9924
epsilon:  53.23312759399414 acceptance rate:  0.993
epsilon:  52.16008377075195 acceptance rate:  0.9934
epsilon:  51.11455154418945 acceptance rate:  0.9928
epsilon:  50.106536865234375 acceptance rate:  0.9927
epsilon:  48.94919204711914 acceptance rate:  0.9921
epsilon:  48.007816314697266 acceptance rate:  0.993
epsilon:  47.07476043701172 acceptance rate:  0.9934
epsilon:  45.936317443847656 acceptance rate:  0.99289995
epsilon:  44.9884147644043 acceptance rate:  0.9917
epsilon:  44.07185363769531 acceptance rate:  0.9928
epsilon:  43.02632522583008 acceptance rate:  0.9905
epsilon:  42.20221710205078 acceptance rate:  0.9916
epsilon:  41.44195556640625 acceptance rate:  0.9916
epsilon:  40.52241134643555 acceptance rate:  0.99189997
epsilon:  39.6967887878418 acceptance rate:  0.99079996
epsilon:  38.883358001708984 acceptance rate:  0.99039996
epsilon:  37.99410629272461 acceptance rate:  0.9913
epsilon:  37.25852584838867 acceptance rate:  0.99069995
epsilon:  36.54100036621094 acceptance rate:  0.9914
epsilon:  35.822235107421875 acceptance rate:  0.9909
epsilon:  35.00702667236328 acceptance rate:  0.99109995
epsilon:  34.3565559387207 acceptance rate:  0.99109995
epsilon:  33.60142135620117 acceptance rate:  0.9905
epsilon:  32.87031936645508 acceptance rate:  0.9902
epsilon:  32.21757125854492 acceptance rate:  0.9903
epsilon:  31.524707794189453 acceptance rate:  0.99079996
epsilon:  30.840349197387695 acceptance rate:  0.98899996
Time to select epsilon star: 107.08s

Simulations of the testing dataset...
Time to simulate the testing dataset: 0.61s

Simulations of the training dataset...
Time to simulate the training dataset: 1.03s

Training the neural network...
Initial accuracy: 53.96%, Initial test accuracy: 54.06%
Training for 100 epochs...
Epoch 1/100, mean train accuracy: 96.72%, mean test accuracy: 94.72%, lr scale: 1.0 in 7.36 sec
Epoch 2/100, mean train accuracy: 96.88%, mean test accuracy: 98.08%, lr scale: 1.0 in 7.41 sec
Epoch 3/100, mean train accuracy: 98.51%, mean test accuracy: 98.83%, lr scale: 1.0 in 7.36 sec
Epoch 4/100, mean train accuracy: 97.85%, mean test accuracy: 98.93%, lr scale: 1.0 in 7.24 sec
Epoch 5/100, mean train accuracy: 98.67%, mean test accuracy: 98.98%, lr scale: 0.5 in 7.21 sec
Epoch 6/100, mean train accuracy: 98.97%, mean test accuracy: 98.97%, lr scale: 0.5 in 7.39 sec
Epoch 7/100, mean train accuracy: 98.97%, mean test accuracy: 99.01%, lr scale: 0.5 in 7.44 sec
Epoch 8/100, mean train accuracy: 99.03%, mean test accuracy: 99.08%, lr scale: 0.25 in 7.35 sec
Epoch 9/100, mean train accuracy: 99.07%, mean test accuracy: 99.09%, lr scale: 0.25 in 7.40 sec
Epoch 10/100, mean train accuracy: 99.14%, mean test accuracy: 99.17%, lr scale: 0.25 in 7.47 sec
Epoch 11/100, mean train accuracy: 99.13%, mean test accuracy: 99.12%, lr scale: 0.125 in 7.55 sec
Epoch 12/100, mean train accuracy: 99.15%, mean test accuracy: 99.17%, lr scale: 0.125 in 7.49 sec
Epoch 13/100, mean train accuracy: 99.18%, mean test accuracy: 99.17%, lr scale: 0.125 in 7.36 sec
Epoch 14/100, mean train accuracy: 99.21%, mean test accuracy: 99.20%, lr scale: 0.0625 in 7.55 sec
Epoch 15/100, mean train accuracy: 99.24%, mean test accuracy: 99.19%, lr scale: 0.0625 in 7.40 sec
Epoch 16/100, mean train accuracy: 99.24%, mean test accuracy: 99.19%, lr scale: 0.03125 in 7.25 sec
Epoch 17/100, mean train accuracy: 99.26%, mean test accuracy: 99.18%, lr scale: 0.03125 in 7.22 sec
Epoch 18/100, mean train accuracy: 99.25%, mean test accuracy: 99.20%, lr scale: 0.015625 in 7.29 sec
Epoch 19/100, mean train accuracy: 99.24%, mean test accuracy: 99.21%, lr scale: 0.0078125 in 7.44 sec
Epoch 20/100, mean train accuracy: 99.27%, mean test accuracy: 99.21%, lr scale: 0.0078125 in 7.22 sec
Epoch 21/100, mean train accuracy: 99.25%, mean test accuracy: 99.22%, lr scale: 0.00390625 in 7.24 sec
Epoch 22/100, mean train accuracy: 99.25%, mean test accuracy: 99.22%, lr scale: 0.001953125 in 7.30 sec
Epoch 23/100, mean train accuracy: 99.25%, mean test accuracy: 99.22%, lr scale: 0.001953125 in 7.32 sec
Epoch 24/100, mean train accuracy: 99.26%, mean test accuracy: 99.22%, lr scale: 0.0009765625 in 7.27 sec
Learning rate reached 1.00E-06, stopping training
Time to train the neural network: 219.48s

Simulation Based Calibration...
Time to perform SBC: 946.14s

Data saved in  /mnt/nfs/nrdata02-users-data/luciano/script/ABC-SBI/examples/Gauss-Gauss/old_results/sigma0_20.0/mu_0/pickles/GaussGauss_sigma_1.0_sigma0_20.0_mu_0_acc_0.99_eps_30.84.xy


--------------------
ITERATION (ACC = 0.99) DONE IN 1276.4237723350525 SECONDS!
--------------------




--------------------
SIGMA0 = 20.0, TRUE_MU = 0, ACCEPT_RATE = 0.975
--------------------


Selection of epsilon star...
epsilon:  30.19595718383789 acceptance rate:  0.99189997
epsilon:  29.463321685791016 acceptance rate:  0.9896
epsilon:  28.904142379760742 acceptance rate:  0.99069995
epsilon:  28.30663299560547 acceptance rate:  0.99069995
epsilon:  27.654890060424805 acceptance rate:  0.9891
epsilon:  27.04722785949707 acceptance rate:  0.9903
epsilon:  26.56814193725586 acceptance rate:  0.9898
epsilon:  26.042116165161133 acceptance rate:  0.9895
epsilon:  25.53737449645996 acceptance rate:  0.98939997
epsilon:  25.02085304260254 acceptance rate:  0.9899
epsilon:  24.556060791015625 acceptance rate:  0.9898
epsilon:  24.00756072998047 acceptance rate:  0.9884
epsilon:  23.564655303955078 acceptance rate:  0.988
epsilon:  23.07302474975586 acceptance rate:  0.98929995
epsilon:  22.656513214111328 acceptance rate:  0.98939997
epsilon:  22.08919334411621 acceptance rate:  0.9878
epsilon:  21.616352081298828 acceptance rate:  0.9869
epsilon:  21.14444923400879 acceptance rate:  0.98749995
epsilon:  20.721637725830078 acceptance rate:  0.9881
epsilon:  20.2562198638916 acceptance rate:  0.98789996
epsilon:  19.84457778930664 acceptance rate:  0.9885
epsilon:  19.358198165893555 acceptance rate:  0.986
epsilon:  19.046279907226562 acceptance rate:  0.9867
epsilon:  18.64763069152832 acceptance rate:  0.98759997
epsilon:  18.231103897094727 acceptance rate:  0.98719996
epsilon:  17.877527236938477 acceptance rate:  0.98569995
epsilon:  17.50333595275879 acceptance rate:  0.9856
epsilon:  17.162174224853516 acceptance rate:  0.98719996
epsilon:  16.79312515258789 acceptance rate:  0.9867
epsilon:  16.448877334594727 acceptance rate:  0.98759997
epsilon:  16.04962730407715 acceptance rate:  0.9855
epsilon:  15.703574180603027 acceptance rate:  0.9853
epsilon:  15.410025596618652 acceptance rate:  0.9873
epsilon:  15.084540367126465 acceptance rate:  0.9849
epsilon:  14.74323558807373 acceptance rate:  0.9856
epsilon:  14.411285400390625 acceptance rate:  0.9866
epsilon:  14.125088691711426 acceptance rate:  0.98679996
epsilon:  13.815827369689941 acceptance rate:  0.9835
epsilon:  13.496848106384277 acceptance rate:  0.9859
epsilon:  13.182389259338379 acceptance rate:  0.9827
epsilon:  12.943721771240234 acceptance rate:  0.9841
epsilon:  12.690324783325195 acceptance rate:  0.98249996
epsilon:  12.458797454833984 acceptance rate:  0.9841
epsilon:  12.172149658203125 acceptance rate:  0.9851
epsilon:  11.896368980407715 acceptance rate:  0.98149997
epsilon:  11.670743942260742 acceptance rate:  0.9833
epsilon:  11.437009811401367 acceptance rate:  0.9845
epsilon:  11.140334129333496 acceptance rate:  0.9835
epsilon:  10.893622398376465 acceptance rate:  0.98139995
epsilon:  10.696809768676758 acceptance rate:  0.9835
epsilon:  10.488234519958496 acceptance rate:  0.98279995
epsilon:  10.286867141723633 acceptance rate:  0.9827
epsilon:  10.060662269592285 acceptance rate:  0.98249996
epsilon:  9.851471900939941 acceptance rate:  0.98209995
epsilon:  9.700666427612305 acceptance rate:  0.9823
epsilon:  9.50465202331543 acceptance rate:  0.9833
epsilon:  9.331639289855957 acceptance rate:  0.9808
epsilon:  9.129322052001953 acceptance rate:  0.9801
epsilon:  8.95534610748291 acceptance rate:  0.9809
epsilon:  8.7902250289917 acceptance rate:  0.98149997
epsilon:  8.574098587036133 acceptance rate:  0.9798
epsilon:  8.406373023986816 acceptance rate:  0.98109996
epsilon:  8.238434791564941 acceptance rate:  0.9802
epsilon:  8.092226028442383 acceptance rate:  0.98139995
epsilon:  7.940919399261475 acceptance rate:  0.98039997
epsilon:  7.805435657501221 acceptance rate:  0.97969997
epsilon:  7.632213592529297 acceptance rate:  0.9817
epsilon:  7.474194526672363 acceptance rate:  0.97919995
epsilon:  7.315361022949219 acceptance rate:  0.9806
epsilon:  7.1329145431518555 acceptance rate:  0.979
epsilon:  7.015674591064453 acceptance rate:  0.9784
epsilon:  6.871206283569336 acceptance rate:  0.9787
epsilon:  6.71421480178833 acceptance rate:  0.97859997
epsilon:  6.561267852783203 acceptance rate:  0.9784
epsilon:  6.416850566864014 acceptance rate:  0.97789997
epsilon:  6.287243843078613 acceptance rate:  0.9758
epsilon:  6.15720272064209 acceptance rate:  0.9774
epsilon:  6.037291526794434 acceptance rate:  0.97569996
epsilon:  5.941388130187988 acceptance rate:  0.9783
epsilon:  5.829921722412109 acceptance rate:  0.9766
epsilon:  5.693354606628418 acceptance rate:  0.9741
Time to select epsilon star: 93.29s

Simulations of the testing dataset...
Time to simulate the testing dataset: 0.55s

Simulations of the training dataset...
Time to simulate the training dataset: 0.96s

Training the neural network...
Initial accuracy: 48.98%, Initial test accuracy: 49.01%
Training for 100 epochs...
Epoch 1/100, mean train accuracy: 98.09%, mean test accuracy: 97.87%, lr scale: 1.0 in 7.40 sec
Epoch 2/100, mean train accuracy: 98.85%, mean test accuracy: 99.00%, lr scale: 1.0 in 7.48 sec
Epoch 3/100, mean train accuracy: 98.95%, mean test accuracy: 99.02%, lr scale: 1.0 in 7.22 sec
Epoch 4/100, mean train accuracy: 98.94%, mean test accuracy: 98.85%, lr scale: 1.0 in 7.31 sec
Epoch 5/100, mean train accuracy: 98.97%, mean test accuracy: 99.13%, lr scale: 1.0 in 7.29 sec
Epoch 6/100, mean train accuracy: 99.11%, mean test accuracy: 99.18%, lr scale: 1.0 in 7.29 sec
Epoch 7/100, mean train accuracy: 99.12%, mean test accuracy: 99.23%, lr scale: 0.5 in 7.34 sec
Epoch 8/100, mean train accuracy: 99.22%, mean test accuracy: 99.22%, lr scale: 0.5 in 7.37 sec
Epoch 9/100, mean train accuracy: 99.22%, mean test accuracy: 99.27%, lr scale: 0.25 in 7.34 sec
Epoch 10/100, mean train accuracy: 99.25%, mean test accuracy: 99.27%, lr scale: 0.125 in 7.36 sec
Epoch 11/100, mean train accuracy: 99.25%, mean test accuracy: 99.24%, lr scale: 0.125 in 7.41 sec
Epoch 12/100, mean train accuracy: 99.29%, mean test accuracy: 99.29%, lr scale: 0.0625 in 7.43 sec
Epoch 13/100, mean train accuracy: 99.28%, mean test accuracy: 99.26%, lr scale: 0.0625 in 7.54 sec
Epoch 14/100, mean train accuracy: 99.30%, mean test accuracy: 99.27%, lr scale: 0.03125 in 7.44 sec
Epoch 15/100, mean train accuracy: 99.32%, mean test accuracy: 99.29%, lr scale: 0.03125 in 7.35 sec
Epoch 16/100, mean train accuracy: 99.32%, mean test accuracy: 99.28%, lr scale: 0.03125 in 7.30 sec
Epoch 17/100, mean train accuracy: 99.31%, mean test accuracy: 99.28%, lr scale: 0.015625 in 7.39 sec
Epoch 18/100, mean train accuracy: 99.31%, mean test accuracy: 99.29%, lr scale: 0.0078125 in 7.54 sec
Epoch 19/100, mean train accuracy: 99.32%, mean test accuracy: 99.28%, lr scale: 0.0078125 in 7.27 sec
Epoch 20/100, mean train accuracy: 99.31%, mean test accuracy: 99.28%, lr scale: 0.00390625 in 7.31 sec
Epoch 21/100, mean train accuracy: 99.32%, mean test accuracy: 99.28%, lr scale: 0.001953125 in 7.24 sec
Epoch 22/100, mean train accuracy: 99.31%, mean test accuracy: 99.28%, lr scale: 0.001953125 in 7.67 sec
Epoch 23/100, mean train accuracy: 99.32%, mean test accuracy: 99.28%, lr scale: 0.0009765625 in 7.30 sec
Learning rate reached 1.00E-06, stopping training
Time to train the neural network: 243.90s

Simulation Based Calibration...
Time to perform SBC: 948.89s

Data saved in  /mnt/nfs/nrdata02-users-data/luciano/script/ABC-SBI/examples/Gauss-Gauss/old_results/sigma0_20.0/mu_0/pickles/GaussGauss_sigma_1.0_sigma0_20.0_mu_0_acc_0.975_eps_5.6934.xy


--------------------
ITERATION (ACC = 0.975) DONE IN 1289.8660907745361 SECONDS!
--------------------




--------------------
SIGMA0 = 20.0, TRUE_MU = 0, ACCEPT_RATE = 0.95
--------------------


Selection of epsilon star...
epsilon:  5.5967183113098145 acceptance rate:  0.977
epsilon:  5.485030651092529 acceptance rate:  0.97749996
epsilon:  5.367311477661133 acceptance rate:  0.977
epsilon:  5.26373291015625 acceptance rate:  0.97779995
epsilon:  5.159855842590332 acceptance rate:  0.97709996
epsilon:  5.053811073303223 acceptance rate:  0.9754
epsilon:  4.956369876861572 acceptance rate:  0.9766
epsilon:  4.846203327178955 acceptance rate:  0.97169995
epsilon:  4.730658054351807 acceptance rate:  0.97319996
epsilon:  4.639140605926514 acceptance rate:  0.97249997
epsilon:  4.5557026863098145 acceptance rate:  0.9747
epsilon:  4.475741863250732 acceptance rate:  0.97029996
epsilon:  4.386185169219971 acceptance rate:  0.97389996
epsilon:  4.2870564460754395 acceptance rate:  0.97569996
epsilon:  4.200633525848389 acceptance rate:  0.97139996
epsilon:  4.114187717437744 acceptance rate:  0.9705
epsilon:  4.031520366668701 acceptance rate:  0.97139996
epsilon:  3.9422860145568848 acceptance rate:  0.9719
epsilon:  3.852656364440918 acceptance rate:  0.9701
epsilon:  3.760694742202759 acceptance rate:  0.97099996
epsilon:  3.6900312900543213 acceptance rate:  0.97169995
epsilon:  3.6262619495391846 acceptance rate:  0.9691
epsilon:  3.5584442615509033 acceptance rate:  0.9698
epsilon:  3.4920687675476074 acceptance rate:  0.97099996
epsilon:  3.4164321422576904 acceptance rate:  0.9679
epsilon:  3.349613904953003 acceptance rate:  0.9672
epsilon:  3.2979323863983154 acceptance rate:  0.9675
epsilon:  3.243595838546753 acceptance rate:  0.9666
epsilon:  3.1824114322662354 acceptance rate:  0.9659
epsilon:  3.1116960048675537 acceptance rate:  0.9679
epsilon:  3.040053606033325 acceptance rate:  0.9668
epsilon:  2.9795339107513428 acceptance rate:  0.9687
epsilon:  2.9203004837036133 acceptance rate:  0.97029996
epsilon:  2.849390983581543 acceptance rate:  0.9668
epsilon:  2.7925806045532227 acceptance rate:  0.9704
epsilon:  2.7391772270202637 acceptance rate:  0.9668
epsilon:  2.688458204269409 acceptance rate:  0.9632
epsilon:  2.63507080078125 acceptance rate:  0.96209997
epsilon:  2.5839054584503174 acceptance rate:  0.9659
epsilon:  2.5338971614837646 acceptance rate:  0.9626
epsilon:  2.480616807937622 acceptance rate:  0.9612
epsilon:  2.4309327602386475 acceptance rate:  0.9626
epsilon:  2.378103494644165 acceptance rate:  0.96389997
epsilon:  2.337040662765503 acceptance rate:  0.95989996
epsilon:  2.2996411323547363 acceptance rate:  0.95989996
epsilon:  2.252362012863159 acceptance rate:  0.9637
epsilon:  2.2105777263641357 acceptance rate:  0.96059996
epsilon:  2.161547899246216 acceptance rate:  0.96029997
epsilon:  2.1101763248443604 acceptance rate:  0.9604
epsilon:  2.0673904418945312 acceptance rate:  0.9618
epsilon:  2.0223424434661865 acceptance rate:  0.9626
epsilon:  1.9814761877059937 acceptance rate:  0.96029997
epsilon:  1.9478312730789185 acceptance rate:  0.96209997
epsilon:  1.914453387260437 acceptance rate:  0.9597
epsilon:  1.8747652769088745 acceptance rate:  0.96159995
epsilon:  1.8306381702423096 acceptance rate:  0.95849997
epsilon:  1.7980499267578125 acceptance rate:  0.96169996
epsilon:  1.7633899450302124 acceptance rate:  0.9594
epsilon:  1.7245582342147827 acceptance rate:  0.95699996
epsilon:  1.6915922164916992 acceptance rate:  0.9571
epsilon:  1.6571484804153442 acceptance rate:  0.95629996
epsilon:  1.6193078756332397 acceptance rate:  0.9551
epsilon:  1.5852315425872803 acceptance rate:  0.9554
epsilon:  1.5513887405395508 acceptance rate:  0.95659995
epsilon:  1.5196512937545776 acceptance rate:  0.9551
epsilon:  1.4889867305755615 acceptance rate:  0.95559996
epsilon:  1.4635419845581055 acceptance rate:  0.95769995
epsilon:  1.4324874877929688 acceptance rate:  0.95409995
epsilon:  1.4015320539474487 acceptance rate:  0.95089996
epsilon:  1.3723781108856201 acceptance rate:  0.95309997
epsilon:  1.3455708026885986 acceptance rate:  0.95519996
epsilon:  1.3134199380874634 acceptance rate:  0.9504
epsilon:  1.2846425771713257 acceptance rate:  0.9489
Time to select epsilon star: 135.51s

Simulations of the testing dataset...
Time to simulate the testing dataset: 0.56s

Simulations of the training dataset...
Time to simulate the training dataset: 1.00s

Training the neural network...
Initial accuracy: 47.90%, Initial test accuracy: 47.94%
Training for 100 epochs...
Epoch 1/100, mean train accuracy: 98.36%, mean test accuracy: 98.83%, lr scale: 1.0 in 7.67 sec
Epoch 2/100, mean train accuracy: 98.96%, mean test accuracy: 99.10%, lr scale: 1.0 in 7.31 sec
Epoch 3/100, mean train accuracy: 99.05%, mean test accuracy: 99.00%, lr scale: 1.0 in 7.27 sec
Epoch 4/100, mean train accuracy: 99.08%, mean test accuracy: 99.13%, lr scale: 1.0 in 7.34 sec
Epoch 5/100, mean train accuracy: 99.13%, mean test accuracy: 99.19%, lr scale: 1.0 in 7.50 sec
Epoch 6/100, mean train accuracy: 99.12%, mean test accuracy: 99.12%, lr scale: 1.0 in 7.29 sec
Epoch 7/100, mean train accuracy: 99.14%, mean test accuracy: 99.17%, lr scale: 1.0 in 7.27 sec
Epoch 8/100, mean train accuracy: 99.17%, mean test accuracy: 98.58%, lr scale: 1.0 in 7.32 sec
Epoch 9/100, mean train accuracy: 99.15%, mean test accuracy: 99.23%, lr scale: 1.0 in 7.40 sec
Epoch 10/100, mean train accuracy: 99.20%, mean test accuracy: 99.18%, lr scale: 1.0 in 7.36 sec
Epoch 11/100, mean train accuracy: 99.21%, mean test accuracy: 99.26%, lr scale: 0.5 in 7.25 sec
Epoch 12/100, mean train accuracy: 99.23%, mean test accuracy: 99.26%, lr scale: 0.5 in 7.28 sec
Epoch 13/100, mean train accuracy: 99.26%, mean test accuracy: 99.25%, lr scale: 0.5 in 7.38 sec
Epoch 14/100, mean train accuracy: 99.26%, mean test accuracy: 99.28%, lr scale: 0.25 in 7.38 sec
Epoch 15/100, mean train accuracy: 99.30%, mean test accuracy: 99.29%, lr scale: 0.25 in 7.35 sec
Epoch 16/100, mean train accuracy: 99.32%, mean test accuracy: 99.26%, lr scale: 0.25 in 7.56 sec
Epoch 17/100, mean train accuracy: 99.31%, mean test accuracy: 99.29%, lr scale: 0.125 in 7.38 sec
Epoch 18/100, mean train accuracy: 99.31%, mean test accuracy: 99.29%, lr scale: 0.0625 in 7.29 sec
Epoch 19/100, mean train accuracy: 99.34%, mean test accuracy: 99.29%, lr scale: 0.0625 in 7.29 sec
Epoch 20/100, mean train accuracy: 99.31%, mean test accuracy: 99.29%, lr scale: 0.0625 in 7.32 sec
Epoch 21/100, mean train accuracy: 99.35%, mean test accuracy: 99.29%, lr scale: 0.03125 in 7.34 sec
Epoch 22/100, mean train accuracy: 99.32%, mean test accuracy: 99.29%, lr scale: 0.015625 in 7.31 sec
Epoch 23/100, mean train accuracy: 99.34%, mean test accuracy: 99.29%, lr scale: 0.0078125 in 7.40 sec
Epoch 24/100, mean train accuracy: 99.36%, mean test accuracy: 99.29%, lr scale: 0.0078125 in 7.38 sec
Epoch 25/100, mean train accuracy: 99.36%, mean test accuracy: 99.29%, lr scale: 0.00390625 in 7.44 sec
Epoch 26/100, mean train accuracy: 99.36%, mean test accuracy: 99.29%, lr scale: 0.001953125 in 7.27 sec
Epoch 27/100, mean train accuracy: 99.33%, mean test accuracy: 99.29%, lr scale: 0.001953125 in 7.29 sec
Epoch 28/100, mean train accuracy: 99.36%, mean test accuracy: 99.29%, lr scale: 0.0009765625 in 7.41 sec
Learning rate reached 1.00E-06, stopping training
Time to train the neural network: 343.23s

Simulation Based Calibration...
Time to perform SBC: 945.90s

Data saved in  /mnt/nfs/nrdata02-users-data/luciano/script/ABC-SBI/examples/Gauss-Gauss/old_results/sigma0_20.0/mu_0/pickles/GaussGauss_sigma_1.0_sigma0_20.0_mu_0_acc_0.95_eps_1.2846.xy


--------------------
ITERATION (ACC = 0.95) DONE IN 1428.252985239029 SECONDS!
--------------------




--------------------
SIGMA0 = 20.0, TRUE_MU = 0, ACCEPT_RATE = 0.925
--------------------


Selection of epsilon star...
epsilon:  1.262772560119629 acceptance rate:  0.94869995
epsilon:  1.2363437414169312 acceptance rate:  0.95269996
epsilon:  1.2132805585861206 acceptance rate:  0.949
epsilon:  1.1846245527267456 acceptance rate:  0.94769996
epsilon:  1.1607942581176758 acceptance rate:  0.94549996
epsilon:  1.1381652355194092 acceptance rate:  0.9464
epsilon:  1.1178758144378662 acceptance rate:  0.94589996
epsilon:  1.0945639610290527 acceptance rate:  0.94519997
epsilon:  1.0698615312576294 acceptance rate:  0.941
epsilon:  1.052171230316162 acceptance rate:  0.94509995
epsilon:  1.029667854309082 acceptance rate:  0.9446
epsilon:  1.0087920427322388 acceptance rate:  0.9424
epsilon:  0.9918288588523865 acceptance rate:  0.94189996
epsilon:  0.9704336524009705 acceptance rate:  0.93979996
epsilon:  0.9529023170471191 acceptance rate:  0.94409996
epsilon:  0.9347673654556274 acceptance rate:  0.9428
epsilon:  0.9126531481742859 acceptance rate:  0.94049996
epsilon:  0.8949249982833862 acceptance rate:  0.9388
epsilon:  0.8789394497871399 acceptance rate:  0.9384
epsilon:  0.8633838295936584 acceptance rate:  0.93659997
epsilon:  0.844275951385498 acceptance rate:  0.936
epsilon:  0.828342854976654 acceptance rate:  0.9345
epsilon:  0.8122403025627136 acceptance rate:  0.9393
epsilon:  0.7952440977096558 acceptance rate:  0.93689996
epsilon:  0.7803944945335388 acceptance rate:  0.9364
epsilon:  0.7630481719970703 acceptance rate:  0.9352
epsilon:  0.7478630542755127 acceptance rate:  0.93539995
epsilon:  0.7329026460647583 acceptance rate:  0.9307
epsilon:  0.7193869948387146 acceptance rate:  0.93509996
epsilon:  0.7052838206291199 acceptance rate:  0.9352
epsilon:  0.6900824904441833 acceptance rate:  0.93509996
epsilon:  0.6747416257858276 acceptance rate:  0.92939997
epsilon:  0.6617686748504639 acceptance rate:  0.928
epsilon:  0.6502062082290649 acceptance rate:  0.9359
epsilon:  0.6335737109184265 acceptance rate:  0.92929995
epsilon:  0.6196098327636719 acceptance rate:  0.9303
epsilon:  0.6049574017524719 acceptance rate:  0.92469996
Time to select epsilon star: 103.80s

Simulations of the testing dataset...
Time to simulate the testing dataset: 0.59s

Simulations of the training dataset...
Time to simulate the training dataset: 0.96s

Training the neural network...
Initial accuracy: 57.77%, Initial test accuracy: 57.71%
Training for 100 epochs...
Epoch 1/100, mean train accuracy: 98.38%, mean test accuracy: 98.94%, lr scale: 1.0 in 7.44 sec
Epoch 2/100, mean train accuracy: 99.03%, mean test accuracy: 99.00%, lr scale: 1.0 in 7.28 sec
Epoch 3/100, mean train accuracy: 99.07%, mean test accuracy: 98.69%, lr scale: 1.0 in 7.22 sec
Epoch 4/100, mean train accuracy: 99.13%, mean test accuracy: 99.07%, lr scale: 1.0 in 7.29 sec
Epoch 5/100, mean train accuracy: 99.16%, mean test accuracy: 99.04%, lr scale: 1.0 in 7.16 sec
Epoch 6/100, mean train accuracy: 99.14%, mean test accuracy: 99.05%, lr scale: 1.0 in 7.24 sec
Epoch 7/100, mean train accuracy: 99.18%, mean test accuracy: 99.15%, lr scale: 1.0 in 7.22 sec
Epoch 8/100, mean train accuracy: 98.78%, mean test accuracy: 99.14%, lr scale: 1.0 in 7.27 sec
Epoch 9/100, mean train accuracy: 99.25%, mean test accuracy: 99.19%, lr scale: 1.0 in 7.32 sec
Epoch 10/100, mean train accuracy: 99.24%, mean test accuracy: 99.17%, lr scale: 1.0 in 7.23 sec
Epoch 11/100, mean train accuracy: 99.26%, mean test accuracy: 99.14%, lr scale: 1.0 in 7.28 sec
Epoch 12/100, mean train accuracy: 99.10%, mean test accuracy: 99.19%, lr scale: 1.0 in 7.27 sec
Epoch 13/100, mean train accuracy: 99.28%, mean test accuracy: 99.21%, lr scale: 0.5 in 7.37 sec
Epoch 14/100, mean train accuracy: 99.27%, mean test accuracy: 99.19%, lr scale: 0.5 in 7.53 sec
Epoch 15/100, mean train accuracy: 99.27%, mean test accuracy: 99.20%, lr scale: 0.25 in 7.31 sec
Epoch 16/100, mean train accuracy: 99.30%, mean test accuracy: 99.23%, lr scale: 0.125 in 7.31 sec
Epoch 17/100, mean train accuracy: 99.30%, mean test accuracy: 99.21%, lr scale: 0.125 in 7.20 sec
Epoch 18/100, mean train accuracy: 99.32%, mean test accuracy: 99.20%, lr scale: 0.0625 in 7.29 sec
Epoch 19/100, mean train accuracy: 99.34%, mean test accuracy: 99.20%, lr scale: 0.03125 in 7.40 sec
Epoch 20/100, mean train accuracy: 99.33%, mean test accuracy: 99.21%, lr scale: 0.015625 in 7.24 sec
Epoch 21/100, mean train accuracy: 99.33%, mean test accuracy: 99.23%, lr scale: 0.015625 in 7.29 sec
Epoch 22/100, mean train accuracy: 99.31%, mean test accuracy: 99.22%, lr scale: 0.0078125 in 7.30 sec
Epoch 23/100, mean train accuracy: 99.33%, mean test accuracy: 99.23%, lr scale: 0.00390625 in 7.19 sec
Epoch 24/100, mean train accuracy: 99.34%, mean test accuracy: 99.22%, lr scale: 0.00390625 in 7.20 sec
Epoch 25/100, mean train accuracy: 99.33%, mean test accuracy: 99.22%, lr scale: 0.001953125 in 7.23 sec
Epoch 26/100, mean train accuracy: 99.33%, mean test accuracy: 99.22%, lr scale: 0.0009765625 in 7.22 sec
Learning rate reached 1.00E-06, stopping training
Time to train the neural network: 383.38s

Simulation Based Calibration...
Time to perform SBC: 950.54s

Data saved in  /mnt/nfs/nrdata02-users-data/luciano/script/ABC-SBI/examples/Gauss-Gauss/old_results/sigma0_20.0/mu_0/pickles/GaussGauss_sigma_1.0_sigma0_20.0_mu_0_acc_0.925_eps_0.60496.xy


--------------------
ITERATION (ACC = 0.925) DONE IN 1441.3366770744324 SECONDS!
--------------------




--------------------
SIGMA0 = 20.0, TRUE_MU = 0, ACCEPT_RATE = 0.9
--------------------


Selection of epsilon star...
epsilon:  0.5928164720535278 acceptance rate:  0.9303
epsilon:  0.5808785557746887 acceptance rate:  0.92539996
epsilon:  0.5685281157493591 acceptance rate:  0.92399997
epsilon:  0.5559757351875305 acceptance rate:  0.9224
epsilon:  0.5434592366218567 acceptance rate:  0.92359996
epsilon:  0.5343849062919617 acceptance rate:  0.9278
epsilon:  0.522309422492981 acceptance rate:  0.9253
epsilon:  0.5122988820075989 acceptance rate:  0.9245
epsilon:  0.5014837384223938 acceptance rate:  0.9177
epsilon:  0.48975270986557007 acceptance rate:  0.9177
epsilon:  0.4806235730648041 acceptance rate:  0.9126
epsilon:  0.47145891189575195 acceptance rate:  0.9176
epsilon:  0.4615589678287506 acceptance rate:  0.91749996
epsilon:  0.452585905790329 acceptance rate:  0.918
epsilon:  0.4422367811203003 acceptance rate:  0.9183
epsilon:  0.4326225817203522 acceptance rate:  0.9123
epsilon:  0.4237215518951416 acceptance rate:  0.9192
epsilon:  0.4156264364719391 acceptance rate:  0.91639996
epsilon:  0.4060620963573456 acceptance rate:  0.9097
epsilon:  0.3985036611557007 acceptance rate:  0.90959996
epsilon:  0.3889003098011017 acceptance rate:  0.9084
epsilon:  0.3819083571434021 acceptance rate:  0.91279995
epsilon:  0.374640554189682 acceptance rate:  0.90989995
epsilon:  0.3671693503856659 acceptance rate:  0.90709996
epsilon:  0.3591760993003845 acceptance rate:  0.9106
epsilon:  0.35221320390701294 acceptance rate:  0.9041
epsilon:  0.3463011682033539 acceptance rate:  0.90139997
epsilon:  0.34041333198547363 acceptance rate:  0.9037
epsilon:  0.3326558768749237 acceptance rate:  0.90309995
epsilon:  0.32557013630867004 acceptance rate:  0.9015
epsilon:  0.3198547661304474 acceptance rate:  0.90099996
epsilon:  0.31322750449180603 acceptance rate:  0.9004
epsilon:  0.3064786195755005 acceptance rate:  0.89959997
Time to select epsilon star: 121.65s

Simulations of the testing dataset...
Time to simulate the testing dataset: 0.60s

Simulations of the training dataset...
Time to simulate the training dataset: 0.93s

Training the neural network...
Initial accuracy: 57.79%, Initial test accuracy: 57.91%
Training for 100 epochs...
Epoch 1/100, mean train accuracy: 98.40%, mean test accuracy: 98.94%, lr scale: 1.0 in 7.39 sec
Epoch 2/100, mean train accuracy: 99.02%, mean test accuracy: 98.96%, lr scale: 1.0 in 7.24 sec
Epoch 3/100, mean train accuracy: 99.10%, mean test accuracy: 99.12%, lr scale: 1.0 in 7.27 sec
Epoch 4/100, mean train accuracy: 99.12%, mean test accuracy: 99.20%, lr scale: 0.5 in 7.19 sec
Epoch 5/100, mean train accuracy: 99.25%, mean test accuracy: 99.23%, lr scale: 0.5 in 7.19 sec
Epoch 6/100, mean train accuracy: 99.22%, mean test accuracy: 99.21%, lr scale: 0.5 in 7.19 sec
Epoch 7/100, mean train accuracy: 99.25%, mean test accuracy: 99.23%, lr scale: 0.25 in 7.25 sec
Epoch 8/100, mean train accuracy: 99.29%, mean test accuracy: 99.24%, lr scale: 0.25 in 7.23 sec
Epoch 9/100, mean train accuracy: 99.30%, mean test accuracy: 99.24%, lr scale: 0.125 in 7.31 sec
Epoch 10/100, mean train accuracy: 99.31%, mean test accuracy: 99.24%, lr scale: 0.125 in 7.20 sec
Epoch 11/100, mean train accuracy: 99.30%, mean test accuracy: 99.24%, lr scale: 0.125 in 7.22 sec
Epoch 12/100, mean train accuracy: 99.33%, mean test accuracy: 99.26%, lr scale: 0.0625 in 7.33 sec
Epoch 13/100, mean train accuracy: 99.34%, mean test accuracy: 99.27%, lr scale: 0.03125 in 7.19 sec
Epoch 14/100, mean train accuracy: 99.30%, mean test accuracy: 99.25%, lr scale: 0.015625 in 7.20 sec
Epoch 15/100, mean train accuracy: 99.31%, mean test accuracy: 99.26%, lr scale: 0.015625 in 7.25 sec
Epoch 16/100, mean train accuracy: 99.33%, mean test accuracy: 99.26%, lr scale: 0.0078125 in 7.25 sec
Epoch 17/100, mean train accuracy: 99.33%, mean test accuracy: 99.26%, lr scale: 0.00390625 in 7.28 sec
Epoch 18/100, mean train accuracy: 99.33%, mean test accuracy: 99.26%, lr scale: 0.001953125 in 7.27 sec
Epoch 19/100, mean train accuracy: 99.31%, mean test accuracy: 99.26%, lr scale: 0.001953125 in 7.25 sec
Epoch 20/100, mean train accuracy: 99.33%, mean test accuracy: 99.26%, lr scale: 0.0009765625 in 7.28 sec
Learning rate reached 1.00E-06, stopping training
Time to train the neural network: 427.62s

Simulation Based Calibration...
Time to perform SBC: 948.28s

Data saved in  /mnt/nfs/nrdata02-users-data/luciano/script/ABC-SBI/examples/Gauss-Gauss/old_results/sigma0_20.0/mu_0/pickles/GaussGauss_sigma_1.0_sigma0_20.0_mu_0_acc_0.9_eps_0.30648.xy


--------------------
ITERATION (ACC = 0.9) DONE IN 1501.1415088176727 SECONDS!
--------------------




--------------------
SIGMA0 = 20.0, TRUE_MU = 0, ACCEPT_RATE = 0.85
--------------------


Selection of epsilon star...
epsilon:  0.2993089258670807 acceptance rate:  0.8958
epsilon:  0.29436010122299194 acceptance rate:  0.9
epsilon:  0.28860101103782654 acceptance rate:  0.89629996
epsilon:  0.2833830416202545 acceptance rate:  0.89559996
epsilon:  0.2780784070491791 acceptance rate:  0.8922
epsilon:  0.27242475748062134 acceptance rate:  0.8901
epsilon:  0.2676123380661011 acceptance rate:  0.8944
epsilon:  0.26221373677253723 acceptance rate:  0.8907
epsilon:  0.25766125321388245 acceptance rate:  0.88979995
epsilon:  0.25304335355758667 acceptance rate:  0.8867
epsilon:  0.24811215698719025 acceptance rate:  0.88659996
epsilon:  0.2441139966249466 acceptance rate:  0.8894
epsilon:  0.23897212743759155 acceptance rate:  0.8854
epsilon:  0.23346957564353943 acceptance rate:  0.8861
epsilon:  0.22906863689422607 acceptance rate:  0.8759
epsilon:  0.22494399547576904 acceptance rate:  0.8832
epsilon:  0.22105726599693298 acceptance rate:  0.8839
epsilon:  0.21704204380512238 acceptance rate:  0.8759
epsilon:  0.2118111103773117 acceptance rate:  0.8815
epsilon:  0.20715515315532684 acceptance rate:  0.8736
epsilon:  0.20332013070583344 acceptance rate:  0.87649995
epsilon:  0.1992391049861908 acceptance rate:  0.8713
epsilon:  0.19486387073993683 acceptance rate:  0.8753
epsilon:  0.19173581898212433 acceptance rate:  0.8735
epsilon:  0.1878388673067093 acceptance rate:  0.86649996
epsilon:  0.184428870677948 acceptance rate:  0.8631
epsilon:  0.18057511746883392 acceptance rate:  0.86899996
epsilon:  0.177009716629982 acceptance rate:  0.86789995
epsilon:  0.17353622615337372 acceptance rate:  0.8605
epsilon:  0.17029620707035065 acceptance rate:  0.86079997
epsilon:  0.16630445420742035 acceptance rate:  0.858
epsilon:  0.162824347615242 acceptance rate:  0.8559
epsilon:  0.1592300981283188 acceptance rate:  0.8628
epsilon:  0.15573512017726898 acceptance rate:  0.85569996
epsilon:  0.15301285684108734 acceptance rate:  0.85209996
epsilon:  0.15014095604419708 acceptance rate:  0.8461
Time to select epsilon star: 177.43s

Simulations of the testing dataset...
Time to simulate the testing dataset: 0.58s

Simulations of the training dataset...
Time to simulate the training dataset: 0.93s

Training the neural network...
Initial accuracy: 57.42%, Initial test accuracy: 57.63%
Training for 100 epochs...
Epoch 1/100, mean train accuracy: 98.46%, mean test accuracy: 99.04%, lr scale: 1.0 in 7.45 sec
Epoch 2/100, mean train accuracy: 99.01%, mean test accuracy: 98.93%, lr scale: 1.0 in 7.48 sec
Epoch 3/100, mean train accuracy: 99.10%, mean test accuracy: 99.15%, lr scale: 1.0 in 7.25 sec
Epoch 4/100, mean train accuracy: 99.15%, mean test accuracy: 99.16%, lr scale: 1.0 in 7.26 sec
Epoch 5/100, mean train accuracy: 99.18%, mean test accuracy: 99.21%, lr scale: 0.5 in 7.42 sec
Epoch 6/100, mean train accuracy: 99.22%, mean test accuracy: 99.23%, lr scale: 0.5 in 7.43 sec
Epoch 7/100, mean train accuracy: 99.20%, mean test accuracy: 99.22%, lr scale: 0.5 in 7.27 sec
Epoch 8/100, mean train accuracy: 99.26%, mean test accuracy: 99.19%, lr scale: 0.25 in 7.29 sec
Epoch 9/100, mean train accuracy: 99.26%, mean test accuracy: 99.23%, lr scale: 0.25 in 7.45 sec
Epoch 10/100, mean train accuracy: 99.28%, mean test accuracy: 99.27%, lr scale: 0.125 in 7.44 sec
Epoch 11/100, mean train accuracy: 99.33%, mean test accuracy: 99.27%, lr scale: 0.125 in 7.35 sec
Epoch 12/100, mean train accuracy: 99.30%, mean test accuracy: 99.26%, lr scale: 0.125 in 7.41 sec
Epoch 13/100, mean train accuracy: 99.32%, mean test accuracy: 99.27%, lr scale: 0.0625 in 7.29 sec
Epoch 14/100, mean train accuracy: 99.32%, mean test accuracy: 99.28%, lr scale: 0.03125 in 7.71 sec
Epoch 15/100, mean train accuracy: 99.31%, mean test accuracy: 99.27%, lr scale: 0.015625 in 7.26 sec
Epoch 16/100, mean train accuracy: 99.33%, mean test accuracy: 99.27%, lr scale: 0.015625 in 7.39 sec
Epoch 17/100, mean train accuracy: 99.33%, mean test accuracy: 99.28%, lr scale: 0.0078125 in 7.46 sec
Epoch 18/100, mean train accuracy: 99.34%, mean test accuracy: 99.28%, lr scale: 0.0078125 in 7.58 sec
Epoch 19/100, mean train accuracy: 99.34%, mean test accuracy: 99.27%, lr scale: 0.00390625 in 7.34 sec
Epoch 20/100, mean train accuracy: 99.34%, mean test accuracy: 99.28%, lr scale: 0.001953125 in 7.28 sec
Epoch 21/100, mean train accuracy: 99.34%, mean test accuracy: 99.27%, lr scale: 0.001953125 in 7.29 sec
Epoch 22/100, mean train accuracy: 99.32%, mean test accuracy: 99.27%, lr scale: 0.0009765625 in 7.43 sec
Learning rate reached 1.00E-06, stopping training
Time to train the neural network: 604.98s

Simulation Based Calibration...
Time to perform SBC: 948.86s

Data saved in  /mnt/nfs/nrdata02-users-data/luciano/script/ABC-SBI/examples/Gauss-Gauss/old_results/sigma0_20.0/mu_0/pickles/GaussGauss_sigma_1.0_sigma0_20.0_mu_0_acc_0.85_eps_0.15014.xy


--------------------
ITERATION (ACC = 0.85) DONE IN 1734.7950582504272 SECONDS!
--------------------




--------------------
SIGMA0 = 20.0, TRUE_MU = 0, ACCEPT_RATE = 0.8
--------------------


Selection of epsilon star...
epsilon:  0.14762051403522491 acceptance rate:  0.85789996
epsilon:  0.1446768045425415 acceptance rate:  0.8509
epsilon:  0.14152945578098297 acceptance rate:  0.8531
epsilon:  0.13846608996391296 acceptance rate:  0.8504
epsilon:  0.1353093534708023 acceptance rate:  0.8487
epsilon:  0.13289505243301392 acceptance rate:  0.84489995
epsilon:  0.12992025911808014 acceptance rate:  0.84389997
epsilon:  0.12746520340442657 acceptance rate:  0.83989996
epsilon:  0.12487532943487167 acceptance rate:  0.8427
epsilon:  0.12198548018932343 acceptance rate:  0.8418
epsilon:  0.11983322352170944 acceptance rate:  0.84099996
epsilon:  0.11730140447616577 acceptance rate:  0.83809996
epsilon:  0.11488457024097443 acceptance rate:  0.8354
epsilon:  0.11255797743797302 acceptance rate:  0.8294
epsilon:  0.11016189306974411 acceptance rate:  0.82839996
epsilon:  0.10799212753772736 acceptance rate:  0.83019996
epsilon:  0.10578600317239761 acceptance rate:  0.8196
epsilon:  0.10370072722434998 acceptance rate:  0.8344
epsilon:  0.10156162083148956 acceptance rate:  0.8183
epsilon:  0.09936957061290741 acceptance rate:  0.8175
epsilon:  0.09719977527856827 acceptance rate:  0.8206
epsilon:  0.0950135737657547 acceptance rate:  0.82119995
epsilon:  0.0931563675403595 acceptance rate:  0.81549996
epsilon:  0.09136805683374405 acceptance rate:  0.81479996
epsilon:  0.08960378915071487 acceptance rate:  0.8035
epsilon:  0.08757983893156052 acceptance rate:  0.806
epsilon:  0.08542606979608536 acceptance rate:  0.8055
epsilon:  0.08363930135965347 acceptance rate:  0.8049
epsilon:  0.08188839256763458 acceptance rate:  0.81079996
epsilon:  0.08000527322292328 acceptance rate:  0.79649997
Time to select epsilon star: 203.54s

Simulations of the testing dataset...
Time to simulate the testing dataset: 0.58s

Simulations of the training dataset...
Time to simulate the training dataset: 0.94s

Training the neural network...
Initial accuracy: 55.04%, Initial test accuracy: 54.95%
Training for 100 epochs...
Epoch 1/100, mean train accuracy: 98.47%, mean test accuracy: 98.81%, lr scale: 1.0 in 7.32 sec
Epoch 2/100, mean train accuracy: 99.04%, mean test accuracy: 99.11%, lr scale: 1.0 in 7.30 sec
Epoch 3/100, mean train accuracy: 99.11%, mean test accuracy: 99.03%, lr scale: 1.0 in 7.56 sec
Epoch 4/100, mean train accuracy: 99.14%, mean test accuracy: 99.13%, lr scale: 1.0 in 7.27 sec
Epoch 5/100, mean train accuracy: 99.18%, mean test accuracy: 99.20%, lr scale: 0.5 in 7.33 sec
Epoch 6/100, mean train accuracy: 99.23%, mean test accuracy: 99.15%, lr scale: 0.5 in 7.21 sec
Epoch 7/100, mean train accuracy: 99.23%, mean test accuracy: 99.19%, lr scale: 0.5 in 7.19 sec
Epoch 8/100, mean train accuracy: 99.29%, mean test accuracy: 99.23%, lr scale: 0.25 in 7.20 sec
Epoch 9/100, mean train accuracy: 99.28%, mean test accuracy: 99.21%, lr scale: 0.25 in 7.19 sec
Epoch 10/100, mean train accuracy: 99.29%, mean test accuracy: 99.20%, lr scale: 0.25 in 7.28 sec
Epoch 11/100, mean train accuracy: 99.30%, mean test accuracy: 99.24%, lr scale: 0.125 in 7.29 sec
Epoch 12/100, mean train accuracy: 99.30%, mean test accuracy: 99.22%, lr scale: 0.125 in 7.29 sec
Epoch 13/100, mean train accuracy: 99.31%, mean test accuracy: 99.23%, lr scale: 0.125 in 7.26 sec
Epoch 14/100, mean train accuracy: 99.34%, mean test accuracy: 99.23%, lr scale: 0.0625 in 7.26 sec
Epoch 15/100, mean train accuracy: 99.34%, mean test accuracy: 99.24%, lr scale: 0.0625 in 7.22 sec
Epoch 16/100, mean train accuracy: 99.34%, mean test accuracy: 99.23%, lr scale: 0.0625 in 7.26 sec
Epoch 17/100, mean train accuracy: 99.35%, mean test accuracy: 99.24%, lr scale: 0.03125 in 7.32 sec
Epoch 18/100, mean train accuracy: 99.33%, mean test accuracy: 99.25%, lr scale: 0.015625 in 7.25 sec
Epoch 19/100, mean train accuracy: 99.33%, mean test accuracy: 99.25%, lr scale: 0.015625 in 7.26 sec
Epoch 20/100, mean train accuracy: 99.35%, mean test accuracy: 99.24%, lr scale: 0.0078125 in 7.27 sec
Epoch 21/100, mean train accuracy: 99.34%, mean test accuracy: 99.25%, lr scale: 0.0078125 in 7.29 sec
Epoch 22/100, mean train accuracy: 99.34%, mean test accuracy: 99.24%, lr scale: 0.00390625 in 7.21 sec
Epoch 23/100, mean train accuracy: 99.36%, mean test accuracy: 99.24%, lr scale: 0.00390625 in 7.26 sec
Epoch 24/100, mean train accuracy: 99.35%, mean test accuracy: 99.25%, lr scale: 0.001953125 in 7.19 sec
Epoch 25/100, mean train accuracy: 99.35%, mean test accuracy: 99.24%, lr scale: 0.0009765625 in 7.18 sec
Learning rate reached 1.00E-06, stopping training
Time to train the neural network: 735.87s

Simulation Based Calibration...
Time to perform SBC: 951.38s

Data saved in  /mnt/nfs/nrdata02-users-data/luciano/script/ABC-SBI/examples/Gauss-Gauss/old_results/sigma0_20.0/mu_0/pickles/GaussGauss_sigma_1.0_sigma0_20.0_mu_0_acc_0.8_eps_0.080005.xy


--------------------
ITERATION (ACC = 0.8) DONE IN 1894.3685250282288 SECONDS!
--------------------




--------------------
SIGMA0 = 20.0, TRUE_MU = 0, ACCEPT_RATE = 0.75
--------------------


Selection of epsilon star...
epsilon:  0.07850158214569092 acceptance rate:  0.79749995
epsilon:  0.07703808695077896 acceptance rate:  0.7959
epsilon:  0.0753692016005516 acceptance rate:  0.78819996
epsilon:  0.07393334805965424 acceptance rate:  0.79219997
epsilon:  0.07218053191900253 acceptance rate:  0.7942
epsilon:  0.07083841413259506 acceptance rate:  0.7898
epsilon:  0.06957312673330307 acceptance rate:  0.7811
epsilon:  0.06801506131887436 acceptance rate:  0.7833
epsilon:  0.06647183746099472 acceptance rate:  0.7744
epsilon:  0.0652317926287651 acceptance rate:  0.78319997
epsilon:  0.06380432099103928 acceptance rate:  0.78249997
epsilon:  0.06238935515284538 acceptance rate:  0.7711
epsilon:  0.06123025342822075 acceptance rate:  0.76839995
epsilon:  0.060238830745220184 acceptance rate:  0.7739
epsilon:  0.059090979397296906 acceptance rate:  0.764
epsilon:  0.05790286138653755 acceptance rate:  0.7719
epsilon:  0.05678611621260643 acceptance rate:  0.7567
epsilon:  0.05573255196213722 acceptance rate:  0.76119995
epsilon:  0.05447997897863388 acceptance rate:  0.756
epsilon:  0.05344468355178833 acceptance rate:  0.7513
epsilon:  0.05238063260912895 acceptance rate:  0.7478
Time to select epsilon star: 179.33s

Simulations of the testing dataset...
Time to simulate the testing dataset: 0.59s

Simulations of the training dataset...
Time to simulate the training dataset: 0.95s

Training the neural network...
Initial accuracy: 48.17%, Initial test accuracy: 48.26%
Training for 100 epochs...
Epoch 1/100, mean train accuracy: 98.41%, mean test accuracy: 98.82%, lr scale: 1.0 in 7.41 sec
Epoch 2/100, mean train accuracy: 99.01%, mean test accuracy: 99.07%, lr scale: 1.0 in 7.43 sec
Epoch 3/100, mean train accuracy: 99.12%, mean test accuracy: 99.10%, lr scale: 1.0 in 7.31 sec
Epoch 4/100, mean train accuracy: 99.15%, mean test accuracy: 99.14%, lr scale: 1.0 in 7.30 sec
Epoch 5/100, mean train accuracy: 98.98%, mean test accuracy: 99.19%, lr scale: 1.0 in 7.24 sec
Epoch 6/100, mean train accuracy: 99.25%, mean test accuracy: 99.24%, lr scale: 0.5 in 7.38 sec
Epoch 7/100, mean train accuracy: 99.27%, mean test accuracy: 99.26%, lr scale: 0.25 in 7.23 sec
Epoch 8/100, mean train accuracy: 99.27%, mean test accuracy: 99.27%, lr scale: 0.25 in 7.32 sec
Epoch 9/100, mean train accuracy: 99.26%, mean test accuracy: 99.24%, lr scale: 0.25 in 7.28 sec
Epoch 10/100, mean train accuracy: 99.28%, mean test accuracy: 99.22%, lr scale: 0.125 in 7.31 sec
Epoch 11/100, mean train accuracy: 99.27%, mean test accuracy: 99.27%, lr scale: 0.125 in 7.35 sec
Epoch 12/100, mean train accuracy: 99.31%, mean test accuracy: 99.27%, lr scale: 0.0625 in 7.35 sec
Epoch 13/100, mean train accuracy: 99.28%, mean test accuracy: 99.27%, lr scale: 0.0625 in 7.35 sec
Epoch 14/100, mean train accuracy: 99.31%, mean test accuracy: 99.29%, lr scale: 0.03125 in 7.43 sec
Epoch 15/100, mean train accuracy: 99.32%, mean test accuracy: 99.28%, lr scale: 0.015625 in 7.43 sec
Epoch 16/100, mean train accuracy: 99.35%, mean test accuracy: 99.29%, lr scale: 0.015625 in 7.30 sec
Epoch 17/100, mean train accuracy: 99.28%, mean test accuracy: 99.28%, lr scale: 0.015625 in 7.19 sec
Epoch 18/100, mean train accuracy: 99.33%, mean test accuracy: 99.28%, lr scale: 0.0078125 in 7.39 sec
Epoch 19/100, mean train accuracy: 99.33%, mean test accuracy: 99.27%, lr scale: 0.00390625 in 7.33 sec
Epoch 20/100, mean train accuracy: 99.31%, mean test accuracy: 99.28%, lr scale: 0.00390625 in 7.51 sec
Epoch 21/100, mean train accuracy: 99.31%, mean test accuracy: 99.27%, lr scale: 0.001953125 in 7.28 sec
Epoch 22/100, mean train accuracy: 99.33%, mean test accuracy: 99.28%, lr scale: 0.0009765625 in 7.35 sec
Learning rate reached 1.00E-06, stopping training
Time to train the neural network: 805.00s

Simulation Based Calibration...
Time to perform SBC: 950.27s

Data saved in  /mnt/nfs/nrdata02-users-data/luciano/script/ABC-SBI/examples/Gauss-Gauss/old_results/sigma0_20.0/mu_0/pickles/GaussGauss_sigma_1.0_sigma0_20.0_mu_0_acc_0.75_eps_0.052381.xy


--------------------
ITERATION (ACC = 0.75) DONE IN 1938.234433889389 SECONDS!
--------------------




--------------------
SIGMA0 = 20.0, TRUE_MU = 2.0, ACCEPT_RATE = 1.0
--------------------


Selection of epsilon star...
Distances: min =  8.17612e-06 max =  6541.626 mean =  396.84778 std =  559.4299
Time to select epsilon star: 0.01s

Simulations of the testing dataset...
Time to simulate the testing dataset: 0.01s

Simulations of the training dataset...
Time to simulate the training dataset: 0.03s

Training the neural network...
Initial accuracy: 47.29%, Initial test accuracy: 47.25%
Training for 100 epochs...
Epoch 1/100, mean train accuracy: 91.68%, mean test accuracy: 95.01%, lr scale: 1.0 in 7.40 sec
Epoch 2/100, mean train accuracy: 92.52%, mean test accuracy: 95.36%, lr scale: 1.0 in 7.36 sec
Epoch 3/100, mean train accuracy: 89.27%, mean test accuracy: 97.68%, lr scale: 0.5 in 7.27 sec
Epoch 4/100, mean train accuracy: 96.36%, mean test accuracy: 97.98%, lr scale: 0.5 in 7.22 sec
Epoch 5/100, mean train accuracy: 94.49%, mean test accuracy: 97.04%, lr scale: 0.5 in 7.26 sec
Epoch 6/100, mean train accuracy: 97.58%, mean test accuracy: 98.33%, lr scale: 0.5 in 7.28 sec
Epoch 7/100, mean train accuracy: 98.39%, mean test accuracy: 98.70%, lr scale: 0.5 in 7.37 sec
Epoch 8/100, mean train accuracy: 98.35%, mean test accuracy: 99.06%, lr scale: 0.25 in 7.23 sec
Epoch 9/100, mean train accuracy: 98.74%, mean test accuracy: 99.14%, lr scale: 0.25 in 7.30 sec
Epoch 10/100, mean train accuracy: 98.77%, mean test accuracy: 99.20%, lr scale: 0.25 in 7.20 sec
Epoch 11/100, mean train accuracy: 99.12%, mean test accuracy: 99.28%, lr scale: 0.125 in 7.21 sec
Epoch 12/100, mean train accuracy: 98.99%, mean test accuracy: 99.30%, lr scale: 0.0625 in 7.27 sec
Epoch 13/100, mean train accuracy: 99.29%, mean test accuracy: 99.25%, lr scale: 0.0625 in 7.27 sec
Epoch 14/100, mean train accuracy: 99.29%, mean test accuracy: 99.29%, lr scale: 0.0625 in 7.23 sec
Epoch 15/100, mean train accuracy: 99.29%, mean test accuracy: 99.34%, lr scale: 0.03125 in 7.39 sec
Epoch 16/100, mean train accuracy: 99.33%, mean test accuracy: 99.36%, lr scale: 0.03125 in 7.58 sec
Epoch 17/100, mean train accuracy: 99.32%, mean test accuracy: 99.34%, lr scale: 0.03125 in 7.45 sec
Epoch 18/100, mean train accuracy: 99.35%, mean test accuracy: 99.38%, lr scale: 0.015625 in 7.29 sec
Epoch 19/100, mean train accuracy: 99.36%, mean test accuracy: 99.39%, lr scale: 0.015625 in 7.24 sec
Epoch 20/100, mean train accuracy: 99.38%, mean test accuracy: 99.37%, lr scale: 0.0078125 in 7.26 sec
Epoch 21/100, mean train accuracy: 99.39%, mean test accuracy: 99.40%, lr scale: 0.0078125 in 7.27 sec
Epoch 22/100, mean train accuracy: 99.38%, mean test accuracy: 99.38%, lr scale: 0.00390625 in 7.21 sec
Epoch 23/100, mean train accuracy: 99.39%, mean test accuracy: 99.41%, lr scale: 0.001953125 in 7.32 sec
Epoch 24/100, mean train accuracy: 99.40%, mean test accuracy: 99.41%, lr scale: 0.0009765625 in 7.23 sec
Learning rate reached 1.00E-06, stopping training
Time to train the neural network: 188.67s

Simulation Based Calibration...
Time to perform SBC: 945.00s

Data saved in  /mnt/nfs/nrdata02-users-data/luciano/script/ABC-SBI/examples/Gauss-Gauss/old_results/sigma0_20.0/mu_2.0/pickles/GaussGauss_sigma_1.0_sigma0_20.0_mu_2.0_acc_1.0_eps_inf.xy


--------------------
ITERATION (ACC = 1.0) DONE IN 1135.867225408554 SECONDS!
--------------------




--------------------
SIGMA0 = 20.0, TRUE_MU = 2.0, ACCEPT_RATE = 0.999
--------------------


Selection of epsilon star...
Distances: min =  1.3878821e-06 max =  7667.413 mean =  410.7979 std =  593.3621
epsilon:  2879.9033203125 acceptance rate:  0.9999
epsilon:  2207.685302734375 acceptance rate:  0.99979997
epsilon:  1935.9691162109375 acceptance rate:  0.99969995
epsilon:  1713.4429931640625 acceptance rate:  0.99969995
epsilon:  1560.498291015625 acceptance rate:  0.99939996
epsilon:  1449.3280029296875 acceptance rate:  0.9999
epsilon:  1350.738525390625 acceptance rate:  0.9996
epsilon:  1267.3170166015625 acceptance rate:  0.99899995
Time to select epsilon star: 5.35s

Simulations of the testing dataset...
Time to simulate the testing dataset: 0.59s

Simulations of the training dataset...
Time to simulate the training dataset: 0.82s

Training the neural network...
Initial accuracy: 50.20%, Initial test accuracy: 50.12%
Training for 100 epochs...
Epoch 1/100, mean train accuracy: 90.65%, mean test accuracy: 96.19%, lr scale: 1.0 in 7.55 sec
Epoch 2/100, mean train accuracy: 90.46%, mean test accuracy: 91.27%, lr scale: 1.0 in 7.37 sec
Epoch 3/100, mean train accuracy: 95.23%, mean test accuracy: 93.99%, lr scale: 1.0 in 7.27 sec
Epoch 4/100, mean train accuracy: 91.23%, mean test accuracy: 97.03%, lr scale: 1.0 in 7.58 sec
Epoch 5/100, mean train accuracy: 97.56%, mean test accuracy: 98.68%, lr scale: 0.5 in 7.44 sec
Epoch 6/100, mean train accuracy: 97.33%, mean test accuracy: 98.04%, lr scale: 0.5 in 7.69 sec
Epoch 7/100, mean train accuracy: 98.80%, mean test accuracy: 98.30%, lr scale: 0.25 in 7.62 sec
Epoch 8/100, mean train accuracy: 98.80%, mean test accuracy: 98.89%, lr scale: 0.25 in 7.42 sec
Epoch 9/100, mean train accuracy: 98.65%, mean test accuracy: 99.06%, lr scale: 0.25 in 7.89 sec
Epoch 10/100, mean train accuracy: 98.77%, mean test accuracy: 98.95%, lr scale: 0.25 in 7.64 sec
Epoch 11/100, mean train accuracy: 99.20%, mean test accuracy: 99.12%, lr scale: 0.125 in 7.41 sec
Epoch 12/100, mean train accuracy: 99.10%, mean test accuracy: 99.18%, lr scale: 0.0625 in 7.31 sec
Epoch 13/100, mean train accuracy: 99.29%, mean test accuracy: 99.26%, lr scale: 0.0625 in 7.41 sec
Epoch 14/100, mean train accuracy: 99.29%, mean test accuracy: 99.22%, lr scale: 0.0625 in 7.45 sec
Epoch 15/100, mean train accuracy: 99.29%, mean test accuracy: 99.28%, lr scale: 0.03125 in 7.32 sec
Epoch 16/100, mean train accuracy: 99.31%, mean test accuracy: 99.30%, lr scale: 0.03125 in 7.35 sec
Epoch 17/100, mean train accuracy: 99.31%, mean test accuracy: 99.31%, lr scale: 0.015625 in 7.24 sec
Epoch 18/100, mean train accuracy: 99.37%, mean test accuracy: 99.33%, lr scale: 0.015625 in 7.31 sec
Epoch 19/100, mean train accuracy: 99.34%, mean test accuracy: 99.35%, lr scale: 0.0078125 in 7.28 sec
Epoch 20/100, mean train accuracy: 99.39%, mean test accuracy: 99.33%, lr scale: 0.0078125 in 7.34 sec
Epoch 21/100, mean train accuracy: 99.37%, mean test accuracy: 99.36%, lr scale: 0.00390625 in 7.33 sec
Epoch 22/100, mean train accuracy: 99.39%, mean test accuracy: 99.36%, lr scale: 0.001953125 in 7.40 sec
Epoch 23/100, mean train accuracy: 99.38%, mean test accuracy: 99.37%, lr scale: 0.001953125 in 7.31 sec
Epoch 24/100, mean train accuracy: 99.39%, mean test accuracy: 99.37%, lr scale: 0.0009765625 in 7.40 sec
Learning rate reached 1.00E-06, stopping training
Time to train the neural network: 193.97s

Simulation Based Calibration...
Time to perform SBC: 946.45s

Data saved in  /mnt/nfs/nrdata02-users-data/luciano/script/ABC-SBI/examples/Gauss-Gauss/old_results/sigma0_20.0/mu_2.0/pickles/GaussGauss_sigma_1.0_sigma0_20.0_mu_2.0_acc_0.999_eps_1267.3.xy


--------------------
ITERATION (ACC = 0.999) DONE IN 1149.2170159816742 SECONDS!
--------------------




--------------------
SIGMA0 = 20.0, TRUE_MU = 2.0, ACCEPT_RATE = 0.99
--------------------


Selection of epsilon star...
epsilon:  1202.143798828125 acceptance rate:  0.9996
epsilon:  1137.0601806640625 acceptance rate:  0.9993
epsilon:  1083.5745849609375 acceptance rate:  0.9996
epsilon:  1024.104248046875 acceptance rate:  0.99899995
epsilon:  976.6549682617188 acceptance rate:  0.99909997
epsilon:  927.6575927734375 acceptance rate:  0.9996
epsilon:  881.5313720703125 acceptance rate:  0.99969995
epsilon:  841.05029296875 acceptance rate:  0.99909997
epsilon:  809.8871459960938 acceptance rate:  0.9989
epsilon:  780.6686401367188 acceptance rate:  0.9985
epsilon:  753.20458984375 acceptance rate:  0.9989
epsilon:  723.1801147460938 acceptance rate:  0.9989
epsilon:  693.88427734375 acceptance rate:  0.9992
epsilon:  667.2149047851562 acceptance rate:  0.9992
epsilon:  646.2677001953125 acceptance rate:  0.9992
epsilon:  621.7281494140625 acceptance rate:  0.9981
epsilon:  603.534423828125 acceptance rate:  0.9981
epsilon:  584.9788818359375 acceptance rate:  0.99799997
epsilon:  569.0 acceptance rate:  0.9981
epsilon:  550.9826049804688 acceptance rate:  0.9981
epsilon:  533.7507934570312 acceptance rate:  0.99829996
epsilon:  516.9210205078125 acceptance rate:  0.9985
epsilon:  501.2171325683594 acceptance rate:  0.9981
epsilon:  487.3613586425781 acceptance rate:  0.9978
epsilon:  473.31390380859375 acceptance rate:  0.9988
epsilon:  457.27545166015625 acceptance rate:  0.99789995
epsilon:  444.7485656738281 acceptance rate:  0.99799997
epsilon:  431.8929443359375 acceptance rate:  0.99799997
epsilon:  419.4982604980469 acceptance rate:  0.9982
epsilon:  405.7608947753906 acceptance rate:  0.9978
epsilon:  394.2593078613281 acceptance rate:  0.9981
epsilon:  383.9900817871094 acceptance rate:  0.99829996
epsilon:  372.79461669921875 acceptance rate:  0.9984
epsilon:  362.1468811035156 acceptance rate:  0.9989
epsilon:  351.2967834472656 acceptance rate:  0.99799997
epsilon:  343.2862548828125 acceptance rate:  0.9971
epsilon:  334.8337097167969 acceptance rate:  0.99789995
epsilon:  326.2263488769531 acceptance rate:  0.9974
epsilon:  318.2530212402344 acceptance rate:  0.9975
epsilon:  310.6202087402344 acceptance rate:  0.9978
epsilon:  303.6978759765625 acceptance rate:  0.9981
epsilon:  296.9498596191406 acceptance rate:  0.99759996
epsilon:  290.3480529785156 acceptance rate:  0.9966
epsilon:  284.33929443359375 acceptance rate:  0.9971
epsilon:  276.17828369140625 acceptance rate:  0.99799997
epsilon:  268.8768615722656 acceptance rate:  0.99719995
epsilon:  261.3759765625 acceptance rate:  0.99679995
epsilon:  255.2223663330078 acceptance rate:  0.9964
epsilon:  249.68670654296875 acceptance rate:  0.9963
epsilon:  243.76039123535156 acceptance rate:  0.99729997
epsilon:  237.27174377441406 acceptance rate:  0.99689996
epsilon:  232.16700744628906 acceptance rate:  0.9977
epsilon:  226.3348388671875 acceptance rate:  0.9966
epsilon:  221.40585327148438 acceptance rate:  0.9963
epsilon:  216.48797607421875 acceptance rate:  0.997
epsilon:  211.3983612060547 acceptance rate:  0.99689996
epsilon:  206.26437377929688 acceptance rate:  0.99719995
epsilon:  201.3188018798828 acceptance rate:  0.9963
epsilon:  196.17408752441406 acceptance rate:  0.99649996
epsilon:  191.41319274902344 acceptance rate:  0.99579996
epsilon:  187.43670654296875 acceptance rate:  0.9966
epsilon:  183.64804077148438 acceptance rate:  0.99499995
epsilon:  180.01307678222656 acceptance rate:  0.9964
epsilon:  176.00245666503906 acceptance rate:  0.99609995
epsilon:  172.45660400390625 acceptance rate:  0.99729997
epsilon:  168.78704833984375 acceptance rate:  0.9957
epsilon:  165.5274658203125 acceptance rate:  0.9964
epsilon:  161.3220977783203 acceptance rate:  0.9959
epsilon:  158.1055450439453 acceptance rate:  0.99539995
epsilon:  154.7141876220703 acceptance rate:  0.99539995
epsilon:  151.44064331054688 acceptance rate:  0.99679995
epsilon:  147.97755432128906 acceptance rate:  0.99649996
epsilon:  144.0837860107422 acceptance rate:  0.99499995
epsilon:  140.44720458984375 acceptance rate:  0.99579996
epsilon:  137.25355529785156 acceptance rate:  0.9966
epsilon:  133.7791748046875 acceptance rate:  0.9963
epsilon:  131.11483764648438 acceptance rate:  0.99509996
epsilon:  128.2914276123047 acceptance rate:  0.99619997
epsilon:  124.97976684570312 acceptance rate:  0.9956
epsilon:  122.26622009277344 acceptance rate:  0.99429995
epsilon:  119.6806869506836 acceptance rate:  0.9957
epsilon:  116.78085327148438 acceptance rate:  0.99549997
epsilon:  114.50081634521484 acceptance rate:  0.99469995
epsilon:  112.14453887939453 acceptance rate:  0.99539995
epsilon:  109.49771118164062 acceptance rate:  0.9945
epsilon:  107.39881896972656 acceptance rate:  0.9948
epsilon:  105.08494567871094 acceptance rate:  0.99509996
epsilon:  103.1480941772461 acceptance rate:  0.9952
epsilon:  100.90360260009766 acceptance rate:  0.9953
epsilon:  98.59456634521484 acceptance rate:  0.9957
epsilon:  96.04923248291016 acceptance rate:  0.9946
epsilon:  94.0715103149414 acceptance rate:  0.99509996
epsilon:  92.19912719726562 acceptance rate:  0.99499995
epsilon:  90.27857971191406 acceptance rate:  0.99469995
epsilon:  88.54659271240234 acceptance rate:  0.9931
epsilon:  86.76029968261719 acceptance rate:  0.99439996
epsilon:  85.0326156616211 acceptance rate:  0.9931
epsilon:  83.10503387451172 acceptance rate:  0.99369997
epsilon:  81.51879119873047 acceptance rate:  0.9942
epsilon:  79.77716827392578 acceptance rate:  0.99329996
epsilon:  78.1235122680664 acceptance rate:  0.99399996
epsilon:  76.564208984375 acceptance rate:  0.9942
epsilon:  74.67427062988281 acceptance rate:  0.99289995
epsilon:  73.40814971923828 acceptance rate:  0.9928
epsilon:  71.7818374633789 acceptance rate:  0.992
epsilon:  70.44770812988281 acceptance rate:  0.99289995
epsilon:  68.9909439086914 acceptance rate:  0.9927
epsilon:  67.60763549804688 acceptance rate:  0.99219996
epsilon:  66.42053985595703 acceptance rate:  0.9923
epsilon:  64.98979187011719 acceptance rate:  0.99219996
epsilon:  63.7700080871582 acceptance rate:  0.9928
epsilon:  62.4437370300293 acceptance rate:  0.9942
epsilon:  60.91326904296875 acceptance rate:  0.99329996
epsilon:  59.61527633666992 acceptance rate:  0.99149996
epsilon:  58.438209533691406 acceptance rate:  0.9927
epsilon:  57.30905532836914 acceptance rate:  0.9938
epsilon:  55.916770935058594 acceptance rate:  0.9928
epsilon:  54.832462310791016 acceptance rate:  0.993
epsilon:  53.681678771972656 acceptance rate:  0.9924
epsilon:  52.55695343017578 acceptance rate:  0.99189997
epsilon:  51.37471008300781 acceptance rate:  0.9906
epsilon:  50.41444778442383 acceptance rate:  0.9932
epsilon:  49.23702621459961 acceptance rate:  0.9932
epsilon:  48.14405059814453 acceptance rate:  0.9913
epsilon:  47.23581314086914 acceptance rate:  0.9945
epsilon:  46.16919708251953 acceptance rate:  0.991
epsilon:  45.285194396972656 acceptance rate:  0.9899
Time to select epsilon star: 92.64s

Simulations of the testing dataset...
Time to simulate the testing dataset: 0.58s

Simulations of the training dataset...
Time to simulate the training dataset: 0.98s

Training the neural network...
Initial accuracy: 47.23%, Initial test accuracy: 47.10%
Training for 100 epochs...
Epoch 1/100, mean train accuracy: 95.46%, mean test accuracy: 97.71%, lr scale: 1.0 in 7.32 sec
Epoch 2/100, mean train accuracy: 97.38%, mean test accuracy: 98.13%, lr scale: 1.0 in 7.19 sec
Epoch 3/100, mean train accuracy: 96.71%, mean test accuracy: 98.69%, lr scale: 1.0 in 7.18 sec
Epoch 4/100, mean train accuracy: 98.84%, mean test accuracy: 98.97%, lr scale: 0.5 in 7.16 sec
Epoch 5/100, mean train accuracy: 98.66%, mean test accuracy: 99.01%, lr scale: 0.5 in 7.22 sec
Epoch 6/100, mean train accuracy: 99.04%, mean test accuracy: 99.03%, lr scale: 0.25 in 7.20 sec
Epoch 7/100, mean train accuracy: 98.93%, mean test accuracy: 99.12%, lr scale: 0.25 in 7.22 sec
Epoch 8/100, mean train accuracy: 99.09%, mean test accuracy: 99.13%, lr scale: 0.25 in 7.22 sec
Epoch 9/100, mean train accuracy: 98.95%, mean test accuracy: 99.03%, lr scale: 0.25 in 7.21 sec
Epoch 10/100, mean train accuracy: 99.10%, mean test accuracy: 99.11%, lr scale: 0.125 in 7.19 sec
Epoch 11/100, mean train accuracy: 99.17%, mean test accuracy: 99.07%, lr scale: 0.125 in 7.19 sec
Epoch 12/100, mean train accuracy: 99.15%, mean test accuracy: 99.07%, lr scale: 0.125 in 7.22 sec
Epoch 13/100, mean train accuracy: 99.14%, mean test accuracy: 99.07%, lr scale: 0.125 in 7.22 sec
Epoch 14/100, mean train accuracy: 99.20%, mean test accuracy: 99.17%, lr scale: 0.0625 in 7.30 sec
Epoch 15/100, mean train accuracy: 99.22%, mean test accuracy: 98.76%, lr scale: 0.0625 in 7.30 sec
Epoch 16/100, mean train accuracy: 99.22%, mean test accuracy: 99.19%, lr scale: 0.03125 in 7.25 sec
Epoch 17/100, mean train accuracy: 99.25%, mean test accuracy: 99.19%, lr scale: 0.015625 in 7.27 sec
Epoch 18/100, mean train accuracy: 99.25%, mean test accuracy: 99.20%, lr scale: 0.015625 in 7.21 sec
Epoch 19/100, mean train accuracy: 99.27%, mean test accuracy: 99.19%, lr scale: 0.0078125 in 7.21 sec
Epoch 20/100, mean train accuracy: 99.27%, mean test accuracy: 99.18%, lr scale: 0.0078125 in 7.21 sec
Epoch 21/100, mean train accuracy: 99.27%, mean test accuracy: 99.20%, lr scale: 0.00390625 in 7.22 sec
Epoch 22/100, mean train accuracy: 99.24%, mean test accuracy: 99.21%, lr scale: 0.001953125 in 7.23 sec
Epoch 23/100, mean train accuracy: 99.27%, mean test accuracy: 99.21%, lr scale: 0.0009765625 in 7.29 sec
Learning rate reached 1.00E-06, stopping training
Time to train the neural network: 199.73s

Simulation Based Calibration...
Time to perform SBC: 944.11s

Data saved in  /mnt/nfs/nrdata02-users-data/luciano/script/ABC-SBI/examples/Gauss-Gauss/old_results/sigma0_20.0/mu_2.0/pickles/GaussGauss_sigma_1.0_sigma0_20.0_mu_2.0_acc_0.99_eps_45.285.xy


--------------------
ITERATION (ACC = 0.99) DONE IN 1240.4119970798492 SECONDS!
--------------------




--------------------
SIGMA0 = 20.0, TRUE_MU = 2.0, ACCEPT_RATE = 0.975
--------------------


Selection of epsilon star...
epsilon:  44.309322357177734 acceptance rate:  0.99289995
epsilon:  43.35505294799805 acceptance rate:  0.99189997
epsilon:  42.4776496887207 acceptance rate:  0.99289995
epsilon:  41.64235305786133 acceptance rate:  0.9912
epsilon:  40.74258804321289 acceptance rate:  0.99079996
epsilon:  39.876914978027344 acceptance rate:  0.9932
epsilon:  39.001705169677734 acceptance rate:  0.99079996
epsilon:  38.178016662597656 acceptance rate:  0.9916
epsilon:  37.264469146728516 acceptance rate:  0.991
epsilon:  36.407958984375 acceptance rate:  0.9905
epsilon:  35.70484924316406 acceptance rate:  0.9909
epsilon:  34.936458587646484 acceptance rate:  0.99069995
