Host clust1
Old path: /mnt/nfs/nrdata02-users-data/luciano/script
New path: /mnt/nfs/nrdata02-users-data/luciano/script/ABC-SBI


--------------------
SIGMA0 = 10.0, TRUE_MU = 0, ACCEPT_RATE = 1.0
--------------------


Selection of epsilon star...
Distances: min =  1.0681775e-07 max =  1307.8907 mean =  100.27417 std =  139.67049
Time to select epsilon star: 1.05s

Simulations of the testing dataset...
Time to simulate the testing dataset: 1.14s

Simulations of the training dataset...
Time to simulate the training dataset: 1.51s

Training the neural network...
Initial accuracy: 49.79%, Initial test accuracy: 49.82%
Training for 100 epochs...
Epoch 1/100, mean train accuracy: 91.93%, mean test accuracy: 94.95%, lr scale: 1.0 in 7.81 sec
Epoch 2/100, mean train accuracy: 91.70%, mean test accuracy: 96.44%, lr scale: 1.0 in 7.58 sec
Epoch 3/100, mean train accuracy: 95.58%, mean test accuracy: 98.11%, lr scale: 1.0 in 7.65 sec
Epoch 4/100, mean train accuracy: 96.20%, mean test accuracy: 95.34%, lr scale: 1.0 in 7.90 sec
Epoch 5/100, mean train accuracy: 85.62%, mean test accuracy: 81.20%, lr scale: 1.0 in 7.89 sec
Epoch 6/100, mean train accuracy: 95.12%, mean test accuracy: 98.52%, lr scale: 0.5 in 7.80 sec
Epoch 7/100, mean train accuracy: 97.24%, mean test accuracy: 98.39%, lr scale: 0.5 in 7.69 sec
Epoch 8/100, mean train accuracy: 97.19%, mean test accuracy: 98.45%, lr scale: 0.5 in 7.78 sec
Epoch 9/100, mean train accuracy: 97.44%, mean test accuracy: 98.63%, lr scale: 0.5 in 7.73 sec
Epoch 10/100, mean train accuracy: 97.77%, mean test accuracy: 98.61%, lr scale: 0.5 in 7.52 sec
Epoch 11/100, mean train accuracy: 98.08%, mean test accuracy: 98.57%, lr scale: 0.5 in 7.52 sec
Epoch 12/100, mean train accuracy: 97.58%, mean test accuracy: 98.37%, lr scale: 0.5 in 7.54 sec
Epoch 13/100, mean train accuracy: 98.04%, mean test accuracy: 98.75%, lr scale: 0.25 in 7.51 sec
Epoch 14/100, mean train accuracy: 98.36%, mean test accuracy: 98.70%, lr scale: 0.25 in 7.53 sec
Epoch 15/100, mean train accuracy: 98.81%, mean test accuracy: 98.91%, lr scale: 0.125 in 7.51 sec
Epoch 16/100, mean train accuracy: 98.85%, mean test accuracy: 98.54%, lr scale: 0.125 in 7.52 sec
Epoch 17/100, mean train accuracy: 98.86%, mean test accuracy: 98.93%, lr scale: 0.0625 in 7.67 sec
Epoch 18/100, mean train accuracy: 98.89%, mean test accuracy: 98.90%, lr scale: 0.03125 in 7.55 sec
Epoch 19/100, mean train accuracy: 98.94%, mean test accuracy: 98.96%, lr scale: 0.03125 in 7.52 sec
Epoch 20/100, mean train accuracy: 98.95%, mean test accuracy: 98.95%, lr scale: 0.03125 in 7.51 sec
Epoch 21/100, mean train accuracy: 98.94%, mean test accuracy: 98.93%, lr scale: 0.03125 in 7.60 sec
Epoch 22/100, mean train accuracy: 98.93%, mean test accuracy: 98.92%, lr scale: 0.015625 in 7.58 sec
Epoch 23/100, mean train accuracy: 98.96%, mean test accuracy: 98.96%, lr scale: 0.015625 in 7.55 sec
Epoch 24/100, mean train accuracy: 98.95%, mean test accuracy: 98.96%, lr scale: 0.015625 in 7.58 sec
Epoch 25/100, mean train accuracy: 98.96%, mean test accuracy: 98.97%, lr scale: 0.0078125 in 7.52 sec
Epoch 26/100, mean train accuracy: 98.96%, mean test accuracy: 98.98%, lr scale: 0.00390625 in 7.53 sec
Epoch 27/100, mean train accuracy: 98.97%, mean test accuracy: 98.97%, lr scale: 0.001953125 in 7.51 sec
Epoch 28/100, mean train accuracy: 99.01%, mean test accuracy: 98.98%, lr scale: 0.001953125 in 7.53 sec
Epoch 29/100, mean train accuracy: 98.99%, mean test accuracy: 98.98%, lr scale: 0.0009765625 in 7.52 sec
Learning rate reached 1.00E-06, stopping training
Time to train the neural network: 237.31s

Simulation Based Calibration...
Time to perform SBC: 1240.19s

Data saved in  /mnt/nfs/nrdata02-users-data/luciano/script/ABC-SBI/examples/Gauss-Gauss/old_results/sigma0_10.0/mu_0/pickles/GaussGauss_sigma_1.0_sigma0_10.0_mu_0_acc_1.0_eps_inf.xy


--------------------
ITERATION (ACC = 1.0) DONE IN 1483.4255905151367 SECONDS!
--------------------




--------------------
SIGMA0 = 10.0, TRUE_MU = 0, ACCEPT_RATE = 0.999
--------------------


Selection of epsilon star...
Distances: min =  6.736052e-05 max =  1811.041 mean =  102.84859 std =  145.06282
epsilon:  677.9111938476562 acceptance rate:  0.9999
epsilon:  563.740234375 acceptance rate:  0.99979997
epsilon:  475.2505798339844 acceptance rate:  0.9995
epsilon:  419.6430358886719 acceptance rate:  0.9995
epsilon:  385.0867919921875 acceptance rate:  0.99939996
epsilon:  354.90557861328125 acceptance rate:  0.9996
epsilon:  332.8005065917969 acceptance rate:  0.9989
Time to select epsilon star: 4.93s

Simulations of the testing dataset...
Time to simulate the testing dataset: 0.61s

Simulations of the training dataset...
Time to simulate the training dataset: 0.86s

Training the neural network...
Initial accuracy: 49.61%, Initial test accuracy: 49.62%
Training for 100 epochs...
Epoch 1/100, mean train accuracy: 90.86%, mean test accuracy: 93.88%, lr scale: 1.0 in 7.63 sec
Epoch 2/100, mean train accuracy: 94.59%, mean test accuracy: 97.39%, lr scale: 1.0 in 7.51 sec
Epoch 3/100, mean train accuracy: 96.45%, mean test accuracy: 60.46%, lr scale: 1.0 in 7.64 sec
Epoch 4/100, mean train accuracy: 96.66%, mean test accuracy: 98.44%, lr scale: 0.5 in 7.54 sec
Epoch 5/100, mean train accuracy: 97.74%, mean test accuracy: 98.31%, lr scale: 0.5 in 7.52 sec
Epoch 6/100, mean train accuracy: 98.07%, mean test accuracy: 98.48%, lr scale: 0.25 in 7.52 sec
Epoch 7/100, mean train accuracy: 98.54%, mean test accuracy: 98.51%, lr scale: 0.25 in 7.54 sec
Epoch 8/100, mean train accuracy: 98.51%, mean test accuracy: 98.48%, lr scale: 0.25 in 7.56 sec
Epoch 9/100, mean train accuracy: 98.63%, mean test accuracy: 98.49%, lr scale: 0.125 in 7.76 sec
Epoch 10/100, mean train accuracy: 98.69%, mean test accuracy: 98.60%, lr scale: 0.125 in 7.54 sec
Epoch 11/100, mean train accuracy: 98.67%, mean test accuracy: 98.67%, lr scale: 0.125 in 7.52 sec
Epoch 12/100, mean train accuracy: 98.75%, mean test accuracy: 98.74%, lr scale: 0.0625 in 7.52 sec
Epoch 13/100, mean train accuracy: 98.74%, mean test accuracy: 98.64%, lr scale: 0.0625 in 7.53 sec
Epoch 14/100, mean train accuracy: 98.79%, mean test accuracy: 98.65%, lr scale: 0.0625 in 7.53 sec
Epoch 15/100, mean train accuracy: 98.78%, mean test accuracy: 98.66%, lr scale: 0.03125 in 7.52 sec
Epoch 16/100, mean train accuracy: 98.78%, mean test accuracy: 98.72%, lr scale: 0.03125 in 7.50 sec
Epoch 17/100, mean train accuracy: 98.80%, mean test accuracy: 98.72%, lr scale: 0.03125 in 7.51 sec
Epoch 18/100, mean train accuracy: 98.82%, mean test accuracy: 98.74%, lr scale: 0.03125 in 7.54 sec
Epoch 19/100, mean train accuracy: 98.82%, mean test accuracy: 98.76%, lr scale: 0.03125 in 7.52 sec
Epoch 20/100, mean train accuracy: 98.82%, mean test accuracy: 98.75%, lr scale: 0.015625 in 7.52 sec
Epoch 21/100, mean train accuracy: 98.87%, mean test accuracy: 98.73%, lr scale: 0.015625 in 7.50 sec
Epoch 22/100, mean train accuracy: 98.85%, mean test accuracy: 98.75%, lr scale: 0.015625 in 7.50 sec
Epoch 23/100, mean train accuracy: 98.86%, mean test accuracy: 98.76%, lr scale: 0.0078125 in 7.50 sec
Epoch 24/100, mean train accuracy: 98.86%, mean test accuracy: 98.76%, lr scale: 0.00390625 in 7.69 sec
Epoch 25/100, mean train accuracy: 98.86%, mean test accuracy: 98.77%, lr scale: 0.001953125 in 7.50 sec
Epoch 26/100, mean train accuracy: 98.88%, mean test accuracy: 98.77%, lr scale: 0.001953125 in 7.52 sec
Epoch 27/100, mean train accuracy: 98.89%, mean test accuracy: 98.78%, lr scale: 0.001953125 in 7.53 sec
Epoch 28/100, mean train accuracy: 98.90%, mean test accuracy: 98.77%, lr scale: 0.0009765625 in 7.53 sec
Learning rate reached 1.00E-06, stopping training
Time to train the neural network: 229.89s

Simulation Based Calibration...
Time to perform SBC: 1236.00s

Data saved in  /mnt/nfs/nrdata02-users-data/luciano/script/ABC-SBI/examples/Gauss-Gauss/old_results/sigma0_10.0/mu_0/pickles/GaussGauss_sigma_1.0_sigma0_10.0_mu_0_acc_0.999_eps_332.8.xy


--------------------
ITERATION (ACC = 0.999) DONE IN 1474.5492215156555 SECONDS!
--------------------




--------------------
SIGMA0 = 10.0, TRUE_MU = 0, ACCEPT_RATE = 0.99
--------------------


Selection of epsilon star...
epsilon:  310.2516784667969 acceptance rate:  0.99899995
epsilon:  289.6022644042969 acceptance rate:  0.9988
epsilon:  274.09912109375 acceptance rate:  0.99899995
epsilon:  261.2512512207031 acceptance rate:  0.99869996
epsilon:  249.8720703125 acceptance rate:  0.9984
epsilon:  236.2884979248047 acceptance rate:  0.9989
epsilon:  225.3114776611328 acceptance rate:  0.99829996
epsilon:  215.7519073486328 acceptance rate:  0.9984
epsilon:  206.5014190673828 acceptance rate:  0.9978
epsilon:  198.86813354492188 acceptance rate:  0.99909997
epsilon:  188.63365173339844 acceptance rate:  0.9975
epsilon:  182.94329833984375 acceptance rate:  0.99719995
epsilon:  175.7461395263672 acceptance rate:  0.99729997
epsilon:  169.6349639892578 acceptance rate:  0.99679995
epsilon:  164.41192626953125 acceptance rate:  0.99719995
epsilon:  158.1170654296875 acceptance rate:  0.99729997
epsilon:  152.39659118652344 acceptance rate:  0.9985
epsilon:  146.471923828125 acceptance rate:  0.99729997
epsilon:  141.3074493408203 acceptance rate:  0.997
epsilon:  136.8311767578125 acceptance rate:  0.99799997
epsilon:  131.94642639160156 acceptance rate:  0.9971
epsilon:  127.74944305419922 acceptance rate:  0.99679995
epsilon:  123.82307434082031 acceptance rate:  0.996
epsilon:  119.8406982421875 acceptance rate:  0.99579996
epsilon:  116.40991973876953 acceptance rate:  0.9964
epsilon:  112.4208755493164 acceptance rate:  0.9971
epsilon:  108.85545349121094 acceptance rate:  0.9959
epsilon:  106.11468505859375 acceptance rate:  0.99619997
epsilon:  102.67878723144531 acceptance rate:  0.996
epsilon:  99.88541412353516 acceptance rate:  0.99619997
epsilon:  96.99402618408203 acceptance rate:  0.9964
epsilon:  94.16963958740234 acceptance rate:  0.99619997
epsilon:  91.41082763671875 acceptance rate:  0.99609995
epsilon:  88.36293029785156 acceptance rate:  0.9967
epsilon:  85.60314178466797 acceptance rate:  0.9952
epsilon:  83.49239349365234 acceptance rate:  0.99579996
epsilon:  81.18626403808594 acceptance rate:  0.9952
epsilon:  79.1449966430664 acceptance rate:  0.99429995
epsilon:  77.07707214355469 acceptance rate:  0.99539995
epsilon:  75.23550415039062 acceptance rate:  0.9952
epsilon:  73.1787109375 acceptance rate:  0.9946
epsilon:  71.23609161376953 acceptance rate:  0.9948
epsilon:  69.57784271240234 acceptance rate:  0.9949
epsilon:  67.76864624023438 acceptance rate:  0.99439996
epsilon:  65.91838836669922 acceptance rate:  0.99509996
epsilon:  64.42170715332031 acceptance rate:  0.9942
epsilon:  62.927040100097656 acceptance rate:  0.9932
epsilon:  61.41448974609375 acceptance rate:  0.9939
epsilon:  59.87961196899414 acceptance rate:  0.9939
epsilon:  58.46357345581055 acceptance rate:  0.99509996
epsilon:  56.86640167236328 acceptance rate:  0.9938
epsilon:  55.38020706176758 acceptance rate:  0.99399996
epsilon:  54.044189453125 acceptance rate:  0.9945
epsilon:  52.74855041503906 acceptance rate:  0.99249995
epsilon:  51.54426574707031 acceptance rate:  0.99399996
epsilon:  50.194705963134766 acceptance rate:  0.99509996
epsilon:  48.73832702636719 acceptance rate:  0.99359995
epsilon:  47.75445556640625 acceptance rate:  0.9921
epsilon:  46.80058288574219 acceptance rate:  0.99249995
epsilon:  45.750484466552734 acceptance rate:  0.99289995
epsilon:  44.66081619262695 acceptance rate:  0.9935
epsilon:  43.642147064208984 acceptance rate:  0.9928
epsilon:  42.433746337890625 acceptance rate:  0.99259996
epsilon:  41.49760437011719 acceptance rate:  0.99369997
epsilon:  40.46662139892578 acceptance rate:  0.9934
epsilon:  39.475467681884766 acceptance rate:  0.99189997
epsilon:  38.510658264160156 acceptance rate:  0.9899
Time to select epsilon star: 46.57s

Simulations of the testing dataset...
Time to simulate the testing dataset: 0.58s

Simulations of the training dataset...
Time to simulate the training dataset: 1.16s

Training the neural network...
Initial accuracy: 48.49%, Initial test accuracy: 48.51%
Training for 100 epochs...
Epoch 1/100, mean train accuracy: 94.14%, mean test accuracy: 97.47%, lr scale: 1.0 in 7.60 sec
Epoch 2/100, mean train accuracy: 95.53%, mean test accuracy: 97.48%, lr scale: 1.0 in 7.51 sec
Epoch 3/100, mean train accuracy: 96.95%, mean test accuracy: 96.40%, lr scale: 1.0 in 7.49 sec
Epoch 4/100, mean train accuracy: 97.23%, mean test accuracy: 98.43%, lr scale: 1.0 in 7.49 sec
Epoch 5/100, mean train accuracy: 97.98%, mean test accuracy: 98.46%, lr scale: 1.0 in 7.75 sec
Epoch 6/100, mean train accuracy: 96.38%, mean test accuracy: 97.47%, lr scale: 0.5 in 7.48 sec
Epoch 7/100, mean train accuracy: 98.10%, mean test accuracy: 98.37%, lr scale: 0.5 in 7.49 sec
Epoch 8/100, mean train accuracy: 98.29%, mean test accuracy: 98.44%, lr scale: 0.5 in 7.50 sec
Epoch 9/100, mean train accuracy: 98.33%, mean test accuracy: 98.41%, lr scale: 0.5 in 7.50 sec
Epoch 10/100, mean train accuracy: 98.35%, mean test accuracy: 98.40%, lr scale: 0.5 in 7.49 sec
Epoch 11/100, mean train accuracy: 98.51%, mean test accuracy: 98.58%, lr scale: 0.25 in 7.51 sec
Epoch 12/100, mean train accuracy: 98.48%, mean test accuracy: 98.60%, lr scale: 0.25 in 7.51 sec
Epoch 13/100, mean train accuracy: 98.52%, mean test accuracy: 98.60%, lr scale: 0.125 in 7.50 sec
Epoch 14/100, mean train accuracy: 98.57%, mean test accuracy: 98.63%, lr scale: 0.125 in 7.50 sec
Epoch 15/100, mean train accuracy: 98.62%, mean test accuracy: 98.61%, lr scale: 0.125 in 7.49 sec
Epoch 16/100, mean train accuracy: 98.56%, mean test accuracy: 98.63%, lr scale: 0.125 in 7.48 sec
Epoch 17/100, mean train accuracy: 98.61%, mean test accuracy: 98.65%, lr scale: 0.0625 in 7.51 sec
Epoch 18/100, mean train accuracy: 98.64%, mean test accuracy: 98.67%, lr scale: 0.03125 in 7.52 sec
Epoch 19/100, mean train accuracy: 98.63%, mean test accuracy: 98.58%, lr scale: 0.03125 in 7.49 sec
Epoch 20/100, mean train accuracy: 98.70%, mean test accuracy: 98.68%, lr scale: 0.015625 in 7.50 sec
Epoch 21/100, mean train accuracy: 98.66%, mean test accuracy: 98.63%, lr scale: 0.015625 in 7.62 sec
Epoch 22/100, mean train accuracy: 98.69%, mean test accuracy: 98.69%, lr scale: 0.0078125 in 7.51 sec
Epoch 23/100, mean train accuracy: 98.73%, mean test accuracy: 98.67%, lr scale: 0.0078125 in 7.56 sec
Epoch 24/100, mean train accuracy: 98.70%, mean test accuracy: 98.67%, lr scale: 0.00390625 in 7.52 sec
Epoch 25/100, mean train accuracy: 98.68%, mean test accuracy: 98.69%, lr scale: 0.001953125 in 7.50 sec
Epoch 26/100, mean train accuracy: 98.71%, mean test accuracy: 98.68%, lr scale: 0.001953125 in 7.76 sec
Epoch 27/100, mean train accuracy: 98.69%, mean test accuracy: 98.69%, lr scale: 0.0009765625 in 7.50 sec
Learning rate reached 1.00E-06, stopping training
Time to train the neural network: 234.79s

Simulation Based Calibration...
Time to perform SBC: 1232.47s

Data saved in  /mnt/nfs/nrdata02-users-data/luciano/script/ABC-SBI/examples/Gauss-Gauss/old_results/sigma0_10.0/mu_0/pickles/GaussGauss_sigma_1.0_sigma0_10.0_mu_0_acc_0.99_eps_38.511.xy


--------------------
ITERATION (ACC = 0.99) DONE IN 1517.8327374458313 SECONDS!
--------------------




--------------------
SIGMA0 = 10.0, TRUE_MU = 0, ACCEPT_RATE = 0.975
--------------------


Selection of epsilon star...
epsilon:  37.65222930908203 acceptance rate:  0.99289995
epsilon:  36.82520294189453 acceptance rate:  0.99259996
epsilon:  36.069862365722656 acceptance rate:  0.9914
epsilon:  35.27616500854492 acceptance rate:  0.991
epsilon:  34.412322998046875 acceptance rate:  0.9914
epsilon:  33.52819061279297 acceptance rate:  0.99219996
epsilon:  32.737613677978516 acceptance rate:  0.9917
epsilon:  31.993804931640625 acceptance rate:  0.99219996
epsilon:  31.222848892211914 acceptance rate:  0.9916
epsilon:  30.523977279663086 acceptance rate:  0.9905
epsilon:  29.743330001831055 acceptance rate:  0.9909
epsilon:  29.1160831451416 acceptance rate:  0.9912
epsilon:  28.400104522705078 acceptance rate:  0.9899
epsilon:  27.806663513183594 acceptance rate:  0.99009997
epsilon:  27.182876586914062 acceptance rate:  0.9899
epsilon:  26.587583541870117 acceptance rate:  0.9916
epsilon:  25.95834732055664 acceptance rate:  0.98899996
epsilon:  25.421415328979492 acceptance rate:  0.98969996
epsilon:  24.898080825805664 acceptance rate:  0.9898
epsilon:  24.33661651611328 acceptance rate:  0.98829997
epsilon:  23.83241081237793 acceptance rate:  0.9881
epsilon:  23.24785041809082 acceptance rate:  0.98719996
epsilon:  22.815160751342773 acceptance rate:  0.9906
epsilon:  22.23781394958496 acceptance rate:  0.9891
epsilon:  21.791913986206055 acceptance rate:  0.98929995
epsilon:  21.37934112548828 acceptance rate:  0.9885
epsilon:  20.883455276489258 acceptance rate:  0.98899996
epsilon:  20.42940330505371 acceptance rate:  0.98649997
epsilon:  20.066688537597656 acceptance rate:  0.9887
epsilon:  19.5657901763916 acceptance rate:  0.98749995
epsilon:  19.1018009185791 acceptance rate:  0.98899996
epsilon:  18.62099266052246 acceptance rate:  0.98649997
epsilon:  18.242799758911133 acceptance rate:  0.98829997
epsilon:  17.773832321166992 acceptance rate:  0.9898
epsilon:  17.26011848449707 acceptance rate:  0.9877
epsilon:  16.859939575195312 acceptance rate:  0.98679996
epsilon:  16.57247543334961 acceptance rate:  0.987
epsilon:  16.22629737854004 acceptance rate:  0.98829997
epsilon:  15.913261413574219 acceptance rate:  0.98679996
epsilon:  15.548074722290039 acceptance rate:  0.98469996
epsilon:  15.239087104797363 acceptance rate:  0.9863
epsilon:  14.929800987243652 acceptance rate:  0.9873
epsilon:  14.62499713897705 acceptance rate:  0.988
epsilon:  14.253385543823242 acceptance rate:  0.98399997
epsilon:  13.986977577209473 acceptance rate:  0.98579997
epsilon:  13.705082893371582 acceptance rate:  0.98469996
epsilon:  13.479560852050781 acceptance rate:  0.9855
epsilon:  13.160284042358398 acceptance rate:  0.98499995
epsilon:  12.834539413452148 acceptance rate:  0.98609996
epsilon:  12.570011138916016 acceptance rate:  0.9831
epsilon:  12.287965774536133 acceptance rate:  0.9853
epsilon:  12.042744636535645 acceptance rate:  0.98359996
epsilon:  11.741070747375488 acceptance rate:  0.9851
epsilon:  11.511392593383789 acceptance rate:  0.9833
epsilon:  11.250530242919922 acceptance rate:  0.9849
epsilon:  11.037554740905762 acceptance rate:  0.9823
epsilon:  10.833745002746582 acceptance rate:  0.9841
epsilon:  10.635905265808105 acceptance rate:  0.9823
epsilon:  10.437631607055664 acceptance rate:  0.98209995
epsilon:  10.228418350219727 acceptance rate:  0.98609996
epsilon:  10.002126693725586 acceptance rate:  0.9845
epsilon:  9.810491561889648 acceptance rate:  0.9826
epsilon:  9.600225448608398 acceptance rate:  0.983
epsilon:  9.413519859313965 acceptance rate:  0.98039997
epsilon:  9.230276107788086 acceptance rate:  0.9834
epsilon:  9.021459579467773 acceptance rate:  0.9798
epsilon:  8.869373321533203 acceptance rate:  0.98219997
epsilon:  8.706019401550293 acceptance rate:  0.98219997
epsilon:  8.52568244934082 acceptance rate:  0.9809
epsilon:  8.364208221435547 acceptance rate:  0.9817
epsilon:  8.202969551086426 acceptance rate:  0.9801
epsilon:  8.057629585266113 acceptance rate:  0.98109996
epsilon:  7.9058613777160645 acceptance rate:  0.9802
epsilon:  7.766104221343994 acceptance rate:  0.97999996
epsilon:  7.623190402984619 acceptance rate:  0.98209995
epsilon:  7.454300880432129 acceptance rate:  0.98179996
epsilon:  7.295559406280518 acceptance rate:  0.9799
epsilon:  7.145227432250977 acceptance rate:  0.9801
epsilon:  6.9884843826293945 acceptance rate:  0.9784
epsilon:  6.845283031463623 acceptance rate:  0.9801
epsilon:  6.691465377807617 acceptance rate:  0.97999996
epsilon:  6.54095458984375 acceptance rate:  0.97919995
epsilon:  6.411826133728027 acceptance rate:  0.97679996
epsilon:  6.299793243408203 acceptance rate:  0.9817
epsilon:  6.138705730438232 acceptance rate:  0.97789997
epsilon:  5.995075702667236 acceptance rate:  0.9774
epsilon:  5.894228935241699 acceptance rate:  0.9759
epsilon:  5.7929816246032715 acceptance rate:  0.9766
epsilon:  5.670546054840088 acceptance rate:  0.97599995
epsilon:  5.547031402587891 acceptance rate:  0.97929996
epsilon:  5.413168430328369 acceptance rate:  0.97709996
epsilon:  5.2920074462890625 acceptance rate:  0.9772
epsilon:  5.183300495147705 acceptance rate:  0.9748
Time to select epsilon star: 82.84s

Simulations of the testing dataset...
Time to simulate the testing dataset: 0.58s

Simulations of the training dataset...
Time to simulate the training dataset: 1.15s

Training the neural network...
Initial accuracy: 49.30%, Initial test accuracy: 49.05%
Training for 100 epochs...
Epoch 1/100, mean train accuracy: 96.97%, mean test accuracy: 98.01%, lr scale: 1.0 in 7.61 sec
Epoch 2/100, mean train accuracy: 98.01%, mean test accuracy: 98.30%, lr scale: 1.0 in 7.54 sec
Epoch 3/100, mean train accuracy: 98.14%, mean test accuracy: 98.08%, lr scale: 1.0 in 7.49 sec
Epoch 4/100, mean train accuracy: 98.32%, mean test accuracy: 98.29%, lr scale: 1.0 in 7.51 sec
Epoch 5/100, mean train accuracy: 98.34%, mean test accuracy: 98.33%, lr scale: 1.0 in 7.51 sec
Epoch 6/100, mean train accuracy: 98.30%, mean test accuracy: 98.24%, lr scale: 1.0 in 7.80 sec
Epoch 7/100, mean train accuracy: 98.41%, mean test accuracy: 98.51%, lr scale: 1.0 in 7.50 sec
Epoch 8/100, mean train accuracy: 98.43%, mean test accuracy: 98.38%, lr scale: 1.0 in 7.50 sec
Epoch 9/100, mean train accuracy: 98.48%, mean test accuracy: 98.33%, lr scale: 0.5 in 7.50 sec
Epoch 10/100, mean train accuracy: 98.55%, mean test accuracy: 98.61%, lr scale: 0.5 in 7.53 sec
Epoch 11/100, mean train accuracy: 98.54%, mean test accuracy: 98.61%, lr scale: 0.5 in 7.51 sec
Epoch 12/100, mean train accuracy: 98.64%, mean test accuracy: 98.66%, lr scale: 0.25 in 7.51 sec
Epoch 13/100, mean train accuracy: 98.66%, mean test accuracy: 98.65%, lr scale: 0.25 in 7.49 sec
Epoch 14/100, mean train accuracy: 98.67%, mean test accuracy: 98.65%, lr scale: 0.25 in 7.56 sec
Epoch 15/100, mean train accuracy: 98.66%, mean test accuracy: 98.61%, lr scale: 0.25 in 7.58 sec
Epoch 16/100, mean train accuracy: 98.66%, mean test accuracy: 98.67%, lr scale: 0.25 in 7.66 sec
Epoch 17/100, mean train accuracy: 98.64%, mean test accuracy: 98.66%, lr scale: 0.125 in 7.56 sec
Epoch 18/100, mean train accuracy: 98.70%, mean test accuracy: 98.65%, lr scale: 0.0625 in 7.57 sec
Epoch 19/100, mean train accuracy: 98.73%, mean test accuracy: 98.66%, lr scale: 0.03125 in 7.53 sec
Epoch 20/100, mean train accuracy: 98.72%, mean test accuracy: 98.67%, lr scale: 0.03125 in 7.50 sec
Epoch 21/100, mean train accuracy: 98.71%, mean test accuracy: 98.66%, lr scale: 0.03125 in 7.53 sec
Epoch 22/100, mean train accuracy: 98.74%, mean test accuracy: 98.68%, lr scale: 0.015625 in 7.52 sec
Epoch 23/100, mean train accuracy: 98.70%, mean test accuracy: 98.67%, lr scale: 0.0078125 in 7.54 sec
Epoch 24/100, mean train accuracy: 98.75%, mean test accuracy: 98.69%, lr scale: 0.0078125 in 7.53 sec
Epoch 25/100, mean train accuracy: 98.72%, mean test accuracy: 98.68%, lr scale: 0.00390625 in 7.51 sec
Epoch 26/100, mean train accuracy: 98.73%, mean test accuracy: 98.68%, lr scale: 0.001953125 in 7.53 sec
Epoch 27/100, mean train accuracy: 98.73%, mean test accuracy: 98.68%, lr scale: 0.0009765625 in 7.81 sec
Learning rate reached 1.00E-06, stopping training
Time to train the neural network: 277.66s

Simulation Based Calibration...
Time to perform SBC: 1229.32s

Data saved in  /mnt/nfs/nrdata02-users-data/luciano/script/ABC-SBI/examples/Gauss-Gauss/old_results/sigma0_10.0/mu_0/pickles/GaussGauss_sigma_1.0_sigma0_10.0_mu_0_acc_0.975_eps_5.1833.xy


--------------------
ITERATION (ACC = 0.975) DONE IN 1593.8202965259552 SECONDS!
--------------------




--------------------
SIGMA0 = 10.0, TRUE_MU = 0, ACCEPT_RATE = 0.95
--------------------


Selection of epsilon star...
epsilon:  5.073477745056152 acceptance rate:  0.97599995
epsilon:  4.959744930267334 acceptance rate:  0.97499996
epsilon:  4.858567237854004 acceptance rate:  0.97639996
epsilon:  4.768307209014893 acceptance rate:  0.97429997
epsilon:  4.670368671417236 acceptance rate:  0.97059995
epsilon:  4.578119277954102 acceptance rate:  0.9773
epsilon:  4.4756622314453125 acceptance rate:  0.97459996
epsilon:  4.396734237670898 acceptance rate:  0.9715
epsilon:  4.328491687774658 acceptance rate:  0.9723
epsilon:  4.24539852142334 acceptance rate:  0.9733
epsilon:  4.154560089111328 acceptance rate:  0.9712
epsilon:  4.0702433586120605 acceptance rate:  0.97429997
epsilon:  3.9849658012390137 acceptance rate:  0.9705
epsilon:  3.9050614833831787 acceptance rate:  0.9716
epsilon:  3.8306233882904053 acceptance rate:  0.9733
epsilon:  3.757660388946533 acceptance rate:  0.97029996
epsilon:  3.6680219173431396 acceptance rate:  0.9719
epsilon:  3.599592924118042 acceptance rate:  0.9744
epsilon:  3.52526593208313 acceptance rate:  0.96989995
epsilon:  3.4576141834259033 acceptance rate:  0.96819997
epsilon:  3.3696506023406982 acceptance rate:  0.9711
epsilon:  3.3036203384399414 acceptance rate:  0.96779996
epsilon:  3.2357234954833984 acceptance rate:  0.96999997
epsilon:  3.164132595062256 acceptance rate:  0.96879995
epsilon:  3.1009042263031006 acceptance rate:  0.9672
epsilon:  3.0424084663391113 acceptance rate:  0.9643
epsilon:  2.9839775562286377 acceptance rate:  0.96529996
epsilon:  2.933107614517212 acceptance rate:  0.96739995
epsilon:  2.8787972927093506 acceptance rate:  0.965
epsilon:  2.8258731365203857 acceptance rate:  0.9675
epsilon:  2.7703869342803955 acceptance rate:  0.9675
epsilon:  2.7139205932617188 acceptance rate:  0.9651
epsilon:  2.652787446975708 acceptance rate:  0.96559995
epsilon:  2.5951147079467773 acceptance rate:  0.96129996
epsilon:  2.547140121459961 acceptance rate:  0.9643
epsilon:  2.4992055892944336 acceptance rate:  0.96629995
epsilon:  2.4500787258148193 acceptance rate:  0.9644
epsilon:  2.4054298400878906 acceptance rate:  0.96349996
epsilon:  2.3503341674804688 acceptance rate:  0.9615
epsilon:  2.3040921688079834 acceptance rate:  0.9622
epsilon:  2.2572550773620605 acceptance rate:  0.9641
epsilon:  2.210920572280884 acceptance rate:  0.96059996
epsilon:  2.169710159301758 acceptance rate:  0.965
epsilon:  2.1243646144866943 acceptance rate:  0.9612
epsilon:  2.086060047149658 acceptance rate:  0.9614
epsilon:  2.03596568107605 acceptance rate:  0.9578
epsilon:  2.001779794692993 acceptance rate:  0.9594
epsilon:  1.9620026350021362 acceptance rate:  0.9611
epsilon:  1.9207137823104858 acceptance rate:  0.958
epsilon:  1.8864028453826904 acceptance rate:  0.9598
epsilon:  1.8468430042266846 acceptance rate:  0.9612
epsilon:  1.8090771436691284 acceptance rate:  0.96089995
epsilon:  1.7788907289505005 acceptance rate:  0.9615
epsilon:  1.7396023273468018 acceptance rate:  0.95629996
epsilon:  1.7053872346878052 acceptance rate:  0.9553
epsilon:  1.6717724800109863 acceptance rate:  0.9557
epsilon:  1.637711763381958 acceptance rate:  0.9529
epsilon:  1.604927897453308 acceptance rate:  0.956
epsilon:  1.5647072792053223 acceptance rate:  0.9571
epsilon:  1.5306984186172485 acceptance rate:  0.9546
epsilon:  1.5019123554229736 acceptance rate:  0.9489
Time to select epsilon star: 77.84s

Simulations of the testing dataset...
Time to simulate the testing dataset: 0.62s

Simulations of the training dataset...
Time to simulate the training dataset: 1.25s

Training the neural network...
Initial accuracy: 52.01%, Initial test accuracy: 52.18%
Training for 100 epochs...
Epoch 1/100, mean train accuracy: 97.36%, mean test accuracy: 98.18%, lr scale: 1.0 in 7.92 sec
Epoch 2/100, mean train accuracy: 98.20%, mean test accuracy: 98.43%, lr scale: 1.0 in 7.53 sec
Epoch 3/100, mean train accuracy: 98.35%, mean test accuracy: 98.39%, lr scale: 1.0 in 7.51 sec
Epoch 4/100, mean train accuracy: 98.42%, mean test accuracy: 98.52%, lr scale: 1.0 in 7.54 sec
Epoch 5/100, mean train accuracy: 98.44%, mean test accuracy: 98.62%, lr scale: 0.5 in 7.52 sec
Epoch 6/100, mean train accuracy: 98.55%, mean test accuracy: 98.57%, lr scale: 0.5 in 7.52 sec
Epoch 7/100, mean train accuracy: 98.56%, mean test accuracy: 98.61%, lr scale: 0.5 in 7.58 sec
Epoch 8/100, mean train accuracy: 98.59%, mean test accuracy: 98.61%, lr scale: 0.5 in 7.56 sec
Epoch 9/100, mean train accuracy: 98.59%, mean test accuracy: 98.56%, lr scale: 0.5 in 7.59 sec
Epoch 10/100, mean train accuracy: 98.57%, mean test accuracy: 98.56%, lr scale: 0.5 in 7.57 sec
Epoch 11/100, mean train accuracy: 98.62%, mean test accuracy: 98.64%, lr scale: 0.25 in 7.53 sec
Epoch 12/100, mean train accuracy: 98.67%, mean test accuracy: 98.63%, lr scale: 0.25 in 7.53 sec
Epoch 13/100, mean train accuracy: 98.66%, mean test accuracy: 98.67%, lr scale: 0.125 in 7.56 sec
Epoch 14/100, mean train accuracy: 98.67%, mean test accuracy: 98.65%, lr scale: 0.125 in 7.53 sec
Epoch 15/100, mean train accuracy: 98.68%, mean test accuracy: 98.68%, lr scale: 0.0625 in 7.52 sec
Epoch 16/100, mean train accuracy: 98.68%, mean test accuracy: 98.68%, lr scale: 0.03125 in 7.54 sec
Epoch 17/100, mean train accuracy: 98.74%, mean test accuracy: 98.70%, lr scale: 0.03125 in 7.51 sec
Epoch 18/100, mean train accuracy: 98.75%, mean test accuracy: 98.69%, lr scale: 0.03125 in 7.52 sec
Epoch 19/100, mean train accuracy: 98.74%, mean test accuracy: 98.68%, lr scale: 0.015625 in 7.51 sec
Epoch 20/100, mean train accuracy: 98.75%, mean test accuracy: 98.69%, lr scale: 0.0078125 in 7.55 sec
Epoch 21/100, mean train accuracy: 98.72%, mean test accuracy: 98.69%, lr scale: 0.0078125 in 7.78 sec
Epoch 22/100, mean train accuracy: 98.75%, mean test accuracy: 98.70%, lr scale: 0.0078125 in 7.54 sec
Epoch 23/100, mean train accuracy: 98.73%, mean test accuracy: 98.69%, lr scale: 0.00390625 in 7.55 sec
Epoch 24/100, mean train accuracy: 98.75%, mean test accuracy: 98.69%, lr scale: 0.001953125 in 7.55 sec
Epoch 25/100, mean train accuracy: 98.71%, mean test accuracy: 98.69%, lr scale: 0.001953125 in 7.55 sec
Epoch 26/100, mean train accuracy: 98.74%, mean test accuracy: 98.69%, lr scale: 0.0009765625 in 7.52 sec
Learning rate reached 1.00E-06, stopping training
Time to train the neural network: 318.55s

Simulation Based Calibration...
Time to perform SBC: 1227.25s

Data saved in  /mnt/nfs/nrdata02-users-data/luciano/script/ABC-SBI/examples/Gauss-Gauss/old_results/sigma0_10.0/mu_0/pickles/GaussGauss_sigma_1.0_sigma0_10.0_mu_0_acc_0.95_eps_1.5019.xy


--------------------
ITERATION (ACC = 0.95) DONE IN 1627.7805466651917 SECONDS!
--------------------




--------------------
SIGMA0 = 10.0, TRUE_MU = 0, ACCEPT_RATE = 0.925
--------------------


Selection of epsilon star...
epsilon:  1.474885106086731 acceptance rate:  0.954
epsilon:  1.4445310831069946 acceptance rate:  0.95159996
epsilon:  1.4188427925109863 acceptance rate:  0.9569
epsilon:  1.389155387878418 acceptance rate:  0.9544
epsilon:  1.3607579469680786 acceptance rate:  0.9508
epsilon:  1.3344721794128418 acceptance rate:  0.95369995
epsilon:  1.3098338842391968 acceptance rate:  0.9511
epsilon:  1.2845593690872192 acceptance rate:  0.94939995
epsilon:  1.2642807960510254 acceptance rate:  0.94589996
epsilon:  1.2408254146575928 acceptance rate:  0.94909996
epsilon:  1.2161275148391724 acceptance rate:  0.9474
epsilon:  1.1894453763961792 acceptance rate:  0.9504
epsilon:  1.1649850606918335 acceptance rate:  0.94869995
epsilon:  1.1385537385940552 acceptance rate:  0.9485
epsilon:  1.1180726289749146 acceptance rate:  0.9439
epsilon:  1.099625587463379 acceptance rate:  0.9461
epsilon:  1.075333833694458 acceptance rate:  0.9453
epsilon:  1.0492758750915527 acceptance rate:  0.94839996
epsilon:  1.031254768371582 acceptance rate:  0.94689995
epsilon:  1.0089420080184937 acceptance rate:  0.9479
epsilon:  0.9867159128189087 acceptance rate:  0.94369996
epsilon:  0.9653906226158142 acceptance rate:  0.9421
epsilon:  0.9485247731208801 acceptance rate:  0.9449
epsilon:  0.9307029843330383 acceptance rate:  0.94189996
epsilon:  0.9109452366828918 acceptance rate:  0.9404
epsilon:  0.8923973441123962 acceptance rate:  0.94159997
epsilon:  0.8737822771072388 acceptance rate:  0.94009995
epsilon:  0.8549408912658691 acceptance rate:  0.94089997
epsilon:  0.8390035033226013 acceptance rate:  0.9396
epsilon:  0.8214176297187805 acceptance rate:  0.93969995
epsilon:  0.8058528304100037 acceptance rate:  0.9439
epsilon:  0.7864514589309692 acceptance rate:  0.9371
epsilon:  0.7710360288619995 acceptance rate:  0.94149995
epsilon:  0.7567195296287537 acceptance rate:  0.9317
epsilon:  0.7427334189414978 acceptance rate:  0.93439996
epsilon:  0.7268045544624329 acceptance rate:  0.93399996
epsilon:  0.7107401490211487 acceptance rate:  0.93009996
epsilon:  0.6965482234954834 acceptance rate:  0.93359995
epsilon:  0.6813544631004333 acceptance rate:  0.9288
epsilon:  0.671612024307251 acceptance rate:  0.9339
epsilon:  0.6584794521331787 acceptance rate:  0.9263
epsilon:  0.6447412967681885 acceptance rate:  0.9253
epsilon:  0.6326018571853638 acceptance rate:  0.93009996
epsilon:  0.6204084753990173 acceptance rate:  0.9285
epsilon:  0.6076976656913757 acceptance rate:  0.92569995
epsilon:  0.5985571146011353 acceptance rate:  0.9259
epsilon:  0.5862584114074707 acceptance rate:  0.9246
Time to select epsilon star: 82.51s

Simulations of the testing dataset...
Time to simulate the testing dataset: 0.61s

Simulations of the training dataset...
Time to simulate the training dataset: 1.21s

Training the neural network...
Initial accuracy: 46.06%, Initial test accuracy: 46.13%
Training for 100 epochs...
Epoch 1/100, mean train accuracy: 97.44%, mean test accuracy: 98.06%, lr scale: 1.0 in 7.63 sec
Epoch 2/100, mean train accuracy: 98.27%, mean test accuracy: 98.38%, lr scale: 1.0 in 7.52 sec
Epoch 3/100, mean train accuracy: 98.40%, mean test accuracy: 98.42%, lr scale: 1.0 in 7.58 sec
Epoch 4/100, mean train accuracy: 98.45%, mean test accuracy: 98.45%, lr scale: 1.0 in 7.53 sec
Epoch 5/100, mean train accuracy: 98.45%, mean test accuracy: 98.53%, lr scale: 1.0 in 7.60 sec
Epoch 6/100, mean train accuracy: 98.50%, mean test accuracy: 98.40%, lr scale: 1.0 in 7.55 sec
Epoch 7/100, mean train accuracy: 98.55%, mean test accuracy: 98.51%, lr scale: 0.5 in 7.55 sec
Epoch 8/100, mean train accuracy: 98.64%, mean test accuracy: 98.53%, lr scale: 0.5 in 7.51 sec
Epoch 9/100, mean train accuracy: 98.59%, mean test accuracy: 98.62%, lr scale: 0.25 in 7.55 sec
Epoch 10/100, mean train accuracy: 98.64%, mean test accuracy: 98.62%, lr scale: 0.25 in 7.50 sec
Epoch 11/100, mean train accuracy: 98.68%, mean test accuracy: 98.65%, lr scale: 0.125 in 7.53 sec
Epoch 12/100, mean train accuracy: 98.73%, mean test accuracy: 98.67%, lr scale: 0.0625 in 7.51 sec
Epoch 13/100, mean train accuracy: 98.70%, mean test accuracy: 98.66%, lr scale: 0.0625 in 7.54 sec
Epoch 14/100, mean train accuracy: 98.74%, mean test accuracy: 98.67%, lr scale: 0.0625 in 7.51 sec
Epoch 15/100, mean train accuracy: 98.74%, mean test accuracy: 98.66%, lr scale: 0.0625 in 7.52 sec
Epoch 16/100, mean train accuracy: 98.71%, mean test accuracy: 98.66%, lr scale: 0.03125 in 7.51 sec
Epoch 17/100, mean train accuracy: 98.70%, mean test accuracy: 98.67%, lr scale: 0.03125 in 7.52 sec
Epoch 18/100, mean train accuracy: 98.71%, mean test accuracy: 98.65%, lr scale: 0.015625 in 7.51 sec
Epoch 19/100, mean train accuracy: 98.72%, mean test accuracy: 98.66%, lr scale: 0.0078125 in 7.52 sec
Epoch 20/100, mean train accuracy: 98.73%, mean test accuracy: 98.66%, lr scale: 0.00390625 in 7.51 sec
Epoch 21/100, mean train accuracy: 98.76%, mean test accuracy: 98.66%, lr scale: 0.00390625 in 7.52 sec
Epoch 22/100, mean train accuracy: 98.72%, mean test accuracy: 98.66%, lr scale: 0.00390625 in 7.51 sec
Epoch 23/100, mean train accuracy: 98.75%, mean test accuracy: 98.66%, lr scale: 0.001953125 in 7.86 sec
Epoch 24/100, mean train accuracy: 98.74%, mean test accuracy: 98.66%, lr scale: 0.0009765625 in 7.51 sec
Learning rate reached 1.00E-06, stopping training
Time to train the neural network: 354.66s

Simulation Based Calibration...
Time to perform SBC: 1225.96s

Data saved in  /mnt/nfs/nrdata02-users-data/luciano/script/ABC-SBI/examples/Gauss-Gauss/old_results/sigma0_10.0/mu_0/pickles/GaussGauss_sigma_1.0_sigma0_10.0_mu_0_acc_0.925_eps_0.58626.xy


--------------------
ITERATION (ACC = 0.925) DONE IN 1667.1841320991516 SECONDS!
--------------------




--------------------
SIGMA0 = 10.0, TRUE_MU = 0, ACCEPT_RATE = 0.9
--------------------


Selection of epsilon star...
epsilon:  0.5725294947624207 acceptance rate:  0.92679995
epsilon:  0.5606172680854797 acceptance rate:  0.92319995
epsilon:  0.5496296882629395 acceptance rate:  0.92719996
epsilon:  0.5368110537528992 acceptance rate:  0.9227
epsilon:  0.5256335735321045 acceptance rate:  0.9242
epsilon:  0.5156146883964539 acceptance rate:  0.9191
epsilon:  0.5048723220825195 acceptance rate:  0.9165
epsilon:  0.4959491789340973 acceptance rate:  0.92029995
epsilon:  0.4865548312664032 acceptance rate:  0.91999996
epsilon:  0.47591814398765564 acceptance rate:  0.9209
epsilon:  0.46622270345687866 acceptance rate:  0.91859996
epsilon:  0.4550195634365082 acceptance rate:  0.9173
epsilon:  0.44743987917900085 acceptance rate:  0.91359997
epsilon:  0.43872761726379395 acceptance rate:  0.9131
epsilon:  0.4290461242198944 acceptance rate:  0.9134
epsilon:  0.4203520119190216 acceptance rate:  0.9141
epsilon:  0.4111592173576355 acceptance rate:  0.9152
epsilon:  0.4030429422855377 acceptance rate:  0.9058
epsilon:  0.3949326276779175 acceptance rate:  0.9087
epsilon:  0.3867296576499939 acceptance rate:  0.90489995
epsilon:  0.3772152364253998 acceptance rate:  0.9041
epsilon:  0.3709096312522888 acceptance rate:  0.90559995
epsilon:  0.362659752368927 acceptance rate:  0.9086
epsilon:  0.35563161969184875 acceptance rate:  0.9048
epsilon:  0.3496706783771515 acceptance rate:  0.9083
epsilon:  0.3426359295845032 acceptance rate:  0.9036
epsilon:  0.3355362117290497 acceptance rate:  0.9025
epsilon:  0.32714203000068665 acceptance rate:  0.89739996
Time to select epsilon star: 63.36s

Simulations of the testing dataset...
Time to simulate the testing dataset: 0.59s

Simulations of the training dataset...
Time to simulate the training dataset: 1.15s

Training the neural network...
Initial accuracy: 43.83%, Initial test accuracy: 43.67%
Training for 100 epochs...
Epoch 1/100, mean train accuracy: 97.48%, mean test accuracy: 98.19%, lr scale: 1.0 in 7.64 sec
Epoch 2/100, mean train accuracy: 98.27%, mean test accuracy: 98.34%, lr scale: 1.0 in 7.53 sec
Epoch 3/100, mean train accuracy: 98.39%, mean test accuracy: 98.44%, lr scale: 1.0 in 7.53 sec
Epoch 4/100, mean train accuracy: 98.41%, mean test accuracy: 98.40%, lr scale: 1.0 in 7.51 sec
Epoch 5/100, mean train accuracy: 98.49%, mean test accuracy: 98.41%, lr scale: 1.0 in 7.50 sec
Epoch 6/100, mean train accuracy: 98.52%, mean test accuracy: 98.56%, lr scale: 0.5 in 7.50 sec
Epoch 7/100, mean train accuracy: 98.54%, mean test accuracy: 98.43%, lr scale: 0.5 in 7.53 sec
Epoch 8/100, mean train accuracy: 98.59%, mean test accuracy: 98.55%, lr scale: 0.5 in 7.87 sec
Epoch 9/100, mean train accuracy: 98.65%, mean test accuracy: 98.59%, lr scale: 0.25 in 7.55 sec
Epoch 10/100, mean train accuracy: 98.67%, mean test accuracy: 98.58%, lr scale: 0.25 in 7.54 sec
Epoch 11/100, mean train accuracy: 98.63%, mean test accuracy: 98.59%, lr scale: 0.125 in 7.55 sec
Epoch 12/100, mean train accuracy: 98.67%, mean test accuracy: 98.61%, lr scale: 0.0625 in 7.55 sec
Epoch 13/100, mean train accuracy: 98.71%, mean test accuracy: 98.61%, lr scale: 0.0625 in 7.55 sec
Epoch 14/100, mean train accuracy: 98.71%, mean test accuracy: 98.62%, lr scale: 0.03125 in 7.52 sec
Epoch 15/100, mean train accuracy: 98.70%, mean test accuracy: 98.61%, lr scale: 0.015625 in 7.52 sec
Epoch 16/100, mean train accuracy: 98.74%, mean test accuracy: 98.63%, lr scale: 0.015625 in 7.53 sec
Epoch 17/100, mean train accuracy: 98.73%, mean test accuracy: 98.60%, lr scale: 0.015625 in 7.54 sec
Epoch 18/100, mean train accuracy: 98.74%, mean test accuracy: 98.61%, lr scale: 0.0078125 in 7.52 sec
Epoch 19/100, mean train accuracy: 98.68%, mean test accuracy: 98.62%, lr scale: 0.0078125 in 7.55 sec
Epoch 20/100, mean train accuracy: 98.72%, mean test accuracy: 98.62%, lr scale: 0.00390625 in 7.55 sec
Epoch 21/100, mean train accuracy: 98.69%, mean test accuracy: 98.62%, lr scale: 0.001953125 in 7.52 sec
Epoch 22/100, mean train accuracy: 98.68%, mean test accuracy: 98.62%, lr scale: 0.0009765625 in 7.55 sec
Learning rate reached 1.00E-06, stopping training
Time to train the neural network: 400.68s

Simulation Based Calibration...
Time to perform SBC: 1228.20s

Data saved in  /mnt/nfs/nrdata02-users-data/luciano/script/ABC-SBI/examples/Gauss-Gauss/old_results/sigma0_10.0/mu_0/pickles/GaussGauss_sigma_1.0_sigma0_10.0_mu_0_acc_0.9_eps_0.32714.xy


--------------------
ITERATION (ACC = 0.9) DONE IN 1696.2471597194672 SECONDS!
--------------------




--------------------
SIGMA0 = 10.0, TRUE_MU = 0, ACCEPT_RATE = 0.85
--------------------


Selection of epsilon star...
epsilon:  0.32108351588249207 acceptance rate:  0.9012
epsilon:  0.31380292773246765 acceptance rate:  0.9016
epsilon:  0.3079359829425812 acceptance rate:  0.89669997
epsilon:  0.3019174337387085 acceptance rate:  0.8986
epsilon:  0.29653140902519226 acceptance rate:  0.8946
epsilon:  0.29096394777297974 acceptance rate:  0.8982
epsilon:  0.2846217453479767 acceptance rate:  0.898
epsilon:  0.27807286381721497 acceptance rate:  0.88879997
epsilon:  0.2725570499897003 acceptance rate:  0.8912
epsilon:  0.2672281861305237 acceptance rate:  0.8937
epsilon:  0.2619849741458893 acceptance rate:  0.8839
epsilon:  0.25770384073257446 acceptance rate:  0.8879
epsilon:  0.2529746890068054 acceptance rate:  0.88629997
epsilon:  0.24813346564769745 acceptance rate:  0.8907
epsilon:  0.24338297545909882 acceptance rate:  0.88409996
epsilon:  0.23848219215869904 acceptance rate:  0.8874
epsilon:  0.23357389867305756 acceptance rate:  0.8874
epsilon:  0.22858880460262299 acceptance rate:  0.88439995
epsilon:  0.2244868278503418 acceptance rate:  0.8793
epsilon:  0.22057479619979858 acceptance rate:  0.8778
epsilon:  0.21622008085250854 acceptance rate:  0.8847
epsilon:  0.21175897121429443 acceptance rate:  0.87729996
epsilon:  0.2074565887451172 acceptance rate:  0.8746
epsilon:  0.20358732342720032 acceptance rate:  0.87509996
epsilon:  0.2000843584537506 acceptance rate:  0.8728
epsilon:  0.19590766727924347 acceptance rate:  0.8739
epsilon:  0.19183655083179474 acceptance rate:  0.8757
epsilon:  0.18755917251110077 acceptance rate:  0.87549996
epsilon:  0.18373844027519226 acceptance rate:  0.86289996
epsilon:  0.18030650913715363 acceptance rate:  0.8692
epsilon:  0.17626769840717316 acceptance rate:  0.8613
epsilon:  0.1729709357023239 acceptance rate:  0.8681
epsilon:  0.16919556260108948 acceptance rate:  0.86429995
epsilon:  0.16626545786857605 acceptance rate:  0.8609
epsilon:  0.1624310463666916 acceptance rate:  0.8594
epsilon:  0.15976303815841675 acceptance rate:  0.85319996
epsilon:  0.1566161960363388 acceptance rate:  0.85109997
epsilon:  0.15366363525390625 acceptance rate:  0.863
epsilon:  0.14996948838233948 acceptance rate:  0.847
Time to select epsilon star: 115.68s

Simulations of the testing dataset...
Time to simulate the testing dataset: 0.61s

Simulations of the training dataset...
Time to simulate the training dataset: 1.13s

Training the neural network...
Initial accuracy: 51.26%, Initial test accuracy: 51.38%
Training for 100 epochs...
Epoch 1/100, mean train accuracy: 97.41%, mean test accuracy: 98.31%, lr scale: 1.0 in 7.63 sec
Epoch 2/100, mean train accuracy: 98.28%, mean test accuracy: 98.49%, lr scale: 1.0 in 7.52 sec
Epoch 3/100, mean train accuracy: 98.38%, mean test accuracy: 98.41%, lr scale: 1.0 in 7.52 sec
Epoch 4/100, mean train accuracy: 98.42%, mean test accuracy: 98.48%, lr scale: 1.0 in 7.57 sec
Epoch 5/100, mean train accuracy: 98.49%, mean test accuracy: 98.54%, lr scale: 1.0 in 7.53 sec
Epoch 6/100, mean train accuracy: 98.36%, mean test accuracy: 98.63%, lr scale: 1.0 in 7.53 sec
Epoch 7/100, mean train accuracy: 98.57%, mean test accuracy: 98.59%, lr scale: 1.0 in 7.52 sec
Epoch 8/100, mean train accuracy: 98.60%, mean test accuracy: 98.63%, lr scale: 0.5 in 7.52 sec
Epoch 9/100, mean train accuracy: 98.60%, mean test accuracy: 98.57%, lr scale: 0.5 in 7.51 sec
Epoch 10/100, mean train accuracy: 98.65%, mean test accuracy: 98.66%, lr scale: 0.25 in 7.52 sec
Epoch 11/100, mean train accuracy: 98.68%, mean test accuracy: 98.57%, lr scale: 0.25 in 7.51 sec
Epoch 12/100, mean train accuracy: 98.69%, mean test accuracy: 98.66%, lr scale: 0.125 in 7.53 sec
Epoch 13/100, mean train accuracy: 98.68%, mean test accuracy: 98.67%, lr scale: 0.125 in 7.50 sec
Epoch 14/100, mean train accuracy: 98.67%, mean test accuracy: 98.69%, lr scale: 0.0625 in 7.50 sec
Epoch 15/100, mean train accuracy: 98.71%, mean test accuracy: 98.70%, lr scale: 0.03125 in 7.51 sec
Epoch 16/100, mean train accuracy: 98.72%, mean test accuracy: 98.68%, lr scale: 0.03125 in 7.51 sec
Epoch 17/100, mean train accuracy: 98.69%, mean test accuracy: 98.70%, lr scale: 0.015625 in 7.52 sec
Epoch 18/100, mean train accuracy: 98.72%, mean test accuracy: 98.69%, lr scale: 0.0078125 in 7.86 sec
Epoch 19/100, mean train accuracy: 98.72%, mean test accuracy: 98.69%, lr scale: 0.00390625 in 7.51 sec
Epoch 20/100, mean train accuracy: 98.72%, mean test accuracy: 98.68%, lr scale: 0.00390625 in 7.63 sec
Epoch 21/100, mean train accuracy: 98.69%, mean test accuracy: 98.69%, lr scale: 0.001953125 in 7.63 sec
Epoch 22/100, mean train accuracy: 98.73%, mean test accuracy: 98.69%, lr scale: 0.001953125 in 7.53 sec
Epoch 23/100, mean train accuracy: 98.71%, mean test accuracy: 98.69%, lr scale: 0.0009765625 in 7.51 sec
Learning rate reached 1.00E-06, stopping training
Time to train the neural network: 513.61s

Simulation Based Calibration...
Time to perform SBC: 1152.69s

Data saved in  /mnt/nfs/nrdata02-users-data/luciano/script/ABC-SBI/examples/Gauss-Gauss/old_results/sigma0_10.0/mu_0/pickles/GaussGauss_sigma_1.0_sigma0_10.0_mu_0_acc_0.85_eps_0.14997.xy


--------------------
ITERATION (ACC = 0.85) DONE IN 1787.9836966991425 SECONDS!
--------------------




--------------------
SIGMA0 = 10.0, TRUE_MU = 0, ACCEPT_RATE = 0.8
--------------------


Selection of epsilon star...
epsilon:  0.14671070873737335 acceptance rate:  0.8574
epsilon:  0.1439318060874939 acceptance rate:  0.84499997
epsilon:  0.1410936415195465 acceptance rate:  0.853
epsilon:  0.1379319429397583 acceptance rate:  0.847
epsilon:  0.13529151678085327 acceptance rate:  0.8416
epsilon:  0.13256700336933136 acceptance rate:  0.8495
epsilon:  0.1298416703939438 acceptance rate:  0.8415
epsilon:  0.12758317589759827 acceptance rate:  0.8429
epsilon:  0.12486238032579422 acceptance rate:  0.83769995
epsilon:  0.12247931957244873 acceptance rate:  0.8423
epsilon:  0.11991026252508163 acceptance rate:  0.8383
epsilon:  0.11754348129034042 acceptance rate:  0.8368
epsilon:  0.11544313281774521 acceptance rate:  0.83339995
epsilon:  0.11334766447544098 acceptance rate:  0.8329
epsilon:  0.11119550466537476 acceptance rate:  0.8304
epsilon:  0.10895643383264542 acceptance rate:  0.8315
epsilon:  0.10679475963115692 acceptance rate:  0.825
epsilon:  0.10438986122608185 acceptance rate:  0.82549995
epsilon:  0.10221938788890839 acceptance rate:  0.82549995
epsilon:  0.1001008003950119 acceptance rate:  0.8233
epsilon:  0.09829767048358917 acceptance rate:  0.8244
epsilon:  0.09618249535560608 acceptance rate:  0.8165
epsilon:  0.09401218593120575 acceptance rate:  0.82119995
epsilon:  0.09226315468549728 acceptance rate:  0.81549996
epsilon:  0.09024659544229507 acceptance rate:  0.81119996
epsilon:  0.08834125101566315 acceptance rate:  0.807
epsilon:  0.0864829421043396 acceptance rate:  0.80429995
epsilon:  0.08468747138977051 acceptance rate:  0.812
epsilon:  0.08272586017847061 acceptance rate:  0.8035
epsilon:  0.08108412474393845 acceptance rate:  0.8063
epsilon:  0.07945318520069122 acceptance rate:  0.79639995
Time to select epsilon star: 123.22s

Simulations of the testing dataset...
Time to simulate the testing dataset: 0.57s

Simulations of the training dataset...
Time to simulate the training dataset: 1.12s

Training the neural network...
Initial accuracy: 47.12%, Initial test accuracy: 47.02%
Training for 100 epochs...
Epoch 1/100, mean train accuracy: 97.49%, mean test accuracy: 98.28%, lr scale: 1.0 in 7.51 sec
Epoch 2/100, mean train accuracy: 98.33%, mean test accuracy: 98.45%, lr scale: 1.0 in 7.39 sec
Epoch 3/100, mean train accuracy: 98.45%, mean test accuracy: 98.02%, lr scale: 1.0 in 7.37 sec
Epoch 4/100, mean train accuracy: 98.57%, mean test accuracy: 98.50%, lr scale: 0.5 in 7.37 sec
Epoch 5/100, mean train accuracy: 98.55%, mean test accuracy: 98.43%, lr scale: 0.5 in 7.39 sec
Epoch 6/100, mean train accuracy: 98.57%, mean test accuracy: 98.56%, lr scale: 0.25 in 9.56 sec
Epoch 7/100, mean train accuracy: 98.69%, mean test accuracy: 98.56%, lr scale: 0.25 in 7.41 sec
Epoch 8/100, mean train accuracy: 98.64%, mean test accuracy: 98.57%, lr scale: 0.125 in 7.39 sec
Epoch 9/100, mean train accuracy: 98.68%, mean test accuracy: 98.54%, lr scale: 0.125 in 7.39 sec
Epoch 10/100, mean train accuracy: 98.69%, mean test accuracy: 98.59%, lr scale: 0.0625 in 7.41 sec
Epoch 11/100, mean train accuracy: 98.67%, mean test accuracy: 98.60%, lr scale: 0.03125 in 7.41 sec
Epoch 12/100, mean train accuracy: 98.67%, mean test accuracy: 98.60%, lr scale: 0.015625 in 7.41 sec
Epoch 13/100, mean train accuracy: 98.72%, mean test accuracy: 98.61%, lr scale: 0.015625 in 7.41 sec
Epoch 14/100, mean train accuracy: 98.73%, mean test accuracy: 98.60%, lr scale: 0.015625 in 7.38 sec
Epoch 15/100, mean train accuracy: 98.69%, mean test accuracy: 98.59%, lr scale: 0.0078125 in 7.40 sec
Epoch 16/100, mean train accuracy: 98.72%, mean test accuracy: 98.61%, lr scale: 0.0078125 in 7.41 sec
Epoch 17/100, mean train accuracy: 98.68%, mean test accuracy: 98.60%, lr scale: 0.00390625 in 7.40 sec
Epoch 18/100, mean train accuracy: 98.70%, mean test accuracy: 98.60%, lr scale: 0.00390625 in 7.41 sec
Epoch 19/100, mean train accuracy: 98.73%, mean test accuracy: 98.60%, lr scale: 0.001953125 in 7.40 sec
Epoch 20/100, mean train accuracy: 98.72%, mean test accuracy: 98.60%, lr scale: 0.001953125 in 7.42 sec
Epoch 21/100, mean train accuracy: 98.70%, mean test accuracy: 98.60%, lr scale: 0.001953125 in 7.42 sec
Epoch 22/100, mean train accuracy: 98.72%, mean test accuracy: 98.60%, lr scale: 0.0009765625 in 7.38 sec
Learning rate reached 1.00E-06, stopping training
Time to train the neural network: 626.19s

Simulation Based Calibration...
Time to perform SBC: 1221.94s

Data saved in  /mnt/nfs/nrdata02-users-data/luciano/script/ABC-SBI/examples/Gauss-Gauss/old_results/sigma0_10.0/mu_0/pickles/GaussGauss_sigma_1.0_sigma0_10.0_mu_0_acc_0.8_eps_0.079453.xy


--------------------
ITERATION (ACC = 0.8) DONE IN 1975.2749001979828 SECONDS!
--------------------




--------------------
SIGMA0 = 10.0, TRUE_MU = 0, ACCEPT_RATE = 0.75
--------------------


Selection of epsilon star...
epsilon:  0.07775384932756424 acceptance rate:  0.80609995
epsilon:  0.07600601017475128 acceptance rate:  0.79289997
epsilon:  0.07433246076107025 acceptance rate:  0.7915
epsilon:  0.07283896952867508 acceptance rate:  0.78859997
epsilon:  0.07140462100505829 acceptance rate:  0.7891
epsilon:  0.06987407803535461 acceptance rate:  0.77849996
epsilon:  0.06846785545349121 acceptance rate:  0.7827
epsilon:  0.06710448116064072 acceptance rate:  0.78139997
epsilon:  0.06569170206785202 acceptance rate:  0.7829
epsilon:  0.06446578353643417 acceptance rate:  0.77529997
epsilon:  0.06324460357427597 acceptance rate:  0.77419996
epsilon:  0.06213633343577385 acceptance rate:  0.7732
epsilon:  0.0610627755522728 acceptance rate:  0.77269995
epsilon:  0.05998753756284714 acceptance rate:  0.76229995
epsilon:  0.05879310518503189 acceptance rate:  0.76409996
epsilon:  0.05749223381280899 acceptance rate:  0.7632
epsilon:  0.05647926777601242 acceptance rate:  0.76339996
epsilon:  0.05538002401590347 acceptance rate:  0.76089996
epsilon:  0.054018452763557434 acceptance rate:  0.76089996
epsilon:  0.053072959184646606 acceptance rate:  0.76089996
epsilon:  0.051939819008111954 acceptance rate:  0.75299996
epsilon:  0.05074270814657211 acceptance rate:  0.7456
Time to select epsilon star: 102.09s

Simulations of the testing dataset...
Time to simulate the testing dataset: 0.57s

Simulations of the training dataset...
Time to simulate the training dataset: 1.14s

Training the neural network...
Initial accuracy: 41.62%, Initial test accuracy: 41.88%
Training for 100 epochs...
Epoch 1/100, mean train accuracy: 97.50%, mean test accuracy: 98.17%, lr scale: 1.0 in 7.53 sec
Epoch 2/100, mean train accuracy: 98.28%, mean test accuracy: 98.42%, lr scale: 1.0 in 7.42 sec
Epoch 3/100, mean train accuracy: 98.34%, mean test accuracy: 98.42%, lr scale: 1.0 in 7.39 sec
Epoch 4/100, mean train accuracy: 98.42%, mean test accuracy: 98.46%, lr scale: 1.0 in 7.40 sec
Epoch 5/100, mean train accuracy: 98.46%, mean test accuracy: 98.52%, lr scale: 1.0 in 7.39 sec
Epoch 6/100, mean train accuracy: 98.48%, mean test accuracy: 98.54%, lr scale: 1.0 in 7.38 sec
Epoch 7/100, mean train accuracy: 98.55%, mean test accuracy: 98.63%, lr scale: 0.5 in 7.42 sec
Epoch 8/100, mean train accuracy: 98.65%, mean test accuracy: 98.53%, lr scale: 0.5 in 7.39 sec
Epoch 9/100, mean train accuracy: 98.63%, mean test accuracy: 98.65%, lr scale: 0.25 in 7.39 sec
Epoch 10/100, mean train accuracy: 98.64%, mean test accuracy: 98.67%, lr scale: 0.25 in 7.41 sec
Epoch 11/100, mean train accuracy: 98.66%, mean test accuracy: 98.67%, lr scale: 0.125 in 7.38 sec
Epoch 12/100, mean train accuracy: 98.69%, mean test accuracy: 98.68%, lr scale: 0.125 in 7.42 sec
Epoch 13/100, mean train accuracy: 98.68%, mean test accuracy: 98.67%, lr scale: 0.125 in 7.40 sec
Epoch 14/100, mean train accuracy: 98.66%, mean test accuracy: 98.67%, lr scale: 0.125 in 7.40 sec
Epoch 15/100, mean train accuracy: 98.69%, mean test accuracy: 98.69%, lr scale: 0.0625 in 7.39 sec
Epoch 16/100, mean train accuracy: 98.68%, mean test accuracy: 98.67%, lr scale: 0.03125 in 7.38 sec
Epoch 17/100, mean train accuracy: 98.69%, mean test accuracy: 98.67%, lr scale: 0.03125 in 7.39 sec
Epoch 18/100, mean train accuracy: 98.69%, mean test accuracy: 98.68%, lr scale: 0.015625 in 7.39 sec
Epoch 19/100, mean train accuracy: 98.71%, mean test accuracy: 98.68%, lr scale: 0.0078125 in 7.69 sec
Epoch 20/100, mean train accuracy: 98.72%, mean test accuracy: 98.67%, lr scale: 0.0078125 in 7.38 sec
Epoch 21/100, mean train accuracy: 98.70%, mean test accuracy: 98.68%, lr scale: 0.00390625 in 7.40 sec
Epoch 22/100, mean train accuracy: 98.71%, mean test accuracy: 98.68%, lr scale: 0.001953125 in 7.39 sec
Epoch 23/100, mean train accuracy: 98.73%, mean test accuracy: 98.68%, lr scale: 0.0009765625 in 7.39 sec
Learning rate reached 1.00E-06, stopping training
Time to train the neural network: 818.46s

Simulation Based Calibration...
Time to perform SBC: 1228.07s

Data saved in  /mnt/nfs/nrdata02-users-data/luciano/script/ABC-SBI/examples/Gauss-Gauss/old_results/sigma0_10.0/mu_0/pickles/GaussGauss_sigma_1.0_sigma0_10.0_mu_0_acc_0.75_eps_0.050743.xy


--------------------
ITERATION (ACC = 0.75) DONE IN 2152.6051070690155 SECONDS!
--------------------




--------------------
SIGMA0 = 10.0, TRUE_MU = 1.0, ACCEPT_RATE = 1.0
--------------------


Selection of epsilon star...
Distances: min =  4.1320052e-07 max =  1379.8021 mean =  103.30092 std =  143.01653
Time to select epsilon star: 0.02s

Simulations of the testing dataset...
Time to simulate the testing dataset: 0.01s

Simulations of the training dataset...
Time to simulate the training dataset: 0.07s

Training the neural network...
Initial accuracy: 50.73%, Initial test accuracy: 50.74%
Training for 100 epochs...
Epoch 1/100, mean train accuracy: 91.74%, mean test accuracy: 83.32%, lr scale: 1.0 in 7.52 sec
Epoch 2/100, mean train accuracy: 94.65%, mean test accuracy: 98.21%, lr scale: 1.0 in 7.40 sec
Epoch 3/100, mean train accuracy: 94.87%, mean test accuracy: 96.62%, lr scale: 1.0 in 7.39 sec
Epoch 4/100, mean train accuracy: 96.77%, mean test accuracy: 97.29%, lr scale: 1.0 in 7.38 sec
Epoch 5/100, mean train accuracy: 96.32%, mean test accuracy: 98.30%, lr scale: 1.0 in 7.38 sec
Epoch 6/100, mean train accuracy: 96.39%, mean test accuracy: 98.59%, lr scale: 0.5 in 7.48 sec
Epoch 7/100, mean train accuracy: 98.20%, mean test accuracy: 98.44%, lr scale: 0.5 in 7.44 sec
Epoch 8/100, mean train accuracy: 98.03%, mean test accuracy: 98.70%, lr scale: 0.25 in 7.40 sec
Epoch 9/100, mean train accuracy: 98.46%, mean test accuracy: 98.74%, lr scale: 0.25 in 7.48 sec
Epoch 10/100, mean train accuracy: 98.64%, mean test accuracy: 98.74%, lr scale: 0.25 in 7.42 sec
Epoch 11/100, mean train accuracy: 98.35%, mean test accuracy: 98.77%, lr scale: 0.125 in 7.39 sec
Epoch 12/100, mean train accuracy: 98.73%, mean test accuracy: 98.75%, lr scale: 0.125 in 7.40 sec
Epoch 13/100, mean train accuracy: 98.73%, mean test accuracy: 98.81%, lr scale: 0.125 in 7.71 sec
Epoch 14/100, mean train accuracy: 98.82%, mean test accuracy: 98.85%, lr scale: 0.0625 in 7.44 sec
Epoch 15/100, mean train accuracy: 98.82%, mean test accuracy: 98.91%, lr scale: 0.0625 in 7.38 sec
Epoch 16/100, mean train accuracy: 98.86%, mean test accuracy: 98.92%, lr scale: 0.03125 in 7.39 sec
Epoch 17/100, mean train accuracy: 98.90%, mean test accuracy: 98.91%, lr scale: 0.03125 in 7.40 sec
Epoch 18/100, mean train accuracy: 98.90%, mean test accuracy: 98.93%, lr scale: 0.015625 in 7.41 sec
Epoch 19/100, mean train accuracy: 98.91%, mean test accuracy: 98.96%, lr scale: 0.0078125 in 7.39 sec
Epoch 20/100, mean train accuracy: 98.92%, mean test accuracy: 98.95%, lr scale: 0.0078125 in 7.41 sec
Epoch 21/100, mean train accuracy: 98.91%, mean test accuracy: 98.96%, lr scale: 0.00390625 in 7.39 sec
Epoch 22/100, mean train accuracy: 98.91%, mean test accuracy: 98.97%, lr scale: 0.001953125 in 7.41 sec
Epoch 23/100, mean train accuracy: 98.89%, mean test accuracy: 98.97%, lr scale: 0.0009765625 in 7.40 sec
Learning rate reached 1.00E-06, stopping training
Time to train the neural network: 186.50s

Simulation Based Calibration...
Time to perform SBC: 1222.39s

Data saved in  /mnt/nfs/nrdata02-users-data/luciano/script/ABC-SBI/examples/Gauss-Gauss/old_results/sigma0_10.0/mu_1.0/pickles/GaussGauss_sigma_1.0_sigma0_10.0_mu_1.0_acc_1.0_eps_inf.xy


--------------------
ITERATION (ACC = 1.0) DONE IN 1411.2211337089539 SECONDS!
--------------------




--------------------
SIGMA0 = 10.0, TRUE_MU = 1.0, ACCEPT_RATE = 0.999
--------------------


Selection of epsilon star...
Distances: min =  1.3751875e-06 max =  2132.145 mean =  101.1355 std =  143.95929
epsilon:  655.0255737304688 acceptance rate:  0.9999
epsilon:  522.9656982421875 acceptance rate:  0.9995
epsilon:  467.1248474121094 acceptance rate:  0.9999
epsilon:  420.4923400878906 acceptance rate:  0.9993
epsilon:  381.1427917480469 acceptance rate:  0.9995
epsilon:  354.7840576171875 acceptance rate:  0.99899995
Time to select epsilon star: 3.78s

Simulations of the testing dataset...
Time to simulate the testing dataset: 0.58s

Simulations of the training dataset...
Time to simulate the training dataset: 0.85s

Training the neural network...
Initial accuracy: 51.74%, Initial test accuracy: 51.66%
Training for 100 epochs...
Epoch 1/100, mean train accuracy: 92.03%, mean test accuracy: 92.92%, lr scale: 1.0 in 7.52 sec
Epoch 2/100, mean train accuracy: 91.83%, mean test accuracy: 96.89%, lr scale: 1.0 in 7.43 sec
Epoch 3/100, mean train accuracy: 94.71%, mean test accuracy: 89.40%, lr scale: 1.0 in 7.42 sec
Epoch 4/100, mean train accuracy: 96.78%, mean test accuracy: 97.99%, lr scale: 1.0 in 7.38 sec
Epoch 5/100, mean train accuracy: 96.60%, mean test accuracy: 98.17%, lr scale: 1.0 in 7.82 sec
Epoch 6/100, mean train accuracy: 97.78%, mean test accuracy: 98.44%, lr scale: 0.5 in 7.47 sec
Epoch 7/100, mean train accuracy: 97.65%, mean test accuracy: 98.43%, lr scale: 0.5 in 7.48 sec
Epoch 8/100, mean train accuracy: 98.61%, mean test accuracy: 98.67%, lr scale: 0.25 in 7.45 sec
Epoch 9/100, mean train accuracy: 98.56%, mean test accuracy: 98.35%, lr scale: 0.125 in 7.40 sec
Epoch 10/100, mean train accuracy: 98.72%, mean test accuracy: 98.69%, lr scale: 0.125 in 7.42 sec
Epoch 11/100, mean train accuracy: 98.59%, mean test accuracy: 98.67%, lr scale: 0.125 in 7.44 sec
Epoch 12/100, mean train accuracy: 98.74%, mean test accuracy: 98.71%, lr scale: 0.0625 in 7.41 sec
Epoch 13/100, mean train accuracy: 98.70%, mean test accuracy: 98.63%, lr scale: 0.0625 in 7.41 sec
Epoch 14/100, mean train accuracy: 98.80%, mean test accuracy: 98.78%, lr scale: 0.03125 in 7.40 sec
Epoch 15/100, mean train accuracy: 98.82%, mean test accuracy: 98.77%, lr scale: 0.03125 in 7.42 sec
Epoch 16/100, mean train accuracy: 98.80%, mean test accuracy: 98.76%, lr scale: 0.03125 in 7.42 sec
Epoch 17/100, mean train accuracy: 98.83%, mean test accuracy: 98.79%, lr scale: 0.015625 in 7.42 sec
Epoch 18/100, mean train accuracy: 98.85%, mean test accuracy: 98.77%, lr scale: 0.015625 in 7.45 sec
Epoch 19/100, mean train accuracy: 98.84%, mean test accuracy: 98.81%, lr scale: 0.0078125 in 7.44 sec
Epoch 20/100, mean train accuracy: 98.84%, mean test accuracy: 98.81%, lr scale: 0.0078125 in 7.44 sec
Epoch 21/100, mean train accuracy: 98.88%, mean test accuracy: 98.82%, lr scale: 0.00390625 in 7.40 sec
Epoch 22/100, mean train accuracy: 98.87%, mean test accuracy: 98.81%, lr scale: 0.00390625 in 7.39 sec
Epoch 23/100, mean train accuracy: 98.85%, mean test accuracy: 98.82%, lr scale: 0.001953125 in 7.41 sec
Epoch 24/100, mean train accuracy: 98.85%, mean test accuracy: 98.81%, lr scale: 0.0009765625 in 7.40 sec
Learning rate reached 1.00E-06, stopping training
Time to train the neural network: 197.69s

Simulation Based Calibration...
Time to perform SBC: 1227.22s

Data saved in  /mnt/nfs/nrdata02-users-data/luciano/script/ABC-SBI/examples/Gauss-Gauss/old_results/sigma0_10.0/mu_1.0/pickles/GaussGauss_sigma_1.0_sigma0_10.0_mu_1.0_acc_0.999_eps_354.78.xy


--------------------
ITERATION (ACC = 0.999) DONE IN 1432.3439283370972 SECONDS!
--------------------




--------------------
SIGMA0 = 10.0, TRUE_MU = 1.0, ACCEPT_RATE = 0.99
--------------------


Selection of epsilon star...
epsilon:  328.3659973144531 acceptance rate:  0.9989
epsilon:  312.056640625 acceptance rate:  0.9995
epsilon:  294.8111267089844 acceptance rate:  0.9995
epsilon:  278.1519470214844 acceptance rate:  0.9989
epsilon:  263.61334228515625 acceptance rate:  0.9988
epsilon:  249.92271423339844 acceptance rate:  0.9978
epsilon:  238.82371520996094 acceptance rate:  0.99789995
epsilon:  228.547119140625 acceptance rate:  0.99829996
epsilon:  218.98977661132812 acceptance rate:  0.9982
epsilon:  208.57272338867188 acceptance rate:  0.9985
epsilon:  199.51324462890625 acceptance rate:  0.99829996
epsilon:  191.86141967773438 acceptance rate:  0.99829996
epsilon:  184.35926818847656 acceptance rate:  0.99719995
epsilon:  177.52337646484375 acceptance rate:  0.9981
epsilon:  171.82955932617188 acceptance rate:  0.9977
epsilon:  165.71266174316406 acceptance rate:  0.99719995
epsilon:  161.0133819580078 acceptance rate:  0.9975
epsilon:  156.13238525390625 acceptance rate:  0.9971
epsilon:  150.60928344726562 acceptance rate:  0.9974
epsilon:  145.9957275390625 acceptance rate:  0.9977
epsilon:  141.06790161132812 acceptance rate:  0.9974
epsilon:  137.07809448242188 acceptance rate:  0.9966
epsilon:  133.09902954101562 acceptance rate:  0.9978
epsilon:  128.9765167236328 acceptance rate:  0.99759996
epsilon:  125.46454620361328 acceptance rate:  0.9967
epsilon:  121.75755310058594 acceptance rate:  0.99469995
epsilon:  118.61935424804688 acceptance rate:  0.997
epsilon:  114.52224731445312 acceptance rate:  0.9959
epsilon:  111.0567398071289 acceptance rate:  0.9959
epsilon:  107.99259185791016 acceptance rate:  0.99679995
epsilon:  104.61264038085938 acceptance rate:  0.99509996
epsilon:  101.80989837646484 acceptance rate:  0.99539995
epsilon:  99.1107177734375 acceptance rate:  0.99619997
epsilon:  96.04265594482422 acceptance rate:  0.99499995
epsilon:  93.3559341430664 acceptance rate:  0.9949
epsilon:  90.76246643066406 acceptance rate:  0.9946
epsilon:  88.51409149169922 acceptance rate:  0.9957
epsilon:  86.09510803222656 acceptance rate:  0.9963
epsilon:  83.52814483642578 acceptance rate:  0.99429995
epsilon:  81.33772277832031 acceptance rate:  0.9956
epsilon:  79.04679870605469 acceptance rate:  0.99429995
epsilon:  77.35061645507812 acceptance rate:  0.99539995
epsilon:  75.44352722167969 acceptance rate:  0.99509996
epsilon:  73.6413345336914 acceptance rate:  0.99509996
epsilon:  71.45233917236328 acceptance rate:  0.9948
epsilon:  69.72234344482422 acceptance rate:  0.99429995
epsilon:  68.10350799560547 acceptance rate:  0.99439996
epsilon:  66.21981048583984 acceptance rate:  0.99369997
epsilon:  64.71365356445312 acceptance rate:  0.99549997
epsilon:  63.09794616699219 acceptance rate:  0.996
epsilon:  61.5200309753418 acceptance rate:  0.99439996
epsilon:  60.20128631591797 acceptance rate:  0.9946
epsilon:  58.669151306152344 acceptance rate:  0.9953
epsilon:  57.04094314575195 acceptance rate:  0.99259996
epsilon:  55.71178436279297 acceptance rate:  0.9932
epsilon:  54.39045715332031 acceptance rate:  0.9949
epsilon:  53.0401611328125 acceptance rate:  0.99219996
epsilon:  51.74663162231445 acceptance rate:  0.9927
epsilon:  50.53916931152344 acceptance rate:  0.9924
epsilon:  49.549346923828125 acceptance rate:  0.9924
epsilon:  48.402740478515625 acceptance rate:  0.9932
epsilon:  47.076744079589844 acceptance rate:  0.9932
epsilon:  46.071319580078125 acceptance rate:  0.9921
epsilon:  44.97943878173828 acceptance rate:  0.9924
epsilon:  43.89173889160156 acceptance rate:  0.9921
epsilon:  42.924861907958984 acceptance rate:  0.99259996
epsilon:  41.866451263427734 acceptance rate:  0.9917
epsilon:  40.797794342041016 acceptance rate:  0.99259996
epsilon:  39.88182067871094 acceptance rate:  0.9927
epsilon:  38.78547286987305 acceptance rate:  0.9917
epsilon:  37.937740325927734 acceptance rate:  0.99289995
epsilon:  37.057769775390625 acceptance rate:  0.9923
epsilon:  36.17854690551758 acceptance rate:  0.99149996
epsilon:  35.36993408203125 acceptance rate:  0.99109995
epsilon:  34.55901336669922 acceptance rate:  0.992
epsilon:  33.85274124145508 acceptance rate:  0.99179995
epsilon:  33.10314178466797 acceptance rate:  0.991
epsilon:  32.351444244384766 acceptance rate:  0.99079996
epsilon:  31.65806770324707 acceptance rate:  0.99109995
epsilon:  30.99622344970703 acceptance rate:  0.9916
epsilon:  30.34335708618164 acceptance rate:  0.99109995
epsilon:  29.6614990234375 acceptance rate:  0.9914
epsilon:  29.02606201171875 acceptance rate:  0.9916
epsilon:  28.40306854248047 acceptance rate:  0.98999995
Time to select epsilon star: 59.09s

Simulations of the testing dataset...
Time to simulate the testing dataset: 0.60s

Simulations of the training dataset...
Time to simulate the training dataset: 1.16s

Training the neural network...
Initial accuracy: 54.96%, Initial test accuracy: 54.79%
Training for 100 epochs...
Epoch 1/100, mean train accuracy: 95.09%, mean test accuracy: 98.03%, lr scale: 1.0 in 7.48 sec
Epoch 2/100, mean train accuracy: 96.68%, mean test accuracy: 97.94%, lr scale: 1.0 in 7.42 sec
Epoch 3/100, mean train accuracy: 97.11%, mean test accuracy: 98.07%, lr scale: 1.0 in 7.41 sec
Epoch 4/100, mean train accuracy: 97.88%, mean test accuracy: 98.25%, lr scale: 1.0 in 7.39 sec
Epoch 5/100, mean train accuracy: 98.07%, mean test accuracy: 98.49%, lr scale: 0.5 in 7.39 sec
Epoch 6/100, mean train accuracy: 98.31%, mean test accuracy: 98.13%, lr scale: 0.5 in 7.40 sec
Epoch 7/100, mean train accuracy: 98.31%, mean test accuracy: 98.41%, lr scale: 0.5 in 7.66 sec
Epoch 8/100, mean train accuracy: 98.44%, mean test accuracy: 98.32%, lr scale: 0.25 in 7.38 sec
Epoch 9/100, mean train accuracy: 98.52%, mean test accuracy: 98.56%, lr scale: 0.25 in 7.40 sec
Epoch 10/100, mean train accuracy: 98.48%, mean test accuracy: 98.58%, lr scale: 0.125 in 7.39 sec
Epoch 11/100, mean train accuracy: 98.62%, mean test accuracy: 98.66%, lr scale: 0.125 in 7.40 sec
Epoch 12/100, mean train accuracy: 98.55%, mean test accuracy: 98.16%, lr scale: 0.125 in 7.39 sec
Epoch 13/100, mean train accuracy: 98.60%, mean test accuracy: 98.64%, lr scale: 0.125 in 7.39 sec
Epoch 14/100, mean train accuracy: 98.65%, mean test accuracy: 98.66%, lr scale: 0.0625 in 7.40 sec
Epoch 15/100, mean train accuracy: 98.61%, mean test accuracy: 98.65%, lr scale: 0.0625 in 7.40 sec
Epoch 16/100, mean train accuracy: 98.72%, mean test accuracy: 98.68%, lr scale: 0.03125 in 7.41 sec
Epoch 17/100, mean train accuracy: 98.68%, mean test accuracy: 98.68%, lr scale: 0.03125 in 7.40 sec
Epoch 18/100, mean train accuracy: 98.66%, mean test accuracy: 98.68%, lr scale: 0.015625 in 7.40 sec
Epoch 19/100, mean train accuracy: 98.69%, mean test accuracy: 98.68%, lr scale: 0.015625 in 7.40 sec
Epoch 20/100, mean train accuracy: 98.67%, mean test accuracy: 98.68%, lr scale: 0.0078125 in 7.41 sec
Epoch 21/100, mean train accuracy: 98.70%, mean test accuracy: 98.69%, lr scale: 0.0078125 in 7.40 sec
Epoch 22/100, mean train accuracy: 98.69%, mean test accuracy: 98.65%, lr scale: 0.0078125 in 7.40 sec
Epoch 23/100, mean train accuracy: 98.70%, mean test accuracy: 98.69%, lr scale: 0.00390625 in 7.46 sec
Epoch 24/100, mean train accuracy: 98.70%, mean test accuracy: 98.69%, lr scale: 0.001953125 in 7.50 sec
Epoch 25/100, mean train accuracy: 98.71%, mean test accuracy: 98.69%, lr scale: 0.0009765625 in 7.47 sec
Learning rate reached 1.00E-06, stopping training
Time to train the neural network: 222.92s

Simulation Based Calibration...
Time to perform SBC: 1221.00s

Data saved in  /mnt/nfs/nrdata02-users-data/luciano/script/ABC-SBI/examples/Gauss-Gauss/old_results/sigma0_10.0/mu_1.0/pickles/GaussGauss_sigma_1.0_sigma0_10.0_mu_1.0_acc_0.99_eps_28.403.xy


--------------------
ITERATION (ACC = 0.99) DONE IN 1507.1374299526215 SECONDS!
--------------------




--------------------
SIGMA0 = 10.0, TRUE_MU = 1.0, ACCEPT_RATE = 0.975
--------------------


Selection of epsilon star...
epsilon:  27.729381561279297 acceptance rate:  0.98759997
epsilon:  27.02512550354004 acceptance rate:  0.98889995
epsilon:  26.451650619506836 acceptance rate:  0.9898
epsilon:  25.96208953857422 acceptance rate:  0.9885
epsilon:  25.411951065063477 acceptance rate:  0.98759997
epsilon:  24.8865909576416 acceptance rate:  0.9895
epsilon:  24.321847915649414 acceptance rate:  0.9887
epsilon:  23.774934768676758 acceptance rate:  0.9909
epsilon:  23.22018814086914 acceptance rate:  0.9884
epsilon:  22.81135368347168 acceptance rate:  0.9895
epsilon:  22.217071533203125 acceptance rate:  0.99009997
epsilon:  21.747304916381836 acceptance rate:  0.98469996
epsilon:  21.321922302246094 acceptance rate:  0.9887
epsilon:  20.871110916137695 acceptance rate:  0.9881
epsilon:  20.491777420043945 acceptance rate:  0.98899996
epsilon:  20.104732513427734 acceptance rate:  0.9866
epsilon:  19.717937469482422 acceptance rate:  0.98649997
epsilon:  19.377058029174805 acceptance rate:  0.98859996
epsilon:  18.918153762817383 acceptance rate:  0.98889995
epsilon:  18.52983283996582 acceptance rate:  0.98929995
epsilon:  18.141780853271484 acceptance rate:  0.98899996
epsilon:  17.706642150878906 acceptance rate:  0.9891
epsilon:  17.335044860839844 acceptance rate:  0.98569995
epsilon:  17.008026123046875 acceptance rate:  0.9874
epsilon:  16.60382080078125 acceptance rate:  0.9837
epsilon:  16.29669761657715 acceptance rate:  0.9863
epsilon:  15.999372482299805 acceptance rate:  0.98719996
epsilon:  15.655645370483398 acceptance rate:  0.9853
epsilon:  15.329670906066895 acceptance rate:  0.9878
epsilon:  14.92496395111084 acceptance rate:  0.98639995
epsilon:  14.571611404418945 acceptance rate:  0.98639995
epsilon:  14.2771577835083 acceptance rate:  0.98639995
epsilon:  13.99472427368164 acceptance rate:  0.9863
epsilon:  13.653755187988281 acceptance rate:  0.9862
epsilon:  13.4038667678833 acceptance rate:  0.98609996
epsilon:  13.124627113342285 acceptance rate:  0.98569995
epsilon:  12.884204864501953 acceptance rate:  0.9838
epsilon:  12.59052562713623 acceptance rate:  0.986
epsilon:  12.297974586486816 acceptance rate:  0.9848
epsilon:  12.021334648132324 acceptance rate:  0.9845
epsilon:  11.783336639404297 acceptance rate:  0.98469996
epsilon:  11.512567520141602 acceptance rate:  0.98469996
epsilon:  11.279659271240234 acceptance rate:  0.9835
epsilon:  11.044990539550781 acceptance rate:  0.98359996
epsilon:  10.8198881149292 acceptance rate:  0.983
epsilon:  10.59557819366455 acceptance rate:  0.9845
epsilon:  10.384496688842773 acceptance rate:  0.98219997
epsilon:  10.179306983947754 acceptance rate:  0.9835
epsilon:  9.950862884521484 acceptance rate:  0.98389995
epsilon:  9.735360145568848 acceptance rate:  0.98399997
epsilon:  9.522034645080566 acceptance rate:  0.9823
epsilon:  9.323722839355469 acceptance rate:  0.9802
epsilon:  9.127252578735352 acceptance rate:  0.9817
epsilon:  8.939062118530273 acceptance rate:  0.9809
epsilon:  8.775476455688477 acceptance rate:  0.9813
epsilon:  8.597010612487793 acceptance rate:  0.9808
epsilon:  8.386202812194824 acceptance rate:  0.9802
epsilon:  8.240775108337402 acceptance rate:  0.98039997
epsilon:  8.086033821105957 acceptance rate:  0.98139995
epsilon:  7.91384220123291 acceptance rate:  0.9819
epsilon:  7.740971565246582 acceptance rate:  0.9816
epsilon:  7.57211446762085 acceptance rate:  0.9805
epsilon:  7.428360462188721 acceptance rate:  0.9808
epsilon:  7.277537822723389 acceptance rate:  0.98149997
epsilon:  7.136409282684326 acceptance rate:  0.979
epsilon:  7.009227752685547 acceptance rate:  0.97919995
epsilon:  6.877335548400879 acceptance rate:  0.97959995
epsilon:  6.746284484863281 acceptance rate:  0.977
epsilon:  6.608247756958008 acceptance rate:  0.9758
epsilon:  6.478346347808838 acceptance rate:  0.9801
epsilon:  6.321966648101807 acceptance rate:  0.97499996
Time to select epsilon star: 61.38s

Simulations of the testing dataset...
Time to simulate the testing dataset: 0.57s

Simulations of the training dataset...
Time to simulate the training dataset: 1.26s

Training the neural network...
Initial accuracy: 49.44%, Initial test accuracy: 49.24%
Training for 100 epochs...
Epoch 1/100, mean train accuracy: 96.68%, mean test accuracy: 97.66%, lr scale: 1.0 in 7.56 sec
Epoch 2/100, mean train accuracy: 97.69%, mean test accuracy: 98.37%, lr scale: 1.0 in 7.45 sec
Epoch 3/100, mean train accuracy: 97.84%, mean test accuracy: 98.27%, lr scale: 1.0 in 7.39 sec
Epoch 4/100, mean train accuracy: 98.13%, mean test accuracy: 98.43%, lr scale: 1.0 in 7.42 sec
Epoch 5/100, mean train accuracy: 98.18%, mean test accuracy: 98.50%, lr scale: 1.0 in 7.43 sec
Epoch 6/100, mean train accuracy: 97.94%, mean test accuracy: 98.46%, lr scale: 1.0 in 7.40 sec
Epoch 7/100, mean train accuracy: 98.33%, mean test accuracy: 98.41%, lr scale: 1.0 in 7.41 sec
Epoch 8/100, mean train accuracy: 98.49%, mean test accuracy: 98.39%, lr scale: 0.5 in 7.39 sec
Epoch 9/100, mean train accuracy: 98.46%, mean test accuracy: 98.49%, lr scale: 0.5 in 7.40 sec
Epoch 10/100, mean train accuracy: 98.55%, mean test accuracy: 98.61%, lr scale: 0.25 in 7.40 sec
Epoch 11/100, mean train accuracy: 98.52%, mean test accuracy: 98.59%, lr scale: 0.25 in 7.40 sec
Epoch 12/100, mean train accuracy: 98.60%, mean test accuracy: 98.65%, lr scale: 0.125 in 7.38 sec
Epoch 13/100, mean train accuracy: 98.65%, mean test accuracy: 98.66%, lr scale: 0.125 in 7.41 sec
Epoch 14/100, mean train accuracy: 98.61%, mean test accuracy: 98.63%, lr scale: 0.125 in 7.41 sec
Epoch 15/100, mean train accuracy: 98.61%, mean test accuracy: 98.67%, lr scale: 0.0625 in 7.40 sec
Epoch 16/100, mean train accuracy: 98.61%, mean test accuracy: 98.67%, lr scale: 0.0625 in 7.38 sec
Epoch 17/100, mean train accuracy: 98.67%, mean test accuracy: 98.66%, lr scale: 0.03125 in 7.41 sec
Epoch 18/100, mean train accuracy: 98.67%, mean test accuracy: 98.65%, lr scale: 0.03125 in 7.74 sec
Epoch 19/100, mean train accuracy: 98.67%, mean test accuracy: 98.66%, lr scale: 0.03125 in 7.40 sec
Epoch 20/100, mean train accuracy: 98.69%, mean test accuracy: 98.68%, lr scale: 0.015625 in 7.39 sec
Epoch 21/100, mean train accuracy: 98.66%, mean test accuracy: 98.67%, lr scale: 0.015625 in 7.41 sec
Epoch 22/100, mean train accuracy: 98.69%, mean test accuracy: 98.69%, lr scale: 0.0078125 in 7.41 sec
Epoch 23/100, mean train accuracy: 98.71%, mean test accuracy: 98.69%, lr scale: 0.0078125 in 7.40 sec
Epoch 24/100, mean train accuracy: 98.70%, mean test accuracy: 98.70%, lr scale: 0.00390625 in 7.38 sec
Epoch 25/100, mean train accuracy: 98.69%, mean test accuracy: 98.70%, lr scale: 0.001953125 in 7.39 sec
Epoch 26/100, mean train accuracy: 98.66%, mean test accuracy: 98.69%, lr scale: 0.001953125 in 7.38 sec
Epoch 27/100, mean train accuracy: 98.68%, mean test accuracy: 98.69%, lr scale: 0.0009765625 in 7.38 sec
Learning rate reached 1.00E-06, stopping training
Time to train the neural network: 265.02s

Simulation Based Calibration...
