Host clust1

[CpuDevice(id=0)]
cpu <contextlib._GeneratorContextManager object at 0x7f16813b3580>
Old path: /mnt/nfs/nrdata02-users-data/luciano/script
New path: /mnt/nfs/nrdata02-users-data/luciano/script/ABC-SBI
SIGMA0 = [10.0]


--------------------
SIGMA0 = 10.0, TRUE_MU = 0, ACCEPT_RATE = 1.0
--------------------


Selection of epsilon star...
Distances: min =  1.0974488695687443e-06 max =  1476.0146167949526 mean =  97.72263836937256 std =  138.81058949978836
Time to select epsilon star: 0.92s

Simulations of the testing dataset...
Time to simulate the testing dataset: 1.31s

Simulations of the training dataset...
Time to simulate the training dataset: 1.54s

Training the neural network...
Initial accuracy: 49.85%, Initial test accuracy: 49.80%
Training for 100 epochs...
Epoch 1/100, mean train accuracy: 91.01%, mean test accuracy: 97.25%, lr scale: 1.0 in 28.82 sec
Epoch 2/100, mean train accuracy: 93.77%, mean test accuracy: 97.37%, lr scale: 1.0 in 28.28 sec
Epoch 3/100, mean train accuracy: 94.14%, mean test accuracy: 98.27%, lr scale: 1.0 in 28.04 sec
Epoch 4/100, mean train accuracy: 96.10%, mean test accuracy: 98.53%, lr scale: 0.5 in 28.28 sec
Epoch 5/100, mean train accuracy: 98.08%, mean test accuracy: 98.59%, lr scale: 0.5 in 28.20 sec
Epoch 6/100, mean train accuracy: 97.64%, mean test accuracy: 98.57%, lr scale: 0.25 in 27.89 sec
Epoch 7/100, mean train accuracy: 98.31%, mean test accuracy: 98.50%, lr scale: 0.25 in 27.65 sec
Epoch 8/100, mean train accuracy: 98.45%, mean test accuracy: 98.79%, lr scale: 0.125 in 27.83 sec
Epoch 9/100, mean train accuracy: 98.76%, mean test accuracy: 98.73%, lr scale: 0.125 in 27.84 sec
Epoch 10/100, mean train accuracy: 98.73%, mean test accuracy: 98.85%, lr scale: 0.0625 in 27.82 sec
Epoch 11/100, mean train accuracy: 98.80%, mean test accuracy: 98.87%, lr scale: 0.0625 in 27.87 sec
Epoch 12/100, mean train accuracy: 98.80%, mean test accuracy: 98.79%, lr scale: 0.0625 in 27.98 sec
Epoch 13/100, mean train accuracy: 98.82%, mean test accuracy: 98.89%, lr scale: 0.0625 in 27.66 sec
Epoch 14/100, mean train accuracy: 98.84%, mean test accuracy: 98.89%, lr scale: 0.03125 in 27.90 sec
Epoch 15/100, mean train accuracy: 98.84%, mean test accuracy: 98.84%, lr scale: 0.03125 in 27.80 sec
Epoch 16/100, mean train accuracy: 98.90%, mean test accuracy: 98.91%, lr scale: 0.015625 in 27.72 sec
Epoch 17/100, mean train accuracy: 98.91%, mean test accuracy: 98.96%, lr scale: 0.0078125 in 27.78 sec
Epoch 18/100, mean train accuracy: 98.92%, mean test accuracy: 98.94%, lr scale: 0.0078125 in 27.95 sec
Epoch 19/100, mean train accuracy: 98.92%, mean test accuracy: 98.94%, lr scale: 0.00390625 in 28.06 sec
Epoch 20/100, mean train accuracy: 98.90%, mean test accuracy: 98.96%, lr scale: 0.001953125 in 27.90 sec
Epoch 21/100, mean train accuracy: 98.92%, mean test accuracy: 98.95%, lr scale: 0.0009765625 in 28.08 sec
Learning rate reached 1.00E-06, stopping training
Time to train the neural network: 642.42s

Simulation Based Calibration...
Time to perform SBC: 5102.25s

Data saved in  /mnt/nfs/nrdata02-users-data/luciano/script/ABC-SBI/examples/Gauss-Gauss/results_without_kde/sigma0_10.0/mu_0/pickles/GaussGauss_sigma_1.0_sigma0_10.0_mu_0_acc_1.0_eps_inf.xy


--------------------
ITERATION (ACC = 1.0) DONE IN 5752.305644273758 SECONDS!
--------------------




--------------------
SIGMA0 = 10.0, TRUE_MU = 0, ACCEPT_RATE = 0.999
--------------------


Selection of epsilon star...
Distances: min =  9.2188596463262e-07 max =  1622.278574986271 mean =  98.47455255524495 std =  138.986612284597
epsilon:  650.7640548288771 acceptance rate:  0.99979997
epsilon:  530.2788168687956 acceptance rate:  0.99969995
epsilon:  452.7137977989533 acceptance rate:  0.9995
epsilon:  408.53896519756955 acceptance rate:  0.99969995
epsilon:  378.0464513741491 acceptance rate:  0.99899995
Time to select epsilon star: 4.61s

Simulations of the testing dataset...
Time to simulate the testing dataset: 0.77s

Simulations of the training dataset...
Time to simulate the training dataset: 1.49s

Training the neural network...
Initial accuracy: 48.73%, Initial test accuracy: 48.53%
Training for 100 epochs...
Epoch 1/100, mean train accuracy: 91.98%, mean test accuracy: 96.80%, lr scale: 1.0 in 27.91 sec
Epoch 2/100, mean train accuracy: 95.84%, mean test accuracy: 98.38%, lr scale: 1.0 in 28.35 sec
Epoch 3/100, mean train accuracy: 94.72%, mean test accuracy: 93.92%, lr scale: 1.0 in 28.03 sec
Epoch 4/100, mean train accuracy: 97.31%, mean test accuracy: 98.50%, lr scale: 0.5 in 27.42 sec
Epoch 5/100, mean train accuracy: 97.64%, mean test accuracy: 98.68%, lr scale: 0.5 in 27.93 sec
Epoch 6/100, mean train accuracy: 98.14%, mean test accuracy: 98.40%, lr scale: 0.5 in 27.33 sec
Epoch 7/100, mean train accuracy: 97.63%, mean test accuracy: 97.83%, lr scale: 0.5 in 27.33 sec
Epoch 8/100, mean train accuracy: 98.26%, mean test accuracy: 98.00%, lr scale: 0.25 in 27.46 sec
Epoch 9/100, mean train accuracy: 98.55%, mean test accuracy: 98.67%, lr scale: 0.25 in 27.59 sec
Epoch 10/100, mean train accuracy: 98.23%, mean test accuracy: 98.58%, lr scale: 0.25 in 27.73 sec
Epoch 11/100, mean train accuracy: 98.65%, mean test accuracy: 98.69%, lr scale: 0.125 in 27.61 sec
Epoch 12/100, mean train accuracy: 98.66%, mean test accuracy: 98.80%, lr scale: 0.125 in 27.47 sec
Epoch 13/100, mean train accuracy: 98.72%, mean test accuracy: 98.82%, lr scale: 0.0625 in 27.26 sec
Epoch 14/100, mean train accuracy: 98.78%, mean test accuracy: 98.78%, lr scale: 0.0625 in 27.31 sec
Epoch 15/100, mean train accuracy: 98.78%, mean test accuracy: 98.81%, lr scale: 0.0625 in 27.17 sec
Epoch 16/100, mean train accuracy: 98.81%, mean test accuracy: 98.85%, lr scale: 0.03125 in 27.21 sec
Epoch 17/100, mean train accuracy: 98.85%, mean test accuracy: 98.86%, lr scale: 0.03125 in 27.18 sec
Epoch 18/100, mean train accuracy: 98.83%, mean test accuracy: 98.86%, lr scale: 0.015625 in 26.54 sec
Epoch 19/100, mean train accuracy: 98.85%, mean test accuracy: 98.80%, lr scale: 0.015625 in 26.95 sec
Epoch 20/100, mean train accuracy: 98.87%, mean test accuracy: 98.86%, lr scale: 0.015625 in 26.79 sec
Epoch 21/100, mean train accuracy: 98.84%, mean test accuracy: 98.84%, lr scale: 0.015625 in 26.61 sec
Epoch 22/100, mean train accuracy: 98.84%, mean test accuracy: 98.87%, lr scale: 0.0078125 in 26.56 sec
Epoch 23/100, mean train accuracy: 98.87%, mean test accuracy: 98.86%, lr scale: 0.00390625 in 26.62 sec
Epoch 24/100, mean train accuracy: 98.85%, mean test accuracy: 98.86%, lr scale: 0.001953125 in 26.48 sec
Epoch 25/100, mean train accuracy: 98.87%, mean test accuracy: 98.86%, lr scale: 0.001953125 in 26.67 sec
Epoch 26/100, mean train accuracy: 98.88%, mean test accuracy: 98.87%, lr scale: 0.001953125 in 26.66 sec
Epoch 27/100, mean train accuracy: 98.90%, mean test accuracy: 98.87%, lr scale: 0.001953125 in 26.54 sec
Epoch 28/100, mean train accuracy: 98.90%, mean test accuracy: 98.86%, lr scale: 0.0009765625 in 26.59 sec
Learning rate reached 1.00E-06, stopping training
Time to train the neural network: 824.39s

Simulation Based Calibration...
Time to perform SBC: 5038.95s

Data saved in  /mnt/nfs/nrdata02-users-data/luciano/script/ABC-SBI/examples/Gauss-Gauss/results_without_kde/sigma0_10.0/mu_0/pickles/GaussGauss_sigma_1.0_sigma0_10.0_mu_0_acc_0.999_eps_378.05.xy


--------------------
ITERATION (ACC = 0.999) DONE IN 5875.0048391819 SECONDS!
--------------------




--------------------
SIGMA0 = 10.0, TRUE_MU = 0, ACCEPT_RATE = 0.99
--------------------


Selection of epsilon star...
epsilon:  347.3394434101667 acceptance rate:  0.9988
epsilon:  324.5592840252735 acceptance rate:  0.99899995
epsilon:  303.67066207486585 acceptance rate:  0.9984
epsilon:  286.96646461308706 acceptance rate:  0.9992
epsilon:  272.2908292364786 acceptance rate:  0.9989
epsilon:  258.8089378784255 acceptance rate:  0.9984
epsilon:  244.21305382276512 acceptance rate:  0.9984
epsilon:  234.6071694482216 acceptance rate:  0.99829996
epsilon:  224.95410455656256 acceptance rate:  0.99859995
epsilon:  216.06575553839068 acceptance rate:  0.9978
epsilon:  207.84094110864925 acceptance rate:  0.99759996
epsilon:  199.92552588385996 acceptance rate:  0.9989
epsilon:  191.4582405987702 acceptance rate:  0.99689996
epsilon:  184.69702195493625 acceptance rate:  0.99679995
epsilon:  178.71177439586674 acceptance rate:  0.9978
epsilon:  171.51622563205552 acceptance rate:  0.99729997
epsilon:  166.500562847231 acceptance rate:  0.9971
epsilon:  161.12082256777094 acceptance rate:  0.9978
epsilon:  155.88033086782738 acceptance rate:  0.9975
epsilon:  151.36211611876632 acceptance rate:  0.99719995
epsilon:  145.53121044936924 acceptance rate:  0.9978
epsilon:  140.54239914775428 acceptance rate:  0.99759996
epsilon:  136.29430713704485 acceptance rate:  0.9974
epsilon:  131.27233327873148 acceptance rate:  0.997
epsilon:  127.18684966753322 acceptance rate:  0.99609995
epsilon:  123.80367496910372 acceptance rate:  0.9967
epsilon:  119.82071728182066 acceptance rate:  0.99729997
epsilon:  115.61374979804562 acceptance rate:  0.99689996
epsilon:  112.65060756521444 acceptance rate:  0.9966
epsilon:  109.35853568173344 acceptance rate:  0.99609995
epsilon:  106.70940962582536 acceptance rate:  0.9964
epsilon:  104.18829854646124 acceptance rate:  0.99509996
epsilon:  101.56738991736253 acceptance rate:  0.9949
epsilon:  99.12906150368843 acceptance rate:  0.99619997
epsilon:  96.16856756309396 acceptance rate:  0.99539995
epsilon:  92.99556387380613 acceptance rate:  0.99579996
epsilon:  90.40075702499529 acceptance rate:  0.9953
epsilon:  87.75110101903759 acceptance rate:  0.99549997
epsilon:  85.20488651945578 acceptance rate:  0.99509996
epsilon:  83.2834420294756 acceptance rate:  0.9946
epsilon:  81.26620470649665 acceptance rate:  0.9952
epsilon:  79.38956328056403 acceptance rate:  0.996
epsilon:  77.2043394211187 acceptance rate:  0.99539995
epsilon:  75.38392813457429 acceptance rate:  0.9949
epsilon:  73.50039703840999 acceptance rate:  0.9945
epsilon:  71.67756166065101 acceptance rate:  0.9934
epsilon:  69.8177680534928 acceptance rate:  0.9941
epsilon:  68.12238590975191 acceptance rate:  0.9948
epsilon:  66.34198363292215 acceptance rate:  0.99369997
epsilon:  64.78074752726292 acceptance rate:  0.9927
epsilon:  63.354616588017414 acceptance rate:  0.9952
epsilon:  61.79791408671938 acceptance rate:  0.99509996
epsilon:  60.17472087389604 acceptance rate:  0.9956
epsilon:  58.4108337073596 acceptance rate:  0.9948
epsilon:  56.70284151597151 acceptance rate:  0.9927
epsilon:  55.559690822863445 acceptance rate:  0.9939
epsilon:  53.906801339617736 acceptance rate:  0.99469995
epsilon:  52.79512277151613 acceptance rate:  0.99439996
epsilon:  51.35220886906877 acceptance rate:  0.9924
epsilon:  50.3897665693245 acceptance rate:  0.99359995
epsilon:  49.083986756656 acceptance rate:  0.99289995
epsilon:  47.85764929938507 acceptance rate:  0.99359995
epsilon:  46.67343222780988 acceptance rate:  0.9913
epsilon:  45.725128244155805 acceptance rate:  0.9932
epsilon:  44.57746540954264 acceptance rate:  0.9912
epsilon:  43.68688900353775 acceptance rate:  0.992
epsilon:  42.73854151987309 acceptance rate:  0.9923
epsilon:  41.82655926516459 acceptance rate:  0.99359995
epsilon:  40.86942319851221 acceptance rate:  0.9939
epsilon:  39.89597911808941 acceptance rate:  0.9931
epsilon:  38.95227344763701 acceptance rate:  0.99249995
epsilon:  38.03802299716313 acceptance rate:  0.9927
epsilon:  37.20016891852742 acceptance rate:  0.9916
epsilon:  36.39424638325911 acceptance rate:  0.9916
epsilon:  35.515320547290656 acceptance rate:  0.99259996
epsilon:  34.614022028317166 acceptance rate:  0.99189997
epsilon:  33.84677048485697 acceptance rate:  0.9928
epsilon:  32.94887516342128 acceptance rate:  0.99249995
epsilon:  32.199200101863106 acceptance rate:  0.9924
epsilon:  31.497126118122466 acceptance rate:  0.9912
epsilon:  30.74964779149286 acceptance rate:  0.9917
epsilon:  30.02202271013233 acceptance rate:  0.99149996
epsilon:  29.357772824082314 acceptance rate:  0.99149996
epsilon:  28.753729162342466 acceptance rate:  0.9906
epsilon:  28.09775185191534 acceptance rate:  0.99039996
epsilon:  27.502038356403663 acceptance rate:  0.993
epsilon:  26.666616708069395 acceptance rate:  0.991
epsilon:  26.084975525458006 acceptance rate:  0.9891
Time to select epsilon star: 96.66s

Simulations of the testing dataset...
Time to simulate the testing dataset: 0.74s

Simulations of the training dataset...
Time to simulate the training dataset: 1.61s

Training the neural network...
Initial accuracy: 46.44%, Initial test accuracy: 46.27%
Training for 100 epochs...
Epoch 1/100, mean train accuracy: 95.60%, mean test accuracy: 97.56%, lr scale: 1.0 in 27.58 sec
Epoch 2/100, mean train accuracy: 97.49%, mean test accuracy: 98.17%, lr scale: 1.0 in 27.48 sec
Epoch 3/100, mean train accuracy: 97.20%, mean test accuracy: 97.73%, lr scale: 1.0 in 27.27 sec
Epoch 4/100, mean train accuracy: 97.96%, mean test accuracy: 96.82%, lr scale: 1.0 in 27.43 sec
Epoch 5/100, mean train accuracy: 98.19%, mean test accuracy: 98.47%, lr scale: 0.5 in 27.43 sec
Epoch 6/100, mean train accuracy: 98.36%, mean test accuracy: 98.47%, lr scale: 0.5 in 27.37 sec
Epoch 7/100, mean train accuracy: 98.44%, mean test accuracy: 98.54%, lr scale: 0.25 in 27.15 sec
Epoch 8/100, mean train accuracy: 98.49%, mean test accuracy: 98.53%, lr scale: 0.25 in 27.15 sec
Epoch 9/100, mean train accuracy: 98.52%, mean test accuracy: 98.57%, lr scale: 0.125 in 27.12 sec
Epoch 10/100, mean train accuracy: 98.58%, mean test accuracy: 98.56%, lr scale: 0.125 in 27.02 sec
Epoch 11/100, mean train accuracy: 98.58%, mean test accuracy: 98.58%, lr scale: 0.125 in 26.84 sec
Epoch 12/100, mean train accuracy: 98.57%, mean test accuracy: 98.58%, lr scale: 0.125 in 27.09 sec
Epoch 13/100, mean train accuracy: 98.61%, mean test accuracy: 98.62%, lr scale: 0.0625 in 26.97 sec
Epoch 14/100, mean train accuracy: 98.64%, mean test accuracy: 98.60%, lr scale: 0.0625 in 27.05 sec
Epoch 15/100, mean train accuracy: 98.62%, mean test accuracy: 98.62%, lr scale: 0.0625 in 26.79 sec
Epoch 16/100, mean train accuracy: 98.71%, mean test accuracy: 98.63%, lr scale: 0.03125 in 26.65 sec
Epoch 17/100, mean train accuracy: 98.64%, mean test accuracy: 98.63%, lr scale: 0.03125 in 26.30 sec
Epoch 18/100, mean train accuracy: 98.66%, mean test accuracy: 98.63%, lr scale: 0.015625 in 26.17 sec
Epoch 19/100, mean train accuracy: 98.71%, mean test accuracy: 98.63%, lr scale: 0.0078125 in 26.27 sec
Epoch 20/100, mean train accuracy: 98.72%, mean test accuracy: 98.64%, lr scale: 0.0078125 in 26.05 sec
Epoch 21/100, mean train accuracy: 98.71%, mean test accuracy: 98.65%, lr scale: 0.0078125 in 26.07 sec
Epoch 22/100, mean train accuracy: 98.74%, mean test accuracy: 98.64%, lr scale: 0.0078125 in 26.08 sec
Epoch 23/100, mean train accuracy: 98.71%, mean test accuracy: 98.64%, lr scale: 0.00390625 in 26.14 sec
Epoch 24/100, mean train accuracy: 98.72%, mean test accuracy: 98.65%, lr scale: 0.001953125 in 26.18 sec
Epoch 25/100, mean train accuracy: 98.69%, mean test accuracy: 98.63%, lr scale: 0.001953125 in 26.38 sec
Epoch 26/100, mean train accuracy: 98.68%, mean test accuracy: 98.65%, lr scale: 0.0009765625 in 26.51 sec
Learning rate reached 1.00E-06, stopping training
Time to train the neural network: 797.15s

Simulation Based Calibration...
Time to perform SBC: 4797.77s

Data saved in  /mnt/nfs/nrdata02-users-data/luciano/script/ABC-SBI/examples/Gauss-Gauss/results_without_kde/sigma0_10.0/mu_0/pickles/GaussGauss_sigma_1.0_sigma0_10.0_mu_0_acc_0.99_eps_26.085.xy


--------------------
ITERATION (ACC = 0.99) DONE IN 5699.150463104248 SECONDS!
--------------------




--------------------
SIGMA0 = 10.0, TRUE_MU = 0, ACCEPT_RATE = 0.975
--------------------


Selection of epsilon star...
epsilon:  25.483586751220223 acceptance rate:  0.9892
epsilon:  24.950313996743425 acceptance rate:  0.98999995
epsilon:  24.40042107960452 acceptance rate:  0.98969996
epsilon:  23.889702038942662 acceptance rate:  0.9895
epsilon:  23.350031829025845 acceptance rate:  0.9896
epsilon:  22.913969548008506 acceptance rate:  0.9899
epsilon:  22.44698536483454 acceptance rate:  0.9884
epsilon:  22.003333535376246 acceptance rate:  0.98899996
epsilon:  21.483788108910463 acceptance rate:  0.9891
epsilon:  21.059581156290573 acceptance rate:  0.98939997
epsilon:  20.535556448891548 acceptance rate:  0.98789996
epsilon:  20.07453209435068 acceptance rate:  0.98719996
epsilon:  19.645489810581736 acceptance rate:  0.9898
epsilon:  19.231315699102797 acceptance rate:  0.98679996
epsilon:  18.83029123713271 acceptance rate:  0.9862
epsilon:  18.457717113642236 acceptance rate:  0.987
epsilon:  18.076658891292258 acceptance rate:  0.9877
epsilon:  17.702294615366917 acceptance rate:  0.98609996
epsilon:  17.38176171532937 acceptance rate:  0.98819995
epsilon:  16.994620525856895 acceptance rate:  0.9877
epsilon:  16.53567454738634 acceptance rate:  0.98749995
epsilon:  16.201651703823842 acceptance rate:  0.98759997
epsilon:  15.83313135409858 acceptance rate:  0.98759997
epsilon:  15.505798988098503 acceptance rate:  0.987
epsilon:  15.142500394569792 acceptance rate:  0.98719996
epsilon:  14.784421552489587 acceptance rate:  0.98579997
epsilon:  14.47584596568603 acceptance rate:  0.98579997
epsilon:  14.185047320354341 acceptance rate:  0.9842
epsilon:  13.904102064302908 acceptance rate:  0.9852
epsilon:  13.58329620670738 acceptance rate:  0.98499995
epsilon:  13.294342204349798 acceptance rate:  0.9877
epsilon:  12.99907849819737 acceptance rate:  0.98389995
epsilon:  12.744867397419377 acceptance rate:  0.9851
epsilon:  12.485498910681132 acceptance rate:  0.9837
epsilon:  12.259082836076717 acceptance rate:  0.9842
epsilon:  12.014624023314152 acceptance rate:  0.9845
epsilon:  11.731094542469496 acceptance rate:  0.9844
epsilon:  11.4419304138778 acceptance rate:  0.98569995
epsilon:  11.167804709815407 acceptance rate:  0.9819
epsilon:  10.952584468788876 acceptance rate:  0.98289996
epsilon:  10.725110574573687 acceptance rate:  0.98459995
epsilon:  10.540824169861994 acceptance rate:  0.98429996
epsilon:  10.340328021287785 acceptance rate:  0.98459995
epsilon:  10.101759408186492 acceptance rate:  0.98219997
epsilon:  9.899404353271178 acceptance rate:  0.98389995
epsilon:  9.694836851852651 acceptance rate:  0.9817
epsilon:  9.508159235180138 acceptance rate:  0.983
epsilon:  9.30436762441481 acceptance rate:  0.9841
epsilon:  9.095379637465607 acceptance rate:  0.98359996
epsilon:  8.896672672652517 acceptance rate:  0.98109996
epsilon:  8.70501315800091 acceptance rate:  0.98209995
epsilon:  8.516372675681676 acceptance rate:  0.98149997
epsilon:  8.34641695058732 acceptance rate:  0.9806
epsilon:  8.178914270118518 acceptance rate:  0.9799
epsilon:  7.995788956201892 acceptance rate:  0.98109996
epsilon:  7.81939431199227 acceptance rate:  0.9788
epsilon:  7.6761388913242685 acceptance rate:  0.9813
epsilon:  7.49628497961447 acceptance rate:  0.9817
epsilon:  7.3450341104314845 acceptance rate:  0.98099995
epsilon:  7.207311970676264 acceptance rate:  0.97889996
epsilon:  7.068554022686844 acceptance rate:  0.9808
epsilon:  6.918161091683354 acceptance rate:  0.97609997
epsilon:  6.788788932782073 acceptance rate:  0.98109996
epsilon:  6.639117801827236 acceptance rate:  0.97849995
epsilon:  6.487903975604561 acceptance rate:  0.97889996
epsilon:  6.352881162763357 acceptance rate:  0.9758
epsilon:  6.242544436435968 acceptance rate:  0.9772
epsilon:  6.101208513515436 acceptance rate:  0.97779995
epsilon:  5.961031531408624 acceptance rate:  0.9801
epsilon:  5.8405603611491115 acceptance rate:  0.97459996
Time to select epsilon star: 132.21s

Simulations of the testing dataset...
Time to simulate the testing dataset: 0.88s

Simulations of the training dataset...
Time to simulate the training dataset: 1.98s

Training the neural network...
Initial accuracy: 52.09%, Initial test accuracy: 52.07%
Training for 100 epochs...
Epoch 1/100, mean train accuracy: 97.01%, mean test accuracy: 97.83%, lr scale: 1.0 in 25.92 sec
Epoch 2/100, mean train accuracy: 98.05%, mean test accuracy: 98.23%, lr scale: 1.0 in 25.84 sec
Epoch 3/100, mean train accuracy: 98.18%, mean test accuracy: 98.37%, lr scale: 1.0 in 26.01 sec
Epoch 4/100, mean train accuracy: 98.21%, mean test accuracy: 98.41%, lr scale: 1.0 in 25.86 sec
Epoch 5/100, mean train accuracy: 98.33%, mean test accuracy: 98.43%, lr scale: 1.0 in 26.17 sec
Epoch 6/100, mean train accuracy: 98.31%, mean test accuracy: 98.56%, lr scale: 0.5 in 25.85 sec
Epoch 7/100, mean train accuracy: 98.52%, mean test accuracy: 98.58%, lr scale: 0.5 in 25.86 sec
Epoch 8/100, mean train accuracy: 98.51%, mean test accuracy: 98.49%, lr scale: 0.5 in 25.77 sec
Epoch 9/100, mean train accuracy: 98.59%, mean test accuracy: 98.58%, lr scale: 0.25 in 25.66 sec
Epoch 10/100, mean train accuracy: 98.59%, mean test accuracy: 98.61%, lr scale: 0.25 in 25.96 sec
Epoch 11/100, mean train accuracy: 98.57%, mean test accuracy: 98.57%, lr scale: 0.25 in 25.84 sec
Epoch 12/100, mean train accuracy: 98.62%, mean test accuracy: 98.60%, lr scale: 0.25 in 25.75 sec
Epoch 13/100, mean train accuracy: 98.62%, mean test accuracy: 98.56%, lr scale: 0.25 in 25.83 sec
Epoch 14/100, mean train accuracy: 98.62%, mean test accuracy: 98.59%, lr scale: 0.25 in 25.96 sec
Epoch 15/100, mean train accuracy: 98.66%, mean test accuracy: 98.60%, lr scale: 0.125 in 26.05 sec
Epoch 16/100, mean train accuracy: 98.67%, mean test accuracy: 98.61%, lr scale: 0.125 in 26.10 sec
Epoch 17/100, mean train accuracy: 98.70%, mean test accuracy: 98.63%, lr scale: 0.0625 in 25.79 sec
Epoch 18/100, mean train accuracy: 98.69%, mean test accuracy: 98.63%, lr scale: 0.03125 in 25.84 sec
Epoch 19/100, mean train accuracy: 98.73%, mean test accuracy: 98.63%, lr scale: 0.03125 in 25.92 sec
Epoch 20/100, mean train accuracy: 98.71%, mean test accuracy: 98.62%, lr scale: 0.03125 in 25.74 sec
Epoch 21/100, mean train accuracy: 98.72%, mean test accuracy: 98.63%, lr scale: 0.015625 in 25.77 sec
Epoch 22/100, mean train accuracy: 98.72%, mean test accuracy: 98.63%, lr scale: 0.0078125 in 25.77 sec
Epoch 23/100, mean train accuracy: 98.69%, mean test accuracy: 98.63%, lr scale: 0.00390625 in 25.62 sec
Epoch 24/100, mean train accuracy: 98.73%, mean test accuracy: 98.62%, lr scale: 0.00390625 in 25.65 sec
Epoch 25/100, mean train accuracy: 98.73%, mean test accuracy: 98.63%, lr scale: 0.001953125 in 25.84 sec
Epoch 26/100, mean train accuracy: 98.72%, mean test accuracy: 98.63%, lr scale: 0.0009765625 in 25.16 sec
Learning rate reached 1.00E-06, stopping training
Time to train the neural network: 869.90s

Simulation Based Calibration...
Time to perform SBC: 4626.70s

Data saved in  /mnt/nfs/nrdata02-users-data/luciano/script/ABC-SBI/examples/Gauss-Gauss/results_without_kde/sigma0_10.0/mu_0/pickles/GaussGauss_sigma_1.0_sigma0_10.0_mu_0_acc_0.975_eps_5.8406.xy


--------------------
ITERATION (ACC = 0.975) DONE IN 5635.542704343796 SECONDS!
--------------------




--------------------
SIGMA0 = 10.0, TRUE_MU = 0, ACCEPT_RATE = 0.95
--------------------


Selection of epsilon star...
epsilon:  5.7145971993288445 acceptance rate:  0.97569996
epsilon:  5.6222977035924275 acceptance rate:  0.9772
epsilon:  5.504952214579923 acceptance rate:  0.9733
epsilon:  5.396817034217897 acceptance rate:  0.9744
epsilon:  5.28221677370066 acceptance rate:  0.9755
epsilon:  5.179163651908456 acceptance rate:  0.9752
epsilon:  5.075307950098978 acceptance rate:  0.97709996
epsilon:  4.983146067957129 acceptance rate:  0.9745
epsilon:  4.8852849968211425 acceptance rate:  0.974
epsilon:  4.7927839612669905 acceptance rate:  0.9737
epsilon:  4.684162591234995 acceptance rate:  0.9752
epsilon:  4.58112875539398 acceptance rate:  0.97389996
epsilon:  4.496171893299377 acceptance rate:  0.97429997
epsilon:  4.407238454938011 acceptance rate:  0.9715
epsilon:  4.336575059814951 acceptance rate:  0.9736
epsilon:  4.233422007722312 acceptance rate:  0.9726
epsilon:  4.16032470290621 acceptance rate:  0.97389996
epsilon:  4.069078181266168 acceptance rate:  0.96809995
epsilon:  4.006241091428122 acceptance rate:  0.9729
epsilon:  3.933326298506782 acceptance rate:  0.97209996
epsilon:  3.857722275023482 acceptance rate:  0.97059995
epsilon:  3.7818452583421056 acceptance rate:  0.97349995
epsilon:  3.7031232098657347 acceptance rate:  0.96919996
epsilon:  3.6236554803174146 acceptance rate:  0.97069997
epsilon:  3.544900921384773 acceptance rate:  0.97129995
epsilon:  3.4780078480308054 acceptance rate:  0.96879995
epsilon:  3.4057162617045424 acceptance rate:  0.9708
epsilon:  3.3459933720016086 acceptance rate:  0.96919996
epsilon:  3.2752739983230175 acceptance rate:  0.9677
epsilon:  3.211842831462373 acceptance rate:  0.9705
epsilon:  3.1299534769697828 acceptance rate:  0.9701
epsilon:  3.0725089664770815 acceptance rate:  0.96739995
epsilon:  3.0099203842603424 acceptance rate:  0.9672
epsilon:  2.9555132690363983 acceptance rate:  0.9672
epsilon:  2.8924326305457684 acceptance rate:  0.9666
epsilon:  2.839446413044862 acceptance rate:  0.9676
epsilon:  2.7846247565824105 acceptance rate:  0.9662
epsilon:  2.7119807307085564 acceptance rate:  0.96379995
epsilon:  2.657319684712624 acceptance rate:  0.96699995
epsilon:  2.6105752654245964 acceptance rate:  0.9679
epsilon:  2.5550304666189363 acceptance rate:  0.96809995
epsilon:  2.5069821747993597 acceptance rate:  0.9673
epsilon:  2.4612807727361967 acceptance rate:  0.96349996
epsilon:  2.4129789063460962 acceptance rate:  0.9647
epsilon:  2.3568243918002985 acceptance rate:  0.96239996
epsilon:  2.305350458074843 acceptance rate:  0.9611
epsilon:  2.253933842053451 acceptance rate:  0.96379995
epsilon:  2.1993982642415566 acceptance rate:  0.96129996
epsilon:  2.156958940572516 acceptance rate:  0.96309996
epsilon:  2.110941185777302 acceptance rate:  0.963
epsilon:  2.069366460090197 acceptance rate:  0.95739996
epsilon:  2.0287822054098283 acceptance rate:  0.9593
epsilon:  1.9857895929130864 acceptance rate:  0.96059996
epsilon:  1.9408425017128113 acceptance rate:  0.96209997
epsilon:  1.9008263318018643 acceptance rate:  0.9571
epsilon:  1.8530473697170344 acceptance rate:  0.95909995
epsilon:  1.814775385580427 acceptance rate:  0.9578
epsilon:  1.7721588181854075 acceptance rate:  0.9568
epsilon:  1.732201535499432 acceptance rate:  0.9558
epsilon:  1.7018726444514096 acceptance rate:  0.96199995
epsilon:  1.6643547824332119 acceptance rate:  0.9558
epsilon:  1.628324394279346 acceptance rate:  0.95809996
epsilon:  1.5912976388866804 acceptance rate:  0.9535
epsilon:  1.5585996942149345 acceptance rate:  0.95269996
epsilon:  1.5273955597855762 acceptance rate:  0.9535
epsilon:  1.4930016885795783 acceptance rate:  0.9558
epsilon:  1.459806912998842 acceptance rate:  0.95419997
epsilon:  1.4294679402960957 acceptance rate:  0.9507
epsilon:  1.402041060578427 acceptance rate:  0.9544
epsilon:  1.3778376801764662 acceptance rate:  0.9504
epsilon:  1.3499743069773336 acceptance rate:  0.9511
epsilon:  1.3218888781691325 acceptance rate:  0.95089996
epsilon:  1.2917485882074229 acceptance rate:  0.95049995
epsilon:  1.269532865973388 acceptance rate:  0.9515
epsilon:  1.2454200779444111 acceptance rate:  0.9479
Time to select epsilon star: 199.73s

Simulations of the testing dataset...
Time to simulate the testing dataset: 0.76s

Simulations of the training dataset...
Time to simulate the training dataset: 1.77s

Training the neural network...
Initial accuracy: 53.75%, Initial test accuracy: 53.78%
Training for 100 epochs...
Epoch 1/100, mean train accuracy: 97.44%, mean test accuracy: 98.00%, lr scale: 1.0 in 25.37 sec
Epoch 2/100, mean train accuracy: 98.22%, mean test accuracy: 98.36%, lr scale: 1.0 in 25.53 sec
Epoch 3/100, mean train accuracy: 98.36%, mean test accuracy: 98.29%, lr scale: 1.0 in 25.48 sec
Epoch 4/100, mean train accuracy: 98.39%, mean test accuracy: 98.45%, lr scale: 1.0 in 25.47 sec
Epoch 5/100, mean train accuracy: 98.42%, mean test accuracy: 98.46%, lr scale: 1.0 in 25.56 sec
Epoch 6/100, mean train accuracy: 98.47%, mean test accuracy: 98.53%, lr scale: 0.5 in 25.38 sec
Epoch 7/100, mean train accuracy: 98.57%, mean test accuracy: 98.54%, lr scale: 0.5 in 25.36 sec
Epoch 8/100, mean train accuracy: 98.56%, mean test accuracy: 98.51%, lr scale: 0.5 in 25.48 sec
Epoch 9/100, mean train accuracy: 98.51%, mean test accuracy: 98.53%, lr scale: 0.25 in 25.21 sec
Epoch 10/100, mean train accuracy: 98.65%, mean test accuracy: 98.60%, lr scale: 0.125 in 25.35 sec
Epoch 11/100, mean train accuracy: 98.66%, mean test accuracy: 98.59%, lr scale: 0.125 in 25.12 sec
Epoch 12/100, mean train accuracy: 98.67%, mean test accuracy: 98.61%, lr scale: 0.0625 in 25.27 sec
Epoch 13/100, mean train accuracy: 98.65%, mean test accuracy: 98.59%, lr scale: 0.03125 in 24.70 sec
Epoch 14/100, mean train accuracy: 98.68%, mean test accuracy: 98.60%, lr scale: 0.03125 in 25.18 sec
Epoch 15/100, mean train accuracy: 98.66%, mean test accuracy: 98.60%, lr scale: 0.015625 in 25.16 sec
Epoch 16/100, mean train accuracy: 98.70%, mean test accuracy: 98.60%, lr scale: 0.015625 in 24.78 sec
Epoch 17/100, mean train accuracy: 98.70%, mean test accuracy: 98.61%, lr scale: 0.0078125 in 24.54 sec
Epoch 18/100, mean train accuracy: 98.68%, mean test accuracy: 98.61%, lr scale: 0.00390625 in 25.02 sec
Epoch 19/100, mean train accuracy: 98.70%, mean test accuracy: 98.61%, lr scale: 0.00390625 in 24.45 sec
Epoch 20/100, mean train accuracy: 98.72%, mean test accuracy: 98.60%, lr scale: 0.001953125 in 24.53 sec
Epoch 21/100, mean train accuracy: 98.69%, mean test accuracy: 98.61%, lr scale: 0.0009765625 in 24.72 sec
Learning rate reached 1.00E-06, stopping training
Time to train the neural network: 838.96s

Simulation Based Calibration...
Time to perform SBC: 3832.38s

Data saved in  /mnt/nfs/nrdata02-users-data/luciano/script/ABC-SBI/examples/Gauss-Gauss/results_without_kde/sigma0_10.0/mu_0/pickles/GaussGauss_sigma_1.0_sigma0_10.0_mu_0_acc_0.95_eps_1.2454.xy


--------------------
ITERATION (ACC = 0.95) DONE IN 4877.553680181503 SECONDS!
--------------------




--------------------
SIGMA0 = 10.0, TRUE_MU = 0, ACCEPT_RATE = 0.925
--------------------


Selection of epsilon star...
epsilon:  1.2231200502602548 acceptance rate:  0.9528
epsilon:  1.2000581980512774 acceptance rate:  0.9485
epsilon:  1.175027433965582 acceptance rate:  0.9528
epsilon:  1.15070311855945 acceptance rate:  0.9503
epsilon:  1.1281954488325783 acceptance rate:  0.9485
epsilon:  1.1053466352073573 acceptance rate:  0.9461
epsilon:  1.086951397000291 acceptance rate:  0.94759995
epsilon:  1.066905241687186 acceptance rate:  0.94839996
epsilon:  1.0467393997898875 acceptance rate:  0.94189996
epsilon:  1.0259779982970372 acceptance rate:  0.9486
epsilon:  1.0058345072860098 acceptance rate:  0.94369996
epsilon:  0.9871577187571997 acceptance rate:  0.9453
epsilon:  0.9643312853587241 acceptance rate:  0.9403
epsilon:  0.9456480396687295 acceptance rate:  0.944
epsilon:  0.9264723881081779 acceptance rate:  0.9395
epsilon:  0.9091109898208785 acceptance rate:  0.93939996
epsilon:  0.890834258875362 acceptance rate:  0.9359
epsilon:  0.8750940157210811 acceptance rate:  0.93789995
epsilon:  0.8571477398425097 acceptance rate:  0.94259995
epsilon:  0.8407729517089453 acceptance rate:  0.9417
epsilon:  0.8245125196261822 acceptance rate:  0.941
epsilon:  0.8082331364969608 acceptance rate:  0.94009995
epsilon:  0.7910516597783972 acceptance rate:  0.9377
epsilon:  0.7752934231279307 acceptance rate:  0.9357
epsilon:  0.7578043421273931 acceptance rate:  0.9359
epsilon:  0.7430908096614661 acceptance rate:  0.9327
epsilon:  0.7275558908342847 acceptance rate:  0.9345
epsilon:  0.7132352177650583 acceptance rate:  0.9331
epsilon:  0.6980856560367747 acceptance rate:  0.93289995
epsilon:  0.6841539119101335 acceptance rate:  0.9299
epsilon:  0.6703202055995812 acceptance rate:  0.9284
epsilon:  0.6567125818973077 acceptance rate:  0.9323
epsilon:  0.6430563979508573 acceptance rate:  0.9305
epsilon:  0.6298576898907131 acceptance rate:  0.93149996
epsilon:  0.6172058131195787 acceptance rate:  0.9277
epsilon:  0.604715092368532 acceptance rate:  0.92759997
epsilon:  0.5907446523527227 acceptance rate:  0.92679995
epsilon:  0.5793147665385486 acceptance rate:  0.9292
epsilon:  0.5670841791660809 acceptance rate:  0.9245
Time to select epsilon star: 162.92s

Simulations of the testing dataset...
Time to simulate the testing dataset: 0.77s

Simulations of the training dataset...
Time to simulate the training dataset: 1.35s

Training the neural network...
Initial accuracy: 52.40%, Initial test accuracy: 52.56%
Training for 100 epochs...
Epoch 1/100, mean train accuracy: 97.38%, mean test accuracy: 98.11%, lr scale: 1.0 in 24.35 sec
Epoch 2/100, mean train accuracy: 98.25%, mean test accuracy: 98.36%, lr scale: 1.0 in 24.46 sec
Epoch 3/100, mean train accuracy: 98.38%, mean test accuracy: 98.42%, lr scale: 1.0 in 24.53 sec
Epoch 4/100, mean train accuracy: 98.42%, mean test accuracy: 98.42%, lr scale: 1.0 in 24.50 sec
Epoch 5/100, mean train accuracy: 98.46%, mean test accuracy: 98.49%, lr scale: 1.0 in 24.51 sec
Epoch 6/100, mean train accuracy: 98.02%, mean test accuracy: 98.52%, lr scale: 1.0 in 24.49 sec
Epoch 7/100, mean train accuracy: 98.57%, mean test accuracy: 98.59%, lr scale: 1.0 in 24.19 sec
Epoch 8/100, mean train accuracy: 98.58%, mean test accuracy: 98.50%, lr scale: 1.0 in 24.48 sec
Epoch 9/100, mean train accuracy: 98.59%, mean test accuracy: 98.58%, lr scale: 0.5 in 24.18 sec
Epoch 10/100, mean train accuracy: 98.62%, mean test accuracy: 98.59%, lr scale: 0.5 in 24.37 sec
Epoch 11/100, mean train accuracy: 98.57%, mean test accuracy: 98.53%, lr scale: 0.5 in 24.57 sec
Epoch 12/100, mean train accuracy: 98.66%, mean test accuracy: 98.59%, lr scale: 0.25 in 24.80 sec
Epoch 13/100, mean train accuracy: 98.66%, mean test accuracy: 98.61%, lr scale: 0.25 in 24.88 sec
Epoch 14/100, mean train accuracy: 98.65%, mean test accuracy: 98.61%, lr scale: 0.125 in 24.89 sec
Epoch 15/100, mean train accuracy: 98.67%, mean test accuracy: 98.62%, lr scale: 0.125 in 24.82 sec
Epoch 16/100, mean train accuracy: 98.70%, mean test accuracy: 98.63%, lr scale: 0.0625 in 25.08 sec
Epoch 17/100, mean train accuracy: 98.70%, mean test accuracy: 98.63%, lr scale: 0.03125 in 24.98 sec
Epoch 18/100, mean train accuracy: 98.74%, mean test accuracy: 98.63%, lr scale: 0.03125 in 24.99 sec
Epoch 19/100, mean train accuracy: 98.72%, mean test accuracy: 98.62%, lr scale: 0.015625 in 24.79 sec
Epoch 20/100, mean train accuracy: 98.72%, mean test accuracy: 98.64%, lr scale: 0.0078125 in 24.81 sec
Epoch 21/100, mean train accuracy: 98.75%, mean test accuracy: 98.63%, lr scale: 0.0078125 in 24.86 sec
Epoch 22/100, mean train accuracy: 98.70%, mean test accuracy: 98.63%, lr scale: 0.00390625 in 25.03 sec
Epoch 23/100, mean train accuracy: 98.69%, mean test accuracy: 98.64%, lr scale: 0.001953125 in 25.00 sec
Epoch 24/100, mean train accuracy: 98.72%, mean test accuracy: 98.63%, lr scale: 0.001953125 in 25.23 sec
Epoch 25/100, mean train accuracy: 98.74%, mean test accuracy: 98.63%, lr scale: 0.0009765625 in 25.17 sec
Learning rate reached 1.00E-06, stopping training
Time to train the neural network: 971.84s

Simulation Based Calibration...
Time to perform SBC: 4374.26s

Data saved in  /mnt/nfs/nrdata02-users-data/luciano/script/ABC-SBI/examples/Gauss-Gauss/results_without_kde/sigma0_10.0/mu_0/pickles/GaussGauss_sigma_1.0_sigma0_10.0_mu_0_acc_0.925_eps_0.56708.xy


--------------------
ITERATION (ACC = 0.925) DONE IN 5515.0194981098175 SECONDS!
--------------------




--------------------
SIGMA0 = 10.0, TRUE_MU = 0, ACCEPT_RATE = 0.9
--------------------


Selection of epsilon star...
epsilon:  0.5558446416765772 acceptance rate:  0.9245
epsilon:  0.5441202407800805 acceptance rate:  0.9253
epsilon:  0.5352761019421405 acceptance rate:  0.92569995
epsilon:  0.5253770508706587 acceptance rate:  0.91969997
epsilon:  0.5162395968462377 acceptance rate:  0.9187
epsilon:  0.5047905606834714 acceptance rate:  0.9202
epsilon:  0.49408357622610954 acceptance rate:  0.9173
epsilon:  0.4842778306639541 acceptance rate:  0.918
epsilon:  0.47314885948405316 acceptance rate:  0.91609997
epsilon:  0.4651579887119689 acceptance rate:  0.9167
epsilon:  0.45663625548264297 acceptance rate:  0.9141
epsilon:  0.44731439600449946 acceptance rate:  0.91679996
epsilon:  0.43811467838268026 acceptance rate:  0.918
epsilon:  0.42861822004181943 acceptance rate:  0.9147
epsilon:  0.4207632284021767 acceptance rate:  0.91569996
epsilon:  0.41230389925291544 acceptance rate:  0.9127
epsilon:  0.4031454331236091 acceptance rate:  0.90999997
epsilon:  0.3947946741861367 acceptance rate:  0.9113
epsilon:  0.3872207844684226 acceptance rate:  0.91319996
epsilon:  0.37792368118305397 acceptance rate:  0.903
epsilon:  0.36950887254211845 acceptance rate:  0.9113
epsilon:  0.3619625382123882 acceptance rate:  0.9062
epsilon:  0.35414520823625445 acceptance rate:  0.9012
epsilon:  0.34673233403216747 acceptance rate:  0.8998
Time to select epsilon star: 130.43s

Simulations of the testing dataset...
Time to simulate the testing dataset: 0.76s

Simulations of the training dataset...
Time to simulate the training dataset: 1.28s

Training the neural network...
Initial accuracy: 49.69%, Initial test accuracy: 49.66%
Training for 100 epochs...
Epoch 1/100, mean train accuracy: 97.41%, mean test accuracy: 98.23%, lr scale: 1.0 in 24.48 sec
Epoch 2/100, mean train accuracy: 98.34%, mean test accuracy: 98.46%, lr scale: 1.0 in 24.60 sec
Epoch 3/100, mean train accuracy: 98.41%, mean test accuracy: 98.33%, lr scale: 1.0 in 24.57 sec
Epoch 4/100, mean train accuracy: 98.45%, mean test accuracy: 98.53%, lr scale: 1.0 in 24.52 sec
Epoch 5/100, mean train accuracy: 98.50%, mean test accuracy: 98.39%, lr scale: 1.0 in 24.39 sec
Epoch 6/100, mean train accuracy: 98.54%, mean test accuracy: 98.47%, lr scale: 1.0 in 24.52 sec
Epoch 7/100, mean train accuracy: 98.51%, mean test accuracy: 98.51%, lr scale: 1.0 in 24.48 sec
Epoch 8/100, mean train accuracy: 98.63%, mean test accuracy: 98.54%, lr scale: 0.5 in 24.46 sec
Epoch 9/100, mean train accuracy: 98.61%, mean test accuracy: 98.59%, lr scale: 0.5 in 24.48 sec
Epoch 10/100, mean train accuracy: 98.67%, mean test accuracy: 98.61%, lr scale: 0.25 in 24.49 sec
Epoch 11/100, mean train accuracy: 98.65%, mean test accuracy: 98.62%, lr scale: 0.25 in 24.45 sec
Epoch 12/100, mean train accuracy: 98.69%, mean test accuracy: 98.63%, lr scale: 0.125 in 24.39 sec
Epoch 13/100, mean train accuracy: 98.70%, mean test accuracy: 98.64%, lr scale: 0.0625 in 24.52 sec
Epoch 14/100, mean train accuracy: 98.72%, mean test accuracy: 98.64%, lr scale: 0.0625 in 24.36 sec
Epoch 15/100, mean train accuracy: 98.69%, mean test accuracy: 98.63%, lr scale: 0.03125 in 24.32 sec
Epoch 16/100, mean train accuracy: 98.74%, mean test accuracy: 98.62%, lr scale: 0.03125 in 24.61 sec
Epoch 17/100, mean train accuracy: 98.72%, mean test accuracy: 98.63%, lr scale: 0.015625 in 24.62 sec
Epoch 18/100, mean train accuracy: 98.73%, mean test accuracy: 98.62%, lr scale: 0.0078125 in 24.63 sec
Epoch 19/100, mean train accuracy: 98.73%, mean test accuracy: 98.63%, lr scale: 0.00390625 in 24.32 sec
Epoch 20/100, mean train accuracy: 98.71%, mean test accuracy: 98.63%, lr scale: 0.00390625 in 24.32 sec
Epoch 21/100, mean train accuracy: 98.73%, mean test accuracy: 98.63%, lr scale: 0.001953125 in 24.34 sec
Epoch 22/100, mean train accuracy: 98.72%, mean test accuracy: 98.63%, lr scale: 0.001953125 in 24.38 sec
Epoch 23/100, mean train accuracy: 98.71%, mean test accuracy: 98.63%, lr scale: 0.001953125 in 24.31 sec
Epoch 24/100, mean train accuracy: 98.70%, mean test accuracy: 98.64%, lr scale: 0.0009765625 in 24.37 sec
Learning rate reached 1.00E-06, stopping training
Time to train the neural network: 1033.99s

Simulation Based Calibration...
Time to perform SBC: 4644.00s

Data saved in  /mnt/nfs/nrdata02-users-data/luciano/script/ABC-SBI/examples/Gauss-Gauss/results_without_kde/sigma0_10.0/mu_0/pickles/GaussGauss_sigma_1.0_sigma0_10.0_mu_0_acc_0.9_eps_0.34673.xy


--------------------
ITERATION (ACC = 0.9) DONE IN 5814.591100215912 SECONDS!
--------------------




--------------------
SIGMA0 = 10.0, TRUE_MU = 0, ACCEPT_RATE = 0.85
--------------------


Selection of epsilon star...
epsilon:  0.3402911014300183 acceptance rate:  0.9008
epsilon:  0.33332683907596694 acceptance rate:  0.9055
epsilon:  0.32666836252665177 acceptance rate:  0.8983
epsilon:  0.32116940025615043 acceptance rate:  0.90129995
epsilon:  0.3145781900407561 acceptance rate:  0.9023
epsilon:  0.3086916362976942 acceptance rate:  0.8957
epsilon:  0.3016625141940864 acceptance rate:  0.8983
epsilon:  0.29547800552554143 acceptance rate:  0.8993
epsilon:  0.2895354722318478 acceptance rate:  0.898
epsilon:  0.28373994396601643 acceptance rate:  0.8897
epsilon:  0.2780841916815342 acceptance rate:  0.8893
epsilon:  0.272607165757611 acceptance rate:  0.8944
epsilon:  0.26689923853987846 acceptance rate:  0.88809997
epsilon:  0.2616072271773448 acceptance rate:  0.89309996
epsilon:  0.2561037988448396 acceptance rate:  0.89269996
epsilon:  0.2513150612939958 acceptance rate:  0.8843
epsilon:  0.24679958621936715 acceptance rate:  0.8828
epsilon:  0.24175225363653124 acceptance rate:  0.88479996
epsilon:  0.23695784370789183 acceptance rate:  0.89049995
epsilon:  0.2326817629410516 acceptance rate:  0.87839997
epsilon:  0.22784336392067564 acceptance rate:  0.8856
epsilon:  0.22296821426526497 acceptance rate:  0.87799996
epsilon:  0.21868947533546468 acceptance rate:  0.88089997
epsilon:  0.21356216987947696 acceptance rate:  0.88299996
epsilon:  0.2085818342661478 acceptance rate:  0.87909997
epsilon:  0.20424996691098646 acceptance rate:  0.87229997
epsilon:  0.19978805374858422 acceptance rate:  0.8745
epsilon:  0.19638474933063485 acceptance rate:  0.86969995
epsilon:  0.19246607361703505 acceptance rate:  0.86689997
epsilon:  0.18817717016902724 acceptance rate:  0.87189996
epsilon:  0.18462478274399957 acceptance rate:  0.87039995
epsilon:  0.18069837253243048 acceptance rate:  0.8666
epsilon:  0.17778368756364998 acceptance rate:  0.8634
epsilon:  0.1746221827133952 acceptance rate:  0.86869997
epsilon:  0.17096336206231716 acceptance rate:  0.8628
epsilon:  0.16723310549662124 acceptance rate:  0.85719997
epsilon:  0.16384983133830217 acceptance rate:  0.863
epsilon:  0.16065608901662792 acceptance rate:  0.8581
epsilon:  0.1573672128624154 acceptance rate:  0.8599
epsilon:  0.15441592730347933 acceptance rate:  0.85719997
epsilon:  0.15157893182285292 acceptance rate:  0.8508
epsilon:  0.14909899586830905 acceptance rate:  0.8531
epsilon:  0.14588091660523775 acceptance rate:  0.8498
Time to select epsilon star: 318.66s

Simulations of the testing dataset...
Time to simulate the testing dataset: 0.74s

Simulations of the training dataset...
Time to simulate the training dataset: 1.30s

Training the neural network...
Initial accuracy: 47.72%, Initial test accuracy: 47.75%
Training for 100 epochs...
Epoch 1/100, mean train accuracy: 97.41%, mean test accuracy: 98.29%, lr scale: 1.0 in 24.85 sec
Epoch 2/100, mean train accuracy: 98.29%, mean test accuracy: 98.40%, lr scale: 1.0 in 24.68 sec
Epoch 3/100, mean train accuracy: 98.37%, mean test accuracy: 98.50%, lr scale: 1.0 in 24.48 sec
Epoch 4/100, mean train accuracy: 98.45%, mean test accuracy: 98.24%, lr scale: 1.0 in 24.44 sec
Epoch 5/100, mean train accuracy: 98.52%, mean test accuracy: 98.52%, lr scale: 0.5 in 24.43 sec
Epoch 6/100, mean train accuracy: 98.58%, mean test accuracy: 98.53%, lr scale: 0.5 in 24.50 sec
Epoch 7/100, mean train accuracy: 98.60%, mean test accuracy: 98.60%, lr scale: 0.25 in 24.44 sec
Epoch 8/100, mean train accuracy: 98.62%, mean test accuracy: 98.59%, lr scale: 0.25 in 24.45 sec
Epoch 9/100, mean train accuracy: 98.63%, mean test accuracy: 98.62%, lr scale: 0.125 in 24.47 sec
Epoch 10/100, mean train accuracy: 98.68%, mean test accuracy: 98.61%, lr scale: 0.125 in 24.37 sec
Epoch 11/100, mean train accuracy: 98.68%, mean test accuracy: 98.64%, lr scale: 0.0625 in 24.49 sec
Epoch 12/100, mean train accuracy: 98.67%, mean test accuracy: 98.64%, lr scale: 0.0625 in 24.54 sec
Epoch 13/100, mean train accuracy: 98.66%, mean test accuracy: 98.63%, lr scale: 0.03125 in 24.33 sec
Epoch 14/100, mean train accuracy: 98.71%, mean test accuracy: 98.63%, lr scale: 0.03125 in 24.38 sec
Epoch 15/100, mean train accuracy: 98.74%, mean test accuracy: 98.61%, lr scale: 0.03125 in 24.42 sec
Epoch 16/100, mean train accuracy: 98.71%, mean test accuracy: 98.64%, lr scale: 0.015625 in 24.37 sec
Epoch 17/100, mean train accuracy: 98.73%, mean test accuracy: 98.62%, lr scale: 0.0078125 in 24.45 sec
Epoch 18/100, mean train accuracy: 98.76%, mean test accuracy: 98.63%, lr scale: 0.0078125 in 24.36 sec
Epoch 19/100, mean train accuracy: 98.71%, mean test accuracy: 98.62%, lr scale: 0.0078125 in 24.23 sec
Epoch 20/100, mean train accuracy: 98.72%, mean test accuracy: 98.63%, lr scale: 0.00390625 in 24.50 sec
Epoch 21/100, mean train accuracy: 98.73%, mean test accuracy: 98.62%, lr scale: 0.001953125 in 24.39 sec
Epoch 22/100, mean train accuracy: 98.71%, mean test accuracy: 98.63%, lr scale: 0.001953125 in 24.35 sec
Epoch 23/100, mean train accuracy: 98.72%, mean test accuracy: 98.63%, lr scale: 0.0009765625 in 24.36 sec
Learning rate reached 1.00E-06, stopping training
Time to train the neural network: 1523.46s

Simulation Based Calibration...
Time to perform SBC: 4954.77s

Data saved in  /mnt/nfs/nrdata02-users-data/luciano/script/ABC-SBI/examples/Gauss-Gauss/results_without_kde/sigma0_10.0/mu_0/pickles/GaussGauss_sigma_1.0_sigma0_10.0_mu_0_acc_0.85_eps_0.14588.xy


--------------------
ITERATION (ACC = 0.85) DONE IN 6803.589974403381 SECONDS!
--------------------




--------------------
SIGMA0 = 10.0, TRUE_MU = 0, ACCEPT_RATE = 0.8
--------------------


Selection of epsilon star...
epsilon:  0.14345572791624894 acceptance rate:  0.852
epsilon:  0.14058501832030065 acceptance rate:  0.85319996
epsilon:  0.13730572807871602 acceptance rate:  0.8441
epsilon:  0.13477261092250822 acceptance rate:  0.84959996
epsilon:  0.13222416499908127 acceptance rate:  0.8495
epsilon:  0.12926972228177547 acceptance rate:  0.8452
epsilon:  0.1264788557447681 acceptance rate:  0.8455
epsilon:  0.12428661413496547 acceptance rate:  0.83629996
epsilon:  0.12175841983513878 acceptance rate:  0.84209996
epsilon:  0.11887856718428157 acceptance rate:  0.84029996
epsilon:  0.11629606779287878 acceptance rate:  0.8376
epsilon:  0.11376205465069902 acceptance rate:  0.8285
epsilon:  0.11198454338009985 acceptance rate:  0.8257
epsilon:  0.10964153393295599 acceptance rate:  0.82409996
epsilon:  0.1074779247222959 acceptance rate:  0.8254
epsilon:  0.10546135669811675 acceptance rate:  0.8232
epsilon:  0.10330215199092206 acceptance rate:  0.8253
epsilon:  0.10082410356761368 acceptance rate:  0.8107
epsilon:  0.09871808973807647 acceptance rate:  0.8193
epsilon:  0.09671107601917772 acceptance rate:  0.8211
epsilon:  0.09498629152964416 acceptance rate:  0.819
epsilon:  0.0930636679702941 acceptance rate:  0.81619996
epsilon:  0.09076552561011679 acceptance rate:  0.81119996
epsilon:  0.08868797468697648 acceptance rate:  0.8048
epsilon:  0.08677794217912303 acceptance rate:  0.80719995
epsilon:  0.085180174762338 acceptance rate:  0.8034
epsilon:  0.08360469358047502 acceptance rate:  0.8075
epsilon:  0.08191048545813377 acceptance rate:  0.80289996
epsilon:  0.0802288033391916 acceptance rate:  0.7959
Time to select epsilon star: 293.86s

Simulations of the testing dataset...
Time to simulate the testing dataset: 0.71s

Simulations of the training dataset...
Time to simulate the training dataset: 1.45s

Training the neural network...
Initial accuracy: 53.00%, Initial test accuracy: 52.95%
Training for 100 epochs...
Epoch 1/100, mean train accuracy: 97.46%, mean test accuracy: 98.17%, lr scale: 1.0 in 24.74 sec
Epoch 2/100, mean train accuracy: 98.31%, mean test accuracy: 98.39%, lr scale: 1.0 in 24.82 sec
Epoch 3/100, mean train accuracy: 98.37%, mean test accuracy: 98.23%, lr scale: 1.0 in 24.72 sec
Epoch 4/100, mean train accuracy: 98.44%, mean test accuracy: 98.42%, lr scale: 1.0 in 24.66 sec
Epoch 5/100, mean train accuracy: 98.46%, mean test accuracy: 98.43%, lr scale: 1.0 in 24.60 sec
Epoch 6/100, mean train accuracy: 98.54%, mean test accuracy: 98.55%, lr scale: 0.5 in 24.52 sec
Epoch 7/100, mean train accuracy: 98.56%, mean test accuracy: 98.57%, lr scale: 0.5 in 24.60 sec
Epoch 8/100, mean train accuracy: 98.60%, mean test accuracy: 98.56%, lr scale: 0.5 in 24.41 sec
Epoch 9/100, mean train accuracy: 98.59%, mean test accuracy: 98.60%, lr scale: 0.25 in 24.53 sec
Epoch 10/100, mean train accuracy: 98.66%, mean test accuracy: 98.59%, lr scale: 0.25 in 24.76 sec
Epoch 11/100, mean train accuracy: 98.67%, mean test accuracy: 98.59%, lr scale: 0.125 in 24.51 sec
Epoch 12/100, mean train accuracy: 98.68%, mean test accuracy: 98.60%, lr scale: 0.125 in 24.54 sec
Epoch 13/100, mean train accuracy: 98.67%, mean test accuracy: 98.60%, lr scale: 0.0625 in 24.65 sec
Epoch 14/100, mean train accuracy: 98.67%, mean test accuracy: 98.60%, lr scale: 0.0625 in 24.41 sec
Epoch 15/100, mean train accuracy: 98.72%, mean test accuracy: 98.58%, lr scale: 0.0625 in 24.52 sec
Epoch 16/100, mean train accuracy: 98.70%, mean test accuracy: 98.60%, lr scale: 0.03125 in 24.68 sec
Epoch 17/100, mean train accuracy: 98.70%, mean test accuracy: 98.61%, lr scale: 0.015625 in 24.65 sec
Epoch 18/100, mean train accuracy: 98.69%, mean test accuracy: 98.61%, lr scale: 0.0078125 in 24.60 sec
Epoch 19/100, mean train accuracy: 98.68%, mean test accuracy: 98.60%, lr scale: 0.0078125 in 24.37 sec
Epoch 20/100, mean train accuracy: 98.72%, mean test accuracy: 98.60%, lr scale: 0.0078125 in 24.47 sec
Epoch 21/100, mean train accuracy: 98.72%, mean test accuracy: 98.60%, lr scale: 0.0078125 in 24.48 sec
Epoch 22/100, mean train accuracy: 98.67%, mean test accuracy: 98.60%, lr scale: 0.00390625 in 24.52 sec
Epoch 23/100, mean train accuracy: 98.69%, mean test accuracy: 98.60%, lr scale: 0.001953125 in 24.53 sec
Epoch 24/100, mean train accuracy: 98.69%, mean test accuracy: 98.60%, lr scale: 0.001953125 in 24.35 sec
Epoch 25/100, mean train accuracy: 98.72%, mean test accuracy: 98.60%, lr scale: 0.0009765625 in 24.71 sec
Learning rate reached 1.00E-06, stopping training
Time to train the neural network: 1650.09s

Simulation Based Calibration...
Time to perform SBC: 4994.57s

Data saved in  /mnt/nfs/nrdata02-users-data/luciano/script/ABC-SBI/examples/Gauss-Gauss/results_without_kde/sigma0_10.0/mu_0/pickles/GaussGauss_sigma_1.0_sigma0_10.0_mu_0_acc_0.8_eps_0.080229.xy


--------------------
ITERATION (ACC = 0.8) DONE IN 6944.970344781876 SECONDS!
--------------------




--------------------
SIGMA0 = 10.0, TRUE_MU = 0, ACCEPT_RATE = 0.75
--------------------


Selection of epsilon star...
epsilon:  0.07858586777059821 acceptance rate:  0.7992
epsilon:  0.07723899655526473 acceptance rate:  0.79789996
epsilon:  0.0756012246218722 acceptance rate:  0.7938
epsilon:  0.07387128270875812 acceptance rate:  0.7898
epsilon:  0.07228723439616234 acceptance rate:  0.7916
epsilon:  0.07077552082327246 acceptance rate:  0.7901
epsilon:  0.06939037030045354 acceptance rate:  0.7955
epsilon:  0.06775488997791917 acceptance rate:  0.78349996
epsilon:  0.06633512036030595 acceptance rate:  0.7791
epsilon:  0.06504472799021074 acceptance rate:  0.774
epsilon:  0.06359543877575208 acceptance rate:  0.77599996
epsilon:  0.06236195932127964 acceptance rate:  0.784
epsilon:  0.060839930415814585 acceptance rate:  0.76949996
epsilon:  0.05957777281958957 acceptance rate:  0.77099997
epsilon:  0.05833313348608443 acceptance rate:  0.7653
epsilon:  0.057269251502510124 acceptance rate:  0.7662
epsilon:  0.056185790622166554 acceptance rate:  0.7633
epsilon:  0.0549151135576427 acceptance rate:  0.7621
epsilon:  0.05384192379288046 acceptance rate:  0.7599
epsilon:  0.0526707112514718 acceptance rate:  0.7511
epsilon:  0.051763171717055544 acceptance rate:  0.75909996
epsilon:  0.0507107969644014 acceptance rate:  0.7527
epsilon:  0.04963020225666717 acceptance rate:  0.7488
Time to select epsilon star: 317.59s

Simulations of the testing dataset...
Time to simulate the testing dataset: 0.73s

Simulations of the training dataset...
Time to simulate the training dataset: 1.34s

Training the neural network...
Initial accuracy: 43.25%, Initial test accuracy: 43.16%
Training for 100 epochs...
Epoch 1/100, mean train accuracy: 97.56%, mean test accuracy: 98.24%, lr scale: 1.0 in 24.55 sec
Epoch 2/100, mean train accuracy: 98.32%, mean test accuracy: 98.42%, lr scale: 1.0 in 24.62 sec
Epoch 3/100, mean train accuracy: 98.40%, mean test accuracy: 98.43%, lr scale: 1.0 in 24.53 sec
Epoch 4/100, mean train accuracy: 98.54%, mean test accuracy: 98.48%, lr scale: 0.5 in 24.57 sec
Epoch 5/100, mean train accuracy: 98.60%, mean test accuracy: 98.53%, lr scale: 0.5 in 24.46 sec
Epoch 6/100, mean train accuracy: 98.53%, mean test accuracy: 98.57%, lr scale: 0.25 in 24.49 sec
Epoch 7/100, mean train accuracy: 98.66%, mean test accuracy: 98.58%, lr scale: 0.25 in 24.49 sec
Epoch 8/100, mean train accuracy: 98.64%, mean test accuracy: 98.50%, lr scale: 0.25 in 24.62 sec
Epoch 9/100, mean train accuracy: 98.64%, mean test accuracy: 98.59%, lr scale: 0.25 in 24.52 sec
Epoch 10/100, mean train accuracy: 98.68%, mean test accuracy: 98.60%, lr scale: 0.125 in 24.44 sec
Epoch 11/100, mean train accuracy: 98.65%, mean test accuracy: 98.59%, lr scale: 0.0625 in 24.52 sec
Epoch 12/100, mean train accuracy: 98.68%, mean test accuracy: 98.60%, lr scale: 0.0625 in 24.61 sec
Epoch 13/100, mean train accuracy: 98.69%, mean test accuracy: 98.60%, lr scale: 0.0625 in 24.64 sec
Epoch 14/100, mean train accuracy: 98.69%, mean test accuracy: 98.62%, lr scale: 0.03125 in 24.69 sec
Epoch 15/100, mean train accuracy: 98.73%, mean test accuracy: 98.61%, lr scale: 0.03125 in 24.89 sec
Epoch 16/100, mean train accuracy: 98.71%, mean test accuracy: 98.61%, lr scale: 0.03125 in 24.71 sec
Epoch 17/100, mean train accuracy: 98.73%, mean test accuracy: 98.59%, lr scale: 0.03125 in 24.81 sec
Epoch 18/100, mean train accuracy: 98.75%, mean test accuracy: 98.61%, lr scale: 0.015625 in 24.51 sec
Epoch 19/100, mean train accuracy: 98.72%, mean test accuracy: 98.62%, lr scale: 0.0078125 in 24.55 sec
Epoch 20/100, mean train accuracy: 98.75%, mean test accuracy: 98.61%, lr scale: 0.0078125 in 24.55 sec
Epoch 21/100, mean train accuracy: 98.73%, mean test accuracy: 98.61%, lr scale: 0.0078125 in 24.57 sec
Epoch 22/100, mean train accuracy: 98.69%, mean test accuracy: 98.61%, lr scale: 0.0078125 in 24.68 sec
Epoch 23/100, mean train accuracy: 98.71%, mean test accuracy: 98.62%, lr scale: 0.00390625 in 24.53 sec
Epoch 24/100, mean train accuracy: 98.73%, mean test accuracy: 98.61%, lr scale: 0.00390625 in 24.41 sec
Epoch 25/100, mean train accuracy: 98.72%, mean test accuracy: 98.62%, lr scale: 0.001953125 in 24.46 sec
Epoch 26/100, mean train accuracy: 98.69%, mean test accuracy: 98.62%, lr scale: 0.0009765625 in 24.38 sec
Learning rate reached 1.00E-06, stopping training
Time to train the neural network: 2130.17s

Simulation Based Calibration...
Time to perform SBC: 4996.15s

Data saved in  /mnt/nfs/nrdata02-users-data/luciano/script/ABC-SBI/examples/Gauss-Gauss/results_without_kde/sigma0_10.0/mu_0/pickles/GaussGauss_sigma_1.0_sigma0_10.0_mu_0_acc_0.75_eps_0.04963.xy


--------------------
ITERATION (ACC = 0.75) DONE IN 7451.074015140533 SECONDS!
--------------------




--------------------
SIGMA0 = 10.0, TRUE_MU = 1.0, ACCEPT_RATE = 1.0
--------------------


Selection of epsilon star...
Distances: min =  1.2768419475837982e-06 max =  1584.4027237169273 mean =  99.61823057710814 std =  138.22896568298904
Time to select epsilon star: 0.04s

Simulations of the testing dataset...
Time to simulate the testing dataset: 0.02s

Simulations of the training dataset...
Time to simulate the training dataset: 0.20s

Training the neural network...
Initial accuracy: 50.14%, Initial test accuracy: 50.15%
Training for 100 epochs...
Epoch 1/100, mean train accuracy: 91.16%, mean test accuracy: 95.94%, lr scale: 1.0 in 26.40 sec
Epoch 2/100, mean train accuracy: 93.75%, mean test accuracy: 97.87%, lr scale: 0.5 in 26.50 sec
Epoch 3/100, mean train accuracy: 97.41%, mean test accuracy: 98.52%, lr scale: 0.5 in 26.03 sec
Epoch 4/100, mean train accuracy: 97.95%, mean test accuracy: 98.57%, lr scale: 0.5 in 25.94 sec
Epoch 5/100, mean train accuracy: 97.95%, mean test accuracy: 98.28%, lr scale: 0.5 in 26.15 sec
Epoch 6/100, mean train accuracy: 97.95%, mean test accuracy: 98.46%, lr scale: 0.5 in 25.86 sec
Epoch 7/100, mean train accuracy: 98.17%, mean test accuracy: 98.75%, lr scale: 0.25 in 25.78 sec
Epoch 8/100, mean train accuracy: 98.40%, mean test accuracy: 98.73%, lr scale: 0.25 in 25.80 sec
Epoch 9/100, mean train accuracy: 98.61%, mean test accuracy: 98.63%, lr scale: 0.25 in 25.79 sec
Epoch 10/100, mean train accuracy: 98.53%, mean test accuracy: 98.80%, lr scale: 0.125 in 25.88 sec
Epoch 11/100, mean train accuracy: 98.75%, mean test accuracy: 98.80%, lr scale: 0.125 in 25.71 sec
Epoch 12/100, mean train accuracy: 98.66%, mean test accuracy: 98.30%, lr scale: 0.125 in 25.45 sec
Epoch 13/100, mean train accuracy: 98.78%, mean test accuracy: 98.81%, lr scale: 0.125 in 25.21 sec
Epoch 14/100, mean train accuracy: 98.67%, mean test accuracy: 98.87%, lr scale: 0.125 in 25.06 sec
Epoch 15/100, mean train accuracy: 98.88%, mean test accuracy: 98.86%, lr scale: 0.0625 in 25.73 sec
Epoch 16/100, mean train accuracy: 98.81%, mean test accuracy: 98.85%, lr scale: 0.0625 in 25.32 sec
Epoch 17/100, mean train accuracy: 98.83%, mean test accuracy: 98.85%, lr scale: 0.03125 in 25.53 sec
Epoch 18/100, mean train accuracy: 98.89%, mean test accuracy: 98.91%, lr scale: 0.015625 in 24.95 sec
Epoch 19/100, mean train accuracy: 98.92%, mean test accuracy: 98.92%, lr scale: 0.015625 in 24.33 sec
Epoch 20/100, mean train accuracy: 98.91%, mean test accuracy: 98.88%, lr scale: 0.015625 in 24.78 sec
Epoch 21/100, mean train accuracy: 98.91%, mean test accuracy: 98.86%, lr scale: 0.015625 in 24.69 sec
Epoch 22/100, mean train accuracy: 98.94%, mean test accuracy: 98.94%, lr scale: 0.015625 in 24.78 sec
Epoch 23/100, mean train accuracy: 98.90%, mean test accuracy: 98.94%, lr scale: 0.0078125 in 24.69 sec
Epoch 24/100, mean train accuracy: 98.94%, mean test accuracy: 98.94%, lr scale: 0.00390625 in 24.79 sec
Epoch 25/100, mean train accuracy: 98.95%, mean test accuracy: 98.94%, lr scale: 0.001953125 in 24.70 sec
Epoch 26/100, mean train accuracy: 98.95%, mean test accuracy: 98.95%, lr scale: 0.001953125 in 24.90 sec
Epoch 27/100, mean train accuracy: 98.93%, mean test accuracy: 98.95%, lr scale: 0.0009765625 in 25.11 sec
Learning rate reached 1.00E-06, stopping training
Time to train the neural network: 744.27s

Simulation Based Calibration...
