Host clust4

[CpuDevice(id=0)]
cpu <contextlib._GeneratorContextManager object at 0x7ff7f550b580>
Old path: /mnt/nfs/nrdata02-users-data/luciano/script
New path: /mnt/nfs/nrdata02-users-data/luciano/script/ABC-SBI
SIGMA0 = [5.0]


--------------------
SIGMA0 = 5.0, TRUE_MU = 0, ACCEPT_RATE = 1.0
--------------------


Selection of epsilon star...
Distances: min =  1.0351391327166562e-11 max =  373.4357368558191 mean =  24.46123099475346 std =  34.76582011416121
Time to select epsilon star: 1.16s

Simulations of the testing dataset...
Time to simulate the testing dataset: 1.57s

Simulations of the training dataset...
Time to simulate the training dataset: 1.73s

Training the neural network...
Initial accuracy: 49.73%, Initial test accuracy: 49.75%
Training for 100 epochs...
Epoch 1/100, mean train accuracy: 92.51%, mean test accuracy: 96.80%, lr scale: 1.0 in 28.26 sec
Epoch 2/100, mean train accuracy: 95.64%, mean test accuracy: 96.94%, lr scale: 1.0 in 27.61 sec
Epoch 3/100, mean train accuracy: 95.62%, mean test accuracy: 97.38%, lr scale: 0.5 in 27.85 sec
Epoch 4/100, mean train accuracy: 97.54%, mean test accuracy: 97.70%, lr scale: 0.5 in 27.15 sec
Epoch 5/100, mean train accuracy: 97.24%, mean test accuracy: 97.77%, lr scale: 0.5 in 26.79 sec
Epoch 6/100, mean train accuracy: 97.56%, mean test accuracy: 97.80%, lr scale: 0.5 in 26.63 sec
Epoch 7/100, mean train accuracy: 97.34%, mean test accuracy: 97.86%, lr scale: 0.25 in 26.60 sec
Epoch 8/100, mean train accuracy: 97.83%, mean test accuracy: 97.75%, lr scale: 0.25 in 26.49 sec
Epoch 9/100, mean train accuracy: 97.80%, mean test accuracy: 97.94%, lr scale: 0.25 in 26.23 sec
Epoch 10/100, mean train accuracy: 97.79%, mean test accuracy: 97.91%, lr scale: 0.25 in 26.53 sec
Epoch 11/100, mean train accuracy: 97.86%, mean test accuracy: 97.95%, lr scale: 0.125 in 26.27 sec
Epoch 12/100, mean train accuracy: 97.95%, mean test accuracy: 97.97%, lr scale: 0.125 in 26.44 sec
Epoch 13/100, mean train accuracy: 97.96%, mean test accuracy: 97.86%, lr scale: 0.125 in 26.69 sec
Epoch 14/100, mean train accuracy: 97.99%, mean test accuracy: 97.94%, lr scale: 0.0625 in 26.24 sec
Epoch 15/100, mean train accuracy: 98.02%, mean test accuracy: 98.04%, lr scale: 0.03125 in 26.19 sec
Epoch 16/100, mean train accuracy: 98.08%, mean test accuracy: 98.08%, lr scale: 0.03125 in 26.25 sec
Epoch 17/100, mean train accuracy: 98.06%, mean test accuracy: 98.09%, lr scale: 0.015625 in 26.43 sec
Epoch 18/100, mean train accuracy: 98.10%, mean test accuracy: 98.08%, lr scale: 0.015625 in 26.62 sec
Epoch 19/100, mean train accuracy: 98.09%, mean test accuracy: 98.09%, lr scale: 0.0078125 in 26.22 sec
Epoch 20/100, mean train accuracy: 98.09%, mean test accuracy: 98.09%, lr scale: 0.00390625 in 26.63 sec
Epoch 21/100, mean train accuracy: 98.13%, mean test accuracy: 98.09%, lr scale: 0.00390625 in 26.18 sec
Epoch 22/100, mean train accuracy: 98.14%, mean test accuracy: 98.09%, lr scale: 0.001953125 in 26.06 sec
Epoch 23/100, mean train accuracy: 98.12%, mean test accuracy: 98.09%, lr scale: 0.001953125 in 26.34 sec
Epoch 24/100, mean train accuracy: 98.13%, mean test accuracy: 98.09%, lr scale: 0.001953125 in 26.46 sec
Epoch 25/100, mean train accuracy: 98.08%, mean test accuracy: 98.10%, lr scale: 0.0009765625 in 26.18 sec
Learning rate reached 1.00E-06, stopping training
Time to train the neural network: 720.43s

Simulation Based Calibration...
Time to perform SBC: 4037.19s

Data saved in  /mnt/nfs/nrdata02-users-data/luciano/script/ABC-SBI/examples/Gauss-Gauss/results_without_kde/sigma0_5.0/mu_0/pickles/GaussGauss_sigma_1.0_sigma0_5.0_mu_0_acc_1.0_eps_inf.xy


--------------------
ITERATION (ACC = 1.0) DONE IN 4765.654900550842 SECONDS!
--------------------




--------------------
SIGMA0 = 5.0, TRUE_MU = 0, ACCEPT_RATE = 0.999
--------------------


Selection of epsilon star...
Distances: min =  3.7889654496061675e-08 max =  360.8211954342308 mean =  24.506969452016964 std =  34.614052037748785
epsilon:  160.0250725143835 acceptance rate:  0.9995
epsilon:  129.78696698629153 acceptance rate:  0.99939996
epsilon:  114.54108057311247 acceptance rate:  0.99899995
Time to select epsilon star: 3.00s

Simulations of the testing dataset...
Time to simulate the testing dataset: 0.75s

Simulations of the training dataset...
Time to simulate the training dataset: 1.24s

Training the neural network...
Initial accuracy: 49.86%, Initial test accuracy: 49.78%
Training for 100 epochs...
Epoch 1/100, mean train accuracy: 93.05%, mean test accuracy: 91.69%, lr scale: 1.0 in 25.59 sec
Epoch 2/100, mean train accuracy: 95.79%, mean test accuracy: 96.83%, lr scale: 1.0 in 25.08 sec
Epoch 3/100, mean train accuracy: 96.37%, mean test accuracy: 92.87%, lr scale: 1.0 in 23.98 sec
Epoch 4/100, mean train accuracy: 94.03%, mean test accuracy: 97.41%, lr scale: 1.0 in 24.55 sec
Epoch 5/100, mean train accuracy: 97.20%, mean test accuracy: 97.67%, lr scale: 0.5 in 24.43 sec
Epoch 6/100, mean train accuracy: 97.37%, mean test accuracy: 97.77%, lr scale: 0.5 in 24.02 sec
Epoch 7/100, mean train accuracy: 97.55%, mean test accuracy: 97.74%, lr scale: 0.25 in 24.29 sec
Epoch 8/100, mean train accuracy: 97.76%, mean test accuracy: 97.86%, lr scale: 0.25 in 24.29 sec
Epoch 9/100, mean train accuracy: 97.78%, mean test accuracy: 97.92%, lr scale: 0.125 in 24.12 sec
Epoch 10/100, mean train accuracy: 97.87%, mean test accuracy: 97.80%, lr scale: 0.125 in 24.07 sec
Epoch 11/100, mean train accuracy: 97.89%, mean test accuracy: 97.96%, lr scale: 0.0625 in 23.93 sec
Epoch 12/100, mean train accuracy: 97.94%, mean test accuracy: 98.00%, lr scale: 0.03125 in 24.20 sec
Epoch 13/100, mean train accuracy: 97.97%, mean test accuracy: 98.00%, lr scale: 0.03125 in 24.42 sec
Epoch 14/100, mean train accuracy: 97.95%, mean test accuracy: 98.00%, lr scale: 0.03125 in 24.00 sec
Epoch 15/100, mean train accuracy: 98.04%, mean test accuracy: 97.95%, lr scale: 0.03125 in 24.48 sec
Epoch 16/100, mean train accuracy: 98.01%, mean test accuracy: 98.02%, lr scale: 0.015625 in 23.91 sec
Epoch 17/100, mean train accuracy: 98.01%, mean test accuracy: 98.01%, lr scale: 0.0078125 in 24.31 sec
Epoch 18/100, mean train accuracy: 98.02%, mean test accuracy: 98.01%, lr scale: 0.0078125 in 23.91 sec
Epoch 19/100, mean train accuracy: 98.04%, mean test accuracy: 98.00%, lr scale: 0.00390625 in 24.59 sec
Epoch 20/100, mean train accuracy: 98.01%, mean test accuracy: 98.02%, lr scale: 0.001953125 in 24.27 sec
Epoch 21/100, mean train accuracy: 98.04%, mean test accuracy: 98.03%, lr scale: 0.001953125 in 25.02 sec
Epoch 22/100, mean train accuracy: 98.03%, mean test accuracy: 98.02%, lr scale: 0.0009765625 in 25.46 sec
Learning rate reached 1.00E-06, stopping training
Time to train the neural network: 590.55s

Simulation Based Calibration...
Time to perform SBC: 3952.44s

Data saved in  /mnt/nfs/nrdata02-users-data/luciano/script/ABC-SBI/examples/Gauss-Gauss/results_without_kde/sigma0_5.0/mu_0/pickles/GaussGauss_sigma_1.0_sigma0_5.0_mu_0_acc_0.999_eps_114.54.xy


--------------------
ITERATION (ACC = 0.999) DONE IN 4552.137429475784 SECONDS!
--------------------




--------------------
SIGMA0 = 5.0, TRUE_MU = 0, ACCEPT_RATE = 0.99
--------------------


Selection of epsilon star...
epsilon:  103.3805147898557 acceptance rate:  0.99859995
epsilon:  94.09036449976877 acceptance rate:  0.9988
epsilon:  87.0939032482395 acceptance rate:  0.9981
epsilon:  81.76319159969798 acceptance rate:  0.9977
epsilon:  77.15433489957134 acceptance rate:  0.9974
epsilon:  73.0277468441613 acceptance rate:  0.99759996
epsilon:  68.72142997799332 acceptance rate:  0.99759996
epsilon:  65.19167009264771 acceptance rate:  0.9977
epsilon:  61.33830154923878 acceptance rate:  0.99719995
epsilon:  58.47772767259234 acceptance rate:  0.9964
epsilon:  55.548503394651334 acceptance rate:  0.9953
epsilon:  53.24415218202177 acceptance rate:  0.99679995
epsilon:  50.91257263724003 acceptance rate:  0.99539995
epsilon:  49.06044312402714 acceptance rate:  0.99579996
epsilon:  47.21870517665833 acceptance rate:  0.99499995
epsilon:  45.269652755196574 acceptance rate:  0.9967
epsilon:  43.509136214566304 acceptance rate:  0.9964
epsilon:  42.02106775452751 acceptance rate:  0.9942
epsilon:  40.54175294668825 acceptance rate:  0.9946
epsilon:  39.21370730618186 acceptance rate:  0.9952
epsilon:  37.818330442719024 acceptance rate:  0.99499995
epsilon:  36.586571607294324 acceptance rate:  0.9934
epsilon:  35.466122483054164 acceptance rate:  0.9949
epsilon:  34.25369429297237 acceptance rate:  0.99259996
epsilon:  33.358811004065494 acceptance rate:  0.99469995
epsilon:  32.375655011010366 acceptance rate:  0.9935
epsilon:  31.306388045420174 acceptance rate:  0.99259996
epsilon:  30.43447999201913 acceptance rate:  0.99429995
epsilon:  29.46189719184283 acceptance rate:  0.99509996
epsilon:  28.39636144739813 acceptance rate:  0.99069995
epsilon:  27.86231128380943 acceptance rate:  0.993
epsilon:  27.130183831486175 acceptance rate:  0.9931
epsilon:  26.387425916522094 acceptance rate:  0.9928
epsilon:  25.549624405550887 acceptance rate:  0.9914
epsilon:  24.789058863201994 acceptance rate:  0.9927
epsilon:  24.066328674538717 acceptance rate:  0.9921
epsilon:  23.425065275242915 acceptance rate:  0.99289995
epsilon:  22.684409148861373 acceptance rate:  0.99079996
epsilon:  22.063389566179676 acceptance rate:  0.991
epsilon:  21.51923158545648 acceptance rate:  0.99329996
epsilon:  20.824738499371502 acceptance rate:  0.992
epsilon:  20.252177422647804 acceptance rate:  0.99079996
epsilon:  19.714230980723105 acceptance rate:  0.9905
epsilon:  19.1839020872093 acceptance rate:  0.99079996
epsilon:  18.665103740641214 acceptance rate:  0.98999995
Time to select epsilon star: 41.58s

Simulations of the testing dataset...
Time to simulate the testing dataset: 0.75s

Simulations of the training dataset...
Time to simulate the training dataset: 1.25s

Training the neural network...
Initial accuracy: 51.20%, Initial test accuracy: 51.26%
Training for 100 epochs...
Epoch 1/100, mean train accuracy: 94.13%, mean test accuracy: 96.38%, lr scale: 1.0 in 23.98 sec
Epoch 2/100, mean train accuracy: 96.22%, mean test accuracy: 96.88%, lr scale: 1.0 in 23.74 sec
Epoch 3/100, mean train accuracy: 96.82%, mean test accuracy: 96.92%, lr scale: 1.0 in 23.60 sec
Epoch 4/100, mean train accuracy: 96.92%, mean test accuracy: 97.20%, lr scale: 0.5 in 23.81 sec
Epoch 5/100, mean train accuracy: 97.26%, mean test accuracy: 97.24%, lr scale: 0.5 in 25.11 sec
Epoch 6/100, mean train accuracy: 97.34%, mean test accuracy: 97.35%, lr scale: 0.5 in 24.92 sec
Epoch 7/100, mean train accuracy: 97.34%, mean test accuracy: 97.38%, lr scale: 0.5 in 25.00 sec
Epoch 8/100, mean train accuracy: 97.34%, mean test accuracy: 97.37%, lr scale: 0.5 in 24.84 sec
Epoch 9/100, mean train accuracy: 97.41%, mean test accuracy: 97.53%, lr scale: 0.25 in 25.12 sec
Epoch 10/100, mean train accuracy: 97.55%, mean test accuracy: 97.51%, lr scale: 0.25 in 24.36 sec
Epoch 11/100, mean train accuracy: 97.56%, mean test accuracy: 97.48%, lr scale: 0.125 in 23.80 sec
Epoch 12/100, mean train accuracy: 97.63%, mean test accuracy: 97.48%, lr scale: 0.125 in 23.88 sec
Epoch 13/100, mean train accuracy: 97.64%, mean test accuracy: 97.57%, lr scale: 0.0625 in 23.72 sec
Epoch 14/100, mean train accuracy: 97.70%, mean test accuracy: 97.60%, lr scale: 0.0625 in 23.62 sec
Epoch 15/100, mean train accuracy: 97.71%, mean test accuracy: 97.57%, lr scale: 0.03125 in 23.90 sec
Epoch 16/100, mean train accuracy: 97.73%, mean test accuracy: 97.60%, lr scale: 0.03125 in 23.91 sec
Epoch 17/100, mean train accuracy: 97.70%, mean test accuracy: 97.55%, lr scale: 0.03125 in 23.70 sec
Epoch 18/100, mean train accuracy: 97.75%, mean test accuracy: 97.60%, lr scale: 0.015625 in 23.78 sec
Epoch 19/100, mean train accuracy: 97.72%, mean test accuracy: 97.61%, lr scale: 0.0078125 in 23.88 sec
Epoch 20/100, mean train accuracy: 97.77%, mean test accuracy: 97.59%, lr scale: 0.0078125 in 23.78 sec
Epoch 21/100, mean train accuracy: 97.74%, mean test accuracy: 97.61%, lr scale: 0.00390625 in 23.60 sec
Epoch 22/100, mean train accuracy: 97.73%, mean test accuracy: 97.60%, lr scale: 0.001953125 in 23.47 sec
Epoch 23/100, mean train accuracy: 97.73%, mean test accuracy: 97.61%, lr scale: 0.001953125 in 24.29 sec
Epoch 24/100, mean train accuracy: 97.75%, mean test accuracy: 97.62%, lr scale: 0.001953125 in 24.60 sec
Epoch 25/100, mean train accuracy: 97.77%, mean test accuracy: 97.62%, lr scale: 0.0009765625 in 23.94 sec
Learning rate reached 1.00E-06, stopping training
Time to train the neural network: 668.03s

Simulation Based Calibration...
Time to perform SBC: 3680.00s

Data saved in  /mnt/nfs/nrdata02-users-data/luciano/script/ABC-SBI/examples/Gauss-Gauss/results_without_kde/sigma0_5.0/mu_0/pickles/GaussGauss_sigma_1.0_sigma0_5.0_mu_0_acc_0.99_eps_18.665.xy


--------------------
ITERATION (ACC = 0.99) DONE IN 4395.448458909988 SECONDS!
--------------------




--------------------
SIGMA0 = 5.0, TRUE_MU = 0, ACCEPT_RATE = 0.975
--------------------


Selection of epsilon star...
epsilon:  18.179544725347323 acceptance rate:  0.98899996
epsilon:  17.766835671677303 acceptance rate:  0.9898
epsilon:  17.355252861371678 acceptance rate:  0.9891
epsilon:  16.87036527208772 acceptance rate:  0.9887
epsilon:  16.469433664929493 acceptance rate:  0.98819995
epsilon:  16.08524969753597 acceptance rate:  0.9881
epsilon:  15.669458335229216 acceptance rate:  0.9869
epsilon:  15.28953169264926 acceptance rate:  0.9867
epsilon:  14.970764595960313 acceptance rate:  0.98829997
epsilon:  14.562340291377993 acceptance rate:  0.98929995
epsilon:  14.18969857506986 acceptance rate:  0.98789996
epsilon:  13.808206684629688 acceptance rate:  0.988
epsilon:  13.463589761106926 acceptance rate:  0.9891
epsilon:  13.141912872413775 acceptance rate:  0.9849
epsilon:  12.851317636874837 acceptance rate:  0.98499995
epsilon:  12.52006844086213 acceptance rate:  0.9866
epsilon:  12.245044978779518 acceptance rate:  0.9856
epsilon:  11.942486684945068 acceptance rate:  0.9855
epsilon:  11.640421535815562 acceptance rate:  0.98789996
epsilon:  11.355323227961318 acceptance rate:  0.9849
epsilon:  11.089590878693187 acceptance rate:  0.9849
epsilon:  10.835997351589635 acceptance rate:  0.98709995
epsilon:  10.58831874115623 acceptance rate:  0.98609996
epsilon:  10.314045284847358 acceptance rate:  0.9874
epsilon:  10.070173557518626 acceptance rate:  0.98279995
epsilon:  9.85260685739891 acceptance rate:  0.9823
epsilon:  9.631413429466175 acceptance rate:  0.9855
epsilon:  9.407236111780316 acceptance rate:  0.98099995
epsilon:  9.215556101659411 acceptance rate:  0.9835
epsilon:  8.981692426835611 acceptance rate:  0.9817
epsilon:  8.768243065694119 acceptance rate:  0.98109996
epsilon:  8.5847144577461 acceptance rate:  0.9819
epsilon:  8.385001820588595 acceptance rate:  0.98179996
epsilon:  8.162266148142553 acceptance rate:  0.9848
epsilon:  7.96117864093756 acceptance rate:  0.982
epsilon:  7.809890137970228 acceptance rate:  0.9823
epsilon:  7.617885129924981 acceptance rate:  0.9827
epsilon:  7.442328327574472 acceptance rate:  0.9806
epsilon:  7.276789923186706 acceptance rate:  0.9799
epsilon:  7.117180355889159 acceptance rate:  0.98219997
epsilon:  6.961052489079273 acceptance rate:  0.9806
epsilon:  6.805091300147562 acceptance rate:  0.9798
epsilon:  6.654630706653964 acceptance rate:  0.9763
epsilon:  6.510750172138135 acceptance rate:  0.9788
epsilon:  6.375631675306165 acceptance rate:  0.98099995
epsilon:  6.231956918595584 acceptance rate:  0.9805
epsilon:  6.086648457987351 acceptance rate:  0.97959995
epsilon:  5.9523938213734215 acceptance rate:  0.97789997
epsilon:  5.806849173677852 acceptance rate:  0.9765
epsilon:  5.685828654487709 acceptance rate:  0.9788
epsilon:  5.553662787466168 acceptance rate:  0.9799
epsilon:  5.426855894801971 acceptance rate:  0.9762
epsilon:  5.312272714807926 acceptance rate:  0.9781
epsilon:  5.1991585090234755 acceptance rate:  0.9733
Time to select epsilon star: 61.32s

Simulations of the testing dataset...
Time to simulate the testing dataset: 0.70s

Simulations of the training dataset...
Time to simulate the training dataset: 1.20s

Training the neural network...
Initial accuracy: 49.37%, Initial test accuracy: 49.32%
Training for 100 epochs...
Epoch 1/100, mean train accuracy: 95.20%, mean test accuracy: 96.87%, lr scale: 1.0 in 23.89 sec
Epoch 2/100, mean train accuracy: 96.76%, mean test accuracy: 96.87%, lr scale: 1.0 in 23.70 sec
Epoch 3/100, mean train accuracy: 96.81%, mean test accuracy: 96.91%, lr scale: 1.0 in 24.20 sec
Epoch 4/100, mean train accuracy: 97.06%, mean test accuracy: 96.91%, lr scale: 1.0 in 24.24 sec
Epoch 5/100, mean train accuracy: 97.09%, mean test accuracy: 97.26%, lr scale: 1.0 in 24.09 sec
Epoch 6/100, mean train accuracy: 97.26%, mean test accuracy: 97.32%, lr scale: 1.0 in 24.55 sec
Epoch 7/100, mean train accuracy: 97.23%, mean test accuracy: 97.34%, lr scale: 1.0 in 24.44 sec
Epoch 8/100, mean train accuracy: 97.40%, mean test accuracy: 97.23%, lr scale: 0.5 in 24.56 sec
Epoch 9/100, mean train accuracy: 97.43%, mean test accuracy: 97.53%, lr scale: 0.25 in 24.47 sec
Epoch 10/100, mean train accuracy: 97.52%, mean test accuracy: 97.46%, lr scale: 0.25 in 24.17 sec
Epoch 11/100, mean train accuracy: 97.54%, mean test accuracy: 97.53%, lr scale: 0.25 in 24.58 sec
Epoch 12/100, mean train accuracy: 97.58%, mean test accuracy: 97.54%, lr scale: 0.125 in 24.14 sec
Epoch 13/100, mean train accuracy: 97.54%, mean test accuracy: 97.57%, lr scale: 0.0625 in 24.04 sec
Epoch 14/100, mean train accuracy: 97.59%, mean test accuracy: 97.56%, lr scale: 0.0625 in 24.15 sec
Epoch 15/100, mean train accuracy: 97.58%, mean test accuracy: 97.58%, lr scale: 0.03125 in 24.22 sec
Epoch 16/100, mean train accuracy: 97.59%, mean test accuracy: 97.54%, lr scale: 0.03125 in 24.69 sec
Epoch 17/100, mean train accuracy: 97.64%, mean test accuracy: 97.57%, lr scale: 0.015625 in 24.68 sec
Epoch 18/100, mean train accuracy: 97.65%, mean test accuracy: 97.58%, lr scale: 0.015625 in 24.61 sec
Epoch 19/100, mean train accuracy: 97.64%, mean test accuracy: 97.58%, lr scale: 0.0078125 in 24.67 sec
Epoch 20/100, mean train accuracy: 97.61%, mean test accuracy: 97.58%, lr scale: 0.0078125 in 24.76 sec
Epoch 21/100, mean train accuracy: 97.65%, mean test accuracy: 97.58%, lr scale: 0.00390625 in 25.42 sec
Epoch 22/100, mean train accuracy: 97.63%, mean test accuracy: 97.57%, lr scale: 0.00390625 in 24.67 sec
Epoch 23/100, mean train accuracy: 97.65%, mean test accuracy: 97.58%, lr scale: 0.00390625 in 24.19 sec
Epoch 24/100, mean train accuracy: 97.68%, mean test accuracy: 97.58%, lr scale: 0.001953125 in 24.83 sec
Epoch 25/100, mean train accuracy: 97.63%, mean test accuracy: 97.57%, lr scale: 0.0009765625 in 24.33 sec
Learning rate reached 1.00E-06, stopping training
Time to train the neural network: 694.91s

Simulation Based Calibration...
Time to perform SBC: 3841.19s

Data saved in  /mnt/nfs/nrdata02-users-data/luciano/script/ABC-SBI/examples/Gauss-Gauss/results_without_kde/sigma0_5.0/mu_0/pickles/GaussGauss_sigma_1.0_sigma0_5.0_mu_0_acc_0.975_eps_5.1992.xy


--------------------
ITERATION (ACC = 0.975) DONE IN 4603.421348571777 SECONDS!
--------------------




--------------------
SIGMA0 = 5.0, TRUE_MU = 0, ACCEPT_RATE = 0.95
--------------------


Selection of epsilon star...
epsilon:  5.0944856616982435 acceptance rate:  0.9744
epsilon:  4.990566706588674 acceptance rate:  0.97529995
epsilon:  4.843575699253744 acceptance rate:  0.97459996
epsilon:  4.750436421748613 acceptance rate:  0.97569996
epsilon:  4.651647529471048 acceptance rate:  0.9733
epsilon:  4.538841049620877 acceptance rate:  0.97599995
epsilon:  4.447353119287153 acceptance rate:  0.9758
epsilon:  4.352680555472651 acceptance rate:  0.97609997
epsilon:  4.248286355349173 acceptance rate:  0.9747
epsilon:  4.157471362677962 acceptance rate:  0.97499996
epsilon:  4.066987458483816 acceptance rate:  0.97209996
epsilon:  3.9834610410746683 acceptance rate:  0.9738
epsilon:  3.906131147938064 acceptance rate:  0.9741
epsilon:  3.820409681163183 acceptance rate:  0.9698
epsilon:  3.7361121083942987 acceptance rate:  0.97309995
epsilon:  3.658088513704765 acceptance rate:  0.9708
epsilon:  3.586304589062897 acceptance rate:  0.97129995
epsilon:  3.510951087482652 acceptance rate:  0.9729
epsilon:  3.4326634573490455 acceptance rate:  0.97129995
epsilon:  3.355719609095695 acceptance rate:  0.9691
epsilon:  3.286901793225366 acceptance rate:  0.9694
epsilon:  3.2197433263425053 acceptance rate:  0.9712
epsilon:  3.1455496254320487 acceptance rate:  0.97099996
epsilon:  3.079725794188242 acceptance rate:  0.97099996
epsilon:  3.022031552931402 acceptance rate:  0.96629995
epsilon:  2.972475451413834 acceptance rate:  0.9691
epsilon:  2.9053902576372015 acceptance rate:  0.9669
epsilon:  2.854154240407206 acceptance rate:  0.96559995
epsilon:  2.7944461466244372 acceptance rate:  0.9673
epsilon:  2.7373921051992256 acceptance rate:  0.9676
epsilon:  2.684752102848362 acceptance rate:  0.9648
epsilon:  2.637965204348191 acceptance rate:  0.9687
epsilon:  2.578397278673618 acceptance rate:  0.9676
epsilon:  2.5212914456607254 acceptance rate:  0.9654
epsilon:  2.4735656871184846 acceptance rate:  0.96489996
epsilon:  2.424481712288686 acceptance rate:  0.96389997
epsilon:  2.3755241105043727 acceptance rate:  0.9665
epsilon:  2.3276136728909385 acceptance rate:  0.964
epsilon:  2.2715273512307816 acceptance rate:  0.96209997
epsilon:  2.2312160445874127 acceptance rate:  0.96129996
epsilon:  2.1900296141568227 acceptance rate:  0.9651
epsilon:  2.153367749382658 acceptance rate:  0.9607
epsilon:  2.1149535001285895 acceptance rate:  0.9647
epsilon:  2.067475913805024 acceptance rate:  0.9623
epsilon:  2.0241652433609443 acceptance rate:  0.9614
epsilon:  1.982549477628818 acceptance rate:  0.9625
epsilon:  1.9428188083814057 acceptance rate:  0.9608
epsilon:  1.8938131472606334 acceptance rate:  0.9611
epsilon:  1.8543529857291452 acceptance rate:  0.9576
epsilon:  1.817855571079058 acceptance rate:  0.95879996
epsilon:  1.7800588647811673 acceptance rate:  0.9593
epsilon:  1.7433427142995204 acceptance rate:  0.95559996
epsilon:  1.7066098065863902 acceptance rate:  0.95879996
epsilon:  1.672579184789916 acceptance rate:  0.95659995
epsilon:  1.6401861995761435 acceptance rate:  0.9557
epsilon:  1.611309583748769 acceptance rate:  0.9565
epsilon:  1.581982759937403 acceptance rate:  0.9568
epsilon:  1.5515919848003852 acceptance rate:  0.95549995
epsilon:  1.519485152612869 acceptance rate:  0.9518
epsilon:  1.4867186284192067 acceptance rate:  0.95669997
epsilon:  1.4555134392141906 acceptance rate:  0.95849997
epsilon:  1.4234377647325636 acceptance rate:  0.95019996
epsilon:  1.3980893574269027 acceptance rate:  0.954
epsilon:  1.367893101368406 acceptance rate:  0.94949996
Time to select epsilon star: 111.21s

Simulations of the testing dataset...
Time to simulate the testing dataset: 0.78s

Simulations of the training dataset...
Time to simulate the training dataset: 1.33s

Training the neural network...
Initial accuracy: 48.87%, Initial test accuracy: 48.91%
Training for 100 epochs...
Epoch 1/100, mean train accuracy: 95.66%, mean test accuracy: 96.81%, lr scale: 1.0 in 23.98 sec
Epoch 2/100, mean train accuracy: 96.90%, mean test accuracy: 97.08%, lr scale: 1.0 in 23.85 sec
Epoch 3/100, mean train accuracy: 97.10%, mean test accuracy: 97.15%, lr scale: 1.0 in 24.56 sec
Epoch 4/100, mean train accuracy: 97.20%, mean test accuracy: 96.76%, lr scale: 1.0 in 25.06 sec
Epoch 5/100, mean train accuracy: 97.26%, mean test accuracy: 97.15%, lr scale: 1.0 in 24.04 sec
Epoch 6/100, mean train accuracy: 97.27%, mean test accuracy: 97.07%, lr scale: 1.0 in 24.28 sec
Epoch 7/100, mean train accuracy: 97.42%, mean test accuracy: 97.26%, lr scale: 0.5 in 24.68 sec
Epoch 8/100, mean train accuracy: 97.47%, mean test accuracy: 97.38%, lr scale: 0.25 in 24.07 sec
Epoch 9/100, mean train accuracy: 97.50%, mean test accuracy: 97.36%, lr scale: 0.25 in 24.07 sec
Epoch 10/100, mean train accuracy: 97.52%, mean test accuracy: 97.40%, lr scale: 0.25 in 24.09 sec
Epoch 11/100, mean train accuracy: 97.53%, mean test accuracy: 97.40%, lr scale: 0.25 in 24.26 sec
Epoch 12/100, mean train accuracy: 97.42%, mean test accuracy: 97.39%, lr scale: 0.125 in 23.86 sec
Epoch 13/100, mean train accuracy: 97.59%, mean test accuracy: 97.44%, lr scale: 0.125 in 23.95 sec
Epoch 14/100, mean train accuracy: 97.54%, mean test accuracy: 97.44%, lr scale: 0.125 in 25.15 sec
Epoch 15/100, mean train accuracy: 97.62%, mean test accuracy: 97.44%, lr scale: 0.125 in 25.40 sec
Epoch 16/100, mean train accuracy: 97.56%, mean test accuracy: 97.46%, lr scale: 0.0625 in 24.55 sec
Epoch 17/100, mean train accuracy: 97.61%, mean test accuracy: 97.46%, lr scale: 0.03125 in 23.69 sec
Epoch 18/100, mean train accuracy: 97.63%, mean test accuracy: 97.45%, lr scale: 0.03125 in 24.07 sec
Epoch 19/100, mean train accuracy: 97.59%, mean test accuracy: 97.46%, lr scale: 0.015625 in 24.12 sec
Epoch 20/100, mean train accuracy: 97.60%, mean test accuracy: 97.47%, lr scale: 0.0078125 in 24.09 sec
Epoch 21/100, mean train accuracy: 97.64%, mean test accuracy: 97.46%, lr scale: 0.0078125 in 24.23 sec
Epoch 22/100, mean train accuracy: 97.59%, mean test accuracy: 97.46%, lr scale: 0.00390625 in 23.86 sec
Epoch 23/100, mean train accuracy: 97.63%, mean test accuracy: 97.47%, lr scale: 0.001953125 in 25.17 sec
Epoch 24/100, mean train accuracy: 97.65%, mean test accuracy: 97.46%, lr scale: 0.001953125 in 24.95 sec
Epoch 25/100, mean train accuracy: 97.60%, mean test accuracy: 97.46%, lr scale: 0.0009765625 in 25.03 sec
Learning rate reached 1.00E-06, stopping training
Time to train the neural network: 734.28s

Simulation Based Calibration...
Time to perform SBC: 3803.43s

Data saved in  /mnt/nfs/nrdata02-users-data/luciano/script/ABC-SBI/examples/Gauss-Gauss/results_without_kde/sigma0_5.0/mu_0/pickles/GaussGauss_sigma_1.0_sigma0_5.0_mu_0_acc_0.95_eps_1.3679.xy


--------------------
ITERATION (ACC = 0.95) DONE IN 4655.103060007095 SECONDS!
--------------------




--------------------
SIGMA0 = 5.0, TRUE_MU = 0, ACCEPT_RATE = 0.925
--------------------


Selection of epsilon star...
epsilon:  1.342926309312885 acceptance rate:  0.95379996
epsilon:  1.3154610507684352 acceptance rate:  0.95049995
epsilon:  1.2901311745916675 acceptance rate:  0.95059997
epsilon:  1.2639318438739093 acceptance rate:  0.95239997
epsilon:  1.2407665243361434 acceptance rate:  0.9475
epsilon:  1.2154420349621702 acceptance rate:  0.9525
epsilon:  1.1892309434705033 acceptance rate:  0.9474
epsilon:  1.1641461518550562 acceptance rate:  0.94729996
epsilon:  1.1363337210691575 acceptance rate:  0.9489
epsilon:  1.1114216019122056 acceptance rate:  0.9515
epsilon:  1.0871312179008206 acceptance rate:  0.9421
epsilon:  1.0685009364275009 acceptance rate:  0.94369996
epsilon:  1.046428332167156 acceptance rate:  0.94299996
epsilon:  1.0267673591863336 acceptance rate:  0.9432
epsilon:  1.0054884236456867 acceptance rate:  0.93979996
epsilon:  0.9881561922956341 acceptance rate:  0.9425
epsilon:  0.9708683347702793 acceptance rate:  0.9392
epsilon:  0.9533853775368378 acceptance rate:  0.9393
epsilon:  0.9347790990982007 acceptance rate:  0.9431
epsilon:  0.917149778736922 acceptance rate:  0.9422
epsilon:  0.89763543551663 acceptance rate:  0.94369996
epsilon:  0.8785668673197525 acceptance rate:  0.94269997
epsilon:  0.8591954582041671 acceptance rate:  0.9418
epsilon:  0.8373449563677919 acceptance rate:  0.9381
epsilon:  0.8210427443259581 acceptance rate:  0.9368
epsilon:  0.8054713376429402 acceptance rate:  0.9374
epsilon:  0.7876757681030552 acceptance rate:  0.93719995
epsilon:  0.7704915613764219 acceptance rate:  0.9335
epsilon:  0.753352523771244 acceptance rate:  0.93899995
epsilon:  0.741751809909692 acceptance rate:  0.9367
epsilon:  0.7263294442619759 acceptance rate:  0.93179995
epsilon:  0.7123593469722269 acceptance rate:  0.9349
epsilon:  0.6972457277751533 acceptance rate:  0.92929995
epsilon:  0.6851768957041728 acceptance rate:  0.9353
epsilon:  0.6732831072569497 acceptance rate:  0.93079996
epsilon:  0.6595465009073649 acceptance rate:  0.9307
epsilon:  0.6446048109210778 acceptance rate:  0.9307
epsilon:  0.6310924035046335 acceptance rate:  0.9284
epsilon:  0.6183290102247383 acceptance rate:  0.9306
epsilon:  0.6042071771388826 acceptance rate:  0.9306
epsilon:  0.5914945688880756 acceptance rate:  0.926
epsilon:  0.5805089333925001 acceptance rate:  0.9259
epsilon:  0.5703873464098557 acceptance rate:  0.9205
Time to select epsilon star: 101.15s

Simulations of the testing dataset...
Time to simulate the testing dataset: 0.80s

Simulations of the training dataset...
Time to simulate the training dataset: 1.34s

Training the neural network...
Initial accuracy: 50.10%, Initial test accuracy: 50.10%
Training for 100 epochs...
Epoch 1/100, mean train accuracy: 95.85%, mean test accuracy: 96.76%, lr scale: 1.0 in 23.57 sec
Epoch 2/100, mean train accuracy: 96.95%, mean test accuracy: 97.15%, lr scale: 1.0 in 23.80 sec
Epoch 3/100, mean train accuracy: 97.14%, mean test accuracy: 97.10%, lr scale: 1.0 in 23.93 sec
Epoch 4/100, mean train accuracy: 97.21%, mean test accuracy: 97.09%, lr scale: 1.0 in 23.89 sec
Epoch 5/100, mean train accuracy: 97.27%, mean test accuracy: 97.21%, lr scale: 1.0 in 24.14 sec
Epoch 6/100, mean train accuracy: 97.31%, mean test accuracy: 97.43%, lr scale: 0.5 in 24.69 sec
Epoch 7/100, mean train accuracy: 97.42%, mean test accuracy: 97.42%, lr scale: 0.5 in 24.01 sec
Epoch 8/100, mean train accuracy: 97.45%, mean test accuracy: 97.38%, lr scale: 0.5 in 24.28 sec
Epoch 9/100, mean train accuracy: 97.45%, mean test accuracy: 97.36%, lr scale: 0.25 in 24.12 sec
Epoch 10/100, mean train accuracy: 97.52%, mean test accuracy: 97.46%, lr scale: 0.25 in 24.24 sec
Epoch 11/100, mean train accuracy: 97.45%, mean test accuracy: 97.44%, lr scale: 0.25 in 24.26 sec
Epoch 12/100, mean train accuracy: 97.57%, mean test accuracy: 97.47%, lr scale: 0.125 in 24.96 sec
Epoch 13/100, mean train accuracy: 97.58%, mean test accuracy: 97.51%, lr scale: 0.0625 in 24.45 sec
Epoch 14/100, mean train accuracy: 97.60%, mean test accuracy: 97.51%, lr scale: 0.0625 in 24.20 sec
Epoch 15/100, mean train accuracy: 97.64%, mean test accuracy: 97.50%, lr scale: 0.0625 in 24.76 sec
Epoch 16/100, mean train accuracy: 97.56%, mean test accuracy: 97.49%, lr scale: 0.0625 in 23.99 sec
Epoch 17/100, mean train accuracy: 97.64%, mean test accuracy: 97.51%, lr scale: 0.03125 in 24.24 sec
Epoch 18/100, mean train accuracy: 97.60%, mean test accuracy: 97.50%, lr scale: 0.015625 in 24.31 sec
Epoch 19/100, mean train accuracy: 97.63%, mean test accuracy: 97.51%, lr scale: 0.0078125 in 25.07 sec
Epoch 20/100, mean train accuracy: 97.61%, mean test accuracy: 97.50%, lr scale: 0.0078125 in 24.75 sec
Epoch 21/100, mean train accuracy: 97.58%, mean test accuracy: 97.51%, lr scale: 0.00390625 in 25.57 sec
Epoch 22/100, mean train accuracy: 97.57%, mean test accuracy: 97.51%, lr scale: 0.001953125 in 25.23 sec
Epoch 23/100, mean train accuracy: 97.63%, mean test accuracy: 97.51%, lr scale: 0.001953125 in 24.50 sec
Epoch 24/100, mean train accuracy: 97.60%, mean test accuracy: 97.51%, lr scale: 0.0009765625 in 25.49 sec
Learning rate reached 1.00E-06, stopping training
Time to train the neural network: 756.78s

Simulation Based Calibration...
Time to perform SBC: 3866.29s

Data saved in  /mnt/nfs/nrdata02-users-data/luciano/script/ABC-SBI/examples/Gauss-Gauss/results_without_kde/sigma0_5.0/mu_0/pickles/GaussGauss_sigma_1.0_sigma0_5.0_mu_0_acc_0.925_eps_0.57039.xy


--------------------
ITERATION (ACC = 0.925) DONE IN 4730.501586675644 SECONDS!
--------------------




--------------------
SIGMA0 = 5.0, TRUE_MU = 0, ACCEPT_RATE = 0.9
--------------------


Selection of epsilon star...
epsilon:  0.558981183785537 acceptance rate:  0.92689997
epsilon:  0.5492583060767199 acceptance rate:  0.9241
epsilon:  0.5385979597426998 acceptance rate:  0.92359996
epsilon:  0.5263680314755749 acceptance rate:  0.9255
epsilon:  0.5145970295588354 acceptance rate:  0.91999996
epsilon:  0.5044175657340891 acceptance rate:  0.9167
epsilon:  0.49513584717618403 acceptance rate:  0.921
epsilon:  0.4851920581958265 acceptance rate:  0.9167
epsilon:  0.4752187944553073 acceptance rate:  0.9253
epsilon:  0.46599088218793566 acceptance rate:  0.9184
epsilon:  0.45720932396780706 acceptance rate:  0.9194
epsilon:  0.44674178502175443 acceptance rate:  0.91999996
epsilon:  0.43633696557783214 acceptance rate:  0.9138
epsilon:  0.4283312224099962 acceptance rate:  0.91789997
epsilon:  0.419127777279295 acceptance rate:  0.91539997
epsilon:  0.41215098816151147 acceptance rate:  0.91169995
epsilon:  0.4045726026503106 acceptance rate:  0.91179997
epsilon:  0.39751842490050376 acceptance rate:  0.90819997
epsilon:  0.39078095811789265 acceptance rate:  0.9037
epsilon:  0.38262335122467966 acceptance rate:  0.90809995
epsilon:  0.37566392902792783 acceptance rate:  0.9073
epsilon:  0.3682936414639531 acceptance rate:  0.9086
epsilon:  0.35993274792497776 acceptance rate:  0.9084
epsilon:  0.3528842232580847 acceptance rate:  0.9036
epsilon:  0.34634454541631343 acceptance rate:  0.90779996
epsilon:  0.33858134877081625 acceptance rate:  0.8997
Time to select epsilon star: 82.31s

Simulations of the testing dataset...
Time to simulate the testing dataset: 0.74s

Simulations of the training dataset...
Time to simulate the training dataset: 1.34s

Training the neural network...
Initial accuracy: 49.32%, Initial test accuracy: 49.18%
Training for 100 epochs...
Epoch 1/100, mean train accuracy: 95.75%, mean test accuracy: 96.94%, lr scale: 1.0 in 25.07 sec
Epoch 2/100, mean train accuracy: 97.00%, mean test accuracy: 96.89%, lr scale: 1.0 in 25.21 sec
Epoch 3/100, mean train accuracy: 97.15%, mean test accuracy: 97.12%, lr scale: 1.0 in 25.54 sec
Epoch 4/100, mean train accuracy: 97.21%, mean test accuracy: 97.28%, lr scale: 1.0 in 25.48 sec
Epoch 5/100, mean train accuracy: 97.25%, mean test accuracy: 96.68%, lr scale: 1.0 in 25.49 sec
Epoch 6/100, mean train accuracy: 97.33%, mean test accuracy: 97.08%, lr scale: 1.0 in 25.36 sec
Epoch 7/100, mean train accuracy: 97.27%, mean test accuracy: 97.16%, lr scale: 1.0 in 25.49 sec
Epoch 8/100, mean train accuracy: 97.39%, mean test accuracy: 97.24%, lr scale: 1.0 in 25.19 sec
Epoch 9/100, mean train accuracy: 97.38%, mean test accuracy: 97.24%, lr scale: 1.0 in 25.18 sec
Epoch 10/100, mean train accuracy: 97.38%, mean test accuracy: 97.38%, lr scale: 0.5 in 25.28 sec
Epoch 11/100, mean train accuracy: 97.49%, mean test accuracy: 97.33%, lr scale: 0.5 in 25.04 sec
Epoch 12/100, mean train accuracy: 97.48%, mean test accuracy: 97.38%, lr scale: 0.25 in 25.17 sec
Epoch 13/100, mean train accuracy: 97.56%, mean test accuracy: 97.43%, lr scale: 0.25 in 25.25 sec
Epoch 14/100, mean train accuracy: 97.53%, mean test accuracy: 97.41%, lr scale: 0.125 in 25.24 sec
Epoch 15/100, mean train accuracy: 97.55%, mean test accuracy: 97.42%, lr scale: 0.125 in 25.49 sec
Epoch 16/100, mean train accuracy: 97.57%, mean test accuracy: 97.43%, lr scale: 0.0625 in 25.12 sec
Epoch 17/100, mean train accuracy: 97.52%, mean test accuracy: 97.44%, lr scale: 0.03125 in 25.43 sec
Epoch 18/100, mean train accuracy: 97.58%, mean test accuracy: 97.43%, lr scale: 0.03125 in 25.22 sec
Epoch 19/100, mean train accuracy: 97.57%, mean test accuracy: 97.43%, lr scale: 0.015625 in 24.48 sec
Epoch 20/100, mean train accuracy: 97.56%, mean test accuracy: 97.44%, lr scale: 0.015625 in 25.40 sec
Epoch 21/100, mean train accuracy: 97.62%, mean test accuracy: 97.44%, lr scale: 0.0078125 in 24.12 sec
Epoch 22/100, mean train accuracy: 97.56%, mean test accuracy: 97.44%, lr scale: 0.0078125 in 24.06 sec
Epoch 23/100, mean train accuracy: 97.63%, mean test accuracy: 97.45%, lr scale: 0.00390625 in 24.16 sec
Epoch 24/100, mean train accuracy: 97.59%, mean test accuracy: 97.46%, lr scale: 0.00390625 in 24.43 sec
Epoch 25/100, mean train accuracy: 97.61%, mean test accuracy: 97.46%, lr scale: 0.001953125 in 23.59 sec
Epoch 26/100, mean train accuracy: 97.58%, mean test accuracy: 97.46%, lr scale: 0.001953125 in 24.40 sec
Epoch 27/100, mean train accuracy: 97.60%, mean test accuracy: 97.45%, lr scale: 0.0009765625 in 24.23 sec
Learning rate reached 1.00E-06, stopping training
Time to train the neural network: 879.28s

Simulation Based Calibration...
Time to perform SBC: 3838.61s

Data saved in  /mnt/nfs/nrdata02-users-data/luciano/script/ABC-SBI/examples/Gauss-Gauss/results_without_kde/sigma0_5.0/mu_0/pickles/GaussGauss_sigma_1.0_sigma0_5.0_mu_0_acc_0.9_eps_0.33858.xy


--------------------
ITERATION (ACC = 0.9) DONE IN 4806.343369483948 SECONDS!
--------------------




--------------------
SIGMA0 = 5.0, TRUE_MU = 0, ACCEPT_RATE = 0.85
--------------------


Selection of epsilon star...
epsilon:  0.33184097092320813 acceptance rate:  0.9
epsilon:  0.3263943806729392 acceptance rate:  0.9083
epsilon:  0.3184215587257989 acceptance rate:  0.9034
epsilon:  0.3119150929111294 acceptance rate:  0.89479995
epsilon:  0.3045098971373764 acceptance rate:  0.9001
epsilon:  0.29852166666006374 acceptance rate:  0.8928
epsilon:  0.293494868526212 acceptance rate:  0.8982
epsilon:  0.2878065537018764 acceptance rate:  0.8935
epsilon:  0.28151003194616836 acceptance rate:  0.8943
epsilon:  0.2759522194342858 acceptance rate:  0.8915
epsilon:  0.2706776272449339 acceptance rate:  0.8944
epsilon:  0.26461448801968585 acceptance rate:  0.8919
epsilon:  0.2595464211471688 acceptance rate:  0.8856
epsilon:  0.2547640722564137 acceptance rate:  0.89169997
epsilon:  0.2490710508975664 acceptance rate:  0.8865
epsilon:  0.24438557667877547 acceptance rate:  0.8914
epsilon:  0.23880847307969594 acceptance rate:  0.89019996
epsilon:  0.23400291617604566 acceptance rate:  0.886
epsilon:  0.22881030020380688 acceptance rate:  0.8756
epsilon:  0.22476666633693423 acceptance rate:  0.8824
epsilon:  0.22054097944575043 acceptance rate:  0.88199997
epsilon:  0.21627896253861914 acceptance rate:  0.87909997
epsilon:  0.2117309847574797 acceptance rate:  0.87229997
epsilon:  0.2071466924801226 acceptance rate:  0.8818
epsilon:  0.2025269690863592 acceptance rate:  0.87299997
epsilon:  0.19825181950962256 acceptance rate:  0.87049997
epsilon:  0.1944726924962438 acceptance rate:  0.86869997
epsilon:  0.19069230208603605 acceptance rate:  0.8764
epsilon:  0.18728478057226453 acceptance rate:  0.8706
epsilon:  0.18348168105500232 acceptance rate:  0.86759996
epsilon:  0.17974228620504715 acceptance rate:  0.8612
epsilon:  0.1759081687440683 acceptance rate:  0.8637
epsilon:  0.1724070962810534 acceptance rate:  0.8692
epsilon:  0.16895101174226002 acceptance rate:  0.8537
epsilon:  0.16544528232841196 acceptance rate:  0.8583
epsilon:  0.1623365639389659 acceptance rate:  0.8592
epsilon:  0.15858152134354184 acceptance rate:  0.86179996
epsilon:  0.15492330804334745 acceptance rate:  0.8512
epsilon:  0.15153538461684674 acceptance rate:  0.8558
epsilon:  0.14872224961265665 acceptance rate:  0.8497
Time to select epsilon star: 160.53s

Simulations of the testing dataset...
Time to simulate the testing dataset: 0.78s

Simulations of the training dataset...
Time to simulate the training dataset: 1.24s

Training the neural network...
Initial accuracy: 49.43%, Initial test accuracy: 49.54%
Training for 100 epochs...
Epoch 1/100, mean train accuracy: 95.75%, mean test accuracy: 96.88%, lr scale: 1.0 in 23.63 sec
Epoch 2/100, mean train accuracy: 97.03%, mean test accuracy: 97.25%, lr scale: 1.0 in 24.19 sec
Epoch 3/100, mean train accuracy: 97.15%, mean test accuracy: 97.29%, lr scale: 1.0 in 24.46 sec
Epoch 4/100, mean train accuracy: 97.21%, mean test accuracy: 97.33%, lr scale: 1.0 in 24.05 sec
Epoch 5/100, mean train accuracy: 97.23%, mean test accuracy: 97.28%, lr scale: 1.0 in 24.19 sec
Epoch 6/100, mean train accuracy: 97.30%, mean test accuracy: 97.32%, lr scale: 1.0 in 24.12 sec
Epoch 7/100, mean train accuracy: 97.30%, mean test accuracy: 97.44%, lr scale: 0.5 in 24.34 sec
Epoch 8/100, mean train accuracy: 97.44%, mean test accuracy: 97.48%, lr scale: 0.5 in 24.28 sec
Epoch 9/100, mean train accuracy: 97.51%, mean test accuracy: 97.45%, lr scale: 0.25 in 24.09 sec
Epoch 10/100, mean train accuracy: 97.53%, mean test accuracy: 97.48%, lr scale: 0.25 in 24.48 sec
Epoch 11/100, mean train accuracy: 97.47%, mean test accuracy: 97.44%, lr scale: 0.25 in 24.00 sec
Epoch 12/100, mean train accuracy: 97.56%, mean test accuracy: 97.48%, lr scale: 0.125 in 24.18 sec
Epoch 13/100, mean train accuracy: 97.60%, mean test accuracy: 97.50%, lr scale: 0.125 in 25.56 sec
Epoch 14/100, mean train accuracy: 97.55%, mean test accuracy: 97.51%, lr scale: 0.125 in 25.56 sec
Epoch 15/100, mean train accuracy: 97.56%, mean test accuracy: 97.51%, lr scale: 0.0625 in 24.82 sec
Epoch 16/100, mean train accuracy: 97.55%, mean test accuracy: 97.51%, lr scale: 0.03125 in 25.36 sec
Epoch 17/100, mean train accuracy: 97.57%, mean test accuracy: 97.50%, lr scale: 0.015625 in 25.52 sec
Epoch 18/100, mean train accuracy: 97.54%, mean test accuracy: 97.51%, lr scale: 0.015625 in 25.14 sec
Epoch 19/100, mean train accuracy: 97.55%, mean test accuracy: 97.51%, lr scale: 0.0078125 in 25.64 sec
Epoch 20/100, mean train accuracy: 97.54%, mean test accuracy: 97.52%, lr scale: 0.00390625 in 25.48 sec
Epoch 21/100, mean train accuracy: 97.57%, mean test accuracy: 97.52%, lr scale: 0.00390625 in 25.61 sec
Epoch 22/100, mean train accuracy: 97.57%, mean test accuracy: 97.52%, lr scale: 0.001953125 in 25.55 sec
Epoch 23/100, mean train accuracy: 97.56%, mean test accuracy: 97.52%, lr scale: 0.0009765625 in 25.50 sec
Learning rate reached 1.00E-06, stopping training
Time to train the neural network: 886.98s

Simulation Based Calibration...
Time to perform SBC: 3765.09s

Data saved in  /mnt/nfs/nrdata02-users-data/luciano/script/ABC-SBI/examples/Gauss-Gauss/results_without_kde/sigma0_5.0/mu_0/pickles/GaussGauss_sigma_1.0_sigma0_5.0_mu_0_acc_0.85_eps_0.14872.xy


--------------------
ITERATION (ACC = 0.85) DONE IN 4818.4836983680725 SECONDS!
--------------------




--------------------
SIGMA0 = 5.0, TRUE_MU = 0, ACCEPT_RATE = 0.8
--------------------


Selection of epsilon star...
epsilon:  0.1454748397555302 acceptance rate:  0.8559
epsilon:  0.1424157868231213 acceptance rate:  0.8524
epsilon:  0.1397339032133477 acceptance rate:  0.84489995
epsilon:  0.13689238715725557 acceptance rate:  0.856
epsilon:  0.13386453974055917 acceptance rate:  0.8533
epsilon:  0.13124363492411767 acceptance rate:  0.84489995
epsilon:  0.12886763286070085 acceptance rate:  0.8515
epsilon:  0.12646242294583493 acceptance rate:  0.8418
epsilon:  0.12392678370741254 acceptance rate:  0.83809996
epsilon:  0.12122412412644841 acceptance rate:  0.833
epsilon:  0.11934008019946502 acceptance rate:  0.83739996
epsilon:  0.11659435239647234 acceptance rate:  0.83339995
epsilon:  0.11458686507254096 acceptance rate:  0.8364
epsilon:  0.11225467292906281 acceptance rate:  0.84239995
epsilon:  0.1100098149407868 acceptance rate:  0.82979995
epsilon:  0.10792137275145758 acceptance rate:  0.82799995
epsilon:  0.10598701338085108 acceptance rate:  0.8244
epsilon:  0.10372023326729252 acceptance rate:  0.82129997
epsilon:  0.1017594886741526 acceptance rate:  0.8236
epsilon:  0.09974177519093833 acceptance rate:  0.81939995
epsilon:  0.09740632196571256 acceptance rate:  0.8211
epsilon:  0.09529129143442207 acceptance rate:  0.8203
epsilon:  0.09375657869706147 acceptance rate:  0.8165
epsilon:  0.09207800153851563 acceptance rate:  0.8124
epsilon:  0.09035664260733375 acceptance rate:  0.8153
epsilon:  0.08844545477653677 acceptance rate:  0.81149995
epsilon:  0.08666073865913783 acceptance rate:  0.8131
epsilon:  0.08496770416632969 acceptance rate:  0.80179995
epsilon:  0.08329589309669264 acceptance rate:  0.81049997
epsilon:  0.08138372966833682 acceptance rate:  0.8024
epsilon:  0.0798406671664461 acceptance rate:  0.7931
Time to select epsilon star: 165.71s

Simulations of the testing dataset...
Time to simulate the testing dataset: 0.70s

Simulations of the training dataset...
Time to simulate the training dataset: 1.21s

Training the neural network...
Initial accuracy: 49.39%, Initial test accuracy: 49.35%
Training for 100 epochs...
Epoch 1/100, mean train accuracy: 95.79%, mean test accuracy: 96.99%, lr scale: 1.0 in 25.10 sec
Epoch 2/100, mean train accuracy: 96.99%, mean test accuracy: 97.20%, lr scale: 1.0 in 25.39 sec
Epoch 3/100, mean train accuracy: 97.21%, mean test accuracy: 97.27%, lr scale: 1.0 in 25.54 sec
Epoch 4/100, mean train accuracy: 97.18%, mean test accuracy: 97.35%, lr scale: 1.0 in 25.71 sec
Epoch 5/100, mean train accuracy: 97.28%, mean test accuracy: 97.31%, lr scale: 1.0 in 26.15 sec
Epoch 6/100, mean train accuracy: 97.34%, mean test accuracy: 97.34%, lr scale: 1.0 in 25.56 sec
Epoch 7/100, mean train accuracy: 97.28%, mean test accuracy: 97.28%, lr scale: 1.0 in 25.58 sec
Epoch 8/100, mean train accuracy: 97.36%, mean test accuracy: 97.38%, lr scale: 1.0 in 25.20 sec
Epoch 9/100, mean train accuracy: 97.40%, mean test accuracy: 97.44%, lr scale: 0.5 in 25.60 sec
Epoch 10/100, mean train accuracy: 97.49%, mean test accuracy: 97.40%, lr scale: 0.5 in 24.31 sec
Epoch 11/100, mean train accuracy: 97.47%, mean test accuracy: 97.49%, lr scale: 0.25 in 25.39 sec
Epoch 12/100, mean train accuracy: 97.49%, mean test accuracy: 97.41%, lr scale: 0.25 in 25.45 sec
Epoch 13/100, mean train accuracy: 97.58%, mean test accuracy: 97.48%, lr scale: 0.25 in 25.09 sec
Epoch 14/100, mean train accuracy: 97.57%, mean test accuracy: 97.48%, lr scale: 0.25 in 25.47 sec
Epoch 15/100, mean train accuracy: 97.58%, mean test accuracy: 97.49%, lr scale: 0.25 in 25.15 sec
Epoch 16/100, mean train accuracy: 97.58%, mean test accuracy: 97.47%, lr scale: 0.25 in 24.48 sec
Epoch 17/100, mean train accuracy: 97.53%, mean test accuracy: 97.46%, lr scale: 0.25 in 24.27 sec
Epoch 18/100, mean train accuracy: 97.58%, mean test accuracy: 97.47%, lr scale: 0.125 in 25.08 sec
Epoch 19/100, mean train accuracy: 97.64%, mean test accuracy: 97.47%, lr scale: 0.125 in 25.06 sec
Epoch 20/100, mean train accuracy: 97.59%, mean test accuracy: 97.48%, lr scale: 0.0625 in 25.36 sec
Epoch 21/100, mean train accuracy: 97.54%, mean test accuracy: 97.49%, lr scale: 0.0625 in 25.39 sec
Epoch 22/100, mean train accuracy: 97.55%, mean test accuracy: 97.49%, lr scale: 0.03125 in 25.48 sec
Epoch 23/100, mean train accuracy: 97.62%, mean test accuracy: 97.46%, lr scale: 0.015625 in 25.12 sec
Epoch 24/100, mean train accuracy: 97.61%, mean test accuracy: 97.48%, lr scale: 0.015625 in 25.20 sec
Epoch 25/100, mean train accuracy: 97.59%, mean test accuracy: 97.47%, lr scale: 0.0078125 in 24.68 sec
Epoch 26/100, mean train accuracy: 97.65%, mean test accuracy: 97.46%, lr scale: 0.0078125 in 24.87 sec
Epoch 27/100, mean train accuracy: 97.60%, mean test accuracy: 97.48%, lr scale: 0.00390625 in 24.95 sec
Epoch 28/100, mean train accuracy: 97.61%, mean test accuracy: 97.47%, lr scale: 0.001953125 in 25.00 sec
Epoch 29/100, mean train accuracy: 97.61%, mean test accuracy: 97.47%, lr scale: 0.001953125 in 25.09 sec
Epoch 30/100, mean train accuracy: 97.64%, mean test accuracy: 97.47%, lr scale: 0.0009765625 in 25.13 sec
Learning rate reached 1.00E-06, stopping training
Time to train the neural network: 1113.91s

Simulation Based Calibration...
Time to perform SBC: 3711.19s

Data saved in  /mnt/nfs/nrdata02-users-data/luciano/script/ABC-SBI/examples/Gauss-Gauss/results_without_kde/sigma0_5.0/mu_0/pickles/GaussGauss_sigma_1.0_sigma0_5.0_mu_0_acc_0.8_eps_0.079841.xy


--------------------
ITERATION (ACC = 0.8) DONE IN 4996.247003078461 SECONDS!
--------------------




--------------------
SIGMA0 = 5.0, TRUE_MU = 0, ACCEPT_RATE = 0.75
--------------------


Selection of epsilon star...
epsilon:  0.07804682626524209 acceptance rate:  0.7966
epsilon:  0.07637214179090505 acceptance rate:  0.78669995
epsilon:  0.07494699980196351 acceptance rate:  0.7895
epsilon:  0.07341844669296295 acceptance rate:  0.78889996
epsilon:  0.07182985093650517 acceptance rate:  0.7941
epsilon:  0.0703038593981581 acceptance rate:  0.78849995
epsilon:  0.0690329793310369 acceptance rate:  0.7845
epsilon:  0.06784304342279526 acceptance rate:  0.77269995
epsilon:  0.06617996154619278 acceptance rate:  0.77989995
epsilon:  0.06494352844652099 acceptance rate:  0.78499997
epsilon:  0.06356717960062917 acceptance rate:  0.7752
epsilon:  0.062318165853136404 acceptance rate:  0.77099997
epsilon:  0.06089482328749906 acceptance rate:  0.7757
epsilon:  0.0598408841714 acceptance rate:  0.7685
epsilon:  0.058407073943348646 acceptance rate:  0.7704
epsilon:  0.05732934235747894 acceptance rate:  0.7675
epsilon:  0.056224979460089225 acceptance rate:  0.75949997
epsilon:  0.05497720100544733 acceptance rate:  0.75729996
epsilon:  0.053734015369799194 acceptance rate:  0.7479
Time to select epsilon star: 126.15s

Simulations of the testing dataset...
Time to simulate the testing dataset: 0.69s

Simulations of the training dataset...
Time to simulate the training dataset: 1.16s

Training the neural network...
Initial accuracy: 48.81%, Initial test accuracy: 48.72%
Training for 100 epochs...
Epoch 1/100, mean train accuracy: 95.78%, mean test accuracy: 96.67%, lr scale: 1.0 in 23.67 sec
Epoch 2/100, mean train accuracy: 97.03%, mean test accuracy: 97.17%, lr scale: 1.0 in 24.08 sec
Epoch 3/100, mean train accuracy: 97.17%, mean test accuracy: 97.30%, lr scale: 1.0 in 23.92 sec
Epoch 4/100, mean train accuracy: 97.27%, mean test accuracy: 97.31%, lr scale: 1.0 in 24.40 sec
Epoch 5/100, mean train accuracy: 97.25%, mean test accuracy: 97.23%, lr scale: 1.0 in 24.29 sec
Epoch 6/100, mean train accuracy: 97.35%, mean test accuracy: 97.43%, lr scale: 0.5 in 23.90 sec
Epoch 7/100, mean train accuracy: 97.39%, mean test accuracy: 97.39%, lr scale: 0.5 in 23.81 sec
Epoch 8/100, mean train accuracy: 97.40%, mean test accuracy: 97.48%, lr scale: 0.25 in 23.81 sec
Epoch 9/100, mean train accuracy: 97.45%, mean test accuracy: 97.48%, lr scale: 0.25 in 23.72 sec
Epoch 10/100, mean train accuracy: 97.49%, mean test accuracy: 97.48%, lr scale: 0.25 in 24.00 sec
Epoch 11/100, mean train accuracy: 97.50%, mean test accuracy: 97.43%, lr scale: 0.25 in 24.29 sec
Epoch 12/100, mean train accuracy: 97.51%, mean test accuracy: 97.51%, lr scale: 0.125 in 24.04 sec
Epoch 13/100, mean train accuracy: 97.51%, mean test accuracy: 97.50%, lr scale: 0.0625 in 23.70 sec
Epoch 14/100, mean train accuracy: 97.49%, mean test accuracy: 97.53%, lr scale: 0.03125 in 23.76 sec
Epoch 15/100, mean train accuracy: 97.53%, mean test accuracy: 97.52%, lr scale: 0.03125 in 23.83 sec
Epoch 16/100, mean train accuracy: 97.58%, mean test accuracy: 97.52%, lr scale: 0.015625 in 23.71 sec
Epoch 17/100, mean train accuracy: 97.59%, mean test accuracy: 97.52%, lr scale: 0.015625 in 23.99 sec
Epoch 18/100, mean train accuracy: 97.57%, mean test accuracy: 97.53%, lr scale: 0.0078125 in 23.94 sec
Epoch 19/100, mean train accuracy: 97.61%, mean test accuracy: 97.52%, lr scale: 0.00390625 in 24.17 sec
Epoch 20/100, mean train accuracy: 97.58%, mean test accuracy: 97.52%, lr scale: 0.00390625 in 23.78 sec
Epoch 21/100, mean train accuracy: 97.56%, mean test accuracy: 97.53%, lr scale: 0.00390625 in 23.74 sec
Epoch 22/100, mean train accuracy: 97.59%, mean test accuracy: 97.53%, lr scale: 0.001953125 in 23.68 sec
Epoch 23/100, mean train accuracy: 97.52%, mean test accuracy: 97.53%, lr scale: 0.001953125 in 23.64 sec
Epoch 24/100, mean train accuracy: 97.60%, mean test accuracy: 97.53%, lr scale: 0.0009765625 in 23.67 sec
Learning rate reached 1.00E-06, stopping training
Time to train the neural network: 1060.79s

Simulation Based Calibration...
Time to perform SBC: 3676.12s

Data saved in  /mnt/nfs/nrdata02-users-data/luciano/script/ABC-SBI/examples/Gauss-Gauss/results_without_kde/sigma0_5.0/mu_0/pickles/GaussGauss_sigma_1.0_sigma0_5.0_mu_0_acc_0.75_eps_0.053734.xy


--------------------
ITERATION (ACC = 0.75) DONE IN 4868.427823543549 SECONDS!
--------------------




--------------------
SIGMA0 = 5.0, TRUE_MU = 0.5, ACCEPT_RATE = 1.0
--------------------


Selection of epsilon star...
Distances: min =  1.2986243490100132e-07 max =  446.94875932547643 mean =  25.854150679614662 std =  36.29414350181856
Time to select epsilon star: 0.04s

Simulations of the testing dataset...
Time to simulate the testing dataset: 0.01s

Simulations of the training dataset...
Time to simulate the training dataset: 0.07s

Training the neural network...
Initial accuracy: 50.24%, Initial test accuracy: 50.24%
Training for 100 epochs...
Epoch 1/100, mean train accuracy: 93.53%, mean test accuracy: 68.91%, lr scale: 1.0 in 23.60 sec
Epoch 2/100, mean train accuracy: 93.07%, mean test accuracy: 94.88%, lr scale: 1.0 in 24.26 sec
Epoch 3/100, mean train accuracy: 95.76%, mean test accuracy: 91.75%, lr scale: 1.0 in 24.09 sec
Epoch 4/100, mean train accuracy: 97.15%, mean test accuracy: 97.74%, lr scale: 1.0 in 23.94 sec
Epoch 5/100, mean train accuracy: 95.37%, mean test accuracy: 97.54%, lr scale: 1.0 in 23.81 sec
Epoch 6/100, mean train accuracy: 97.29%, mean test accuracy: 97.67%, lr scale: 0.5 in 23.65 sec
Epoch 7/100, mean train accuracy: 97.72%, mean test accuracy: 97.83%, lr scale: 0.5 in 23.60 sec
Epoch 8/100, mean train accuracy: 97.51%, mean test accuracy: 97.94%, lr scale: 0.25 in 23.72 sec
Epoch 9/100, mean train accuracy: 97.84%, mean test accuracy: 97.68%, lr scale: 0.25 in 23.57 sec
Epoch 10/100, mean train accuracy: 97.90%, mean test accuracy: 97.95%, lr scale: 0.125 in 23.51 sec
Epoch 11/100, mean train accuracy: 97.98%, mean test accuracy: 98.00%, lr scale: 0.125 in 24.10 sec
Epoch 12/100, mean train accuracy: 97.95%, mean test accuracy: 98.03%, lr scale: 0.0625 in 23.91 sec
Epoch 13/100, mean train accuracy: 98.03%, mean test accuracy: 97.96%, lr scale: 0.0625 in 23.71 sec
Epoch 14/100, mean train accuracy: 98.02%, mean test accuracy: 97.97%, lr scale: 0.0625 in 24.09 sec
Epoch 15/100, mean train accuracy: 98.04%, mean test accuracy: 98.04%, lr scale: 0.03125 in 23.75 sec
Epoch 16/100, mean train accuracy: 98.07%, mean test accuracy: 98.06%, lr scale: 0.03125 in 23.84 sec
Epoch 17/100, mean train accuracy: 98.09%, mean test accuracy: 98.04%, lr scale: 0.015625 in 23.88 sec
Epoch 18/100, mean train accuracy: 98.05%, mean test accuracy: 98.06%, lr scale: 0.0078125 in 24.02 sec
Epoch 19/100, mean train accuracy: 98.14%, mean test accuracy: 98.08%, lr scale: 0.00390625 in 23.76 sec
Epoch 20/100, mean train accuracy: 98.14%, mean test accuracy: 98.07%, lr scale: 0.00390625 in 24.23 sec
Epoch 21/100, mean train accuracy: 98.12%, mean test accuracy: 98.08%, lr scale: 0.001953125 in 24.70 sec
Epoch 22/100, mean train accuracy: 98.13%, mean test accuracy: 98.08%, lr scale: 0.001953125 in 24.38 sec
Epoch 23/100, mean train accuracy: 98.11%, mean test accuracy: 98.08%, lr scale: 0.0009765625 in 24.91 sec
Learning rate reached 1.00E-06, stopping training
Time to train the neural network: 597.22s

Simulation Based Calibration...
Time to perform SBC: 3865.20s

Data saved in  /mnt/nfs/nrdata02-users-data/luciano/script/ABC-SBI/examples/Gauss-Gauss/results_without_kde/sigma0_5.0/mu_0.5/pickles/GaussGauss_sigma_1.0_sigma0_5.0_mu_0.5_acc_1.0_eps_inf.xy


--------------------
ITERATION (ACC = 1.0) DONE IN 4466.549637556076 SECONDS!
--------------------




--------------------
SIGMA0 = 5.0, TRUE_MU = 0.5, ACCEPT_RATE = 0.999
--------------------


Selection of epsilon star...
Distances: min =  1.0712934738589531e-07 max =  433.53885965454367 mean =  25.144271435223267 std =  35.242536093280336
epsilon:  165.67701472129363 acceptance rate:  0.9999
epsilon:  137.09192228336573 acceptance rate:  0.9992
epsilon:  119.14035576535123 acceptance rate:  0.9993
epsilon:  106.81792611314248 acceptance rate:  0.99869996
Time to select epsilon star: 3.29s

Simulations of the testing dataset...
Time to simulate the testing dataset: 0.70s

Simulations of the training dataset...
Time to simulate the training dataset: 1.12s

Training the neural network...
Initial accuracy: 51.38%, Initial test accuracy: 51.45%
Training for 100 epochs...
Epoch 1/100, mean train accuracy: 93.26%, mean test accuracy: 81.29%, lr scale: 1.0 in 24.41 sec
Epoch 2/100, mean train accuracy: 95.20%, mean test accuracy: 96.67%, lr scale: 1.0 in 24.55 sec
Epoch 3/100, mean train accuracy: 96.10%, mean test accuracy: 97.58%, lr scale: 0.5 in 23.91 sec
Epoch 4/100, mean train accuracy: 97.57%, mean test accuracy: 97.54%, lr scale: 0.5 in 23.65 sec
Epoch 5/100, mean train accuracy: 97.43%, mean test accuracy: 95.76%, lr scale: 0.5 in 23.86 sec
Epoch 6/100, mean train accuracy: 97.36%, mean test accuracy: 92.29%, lr scale: 0.5 in 24.21 sec
Epoch 7/100, mean train accuracy: 97.48%, mean test accuracy: 97.65%, lr scale: 0.25 in 23.98 sec
Epoch 8/100, mean train accuracy: 97.70%, mean test accuracy: 97.56%, lr scale: 0.25 in 24.02 sec
Epoch 9/100, mean train accuracy: 97.85%, mean test accuracy: 97.94%, lr scale: 0.125 in 23.95 sec
Epoch 10/100, mean train accuracy: 97.86%, mean test accuracy: 97.96%, lr scale: 0.125 in 23.57 sec
Epoch 11/100, mean train accuracy: 97.89%, mean test accuracy: 98.04%, lr scale: 0.0625 in 23.47 sec
Epoch 12/100, mean train accuracy: 97.94%, mean test accuracy: 98.00%, lr scale: 0.0625 in 24.02 sec
Epoch 13/100, mean train accuracy: 97.95%, mean test accuracy: 98.02%, lr scale: 0.0625 in 23.60 sec
Epoch 14/100, mean train accuracy: 97.98%, mean test accuracy: 98.01%, lr scale: 0.0625 in 23.80 sec
Epoch 15/100, mean train accuracy: 97.98%, mean test accuracy: 97.95%, lr scale: 0.0625 in 24.34 sec
Epoch 16/100, mean train accuracy: 97.99%, mean test accuracy: 98.01%, lr scale: 0.03125 in 23.71 sec
Epoch 17/100, mean train accuracy: 98.04%, mean test accuracy: 98.02%, lr scale: 0.03125 in 24.24 sec
Epoch 18/100, mean train accuracy: 97.97%, mean test accuracy: 98.06%, lr scale: 0.03125 in 23.87 sec
Epoch 19/100, mean train accuracy: 98.04%, mean test accuracy: 98.07%, lr scale: 0.015625 in 25.01 sec
Epoch 20/100, mean train accuracy: 98.01%, mean test accuracy: 98.08%, lr scale: 0.0078125 in 25.11 sec
Epoch 21/100, mean train accuracy: 98.06%, mean test accuracy: 98.07%, lr scale: 0.0078125 in 24.46 sec
Epoch 22/100, mean train accuracy: 98.06%, mean test accuracy: 98.07%, lr scale: 0.00390625 in 23.47 sec
Epoch 23/100, mean train accuracy: 98.05%, mean test accuracy: 98.08%, lr scale: 0.001953125 in 23.75 sec
Epoch 24/100, mean train accuracy: 98.07%, mean test accuracy: 98.08%, lr scale: 0.001953125 in 23.86 sec
Epoch 25/100, mean train accuracy: 98.07%, mean test accuracy: 98.08%, lr scale: 0.0009765625 in 23.61 sec
Learning rate reached 1.00E-06, stopping training
Time to train the neural network: 652.71s

Simulation Based Calibration...
Time to perform SBC: 3840.88s

Data saved in  /mnt/nfs/nrdata02-users-data/luciano/script/ABC-SBI/examples/Gauss-Gauss/results_without_kde/sigma0_5.0/mu_0.5/pickles/GaussGauss_sigma_1.0_sigma0_5.0_mu_0.5_acc_0.999_eps_106.82.xy


--------------------
ITERATION (ACC = 0.999) DONE IN 4502.254873514175 SECONDS!
--------------------




--------------------
SIGMA0 = 5.0, TRUE_MU = 0.5, ACCEPT_RATE = 0.99
--------------------


Selection of epsilon star...
epsilon:  96.64266709737446 acceptance rate:  0.99829996
epsilon:  89.90044112962359 acceptance rate:  0.99829996
epsilon:  83.95546880977851 acceptance rate:  0.99789995
epsilon:  79.17239431014352 acceptance rate:  0.99799997
epsilon:  74.18788936876427 acceptance rate:  0.9981
epsilon:  69.43382620892766 acceptance rate:  0.9977
epsilon:  65.60903788347866 acceptance rate:  0.9974
epsilon:  62.619061765346395 acceptance rate:  0.9963
epsilon:  59.95910724176976 acceptance rate:  0.9975
epsilon:  57.228327959775456 acceptance rate:  0.9959
epsilon:  54.89883371407237 acceptance rate:  0.99649996
epsilon:  52.737935522291664 acceptance rate:  0.9963
epsilon:  50.622692755994606 acceptance rate:  0.9957
epsilon:  48.86973219800403 acceptance rate:  0.9963
epsilon:  46.661578971613146 acceptance rate:  0.9963
epsilon:  44.91047927513546 acceptance rate:  0.99509996
epsilon:  43.436696982294386 acceptance rate:  0.9953
epsilon:  41.89375550469075 acceptance rate:  0.9959
epsilon:  40.378933046519315 acceptance rate:  0.9941
epsilon:  38.92903727994649 acceptance rate:  0.99509996
epsilon:  37.39554587460857 acceptance rate:  0.9956
epsilon:  36.05372010800108 acceptance rate:  0.9945
epsilon:  34.95579618140518 acceptance rate:  0.99429995
epsilon:  33.87412540515939 acceptance rate:  0.99429995
epsilon:  32.709912976756904 acceptance rate:  0.99329996
epsilon:  31.667327495162173 acceptance rate:  0.99369997
epsilon:  30.701632275044652 acceptance rate:  0.9928
epsilon:  29.812561746763222 acceptance rate:  0.9934
epsilon:  29.002032452391393 acceptance rate:  0.9938
epsilon:  28.181663459962717 acceptance rate:  0.9927
epsilon:  27.346049758817752 acceptance rate:  0.992
epsilon:  26.564268000763345 acceptance rate:  0.9896
Time to select epsilon star: 28.14s

Simulations of the testing dataset...
Time to simulate the testing dataset: 0.74s

Simulations of the training dataset...
Time to simulate the training dataset: 1.16s

Training the neural network...
Initial accuracy: 52.80%, Initial test accuracy: 52.78%
Training for 100 epochs...
Epoch 1/100, mean train accuracy: 93.81%, mean test accuracy: 94.77%, lr scale: 1.0 in 23.47 sec
Epoch 2/100, mean train accuracy: 93.36%, mean test accuracy: 89.38%, lr scale: 1.0 in 23.67 sec
Epoch 3/100, mean train accuracy: 95.64%, mean test accuracy: 96.50%, lr scale: 1.0 in 24.05 sec
Epoch 4/100, mean train accuracy: 96.73%, mean test accuracy: 97.15%, lr scale: 1.0 in 23.83 sec
Epoch 5/100, mean train accuracy: 96.67%, mean test accuracy: 95.65%, lr scale: 1.0 in 24.16 sec
Epoch 6/100, mean train accuracy: 96.99%, mean test accuracy: 97.49%, lr scale: 0.5 in 23.64 sec
Epoch 7/100, mean train accuracy: 97.39%, mean test accuracy: 97.51%, lr scale: 0.5 in 23.65 sec
Epoch 8/100, mean train accuracy: 97.38%, mean test accuracy: 97.44%, lr scale: 0.5 in 23.68 sec
Epoch 9/100, mean train accuracy: 97.47%, mean test accuracy: 97.47%, lr scale: 0.25 in 23.58 sec
Epoch 10/100, mean train accuracy: 97.59%, mean test accuracy: 97.51%, lr scale: 0.25 in 23.35 sec
Epoch 11/100, mean train accuracy: 97.52%, mean test accuracy: 97.62%, lr scale: 0.125 in 23.49 sec
Epoch 12/100, mean train accuracy: 97.68%, mean test accuracy: 97.58%, lr scale: 0.125 in 23.49 sec
Epoch 13/100, mean train accuracy: 97.66%, mean test accuracy: 97.58%, lr scale: 0.125 in 23.54 sec
Epoch 14/100, mean train accuracy: 97.68%, mean test accuracy: 97.64%, lr scale: 0.0625 in 23.72 sec
Epoch 15/100, mean train accuracy: 97.73%, mean test accuracy: 97.64%, lr scale: 0.0625 in 23.27 sec
Epoch 16/100, mean train accuracy: 97.71%, mean test accuracy: 97.65%, lr scale: 0.03125 in 23.49 sec
Epoch 17/100, mean train accuracy: 97.79%, mean test accuracy: 97.68%, lr scale: 0.03125 in 23.21 sec
Epoch 18/100, mean train accuracy: 97.78%, mean test accuracy: 97.68%, lr scale: 0.015625 in 23.67 sec
Epoch 19/100, mean train accuracy: 97.78%, mean test accuracy: 97.67%, lr scale: 0.0078125 in 23.73 sec
Epoch 20/100, mean train accuracy: 97.75%, mean test accuracy: 97.68%, lr scale: 0.0078125 in 23.42 sec
Epoch 21/100, mean train accuracy: 97.79%, mean test accuracy: 97.68%, lr scale: 0.00390625 in 23.81 sec
Epoch 22/100, mean train accuracy: 97.81%, mean test accuracy: 97.68%, lr scale: 0.00390625 in 23.42 sec
Epoch 23/100, mean train accuracy: 97.80%, mean test accuracy: 97.67%, lr scale: 0.001953125 in 23.49 sec
Epoch 24/100, mean train accuracy: 97.81%, mean test accuracy: 97.68%, lr scale: 0.0009765625 in 23.66 sec
Learning rate reached 1.00E-06, stopping training
Time to train the neural network: 624.28s

Simulation Based Calibration...
Time to perform SBC: 3889.71s

Data saved in  /mnt/nfs/nrdata02-users-data/luciano/script/ABC-SBI/examples/Gauss-Gauss/results_without_kde/sigma0_5.0/mu_0.5/pickles/GaussGauss_sigma_1.0_sigma0_5.0_mu_0.5_acc_0.99_eps_26.564.xy


--------------------
ITERATION (ACC = 0.99) DONE IN 4548.163384437561 SECONDS!
--------------------




--------------------
SIGMA0 = 5.0, TRUE_MU = 0.5, ACCEPT_RATE = 0.975
--------------------


Selection of epsilon star...
epsilon:  25.75365734824418 acceptance rate:  0.99369997
epsilon:  24.98869397258486 acceptance rate:  0.99259996
epsilon:  24.33525022359138 acceptance rate:  0.992
epsilon:  23.733829833021336 acceptance rate:  0.9912
epsilon:  23.037166224447517 acceptance rate:  0.9914
epsilon:  22.405369872183574 acceptance rate:  0.9913
epsilon:  21.774028661949917 acceptance rate:  0.9914
epsilon:  21.241198677981412 acceptance rate:  0.9899
epsilon:  20.731683856064844 acceptance rate:  0.993
epsilon:  20.07243691302399 acceptance rate:  0.9912
epsilon:  19.591020396880698 acceptance rate:  0.98939997
epsilon:  19.171182851642758 acceptance rate:  0.9898
epsilon:  18.556417327498714 acceptance rate:  0.9887
epsilon:  18.109198714923373 acceptance rate:  0.9888
epsilon:  17.698445781558757 acceptance rate:  0.9898
epsilon:  17.281753226600546 acceptance rate:  0.99009997
epsilon:  16.786115537581985 acceptance rate:  0.9896
epsilon:  16.42210316504887 acceptance rate:  0.9869
epsilon:  16.050481847606562 acceptance rate:  0.9878
epsilon:  15.68337968154338 acceptance rate:  0.9873
epsilon:  15.32778988746325 acceptance rate:  0.9881
epsilon:  14.997486949209904 acceptance rate:  0.9884
epsilon:  14.621874803029458 acceptance rate:  0.9887
epsilon:  14.250779347730742 acceptance rate:  0.9877
epsilon:  13.913519100847553 acceptance rate:  0.98579997
epsilon:  13.589673993460538 acceptance rate:  0.98829997
epsilon:  13.27254253969 acceptance rate:  0.9855
epsilon:  12.995698167281063 acceptance rate:  0.9878
epsilon:  12.651820203131901 acceptance rate:  0.9881
epsilon:  12.301145842911836 acceptance rate:  0.98579997
epsilon:  12.041218690224426 acceptance rate:  0.98639995
epsilon:  11.747237386914039 acceptance rate:  0.98429996
epsilon:  11.50334089426828 acceptance rate:  0.98539996
epsilon:  11.272498021717297 acceptance rate:  0.98389995
epsilon:  11.033716065240558 acceptance rate:  0.98469996
epsilon:  10.830985269725229 acceptance rate:  0.9862
epsilon:  10.595606629604973 acceptance rate:  0.9844
epsilon:  10.37833012122546 acceptance rate:  0.9852
epsilon:  10.111873853209211 acceptance rate:  0.9845
epsilon:  9.861734204370523 acceptance rate:  0.9849
epsilon:  9.651527920266687 acceptance rate:  0.9838
epsilon:  9.420201219766218 acceptance rate:  0.9831
epsilon:  9.206860672642847 acceptance rate:  0.98389995
epsilon:  8.974180761598676 acceptance rate:  0.98289996
epsilon:  8.789403004809984 acceptance rate:  0.9831
epsilon:  8.584816744896674 acceptance rate:  0.983
epsilon:  8.371004980356497 acceptance rate:  0.98249996
epsilon:  8.213119230607967 acceptance rate:  0.9809
epsilon:  8.052141728079942 acceptance rate:  0.98139995
epsilon:  7.858648229629814 acceptance rate:  0.97969997
epsilon:  7.683901398018708 acceptance rate:  0.983
epsilon:  7.5207597269960695 acceptance rate:  0.9833
epsilon:  7.357133591012737 acceptance rate:  0.9827
epsilon:  7.190363283792585 acceptance rate:  0.98209995
epsilon:  7.029303983707374 acceptance rate:  0.98029995
epsilon:  6.88148927977929 acceptance rate:  0.97999996
epsilon:  6.738158346365334 acceptance rate:  0.9781
epsilon:  6.58757350404434 acceptance rate:  0.97859997
epsilon:  6.4494048306351255 acceptance rate:  0.9772
epsilon:  6.310080752620609 acceptance rate:  0.9766
epsilon:  6.182435149955585 acceptance rate:  0.97969997
epsilon:  6.049147409869777 acceptance rate:  0.9794
epsilon:  5.926773528925061 acceptance rate:  0.9774
epsilon:  5.814483557940115 acceptance rate:  0.9783
epsilon:  5.690950135922207 acceptance rate:  0.9781
epsilon:  5.556493656353316 acceptance rate:  0.9777
epsilon:  5.445464957419 acceptance rate:  0.9762
epsilon:  5.336423924554668 acceptance rate:  0.9754
epsilon:  5.221421991033473 acceptance rate:  0.97679996
epsilon:  5.105053928715832 acceptance rate:  0.9754
epsilon:  5.009557929621255 acceptance rate:  0.9781
epsilon:  4.892774444921476 acceptance rate:  0.97609997
epsilon:  4.792360429743088 acceptance rate:  0.97349995
Time to select epsilon star: 84.06s

Simulations of the testing dataset...
Time to simulate the testing dataset: 0.74s

Simulations of the training dataset...
Time to simulate the training dataset: 1.24s

Training the neural network...
Initial accuracy: 48.24%, Initial test accuracy: 48.13%
Training for 100 epochs...
Epoch 1/100, mean train accuracy: 95.13%, mean test accuracy: 96.90%, lr scale: 1.0 in 24.94 sec
Epoch 2/100, mean train accuracy: 96.78%, mean test accuracy: 96.85%, lr scale: 1.0 in 24.72 sec
Epoch 3/100, mean train accuracy: 96.96%, mean test accuracy: 94.55%, lr scale: 1.0 in 24.97 sec
Epoch 4/100, mean train accuracy: 96.99%, mean test accuracy: 97.12%, lr scale: 1.0 in 24.66 sec
Epoch 5/100, mean train accuracy: 97.15%, mean test accuracy: 97.26%, lr scale: 1.0 in 25.32 sec
Epoch 6/100, mean train accuracy: 97.28%, mean test accuracy: 97.46%, lr scale: 0.5 in 24.89 sec
Epoch 7/100, mean train accuracy: 97.43%, mean test accuracy: 97.32%, lr scale: 0.5 in 25.19 sec
Epoch 8/100, mean train accuracy: 97.38%, mean test accuracy: 97.47%, lr scale: 0.5 in 25.63 sec
Epoch 9/100, mean train accuracy: 97.49%, mean test accuracy: 97.50%, lr scale: 0.25 in 24.74 sec
Epoch 10/100, mean train accuracy: 97.49%, mean test accuracy: 97.51%, lr scale: 0.25 in 24.95 sec
Epoch 11/100, mean train accuracy: 97.52%, mean test accuracy: 97.49%, lr scale: 0.125 in 24.74 sec
Epoch 12/100, mean train accuracy: 97.61%, mean test accuracy: 97.54%, lr scale: 0.125 in 24.71 sec
Epoch 13/100, mean train accuracy: 97.55%, mean test accuracy: 97.57%, lr scale: 0.0625 in 24.31 sec
Epoch 14/100, mean train accuracy: 97.59%, mean test accuracy: 97.55%, lr scale: 0.0625 in 24.60 sec
Epoch 15/100, mean train accuracy: 97.58%, mean test accuracy: 97.59%, lr scale: 0.03125 in 24.93 sec
Epoch 16/100, mean train accuracy: 97.53%, mean test accuracy: 97.59%, lr scale: 0.03125 in 23.84 sec
Epoch 17/100, mean train accuracy: 97.67%, mean test accuracy: 97.57%, lr scale: 0.015625 in 24.97 sec
Epoch 18/100, mean train accuracy: 97.59%, mean test accuracy: 97.59%, lr scale: 0.0078125 in 24.60 sec
Epoch 19/100, mean train accuracy: 97.62%, mean test accuracy: 97.59%, lr scale: 0.00390625 in 24.38 sec
Epoch 20/100, mean train accuracy: 97.59%, mean test accuracy: 97.58%, lr scale: 0.00390625 in 24.54 sec
Epoch 21/100, mean train accuracy: 97.67%, mean test accuracy: 97.58%, lr scale: 0.001953125 in 24.66 sec
Epoch 22/100, mean train accuracy: 97.63%, mean test accuracy: 97.58%, lr scale: 0.001953125 in 24.57 sec
Epoch 23/100, mean train accuracy: 97.61%, mean test accuracy: 97.58%, lr scale: 0.001953125 in 24.47 sec
Epoch 24/100, mean train accuracy: 97.62%, mean test accuracy: 97.59%, lr scale: 0.0009765625 in 24.46 sec
Learning rate reached 1.00E-06, stopping training
Time to train the neural network: 679.45s

Simulation Based Calibration...
Time to perform SBC: 3734.19s

Data saved in  /mnt/nfs/nrdata02-users-data/luciano/script/ABC-SBI/examples/Gauss-Gauss/results_without_kde/sigma0_5.0/mu_0.5/pickles/GaussGauss_sigma_1.0_sigma0_5.0_mu_0.5_acc_0.975_eps_4.7924.xy


--------------------
ITERATION (ACC = 0.975) DONE IN 4503.650625705719 SECONDS!
--------------------




--------------------
SIGMA0 = 5.0, TRUE_MU = 0.5, ACCEPT_RATE = 0.95
--------------------


Selection of epsilon star...
epsilon:  4.692644243259068 acceptance rate:  0.97679996
epsilon:  4.591448423001824 acceptance rate:  0.9745
epsilon:  4.488499086936923 acceptance rate:  0.9715
epsilon:  4.398437224746648 acceptance rate:  0.978
epsilon:  4.285144022967384 acceptance rate:  0.97419995
epsilon:  4.191767564999815 acceptance rate:  0.9734
epsilon:  4.098531959118494 acceptance rate:  0.97599995
epsilon:  4.004277021245391 acceptance rate:  0.97309995
epsilon:  3.9134604888475786 acceptance rate:  0.9715
epsilon:  3.8296745333851328 acceptance rate:  0.97429997
epsilon:  3.748993667588802 acceptance rate:  0.9736
epsilon:  3.6758506374521094 acceptance rate:  0.9702
epsilon:  3.6063311111506384 acceptance rate:  0.9745
epsilon:  3.5122793864751123 acceptance rate:  0.96879995
epsilon:  3.4408737247938688 acceptance rate:  0.9704
epsilon:  3.381521852105956 acceptance rate:  0.9677
epsilon:  3.308201579665126 acceptance rate:  0.96919996
epsilon:  3.244900456974356 acceptance rate:  0.96849996
epsilon:  3.18504125241528 acceptance rate:  0.9715
epsilon:  3.1174502662474293 acceptance rate:  0.96669996
epsilon:  3.0521040178374794 acceptance rate:  0.96849996
epsilon:  2.9928330032916666 acceptance rate:  0.96999997
epsilon:  2.913796458865686 acceptance rate:  0.9704
epsilon:  2.847905089088879 acceptance rate:  0.9698
epsilon:  2.790240055803177 acceptance rate:  0.96959996
epsilon:  2.734514582977459 acceptance rate:  0.9673
epsilon:  2.6720028358154124 acceptance rate:  0.9658
epsilon:  2.6116390470092568 acceptance rate:  0.964
epsilon:  2.55985395500794 acceptance rate:  0.9641
epsilon:  2.5118658539689296 acceptance rate:  0.96599996
epsilon:  2.4602531412319903 acceptance rate:  0.96519995
epsilon:  2.408353826614949 acceptance rate:  0.96309996
epsilon:  2.3612191922884165 acceptance rate:  0.96489996
epsilon:  2.310228829814433 acceptance rate:  0.96419996
epsilon:  2.2549336486759923 acceptance rate:  0.9615
epsilon:  2.20533544409589 acceptance rate:  0.9623
epsilon:  2.1657964482899374 acceptance rate:  0.96309996
epsilon:  2.1139403209227874 acceptance rate:  0.96449995
epsilon:  2.073140425061043 acceptance rate:  0.9604
epsilon:  2.03325437855266 acceptance rate:  0.95989996
epsilon:  1.9897243698526321 acceptance rate:  0.9601
epsilon:  1.9518185125930798 acceptance rate:  0.9594
epsilon:  1.9095635866719989 acceptance rate:  0.9601
epsilon:  1.874725855879559 acceptance rate:  0.96339995
epsilon:  1.8307021724507944 acceptance rate:  0.9611
epsilon:  1.796409487007466 acceptance rate:  0.9593
epsilon:  1.7601839125326784 acceptance rate:  0.95909995
epsilon:  1.7192481782166351 acceptance rate:  0.9583
epsilon:  1.6824558213074132 acceptance rate:  0.95659995
epsilon:  1.653397268690849 acceptance rate:  0.9571
epsilon:  1.6184552238538739 acceptance rate:  0.9557
epsilon:  1.5859578513749764 acceptance rate:  0.9586
epsilon:  1.550285969300419 acceptance rate:  0.95339996
epsilon:  1.5153308270402865 acceptance rate:  0.9544
epsilon:  1.4840145130879137 acceptance rate:  0.95489997
epsilon:  1.4539597227583747 acceptance rate:  0.9562
epsilon:  1.4210178579456294 acceptance rate:  0.95449996
epsilon:  1.3907825010005976 acceptance rate:  0.9528
epsilon:  1.3671827214530494 acceptance rate:  0.9508
epsilon:  1.3414539422299925 acceptance rate:  0.95129997
epsilon:  1.3127981319163617 acceptance rate:  0.9514
epsilon:  1.2880324922416648 acceptance rate:  0.94909996
Time to select epsilon star: 100.73s

Simulations of the testing dataset...
Time to simulate the testing dataset: 0.71s

Simulations of the training dataset...
Time to simulate the training dataset: 1.22s

Training the neural network...
Initial accuracy: 51.53%, Initial test accuracy: 51.70%
Training for 100 epochs...
Epoch 1/100, mean train accuracy: 95.66%, mean test accuracy: 96.89%, lr scale: 1.0 in 23.90 sec
Epoch 2/100, mean train accuracy: 96.99%, mean test accuracy: 97.09%, lr scale: 1.0 in 24.20 sec
Epoch 3/100, mean train accuracy: 97.10%, mean test accuracy: 97.25%, lr scale: 1.0 in 24.10 sec
Epoch 4/100, mean train accuracy: 97.11%, mean test accuracy: 97.32%, lr scale: 1.0 in 23.99 sec
Epoch 5/100, mean train accuracy: 97.24%, mean test accuracy: 97.31%, lr scale: 1.0 in 24.25 sec
Epoch 6/100, mean train accuracy: 97.22%, mean test accuracy: 97.36%, lr scale: 0.5 in 24.86 sec
Epoch 7/100, mean train accuracy: 97.41%, mean test accuracy: 97.03%, lr scale: 0.5 in 25.56 sec
Epoch 8/100, mean train accuracy: 97.42%, mean test accuracy: 97.42%, lr scale: 0.5 in 24.70 sec
Epoch 9/100, mean train accuracy: 97.45%, mean test accuracy: 97.50%, lr scale: 0.25 in 24.18 sec
Epoch 10/100, mean train accuracy: 97.52%, mean test accuracy: 97.48%, lr scale: 0.25 in 24.11 sec
Epoch 11/100, mean train accuracy: 97.51%, mean test accuracy: 97.51%, lr scale: 0.125 in 23.95 sec
Epoch 12/100, mean train accuracy: 97.56%, mean test accuracy: 97.49%, lr scale: 0.125 in 24.27 sec
Epoch 13/100, mean train accuracy: 97.57%, mean test accuracy: 97.51%, lr scale: 0.125 in 24.08 sec
Epoch 14/100, mean train accuracy: 97.52%, mean test accuracy: 97.51%, lr scale: 0.125 in 24.29 sec
Epoch 15/100, mean train accuracy: 97.60%, mean test accuracy: 97.52%, lr scale: 0.0625 in 25.21 sec
Epoch 16/100, mean train accuracy: 97.57%, mean test accuracy: 97.52%, lr scale: 0.0625 in 25.54 sec
Epoch 17/100, mean train accuracy: 97.59%, mean test accuracy: 97.53%, lr scale: 0.03125 in 24.88 sec
Epoch 18/100, mean train accuracy: 97.62%, mean test accuracy: 97.55%, lr scale: 0.015625 in 25.18 sec
Epoch 19/100, mean train accuracy: 97.61%, mean test accuracy: 97.53%, lr scale: 0.015625 in 24.47 sec
Epoch 20/100, mean train accuracy: 97.61%, mean test accuracy: 97.53%, lr scale: 0.0078125 in 25.90 sec
Epoch 21/100, mean train accuracy: 97.66%, mean test accuracy: 97.53%, lr scale: 0.00390625 in 24.93 sec
Epoch 22/100, mean train accuracy: 97.62%, mean test accuracy: 97.54%, lr scale: 0.00390625 in 25.60 sec
Epoch 23/100, mean train accuracy: 97.57%, mean test accuracy: 97.54%, lr scale: 0.001953125 in 24.19 sec
Epoch 24/100, mean train accuracy: 97.62%, mean test accuracy: 97.54%, lr scale: 0.0009765625 in 24.20 sec
Learning rate reached 1.00E-06, stopping training
Time to train the neural network: 721.46s

Simulation Based Calibration...
Time to perform SBC: 3728.95s

Data saved in  /mnt/nfs/nrdata02-users-data/luciano/script/ABC-SBI/examples/Gauss-Gauss/results_without_kde/sigma0_5.0/mu_0.5/pickles/GaussGauss_sigma_1.0_sigma0_5.0_mu_0.5_acc_0.95_eps_1.288.xy


--------------------
ITERATION (ACC = 0.95) DONE IN 4557.0007519721985 SECONDS!
--------------------




--------------------
SIGMA0 = 5.0, TRUE_MU = 0.5, ACCEPT_RATE = 0.925
--------------------


Selection of epsilon star...
epsilon:  1.2597812666863015 acceptance rate:  0.95489997
epsilon:  1.226666570529035 acceptance rate:  0.9481
epsilon:  1.203100455845693 acceptance rate:  0.9468
epsilon:  1.1812662174471895 acceptance rate:  0.945
epsilon:  1.155766496476349 acceptance rate:  0.9482
epsilon:  1.1336765566940092 acceptance rate:  0.94799995
epsilon:  1.109819806551762 acceptance rate:  0.9471
epsilon:  1.0928662708478976 acceptance rate:  0.9456
epsilon:  1.0680777069540401 acceptance rate:  0.9483
epsilon:  1.0475158615429878 acceptance rate:  0.94579995
epsilon:  1.0275326088649803 acceptance rate:  0.9454
epsilon:  1.0083417051213586 acceptance rate:  0.9425
epsilon:  0.9870747638984162 acceptance rate:  0.94979995
epsilon:  0.9703230891046836 acceptance rate:  0.9446
epsilon:  0.9533083598809791 acceptance rate:  0.94369996
epsilon:  0.9330300584889124 acceptance rate:  0.9449
epsilon:  0.910236128493968 acceptance rate:  0.9432
epsilon:  0.8914903368865801 acceptance rate:  0.9396
epsilon:  0.8737876414405528 acceptance rate:  0.9406
epsilon:  0.8536460384661472 acceptance rate:  0.9404
epsilon:  0.837767258114343 acceptance rate:  0.9377
epsilon:  0.8220969739973469 acceptance rate:  0.9413
epsilon:  0.8049882166828598 acceptance rate:  0.93829995
epsilon:  0.789514746679142 acceptance rate:  0.93219995
epsilon:  0.7730874834769065 acceptance rate:  0.9352
epsilon:  0.757498605687054 acceptance rate:  0.9323
epsilon:  0.7429323790524851 acceptance rate:  0.93659997
epsilon:  0.7273315602801834 acceptance rate:  0.93649995
epsilon:  0.7116820742753267 acceptance rate:  0.93469995
epsilon:  0.6958345264966173 acceptance rate:  0.9343
epsilon:  0.681991200306404 acceptance rate:  0.9305
epsilon:  0.6687366607649023 acceptance rate:  0.9298
epsilon:  0.6561138770420265 acceptance rate:  0.9307
epsilon:  0.64196807743615 acceptance rate:  0.93119997
epsilon:  0.6284645932966025 acceptance rate:  0.932
epsilon:  0.614753338906053 acceptance rate:  0.9267
epsilon:  0.6043112163916093 acceptance rate:  0.92569995
epsilon:  0.5925301817588211 acceptance rate:  0.9281
epsilon:  0.5792670596581699 acceptance rate:  0.9288
epsilon:  0.5679511894804693 acceptance rate:  0.92579997
epsilon:  0.5569935451671546 acceptance rate:  0.9278
epsilon:  0.5449857826355908 acceptance rate:  0.9241
Time to select epsilon star: 95.81s

Simulations of the testing dataset...
Time to simulate the testing dataset: 0.68s

Simulations of the training dataset...
Time to simulate the training dataset: 1.19s

Training the neural network...
Initial accuracy: 50.89%, Initial test accuracy: 50.90%
Training for 100 epochs...
Epoch 1/100, mean train accuracy: 95.78%, mean test accuracy: 96.85%, lr scale: 1.0 in 25.43 sec
Epoch 2/100, mean train accuracy: 97.00%, mean test accuracy: 96.92%, lr scale: 1.0 in 25.25 sec
Epoch 3/100, mean train accuracy: 97.06%, mean test accuracy: 97.15%, lr scale: 1.0 in 25.87 sec
Epoch 4/100, mean train accuracy: 97.20%, mean test accuracy: 97.15%, lr scale: 1.0 in 25.59 sec
Epoch 5/100, mean train accuracy: 97.25%, mean test accuracy: 97.31%, lr scale: 1.0 in 25.62 sec
Epoch 6/100, mean train accuracy: 97.23%, mean test accuracy: 97.29%, lr scale: 1.0 in 25.61 sec
Epoch 7/100, mean train accuracy: 97.33%, mean test accuracy: 97.39%, lr scale: 0.5 in 25.51 sec
Epoch 8/100, mean train accuracy: 97.39%, mean test accuracy: 97.37%, lr scale: 0.5 in 24.74 sec
Epoch 9/100, mean train accuracy: 97.44%, mean test accuracy: 97.26%, lr scale: 0.5 in 25.20 sec
Epoch 10/100, mean train accuracy: 97.44%, mean test accuracy: 97.22%, lr scale: 0.25 in 25.11 sec
Epoch 11/100, mean train accuracy: 97.49%, mean test accuracy: 97.43%, lr scale: 0.125 in 24.87 sec
Epoch 12/100, mean train accuracy: 97.58%, mean test accuracy: 97.44%, lr scale: 0.125 in 25.08 sec
Epoch 13/100, mean train accuracy: 97.57%, mean test accuracy: 97.45%, lr scale: 0.125 in 25.41 sec
Epoch 14/100, mean train accuracy: 97.58%, mean test accuracy: 97.46%, lr scale: 0.0625 in 25.36 sec
Epoch 15/100, mean train accuracy: 97.56%, mean test accuracy: 97.47%, lr scale: 0.03125 in 25.19 sec
Epoch 16/100, mean train accuracy: 97.59%, mean test accuracy: 97.47%, lr scale: 0.03125 in 25.09 sec
Epoch 17/100, mean train accuracy: 97.64%, mean test accuracy: 97.48%, lr scale: 0.015625 in 25.40 sec
Epoch 18/100, mean train accuracy: 97.59%, mean test accuracy: 97.47%, lr scale: 0.0078125 in 24.58 sec
Epoch 19/100, mean train accuracy: 97.61%, mean test accuracy: 97.47%, lr scale: 0.0078125 in 23.92 sec
Epoch 20/100, mean train accuracy: 97.59%, mean test accuracy: 97.46%, lr scale: 0.00390625 in 23.97 sec
Epoch 21/100, mean train accuracy: 97.61%, mean test accuracy: 97.46%, lr scale: 0.001953125 in 24.82 sec
Epoch 22/100, mean train accuracy: 97.61%, mean test accuracy: 97.46%, lr scale: 0.0009765625 in 25.18 sec
Learning rate reached 1.00E-06, stopping training
Time to train the neural network: 736.46s

Simulation Based Calibration...
Time to perform SBC: 3746.26s

Data saved in  /mnt/nfs/nrdata02-users-data/luciano/script/ABC-SBI/examples/Gauss-Gauss/results_without_kde/sigma0_5.0/mu_0.5/pickles/GaussGauss_sigma_1.0_sigma0_5.0_mu_0.5_acc_0.925_eps_0.54499.xy


--------------------
ITERATION (ACC = 0.925) DONE IN 4584.408310174942 SECONDS!
--------------------




--------------------
SIGMA0 = 5.0, TRUE_MU = 0.5, ACCEPT_RATE = 0.9
--------------------


Selection of epsilon star...
epsilon:  0.5352479684784223 acceptance rate:  0.9242
epsilon:  0.5233118384481821 acceptance rate:  0.9235
epsilon:  0.5117917969797214 acceptance rate:  0.9224
epsilon:  0.5016107714634616 acceptance rate:  0.9155
epsilon:  0.4923963525633808 acceptance rate:  0.91959995
epsilon:  0.4827621464070683 acceptance rate:  0.91969997
epsilon:  0.4708878243284342 acceptance rate:  0.9169
epsilon:  0.4616455023218779 acceptance rate:  0.9148
epsilon:  0.4542851071716256 acceptance rate:  0.91789997
epsilon:  0.4456525780219303 acceptance rate:  0.9138
epsilon:  0.435951475146026 acceptance rate:  0.91889995
epsilon:  0.4276689731642233 acceptance rate:  0.91499996
epsilon:  0.4205755416999439 acceptance rate:  0.91179997
epsilon:  0.4107822843485615 acceptance rate:  0.9133
epsilon:  0.4025295350530621 acceptance rate:  0.91209996
epsilon:  0.39564410026760777 acceptance rate:  0.9083
epsilon:  0.3880493538098827 acceptance rate:  0.90999997
epsilon:  0.37948262619134576 acceptance rate:  0.9079
epsilon:  0.37182727748136063 acceptance rate:  0.9037
epsilon:  0.36415206715345005 acceptance rate:  0.9087
epsilon:  0.3565180306400122 acceptance rate:  0.9105
epsilon:  0.3491395854411132 acceptance rate:  0.9086
epsilon:  0.34221185275726207 acceptance rate:  0.90819997
epsilon:  0.335655617339137 acceptance rate:  0.899
Time to select epsilon star: 70.35s

Simulations of the testing dataset...
Time to simulate the testing dataset: 0.70s

Simulations of the training dataset...
Time to simulate the training dataset: 1.16s

Training the neural network...
Initial accuracy: 50.43%, Initial test accuracy: 50.46%
Training for 100 epochs...
Epoch 1/100, mean train accuracy: 95.66%, mean test accuracy: 96.71%, lr scale: 1.0 in 23.43 sec
Epoch 2/100, mean train accuracy: 96.91%, mean test accuracy: 96.96%, lr scale: 1.0 in 23.90 sec
Epoch 3/100, mean train accuracy: 97.08%, mean test accuracy: 97.05%, lr scale: 1.0 in 23.79 sec
Epoch 4/100, mean train accuracy: 97.15%, mean test accuracy: 97.16%, lr scale: 1.0 in 23.76 sec
Epoch 5/100, mean train accuracy: 97.20%, mean test accuracy: 97.24%, lr scale: 1.0 in 23.63 sec
Epoch 6/100, mean train accuracy: 97.26%, mean test accuracy: 97.38%, lr scale: 0.5 in 24.25 sec
Epoch 7/100, mean train accuracy: 97.38%, mean test accuracy: 97.33%, lr scale: 0.5 in 24.21 sec
Epoch 8/100, mean train accuracy: 97.36%, mean test accuracy: 97.33%, lr scale: 0.5 in 24.45 sec
Epoch 9/100, mean train accuracy: 97.50%, mean test accuracy: 97.41%, lr scale: 0.25 in 23.85 sec
Epoch 10/100, mean train accuracy: 97.51%, mean test accuracy: 97.42%, lr scale: 0.25 in 23.79 sec
Epoch 11/100, mean train accuracy: 97.54%, mean test accuracy: 97.42%, lr scale: 0.125 in 23.84 sec
Epoch 12/100, mean train accuracy: 97.56%, mean test accuracy: 97.45%, lr scale: 0.125 in 23.81 sec
Epoch 13/100, mean train accuracy: 97.51%, mean test accuracy: 97.47%, lr scale: 0.0625 in 24.20 sec
Epoch 14/100, mean train accuracy: 97.61%, mean test accuracy: 97.45%, lr scale: 0.0625 in 24.53 sec
Epoch 15/100, mean train accuracy: 97.57%, mean test accuracy: 97.44%, lr scale: 0.0625 in 24.01 sec
Epoch 16/100, mean train accuracy: 97.54%, mean test accuracy: 97.45%, lr scale: 0.03125 in 24.06 sec
Epoch 17/100, mean train accuracy: 97.59%, mean test accuracy: 97.47%, lr scale: 0.015625 in 24.91 sec
Epoch 18/100, mean train accuracy: 97.58%, mean test accuracy: 97.46%, lr scale: 0.0078125 in 24.15 sec
Epoch 19/100, mean train accuracy: 97.61%, mean test accuracy: 97.46%, lr scale: 0.0078125 in 23.96 sec
Epoch 20/100, mean train accuracy: 97.55%, mean test accuracy: 97.46%, lr scale: 0.00390625 in 23.70 sec
Epoch 21/100, mean train accuracy: 97.56%, mean test accuracy: 97.45%, lr scale: 0.001953125 in 24.19 sec
Epoch 22/100, mean train accuracy: 97.55%, mean test accuracy: 97.46%, lr scale: 0.001953125 in 23.66 sec
Epoch 23/100, mean train accuracy: 97.56%, mean test accuracy: 97.47%, lr scale: 0.0009765625 in 23.61 sec
Learning rate reached 1.00E-06, stopping training
Time to train the neural network: 770.79s

Simulation Based Calibration...
Time to perform SBC: 3716.83s

Data saved in  /mnt/nfs/nrdata02-users-data/luciano/script/ABC-SBI/examples/Gauss-Gauss/results_without_kde/sigma0_5.0/mu_0.5/pickles/GaussGauss_sigma_1.0_sigma0_5.0_mu_0.5_acc_0.9_eps_0.33566.xy


--------------------
ITERATION (ACC = 0.9) DONE IN 4563.736229419708 SECONDS!
--------------------




--------------------
SIGMA0 = 5.0, TRUE_MU = 0.5, ACCEPT_RATE = 0.85
--------------------


Selection of epsilon star...
epsilon:  0.32763786204244605 acceptance rate:  0.90669996
epsilon:  0.32177737655737854 acceptance rate:  0.8993
epsilon:  0.31549999027844666 acceptance rate:  0.89659995
epsilon:  0.3086043856611537 acceptance rate:  0.8989
epsilon:  0.30283981036423 acceptance rate:  0.89669997
epsilon:  0.29545685991718484 acceptance rate:  0.9016
epsilon:  0.2888962115182569 acceptance rate:  0.8933
epsilon:  0.2817737571826666 acceptance rate:  0.89419997
epsilon:  0.27648413994220744 acceptance rate:  0.89409995
epsilon:  0.2706312176975929 acceptance rate:  0.8919
epsilon:  0.2652543525953398 acceptance rate:  0.8951
epsilon:  0.2591401256667781 acceptance rate:  0.8944
epsilon:  0.2536411035622396 acceptance rate:  0.8894
epsilon:  0.24864984235001159 acceptance rate:  0.8892
epsilon:  0.2443485435906302 acceptance rate:  0.889
epsilon:  0.23916925373437464 acceptance rate:  0.8879
epsilon:  0.23425932748593217 acceptance rate:  0.8874
epsilon:  0.23036587516370838 acceptance rate:  0.88229996
epsilon:  0.2259641373176866 acceptance rate:  0.8835
epsilon:  0.22125472634461588 acceptance rate:  0.8815
epsilon:  0.21641098506544285 acceptance rate:  0.8789
epsilon:  0.21189385645234393 acceptance rate:  0.8752
epsilon:  0.20708789718945347 acceptance rate:  0.8706
epsilon:  0.20288713791243623 acceptance rate:  0.8745
epsilon:  0.19876543349793413 acceptance rate:  0.87479997
epsilon:  0.1943763405250834 acceptance rate:  0.87109995
epsilon:  0.1911917012665695 acceptance rate:  0.8734
epsilon:  0.18757768907532743 acceptance rate:  0.87509996
epsilon:  0.1840734271810671 acceptance rate:  0.8666
epsilon:  0.18025692805447072 acceptance rate:  0.86289996
epsilon:  0.17715039509666416 acceptance rate:  0.86139995
epsilon:  0.17367019511932943 acceptance rate:  0.8634
epsilon:  0.17054445611756108 acceptance rate:  0.8641
epsilon:  0.16674710528025552 acceptance rate:  0.8573
epsilon:  0.16363375042027306 acceptance rate:  0.8621
epsilon:  0.1601190137469228 acceptance rate:  0.86069995
epsilon:  0.1570841966286378 acceptance rate:  0.8576
