Host clust1

Old path: /mnt/nfs/nrdata02-users-data/luciano/script
New path: /mnt/nfs/nrdata02-users-data/luciano/script/ABC-SBI
N_VARS [2]


--------------------
K = 2, TRUE_BETA = max, ACCEPT_RATE = 1.0
--------------------


Selection of epsilon star...
Distances: min =  1.9113225 max =  2001.7218 mean =  245.4291 std =  242.25162
Time to select epsilon star: 1.46s

Simulations of the testing dataset...
Time to simulate the testing dataset: 1.33s

Simulations of the training dataset...
Time to simulate the training dataset: 1.67s

Training the neural network...
Initial accuracy: 49.56%, Initial test accuracy: 49.57%
Training for 100 epochs...
Epoch 1/100, mean train accuracy: 78.20%, mean test accuracy: 86.23%, lr scale: 1.0 in 10.56 sec
Epoch 2/100, mean train accuracy: 88.13%, mean test accuracy: 88.35%, lr scale: 1.0 in 10.40 sec
Epoch 3/100, mean train accuracy: 90.91%, mean test accuracy: 93.42%, lr scale: 1.0 in 9.89 sec
Epoch 4/100, mean train accuracy: 85.98%, mean test accuracy: 84.26%, lr scale: 1.0 in 9.43 sec
Epoch 5/100, mean train accuracy: 91.69%, mean test accuracy: 96.08%, lr scale: 0.5 in 10.20 sec
Epoch 6/100, mean train accuracy: 95.96%, mean test accuracy: 97.26%, lr scale: 0.5 in 10.10 sec
Epoch 7/100, mean train accuracy: 95.77%, mean test accuracy: 97.43%, lr scale: 0.5 in 10.04 sec
Epoch 8/100, mean train accuracy: 97.15%, mean test accuracy: 97.51%, lr scale: 0.25 in 10.04 sec
Epoch 9/100, mean train accuracy: 97.83%, mean test accuracy: 97.19%, lr scale: 0.25 in 10.17 sec
Epoch 10/100, mean train accuracy: 97.53%, mean test accuracy: 98.35%, lr scale: 0.25 in 10.12 sec
Epoch 11/100, mean train accuracy: 98.04%, mean test accuracy: 98.49%, lr scale: 0.25 in 10.17 sec
Epoch 12/100, mean train accuracy: 97.79%, mean test accuracy: 98.68%, lr scale: 0.25 in 10.03 sec
Epoch 13/100, mean train accuracy: 98.33%, mean test accuracy: 98.86%, lr scale: 0.125 in 9.95 sec
Epoch 14/100, mean train accuracy: 98.61%, mean test accuracy: 98.93%, lr scale: 0.125 in 9.97 sec
Epoch 15/100, mean train accuracy: 98.83%, mean test accuracy: 99.02%, lr scale: 0.0625 in 10.15 sec
Epoch 16/100, mean train accuracy: 99.00%, mean test accuracy: 99.04%, lr scale: 0.0625 in 9.94 sec
Epoch 17/100, mean train accuracy: 99.15%, mean test accuracy: 99.18%, lr scale: 0.03125 in 10.00 sec
Epoch 18/100, mean train accuracy: 99.20%, mean test accuracy: 98.87%, lr scale: 0.03125 in 9.96 sec
Epoch 19/100, mean train accuracy: 99.21%, mean test accuracy: 99.21%, lr scale: 0.03125 in 10.12 sec
Epoch 20/100, mean train accuracy: 99.24%, mean test accuracy: 99.22%, lr scale: 0.03125 in 10.21 sec
Epoch 21/100, mean train accuracy: 99.30%, mean test accuracy: 99.29%, lr scale: 0.015625 in 10.03 sec
Epoch 22/100, mean train accuracy: 99.34%, mean test accuracy: 99.30%, lr scale: 0.015625 in 9.97 sec
Epoch 23/100, mean train accuracy: 99.33%, mean test accuracy: 99.30%, lr scale: 0.0078125 in 10.00 sec
Epoch 24/100, mean train accuracy: 99.38%, mean test accuracy: 99.33%, lr scale: 0.0078125 in 10.12 sec
Epoch 25/100, mean train accuracy: 99.38%, mean test accuracy: 99.33%, lr scale: 0.0078125 in 10.05 sec
Epoch 26/100, mean train accuracy: 99.39%, mean test accuracy: 99.34%, lr scale: 0.0078125 in 10.23 sec
Epoch 27/100, mean train accuracy: 99.38%, mean test accuracy: 99.37%, lr scale: 0.00390625 in 10.00 sec
Epoch 28/100, mean train accuracy: 99.41%, mean test accuracy: 99.36%, lr scale: 0.00390625 in 9.92 sec
Epoch 29/100, mean train accuracy: 99.40%, mean test accuracy: 99.38%, lr scale: 0.001953125 in 10.07 sec
Epoch 30/100, mean train accuracy: 99.44%, mean test accuracy: 99.37%, lr scale: 0.001953125 in 10.06 sec
Epoch 31/100, mean train accuracy: 99.44%, mean test accuracy: 99.38%, lr scale: 0.001953125 in 9.92 sec
Epoch 32/100, mean train accuracy: 99.41%, mean test accuracy: 99.38%, lr scale: 0.0009765625 in 9.96 sec
Learning rate reached 1.00E-06, stopping training
Time to train the neural network: 350.25s

Simulation Based Calibration...
Time to perform SBC: 512.93s

Data saved in  /mnt/nfs/nrdata02-users-data/luciano/script/ABC-SBI/examples/Linear-Reg/results_without_kde/K_2/beta_max/pickles/LinearReg_K_2_beta_max_acc_1.0_eps_inf.xz


--------------------
ITERATION (ACC = 1.0) DONE IN 869.7036736011505 SECONDS!
--------------------




--------------------
K = 2, TRUE_BETA = max, ACCEPT_RATE = 0.999
--------------------


Selection of epsilon star...
Distances: min =  2.062435 max =  2189.4114 mean =  245.59604 std =  241.96571
epsilon:  1111.23828125 acceptance rate:  0.99439996
Time to select epsilon star: 1.89s

Simulations of the testing dataset...
Time to simulate the testing dataset: 0.92s

Simulations of the training dataset...
Time to simulate the training dataset: 2.28s

Training the neural network...
Initial accuracy: 49.97%, Initial test accuracy: 50.03%
Training for 100 epochs...
Epoch 1/100, mean train accuracy: 78.69%, mean test accuracy: 80.32%, lr scale: 1.0 in 9.95 sec
Epoch 2/100, mean train accuracy: 90.66%, mean test accuracy: 76.22%, lr scale: 1.0 in 9.86 sec
Epoch 3/100, mean train accuracy: 89.25%, mean test accuracy: 86.36%, lr scale: 1.0 in 9.88 sec
Epoch 4/100, mean train accuracy: 88.08%, mean test accuracy: 52.12%, lr scale: 1.0 in 9.87 sec
Epoch 5/100, mean train accuracy: 85.66%, mean test accuracy: 96.35%, lr scale: 1.0 in 9.85 sec
Epoch 6/100, mean train accuracy: 94.03%, mean test accuracy: 95.16%, lr scale: 1.0 in 10.12 sec
Epoch 7/100, mean train accuracy: 84.61%, mean test accuracy: 97.48%, lr scale: 0.5 in 9.89 sec
Epoch 8/100, mean train accuracy: 95.48%, mean test accuracy: 97.72%, lr scale: 0.5 in 9.88 sec
Epoch 9/100, mean train accuracy: 96.64%, mean test accuracy: 97.50%, lr scale: 0.5 in 9.93 sec
Epoch 10/100, mean train accuracy: 95.80%, mean test accuracy: 95.86%, lr scale: 0.5 in 9.91 sec
Epoch 11/100, mean train accuracy: 97.37%, mean test accuracy: 98.58%, lr scale: 0.25 in 9.88 sec
Epoch 12/100, mean train accuracy: 98.20%, mean test accuracy: 98.53%, lr scale: 0.25 in 9.87 sec
Epoch 13/100, mean train accuracy: 98.02%, mean test accuracy: 97.27%, lr scale: 0.25 in 9.87 sec
Epoch 14/100, mean train accuracy: 98.33%, mean test accuracy: 98.67%, lr scale: 0.25 in 9.84 sec
Epoch 15/100, mean train accuracy: 98.27%, mean test accuracy: 98.64%, lr scale: 0.25 in 9.86 sec
Epoch 16/100, mean train accuracy: 98.69%, mean test accuracy: 98.87%, lr scale: 0.125 in 9.88 sec
Epoch 17/100, mean train accuracy: 98.69%, mean test accuracy: 98.89%, lr scale: 0.0625 in 8.98 sec
Epoch 18/100, mean train accuracy: 99.08%, mean test accuracy: 99.00%, lr scale: 0.0625 in 11.29 sec
Epoch 19/100, mean train accuracy: 99.04%, mean test accuracy: 99.14%, lr scale: 0.03125 in 12.43 sec
Epoch 20/100, mean train accuracy: 99.23%, mean test accuracy: 99.22%, lr scale: 0.03125 in 11.98 sec
Epoch 21/100, mean train accuracy: 99.22%, mean test accuracy: 99.25%, lr scale: 0.03125 in 9.89 sec
Epoch 22/100, mean train accuracy: 99.31%, mean test accuracy: 99.29%, lr scale: 0.015625 in 9.48 sec
Epoch 23/100, mean train accuracy: 99.35%, mean test accuracy: 99.30%, lr scale: 0.015625 in 9.84 sec
Epoch 24/100, mean train accuracy: 99.33%, mean test accuracy: 99.31%, lr scale: 0.015625 in 9.75 sec
Epoch 25/100, mean train accuracy: 99.36%, mean test accuracy: 99.28%, lr scale: 0.015625 in 10.25 sec
Epoch 26/100, mean train accuracy: 99.32%, mean test accuracy: 99.34%, lr scale: 0.0078125 in 10.09 sec
Epoch 27/100, mean train accuracy: 99.38%, mean test accuracy: 99.35%, lr scale: 0.0078125 in 9.89 sec
Epoch 28/100, mean train accuracy: 99.37%, mean test accuracy: 99.36%, lr scale: 0.00390625 in 9.93 sec
Epoch 29/100, mean train accuracy: 99.41%, mean test accuracy: 99.38%, lr scale: 0.00390625 in 9.90 sec
Epoch 30/100, mean train accuracy: 99.41%, mean test accuracy: 99.35%, lr scale: 0.00390625 in 10.13 sec
Epoch 31/100, mean train accuracy: 99.41%, mean test accuracy: 99.38%, lr scale: 0.00390625 in 9.99 sec
Epoch 32/100, mean train accuracy: 99.41%, mean test accuracy: 99.38%, lr scale: 0.001953125 in 9.88 sec
Epoch 33/100, mean train accuracy: 99.45%, mean test accuracy: 99.39%, lr scale: 0.0009765625 in 9.86 sec
Learning rate reached 1.00E-06, stopping training
Time to train the neural network: 381.21s

Simulation Based Calibration...
Time to perform SBC: 514.29s

Data saved in  /mnt/nfs/nrdata02-users-data/luciano/script/ABC-SBI/examples/Linear-Reg/results_without_kde/K_2/beta_max/pickles/LinearReg_K_2_beta_max_acc_0.999_eps_1.11e+03.xz


--------------------
ITERATION (ACC = 0.999) DONE IN 902.636029958725 SECONDS!
--------------------




--------------------
K = 2, TRUE_BETA = max, ACCEPT_RATE = 0.99
--------------------


Selection of epsilon star...
epsilon:  952.70654296875 acceptance rate:  0.98539996
Time to select epsilon star: 1.51s

Simulations of the testing dataset...
Time to simulate the testing dataset: 0.96s

Simulations of the training dataset...
Time to simulate the training dataset: 2.08s

Training the neural network...
Initial accuracy: 49.87%, Initial test accuracy: 49.91%
Training for 100 epochs...
Epoch 1/100, mean train accuracy: 80.91%, mean test accuracy: 87.60%, lr scale: 1.0 in 10.03 sec
Epoch 2/100, mean train accuracy: 88.53%, mean test accuracy: 88.63%, lr scale: 1.0 in 9.89 sec
Epoch 3/100, mean train accuracy: 88.62%, mean test accuracy: 92.09%, lr scale: 0.5 in 9.93 sec
Epoch 4/100, mean train accuracy: 95.66%, mean test accuracy: 89.06%, lr scale: 0.5 in 10.13 sec
Epoch 5/100, mean train accuracy: 96.02%, mean test accuracy: 97.42%, lr scale: 0.5 in 9.99 sec
Epoch 6/100, mean train accuracy: 96.88%, mean test accuracy: 98.13%, lr scale: 0.5 in 9.91 sec
Epoch 7/100, mean train accuracy: 96.67%, mean test accuracy: 98.43%, lr scale: 0.25 in 9.95 sec
Epoch 8/100, mean train accuracy: 97.67%, mean test accuracy: 98.46%, lr scale: 0.25 in 9.91 sec
Epoch 9/100, mean train accuracy: 98.18%, mean test accuracy: 98.54%, lr scale: 0.25 in 9.94 sec
Epoch 10/100, mean train accuracy: 98.08%, mean test accuracy: 98.40%, lr scale: 0.25 in 9.94 sec
Epoch 11/100, mean train accuracy: 98.58%, mean test accuracy: 98.76%, lr scale: 0.125 in 9.96 sec
Epoch 12/100, mean train accuracy: 98.60%, mean test accuracy: 98.82%, lr scale: 0.125 in 9.90 sec
Epoch 13/100, mean train accuracy: 98.63%, mean test accuracy: 98.88%, lr scale: 0.125 in 9.94 sec
Epoch 14/100, mean train accuracy: 98.82%, mean test accuracy: 98.77%, lr scale: 0.125 in 9.94 sec
Epoch 15/100, mean train accuracy: 98.96%, mean test accuracy: 99.08%, lr scale: 0.0625 in 9.92 sec
Epoch 16/100, mean train accuracy: 99.14%, mean test accuracy: 99.08%, lr scale: 0.0625 in 9.92 sec
Epoch 17/100, mean train accuracy: 99.09%, mean test accuracy: 99.16%, lr scale: 0.0625 in 9.90 sec
Epoch 18/100, mean train accuracy: 99.08%, mean test accuracy: 99.12%, lr scale: 0.0625 in 9.94 sec
Epoch 19/100, mean train accuracy: 99.17%, mean test accuracy: 99.19%, lr scale: 0.03125 in 9.94 sec
Epoch 20/100, mean train accuracy: 99.24%, mean test accuracy: 99.19%, lr scale: 0.03125 in 9.90 sec
Epoch 21/100, mean train accuracy: 99.24%, mean test accuracy: 99.18%, lr scale: 0.03125 in 10.16 sec
Epoch 22/100, mean train accuracy: 99.27%, mean test accuracy: 99.28%, lr scale: 0.015625 in 9.95 sec
Epoch 23/100, mean train accuracy: 99.30%, mean test accuracy: 99.25%, lr scale: 0.015625 in 9.90 sec
Epoch 24/100, mean train accuracy: 99.29%, mean test accuracy: 99.23%, lr scale: 0.015625 in 9.92 sec
Epoch 25/100, mean train accuracy: 99.36%, mean test accuracy: 99.19%, lr scale: 0.0078125 in 9.96 sec
Epoch 26/100, mean train accuracy: 99.38%, mean test accuracy: 99.33%, lr scale: 0.0078125 in 9.97 sec
Epoch 27/100, mean train accuracy: 99.37%, mean test accuracy: 99.34%, lr scale: 0.00390625 in 9.97 sec
Epoch 28/100, mean train accuracy: 99.40%, mean test accuracy: 99.30%, lr scale: 0.00390625 in 9.95 sec
Epoch 29/100, mean train accuracy: 99.41%, mean test accuracy: 99.34%, lr scale: 0.001953125 in 9.93 sec
Epoch 30/100, mean train accuracy: 99.42%, mean test accuracy: 99.35%, lr scale: 0.001953125 in 9.93 sec
Epoch 31/100, mean train accuracy: 99.40%, mean test accuracy: 99.34%, lr scale: 0.0009765625 in 9.88 sec
Learning rate reached 1.00E-06, stopping training
Time to train the neural network: 362.41s

Simulation Based Calibration...
Time to perform SBC: 520.09s

Data saved in  /mnt/nfs/nrdata02-users-data/luciano/script/ABC-SBI/examples/Linear-Reg/results_without_kde/K_2/beta_max/pickles/LinearReg_K_2_beta_max_acc_0.99_eps_9.53e+02.xz


--------------------
ITERATION (ACC = 0.99) DONE IN 889.0955016613007 SECONDS!
--------------------




--------------------
K = 2, TRUE_BETA = max, ACCEPT_RATE = 0.975
--------------------


Selection of epsilon star...
epsilon:  858.3076782226562 acceptance rate:  0.9813
epsilon:  776.5833740234375 acceptance rate:  0.9729
Time to select epsilon star: 2.59s

Simulations of the testing dataset...
Time to simulate the testing dataset: 0.97s

Simulations of the training dataset...
Time to simulate the training dataset: 2.42s

Training the neural network...
Initial accuracy: 49.98%, Initial test accuracy: 49.96%
Training for 100 epochs...
Epoch 1/100, mean train accuracy: 79.47%, mean test accuracy: 93.08%, lr scale: 1.0 in 10.15 sec
Epoch 2/100, mean train accuracy: 88.32%, mean test accuracy: 95.80%, lr scale: 1.0 in 9.97 sec
Epoch 3/100, mean train accuracy: 90.27%, mean test accuracy: 91.88%, lr scale: 1.0 in 9.92 sec
Epoch 4/100, mean train accuracy: 92.10%, mean test accuracy: 95.60%, lr scale: 0.5 in 9.86 sec
Epoch 5/100, mean train accuracy: 96.57%, mean test accuracy: 97.52%, lr scale: 0.5 in 10.11 sec
Epoch 6/100, mean train accuracy: 96.53%, mean test accuracy: 96.38%, lr scale: 0.25 in 10.06 sec
Epoch 7/100, mean train accuracy: 97.88%, mean test accuracy: 98.71%, lr scale: 0.25 in 9.95 sec
Epoch 8/100, mean train accuracy: 98.08%, mean test accuracy: 98.74%, lr scale: 0.25 in 9.86 sec
Epoch 9/100, mean train accuracy: 97.95%, mean test accuracy: 98.34%, lr scale: 0.25 in 9.93 sec
Epoch 10/100, mean train accuracy: 98.41%, mean test accuracy: 99.14%, lr scale: 0.125 in 10.16 sec
Epoch 11/100, mean train accuracy: 98.62%, mean test accuracy: 99.10%, lr scale: 0.125 in 10.02 sec
Epoch 12/100, mean train accuracy: 98.84%, mean test accuracy: 99.09%, lr scale: 0.125 in 9.98 sec
Epoch 13/100, mean train accuracy: 98.77%, mean test accuracy: 99.07%, lr scale: 0.125 in 9.95 sec
Epoch 14/100, mean train accuracy: 98.80%, mean test accuracy: 99.01%, lr scale: 0.125 in 10.01 sec
Epoch 15/100, mean train accuracy: 98.77%, mean test accuracy: 99.21%, lr scale: 0.0625 in 10.15 sec
Epoch 16/100, mean train accuracy: 99.10%, mean test accuracy: 99.23%, lr scale: 0.0625 in 9.56 sec
Epoch 17/100, mean train accuracy: 99.18%, mean test accuracy: 99.35%, lr scale: 0.03125 in 10.14 sec
Epoch 18/100, mean train accuracy: 99.24%, mean test accuracy: 99.34%, lr scale: 0.03125 in 9.89 sec
Epoch 19/100, mean train accuracy: 99.26%, mean test accuracy: 99.34%, lr scale: 0.03125 in 9.90 sec
Epoch 20/100, mean train accuracy: 99.25%, mean test accuracy: 99.37%, lr scale: 0.03125 in 9.93 sec
Epoch 21/100, mean train accuracy: 99.31%, mean test accuracy: 99.40%, lr scale: 0.015625 in 9.95 sec
Epoch 22/100, mean train accuracy: 99.35%, mean test accuracy: 99.42%, lr scale: 0.015625 in 9.93 sec
Epoch 23/100, mean train accuracy: 99.35%, mean test accuracy: 99.33%, lr scale: 0.015625 in 9.94 sec
Epoch 24/100, mean train accuracy: 99.34%, mean test accuracy: 99.39%, lr scale: 0.015625 in 9.90 sec
Epoch 25/100, mean train accuracy: 99.35%, mean test accuracy: 97.50%, lr scale: 0.015625 in 9.95 sec
Epoch 26/100, mean train accuracy: 99.34%, mean test accuracy: 99.43%, lr scale: 0.0078125 in 9.94 sec
Epoch 27/100, mean train accuracy: 99.40%, mean test accuracy: 99.40%, lr scale: 0.0078125 in 9.95 sec
Epoch 28/100, mean train accuracy: 99.39%, mean test accuracy: 99.45%, lr scale: 0.00390625 in 9.89 sec
Epoch 29/100, mean train accuracy: 99.41%, mean test accuracy: 99.42%, lr scale: 0.00390625 in 9.94 sec
Epoch 30/100, mean train accuracy: 99.42%, mean test accuracy: 99.44%, lr scale: 0.001953125 in 9.95 sec
Epoch 31/100, mean train accuracy: 99.44%, mean test accuracy: 99.45%, lr scale: 0.001953125 in 9.87 sec
Epoch 32/100, mean train accuracy: 99.43%, mean test accuracy: 99.45%, lr scale: 0.0009765625 in 9.91 sec
Learning rate reached 1.00E-06, stopping training
Time to train the neural network: 375.58s

Simulation Based Calibration...
Time to perform SBC: 514.23s

Data saved in  /mnt/nfs/nrdata02-users-data/luciano/script/ABC-SBI/examples/Linear-Reg/results_without_kde/K_2/beta_max/pickles/LinearReg_K_2_beta_max_acc_0.975_eps_7.77e+02.xz


--------------------
ITERATION (ACC = 0.975) DONE IN 898.0336344242096 SECONDS!
--------------------




--------------------
K = 2, TRUE_BETA = max, ACCEPT_RATE = 0.95
--------------------


Selection of epsilon star...
epsilon:  733.3707885742188 acceptance rate:  0.9698
epsilon:  690.09375 acceptance rate:  0.9643
epsilon:  653.020751953125 acceptance rate:  0.9572
epsilon:  619.63134765625 acceptance rate:  0.95159996
epsilon:  593.16845703125 acceptance rate:  0.95129997
epsilon:  567.4068603515625 acceptance rate:  0.93899995
Time to select epsilon star: 8.59s

Simulations of the testing dataset...
Time to simulate the testing dataset: 0.99s

Simulations of the training dataset...
Time to simulate the training dataset: 2.51s

Training the neural network...
Initial accuracy: 50.87%, Initial test accuracy: 50.73%
Training for 100 epochs...
Epoch 1/100, mean train accuracy: 79.53%, mean test accuracy: 93.41%, lr scale: 1.0 in 10.10 sec
Epoch 2/100, mean train accuracy: 89.71%, mean test accuracy: 91.16%, lr scale: 1.0 in 10.10 sec
Epoch 3/100, mean train accuracy: 92.89%, mean test accuracy: 92.54%, lr scale: 1.0 in 9.94 sec
Epoch 4/100, mean train accuracy: 93.07%, mean test accuracy: 96.52%, lr scale: 1.0 in 9.97 sec
Epoch 5/100, mean train accuracy: 84.67%, mean test accuracy: 63.54%, lr scale: 1.0 in 9.91 sec
Epoch 6/100, mean train accuracy: 68.00%, mean test accuracy: 89.16%, lr scale: 0.5 in 10.15 sec
Epoch 7/100, mean train accuracy: 92.38%, mean test accuracy: 97.20%, lr scale: 0.25 in 9.99 sec
Epoch 8/100, mean train accuracy: 97.11%, mean test accuracy: 97.64%, lr scale: 0.25 in 9.94 sec
Epoch 9/100, mean train accuracy: 97.22%, mean test accuracy: 97.79%, lr scale: 0.25 in 9.92 sec
Epoch 10/100, mean train accuracy: 97.58%, mean test accuracy: 98.16%, lr scale: 0.25 in 10.00 sec
Epoch 11/100, mean train accuracy: 97.67%, mean test accuracy: 98.30%, lr scale: 0.125 in 10.16 sec
Epoch 12/100, mean train accuracy: 98.27%, mean test accuracy: 98.25%, lr scale: 0.125 in 9.97 sec
Epoch 13/100, mean train accuracy: 98.17%, mean test accuracy: 98.49%, lr scale: 0.125 in 9.97 sec
Epoch 14/100, mean train accuracy: 98.42%, mean test accuracy: 98.72%, lr scale: 0.125 in 9.97 sec
Epoch 15/100, mean train accuracy: 98.48%, mean test accuracy: 98.77%, lr scale: 0.0625 in 10.29 sec
Epoch 16/100, mean train accuracy: 98.80%, mean test accuracy: 98.81%, lr scale: 0.0625 in 10.07 sec
Epoch 17/100, mean train accuracy: 98.89%, mean test accuracy: 99.01%, lr scale: 0.03125 in 10.03 sec
Epoch 18/100, mean train accuracy: 99.00%, mean test accuracy: 98.97%, lr scale: 0.03125 in 9.89 sec
Epoch 19/100, mean train accuracy: 99.02%, mean test accuracy: 99.03%, lr scale: 0.03125 in 9.92 sec
Epoch 20/100, mean train accuracy: 99.06%, mean test accuracy: 98.89%, lr scale: 0.03125 in 9.98 sec
Epoch 21/100, mean train accuracy: 99.06%, mean test accuracy: 99.05%, lr scale: 0.015625 in 10.13 sec
Epoch 22/100, mean train accuracy: 99.14%, mean test accuracy: 99.13%, lr scale: 0.015625 in 9.90 sec
Epoch 23/100, mean train accuracy: 99.19%, mean test accuracy: 99.18%, lr scale: 0.0078125 in 9.93 sec
Epoch 24/100, mean train accuracy: 99.22%, mean test accuracy: 99.14%, lr scale: 0.0078125 in 9.90 sec
Epoch 25/100, mean train accuracy: 99.21%, mean test accuracy: 99.19%, lr scale: 0.0078125 in 10.09 sec
Epoch 26/100, mean train accuracy: 99.23%, mean test accuracy: 99.21%, lr scale: 0.00390625 in 9.96 sec
Epoch 27/100, mean train accuracy: 99.26%, mean test accuracy: 99.22%, lr scale: 0.001953125 in 9.92 sec
Epoch 28/100, mean train accuracy: 99.28%, mean test accuracy: 99.23%, lr scale: 0.001953125 in 9.86 sec
Epoch 29/100, mean train accuracy: 99.26%, mean test accuracy: 99.23%, lr scale: 0.001953125 in 9.88 sec
Epoch 30/100, mean train accuracy: 99.29%, mean test accuracy: 99.23%, lr scale: 0.001953125 in 10.15 sec
Epoch 31/100, mean train accuracy: 99.27%, mean test accuracy: 99.24%, lr scale: 0.0009765625 in 9.96 sec
Learning rate reached 1.00E-06, stopping training
Time to train the neural network: 382.14s

Simulation Based Calibration...
Time to perform SBC: 504.40s

Data saved in  /mnt/nfs/nrdata02-users-data/luciano/script/ABC-SBI/examples/Linear-Reg/results_without_kde/K_2/beta_max/pickles/LinearReg_K_2_beta_max_acc_0.95_eps_5.67e+02.xz


--------------------
ITERATION (ACC = 0.95) DONE IN 900.973639011383 SECONDS!
--------------------




--------------------
K = 2, TRUE_BETA = max, ACCEPT_RATE = 0.925
--------------------


Selection of epsilon star...
epsilon:  545.4423828125 acceptance rate:  0.9406
epsilon:  527.4209594726562 acceptance rate:  0.93399996
epsilon:  510.7807922363281 acceptance rate:  0.9267
epsilon:  493.84429931640625 acceptance rate:  0.9228
Time to select epsilon star: 6.17s

Simulations of the testing dataset...
Time to simulate the testing dataset: 0.95s

Simulations of the training dataset...
Time to simulate the training dataset: 2.19s

Training the neural network...
Initial accuracy: 50.06%, Initial test accuracy: 50.08%
Training for 100 epochs...
Epoch 1/100, mean train accuracy: 78.55%, mean test accuracy: 81.23%, lr scale: 1.0 in 9.54 sec
Epoch 2/100, mean train accuracy: 88.77%, mean test accuracy: 84.10%, lr scale: 1.0 in 9.45 sec
Epoch 3/100, mean train accuracy: 91.74%, mean test accuracy: 89.79%, lr scale: 1.0 in 9.45 sec
Epoch 4/100, mean train accuracy: 93.39%, mean test accuracy: 80.48%, lr scale: 1.0 in 9.40 sec
Epoch 5/100, mean train accuracy: 90.45%, mean test accuracy: 84.14%, lr scale: 1.0 in 8.78 sec
Epoch 6/100, mean train accuracy: 89.20%, mean test accuracy: 97.32%, lr scale: 0.5 in 9.22 sec
Epoch 7/100, mean train accuracy: 96.45%, mean test accuracy: 96.40%, lr scale: 0.5 in 12.07 sec
Epoch 8/100, mean train accuracy: 96.70%, mean test accuracy: 97.83%, lr scale: 0.25 in 11.39 sec
Epoch 9/100, mean train accuracy: 97.74%, mean test accuracy: 98.39%, lr scale: 0.25 in 11.53 sec
Epoch 10/100, mean train accuracy: 97.70%, mean test accuracy: 98.25%, lr scale: 0.25 in 9.16 sec
Epoch 11/100, mean train accuracy: 98.24%, mean test accuracy: 98.61%, lr scale: 0.125 in 9.19 sec
Epoch 12/100, mean train accuracy: 98.42%, mean test accuracy: 98.63%, lr scale: 0.125 in 9.84 sec
Epoch 13/100, mean train accuracy: 98.52%, mean test accuracy: 98.80%, lr scale: 0.125 in 10.09 sec
Epoch 14/100, mean train accuracy: 98.58%, mean test accuracy: 98.73%, lr scale: 0.125 in 9.70 sec
Epoch 15/100, mean train accuracy: 98.56%, mean test accuracy: 98.80%, lr scale: 0.125 in 9.67 sec
Epoch 16/100, mean train accuracy: 98.73%, mean test accuracy: 98.89%, lr scale: 0.125 in 9.66 sec
Epoch 17/100, mean train accuracy: 98.49%, mean test accuracy: 98.81%, lr scale: 0.125 in 9.65 sec
Epoch 18/100, mean train accuracy: 98.66%, mean test accuracy: 98.80%, lr scale: 0.125 in 9.75 sec
Epoch 19/100, mean train accuracy: 98.77%, mean test accuracy: 98.90%, lr scale: 0.125 in 9.80 sec
Epoch 20/100, mean train accuracy: 98.62%, mean test accuracy: 98.54%, lr scale: 0.0625 in 9.71 sec
Epoch 21/100, mean train accuracy: 98.96%, mean test accuracy: 98.86%, lr scale: 0.0625 in 9.62 sec
Epoch 22/100, mean train accuracy: 99.11%, mean test accuracy: 99.12%, lr scale: 0.03125 in 9.63 sec
Epoch 23/100, mean train accuracy: 99.09%, mean test accuracy: 99.16%, lr scale: 0.03125 in 9.58 sec
Epoch 24/100, mean train accuracy: 99.12%, mean test accuracy: 99.08%, lr scale: 0.03125 in 9.62 sec
Epoch 25/100, mean train accuracy: 99.18%, mean test accuracy: 99.22%, lr scale: 0.015625 in 9.69 sec
Epoch 26/100, mean train accuracy: 99.22%, mean test accuracy: 99.21%, lr scale: 0.015625 in 9.77 sec
Epoch 27/100, mean train accuracy: 99.24%, mean test accuracy: 99.14%, lr scale: 0.015625 in 9.66 sec
Epoch 28/100, mean train accuracy: 99.24%, mean test accuracy: 99.22%, lr scale: 0.0078125 in 9.62 sec
Epoch 29/100, mean train accuracy: 99.27%, mean test accuracy: 99.26%, lr scale: 0.0078125 in 9.59 sec
Epoch 30/100, mean train accuracy: 99.26%, mean test accuracy: 99.24%, lr scale: 0.0078125 in 9.83 sec
Epoch 31/100, mean train accuracy: 99.31%, mean test accuracy: 99.27%, lr scale: 0.0078125 in 9.60 sec
Epoch 32/100, mean train accuracy: 99.31%, mean test accuracy: 99.23%, lr scale: 0.0078125 in 9.57 sec
Epoch 33/100, mean train accuracy: 99.30%, mean test accuracy: 99.26%, lr scale: 0.00390625 in 9.73 sec
Epoch 34/100, mean train accuracy: 99.32%, mean test accuracy: 99.28%, lr scale: 0.00390625 in 9.71 sec
Epoch 35/100, mean train accuracy: 99.30%, mean test accuracy: 99.30%, lr scale: 0.001953125 in 9.61 sec
Epoch 36/100, mean train accuracy: 99.35%, mean test accuracy: 99.29%, lr scale: 0.0009765625 in 9.59 sec
Learning rate reached 1.00E-06, stopping training
Time to train the neural network: 437.76s

Simulation Based Calibration...
Time to perform SBC: 448.71s

Data saved in  /mnt/nfs/nrdata02-users-data/luciano/script/ABC-SBI/examples/Linear-Reg/results_without_kde/K_2/beta_max/pickles/LinearReg_K_2_beta_max_acc_0.925_eps_4.94e+02.xz


--------------------
ITERATION (ACC = 0.925) DONE IN 897.6390492916107 SECONDS!
--------------------




--------------------
K = 2, TRUE_BETA = max, ACCEPT_RATE = 0.9
--------------------


Selection of epsilon star...
epsilon:  478.883544921875 acceptance rate:  0.91789997
epsilon:  462.0836181640625 acceptance rate:  0.91249996
epsilon:  448.4598083496094 acceptance rate:  0.90889996
epsilon:  434.84625244140625 acceptance rate:  0.8955
Time to select epsilon star: 6.04s

Simulations of the testing dataset...
Time to simulate the testing dataset: 0.92s

Simulations of the training dataset...
Time to simulate the training dataset: 2.05s

Training the neural network...
Initial accuracy: 49.82%, Initial test accuracy: 49.87%
Training for 100 epochs...
Epoch 1/100, mean train accuracy: 79.29%, mean test accuracy: 93.10%, lr scale: 1.0 in 9.48 sec
Epoch 2/100, mean train accuracy: 89.84%, mean test accuracy: 96.94%, lr scale: 1.0 in 9.42 sec
Epoch 3/100, mean train accuracy: 93.84%, mean test accuracy: 91.15%, lr scale: 1.0 in 9.41 sec
Epoch 4/100, mean train accuracy: 92.95%, mean test accuracy: 94.06%, lr scale: 1.0 in 9.44 sec
Epoch 5/100, mean train accuracy: 89.30%, mean test accuracy: 87.05%, lr scale: 1.0 in 9.69 sec
Epoch 6/100, mean train accuracy: 84.75%, mean test accuracy: 96.63%, lr scale: 0.5 in 9.48 sec
Epoch 7/100, mean train accuracy: 96.38%, mean test accuracy: 97.34%, lr scale: 0.5 in 9.49 sec
Epoch 8/100, mean train accuracy: 96.53%, mean test accuracy: 97.41%, lr scale: 0.5 in 9.43 sec
Epoch 9/100, mean train accuracy: 96.75%, mean test accuracy: 98.17%, lr scale: 0.5 in 9.47 sec
Epoch 10/100, mean train accuracy: 96.84%, mean test accuracy: 95.47%, lr scale: 0.25 in 9.49 sec
Epoch 11/100, mean train accuracy: 97.78%, mean test accuracy: 98.56%, lr scale: 0.25 in 9.52 sec
Epoch 12/100, mean train accuracy: 98.33%, mean test accuracy: 98.54%, lr scale: 0.25 in 9.44 sec
Epoch 13/100, mean train accuracy: 98.17%, mean test accuracy: 98.77%, lr scale: 0.25 in 9.39 sec
Epoch 14/100, mean train accuracy: 98.05%, mean test accuracy: 98.76%, lr scale: 0.25 in 8.74 sec
Epoch 15/100, mean train accuracy: 98.05%, mean test accuracy: 98.56%, lr scale: 0.25 in 10.92 sec
Epoch 16/100, mean train accuracy: 97.98%, mean test accuracy: 98.88%, lr scale: 0.125 in 11.85 sec
Epoch 17/100, mean train accuracy: 98.76%, mean test accuracy: 98.84%, lr scale: 0.125 in 11.81 sec
Epoch 18/100, mean train accuracy: 98.81%, mean test accuracy: 98.53%, lr scale: 0.125 in 10.98 sec
Epoch 19/100, mean train accuracy: 98.86%, mean test accuracy: 99.07%, lr scale: 0.0625 in 9.17 sec
Epoch 20/100, mean train accuracy: 98.99%, mean test accuracy: 98.97%, lr scale: 0.0625 in 9.40 sec
Epoch 21/100, mean train accuracy: 99.14%, mean test accuracy: 99.10%, lr scale: 0.0625 in 9.77 sec
Epoch 22/100, mean train accuracy: 99.09%, mean test accuracy: 99.20%, lr scale: 0.03125 in 9.89 sec
Epoch 23/100, mean train accuracy: 99.19%, mean test accuracy: 99.25%, lr scale: 0.03125 in 10.06 sec
Epoch 24/100, mean train accuracy: 99.22%, mean test accuracy: 99.21%, lr scale: 0.03125 in 9.70 sec
Epoch 25/100, mean train accuracy: 99.21%, mean test accuracy: 99.25%, lr scale: 0.015625 in 9.70 sec
Epoch 26/100, mean train accuracy: 99.26%, mean test accuracy: 99.29%, lr scale: 0.015625 in 9.66 sec
Epoch 27/100, mean train accuracy: 99.30%, mean test accuracy: 99.28%, lr scale: 0.015625 in 9.67 sec
Epoch 28/100, mean train accuracy: 99.30%, mean test accuracy: 99.32%, lr scale: 0.015625 in 9.75 sec
Epoch 29/100, mean train accuracy: 99.29%, mean test accuracy: 99.28%, lr scale: 0.0078125 in 9.88 sec
Epoch 30/100, mean train accuracy: 99.34%, mean test accuracy: 99.31%, lr scale: 0.0078125 in 9.74 sec
Epoch 31/100, mean train accuracy: 99.35%, mean test accuracy: 99.31%, lr scale: 0.0078125 in 9.70 sec
Epoch 32/100, mean train accuracy: 99.37%, mean test accuracy: 99.35%, lr scale: 0.00390625 in 9.68 sec
Epoch 33/100, mean train accuracy: 99.36%, mean test accuracy: 99.35%, lr scale: 0.00390625 in 9.65 sec
Epoch 34/100, mean train accuracy: 99.36%, mean test accuracy: 99.34%, lr scale: 0.001953125 in 9.66 sec
Epoch 35/100, mean train accuracy: 99.35%, mean test accuracy: 99.34%, lr scale: 0.001953125 in 9.71 sec
Epoch 36/100, mean train accuracy: 99.37%, mean test accuracy: 99.35%, lr scale: 0.0009765625 in 9.82 sec
Learning rate reached 1.00E-06, stopping training
Time to train the neural network: 436.58s

Simulation Based Calibration...
Time to perform SBC: 455.58s

Data saved in  /mnt/nfs/nrdata02-users-data/luciano/script/ABC-SBI/examples/Linear-Reg/results_without_kde/K_2/beta_max/pickles/LinearReg_K_2_beta_max_acc_0.9_eps_4.35e+02.xz


--------------------
ITERATION (ACC = 0.9) DONE IN 903.0599226951599 SECONDS!
--------------------




--------------------
K = 2, TRUE_BETA = max, ACCEPT_RATE = 0.85
--------------------


Selection of epsilon star...
epsilon:  424.0203857421875 acceptance rate:  0.90129995
epsilon:  411.7718200683594 acceptance rate:  0.8889
epsilon:  399.8299865722656 acceptance rate:  0.8854
epsilon:  388.6816711425781 acceptance rate:  0.88159996
epsilon:  378.6829833984375 acceptance rate:  0.8734
epsilon:  370.16888427734375 acceptance rate:  0.8764
epsilon:  362.3473815917969 acceptance rate:  0.8573
epsilon:  353.9216003417969 acceptance rate:  0.86439997
epsilon:  347.2586364746094 acceptance rate:  0.8663
epsilon:  339.85308837890625 acceptance rate:  0.86139995
epsilon:  332.6191101074219 acceptance rate:  0.8427
Time to select epsilon star: 16.73s

Simulations of the testing dataset...
Time to simulate the testing dataset: 0.93s

Simulations of the training dataset...
Time to simulate the training dataset: 2.15s

Training the neural network...
Initial accuracy: 49.90%, Initial test accuracy: 49.83%
Training for 100 epochs...
Epoch 1/100, mean train accuracy: 75.28%, mean test accuracy: 92.27%, lr scale: 1.0 in 9.56 sec
Epoch 2/100, mean train accuracy: 91.24%, mean test accuracy: 90.79%, lr scale: 1.0 in 9.44 sec
Epoch 3/100, mean train accuracy: 92.51%, mean test accuracy: 95.21%, lr scale: 1.0 in 9.45 sec
Epoch 4/100, mean train accuracy: 90.32%, mean test accuracy: 93.92%, lr scale: 1.0 in 9.48 sec
Epoch 5/100, mean train accuracy: 96.46%, mean test accuracy: 98.07%, lr scale: 0.5 in 9.48 sec
Epoch 6/100, mean train accuracy: 96.74%, mean test accuracy: 96.11%, lr scale: 0.5 in 9.46 sec
Epoch 7/100, mean train accuracy: 96.25%, mean test accuracy: 98.24%, lr scale: 0.5 in 9.49 sec
Epoch 8/100, mean train accuracy: 97.78%, mean test accuracy: 98.32%, lr scale: 0.25 in 9.47 sec
Epoch 9/100, mean train accuracy: 98.03%, mean test accuracy: 98.73%, lr scale: 0.125 in 9.47 sec
Epoch 10/100, mean train accuracy: 98.59%, mean test accuracy: 98.68%, lr scale: 0.125 in 9.51 sec
Epoch 11/100, mean train accuracy: 98.77%, mean test accuracy: 98.91%, lr scale: 0.125 in 9.50 sec
Epoch 12/100, mean train accuracy: 98.59%, mean test accuracy: 98.58%, lr scale: 0.125 in 9.51 sec
Epoch 13/100, mean train accuracy: 98.94%, mean test accuracy: 99.13%, lr scale: 0.0625 in 9.49 sec
Epoch 14/100, mean train accuracy: 98.94%, mean test accuracy: 99.08%, lr scale: 0.0625 in 9.49 sec
Epoch 15/100, mean train accuracy: 99.05%, mean test accuracy: 99.18%, lr scale: 0.03125 in 9.50 sec
Epoch 16/100, mean train accuracy: 99.12%, mean test accuracy: 99.21%, lr scale: 0.03125 in 9.53 sec
Epoch 17/100, mean train accuracy: 99.15%, mean test accuracy: 99.23%, lr scale: 0.03125 in 9.69 sec
Epoch 18/100, mean train accuracy: 99.14%, mean test accuracy: 99.20%, lr scale: 0.015625 in 9.47 sec
Epoch 19/100, mean train accuracy: 99.22%, mean test accuracy: 99.13%, lr scale: 0.015625 in 9.49 sec
Epoch 20/100, mean train accuracy: 99.21%, mean test accuracy: 99.18%, lr scale: 0.015625 in 9.48 sec
Epoch 21/100, mean train accuracy: 99.24%, mean test accuracy: 99.26%, lr scale: 0.0078125 in 9.47 sec
Epoch 22/100, mean train accuracy: 99.28%, mean test accuracy: 99.27%, lr scale: 0.0078125 in 9.45 sec
Epoch 23/100, mean train accuracy: 99.31%, mean test accuracy: 99.32%, lr scale: 0.00390625 in 9.47 sec
Epoch 24/100, mean train accuracy: 99.30%, mean test accuracy: 99.33%, lr scale: 0.00390625 in 9.46 sec
Epoch 25/100, mean train accuracy: 99.31%, mean test accuracy: 99.33%, lr scale: 0.001953125 in 9.47 sec
Epoch 26/100, mean train accuracy: 99.34%, mean test accuracy: 99.34%, lr scale: 0.0009765625 in 9.16 sec
Learning rate reached 1.00E-06, stopping training
Time to train the neural network: 346.41s

Simulation Based Calibration...
Time to perform SBC: 471.42s

Data saved in  /mnt/nfs/nrdata02-users-data/luciano/script/ABC-SBI/examples/Linear-Reg/results_without_kde/K_2/beta_max/pickles/LinearReg_K_2_beta_max_acc_0.85_eps_3.33e+02.xz


--------------------
ITERATION (ACC = 0.85) DONE IN 839.2957999706268 SECONDS!
--------------------




--------------------
K = 2, TRUE_BETA = max, ACCEPT_RATE = 0.8
--------------------


Selection of epsilon star...
epsilon:  323.8468322753906 acceptance rate:  0.84599996
epsilon:  316.3204345703125 acceptance rate:  0.83739996
epsilon:  310.3616638183594 acceptance rate:  0.8384
epsilon:  304.8645935058594 acceptance rate:  0.8315
epsilon:  299.3657531738281 acceptance rate:  0.8297
epsilon:  294.4216003417969 acceptance rate:  0.8269
epsilon:  289.65924072265625 acceptance rate:  0.82339996
epsilon:  283.72528076171875 acceptance rate:  0.819
epsilon:  279.80224609375 acceptance rate:  0.8092
epsilon:  273.4273986816406 acceptance rate:  0.81509995
epsilon:  268.86859130859375 acceptance rate:  0.8085
epsilon:  263.73089599609375 acceptance rate:  0.7934
Time to select epsilon star: 19.83s

Simulations of the testing dataset...
Time to simulate the testing dataset: 0.95s

Simulations of the training dataset...
Time to simulate the training dataset: 1.94s

Training the neural network...
Initial accuracy: 50.63%, Initial test accuracy: 50.72%
Training for 100 epochs...
Epoch 1/100, mean train accuracy: 70.36%, mean test accuracy: 72.62%, lr scale: 1.0 in 9.81 sec
Epoch 2/100, mean train accuracy: 85.68%, mean test accuracy: 93.90%, lr scale: 1.0 in 9.45 sec
Epoch 3/100, mean train accuracy: 92.33%, mean test accuracy: 90.23%, lr scale: 1.0 in 9.53 sec
Epoch 4/100, mean train accuracy: 78.99%, mean test accuracy: 64.31%, lr scale: 1.0 in 9.52 sec
Epoch 5/100, mean train accuracy: 90.26%, mean test accuracy: 96.91%, lr scale: 0.5 in 9.48 sec
Epoch 6/100, mean train accuracy: 95.73%, mean test accuracy: 97.34%, lr scale: 0.5 in 9.49 sec
Epoch 7/100, mean train accuracy: 97.15%, mean test accuracy: 98.23%, lr scale: 0.25 in 9.51 sec
Epoch 8/100, mean train accuracy: 97.57%, mean test accuracy: 98.03%, lr scale: 0.25 in 9.49 sec
Epoch 9/100, mean train accuracy: 97.91%, mean test accuracy: 97.87%, lr scale: 0.25 in 9.47 sec
Epoch 10/100, mean train accuracy: 97.84%, mean test accuracy: 98.25%, lr scale: 0.125 in 9.49 sec
Epoch 11/100, mean train accuracy: 98.50%, mean test accuracy: 98.02%, lr scale: 0.125 in 9.48 sec
Epoch 12/100, mean train accuracy: 98.50%, mean test accuracy: 98.83%, lr scale: 0.0625 in 9.51 sec
Epoch 13/100, mean train accuracy: 98.87%, mean test accuracy: 98.92%, lr scale: 0.0625 in 9.50 sec
Epoch 14/100, mean train accuracy: 98.88%, mean test accuracy: 98.62%, lr scale: 0.0625 in 9.47 sec
Epoch 15/100, mean train accuracy: 98.78%, mean test accuracy: 98.93%, lr scale: 0.0625 in 9.52 sec
Epoch 16/100, mean train accuracy: 98.96%, mean test accuracy: 99.10%, lr scale: 0.03125 in 9.50 sec
Epoch 17/100, mean train accuracy: 99.10%, mean test accuracy: 99.12%, lr scale: 0.03125 in 9.47 sec
Epoch 18/100, mean train accuracy: 99.05%, mean test accuracy: 99.11%, lr scale: 0.03125 in 9.48 sec
Epoch 19/100, mean train accuracy: 99.12%, mean test accuracy: 99.09%, lr scale: 0.015625 in 9.47 sec
Epoch 20/100, mean train accuracy: 99.11%, mean test accuracy: 99.14%, lr scale: 0.015625 in 9.75 sec
Epoch 21/100, mean train accuracy: 99.18%, mean test accuracy: 99.21%, lr scale: 0.0078125 in 9.47 sec
Epoch 22/100, mean train accuracy: 99.22%, mean test accuracy: 99.20%, lr scale: 0.0078125 in 9.48 sec
Epoch 23/100, mean train accuracy: 99.21%, mean test accuracy: 99.24%, lr scale: 0.00390625 in 9.50 sec
Epoch 24/100, mean train accuracy: 99.23%, mean test accuracy: 99.24%, lr scale: 0.001953125 in 9.48 sec
Epoch 25/100, mean train accuracy: 99.24%, mean test accuracy: 99.24%, lr scale: 0.001953125 in 9.44 sec
Epoch 26/100, mean train accuracy: 99.27%, mean test accuracy: 99.25%, lr scale: 0.0009765625 in 9.53 sec
Learning rate reached 1.00E-06, stopping training
Time to train the neural network: 370.34s

Simulation Based Calibration...
Time to perform SBC: 468.37s

Data saved in  /mnt/nfs/nrdata02-users-data/luciano/script/ABC-SBI/examples/Linear-Reg/results_without_kde/K_2/beta_max/pickles/LinearReg_K_2_beta_max_acc_0.8_eps_2.64e+02.xz


--------------------
ITERATION (ACC = 0.8) DONE IN 863.3583574295044 SECONDS!
--------------------




--------------------
K = 2, TRUE_BETA = max, ACCEPT_RATE = 0.75
--------------------


Selection of epsilon star...
epsilon:  259.1932678222656 acceptance rate:  0.80009997
epsilon:  254.93943786621094 acceptance rate:  0.7917
epsilon:  250.7809295654297 acceptance rate:  0.78069997
epsilon:  246.4672393798828 acceptance rate:  0.7866
epsilon:  241.48590087890625 acceptance rate:  0.7761
epsilon:  237.33970642089844 acceptance rate:  0.7741
epsilon:  233.92242431640625 acceptance rate:  0.7711
epsilon:  230.30630493164062 acceptance rate:  0.7685
epsilon:  226.88621520996094 acceptance rate:  0.76589996
epsilon:  223.38436889648438 acceptance rate:  0.7644
epsilon:  220.01644897460938 acceptance rate:  0.7628
epsilon:  216.4093475341797 acceptance rate:  0.7495
Time to select epsilon star: 21.90s

Simulations of the testing dataset...
Time to simulate the testing dataset: 0.94s

Simulations of the training dataset...
Time to simulate the training dataset: 2.30s

Training the neural network...
Initial accuracy: 49.97%, Initial test accuracy: 50.02%
Training for 100 epochs...
Epoch 1/100, mean train accuracy: 77.36%, mean test accuracy: 89.66%, lr scale: 1.0 in 9.52 sec
Epoch 2/100, mean train accuracy: 87.17%, mean test accuracy: 87.65%, lr scale: 1.0 in 9.48 sec
Epoch 3/100, mean train accuracy: 91.94%, mean test accuracy: 96.65%, lr scale: 1.0 in 9.45 sec
Epoch 4/100, mean train accuracy: 93.45%, mean test accuracy: 94.48%, lr scale: 1.0 in 9.45 sec
Epoch 5/100, mean train accuracy: 94.45%, mean test accuracy: 96.63%, lr scale: 1.0 in 9.80 sec
Epoch 6/100, mean train accuracy: 95.86%, mean test accuracy: 97.95%, lr scale: 0.5 in 9.50 sec
Epoch 7/100, mean train accuracy: 97.19%, mean test accuracy: 98.30%, lr scale: 0.5 in 9.49 sec
Epoch 8/100, mean train accuracy: 97.06%, mean test accuracy: 98.28%, lr scale: 0.5 in 9.47 sec
Epoch 9/100, mean train accuracy: 97.63%, mean test accuracy: 98.47%, lr scale: 0.25 in 9.50 sec
Epoch 10/100, mean train accuracy: 98.27%, mean test accuracy: 98.82%, lr scale: 0.25 in 9.48 sec
Epoch 11/100, mean train accuracy: 98.16%, mean test accuracy: 97.58%, lr scale: 0.25 in 9.47 sec
Epoch 12/100, mean train accuracy: 98.15%, mean test accuracy: 95.92%, lr scale: 0.25 in 9.50 sec
Epoch 13/100, mean train accuracy: 98.76%, mean test accuracy: 99.03%, lr scale: 0.125 in 9.48 sec
Epoch 14/100, mean train accuracy: 98.74%, mean test accuracy: 98.61%, lr scale: 0.125 in 9.49 sec
Epoch 15/100, mean train accuracy: 98.99%, mean test accuracy: 98.95%, lr scale: 0.0625 in 9.52 sec
Epoch 16/100, mean train accuracy: 99.00%, mean test accuracy: 99.00%, lr scale: 0.0625 in 9.51 sec
Epoch 17/100, mean train accuracy: 99.08%, mean test accuracy: 99.15%, lr scale: 0.03125 in 9.47 sec
Epoch 18/100, mean train accuracy: 99.14%, mean test accuracy: 99.20%, lr scale: 0.03125 in 9.53 sec
Epoch 19/100, mean train accuracy: 99.12%, mean test accuracy: 99.19%, lr scale: 0.03125 in 9.48 sec
Epoch 20/100, mean train accuracy: 99.16%, mean test accuracy: 99.05%, lr scale: 0.015625 in 9.46 sec
Epoch 21/100, mean train accuracy: 99.18%, mean test accuracy: 99.20%, lr scale: 0.015625 in 9.48 sec
Epoch 22/100, mean train accuracy: 99.19%, mean test accuracy: 99.24%, lr scale: 0.015625 in 9.44 sec
Epoch 23/100, mean train accuracy: 99.22%, mean test accuracy: 99.27%, lr scale: 0.0078125 in 9.45 sec
Epoch 24/100, mean train accuracy: 99.26%, mean test accuracy: 99.24%, lr scale: 0.0078125 in 9.46 sec
Epoch 25/100, mean train accuracy: 99.20%, mean test accuracy: 99.25%, lr scale: 0.0078125 in 9.46 sec
Epoch 26/100, mean train accuracy: 99.23%, mean test accuracy: 99.27%, lr scale: 0.00390625 in 9.66 sec
Epoch 27/100, mean train accuracy: 99.25%, mean test accuracy: 99.28%, lr scale: 0.001953125 in 9.46 sec
Epoch 28/100, mean train accuracy: 99.26%, mean test accuracy: 99.28%, lr scale: 0.001953125 in 9.49 sec
Epoch 29/100, mean train accuracy: 99.29%, mean test accuracy: 99.28%, lr scale: 0.0009765625 in 9.50 sec
Learning rate reached 1.00E-06, stopping training
Time to train the neural network: 418.92s

Simulation Based Calibration...
Time to perform SBC: 464.49s

Data saved in  /mnt/nfs/nrdata02-users-data/luciano/script/ABC-SBI/examples/Linear-Reg/results_without_kde/K_2/beta_max/pickles/LinearReg_K_2_beta_max_acc_0.75_eps_2.16e+02.xz


--------------------
ITERATION (ACC = 0.75) DONE IN 910.4928812980652 SECONDS!
--------------------




--------------------
K = 2, TRUE_BETA = max, ACCEPT_RATE = 0.7
--------------------


Selection of epsilon star...
epsilon:  212.8042449951172 acceptance rate:  0.7466
epsilon:  209.14356994628906 acceptance rate:  0.74899995
epsilon:  206.0963592529297 acceptance rate:  0.7421
epsilon:  202.95785522460938 acceptance rate:  0.738
epsilon:  200.2340850830078 acceptance rate:  0.729
epsilon:  196.69662475585938 acceptance rate:  0.7292
epsilon:  193.8388214111328 acceptance rate:  0.72789997
epsilon:  191.34124755859375 acceptance rate:  0.72529995
epsilon:  188.44125366210938 acceptance rate:  0.7152
epsilon:  185.60690307617188 acceptance rate:  0.71239996
epsilon:  183.07325744628906 acceptance rate:  0.7091
epsilon:  180.2446746826172 acceptance rate:  0.7075
epsilon:  178.0468292236328 acceptance rate:  0.7062
epsilon:  175.68429565429688 acceptance rate:  0.7055
epsilon:  173.26339721679688 acceptance rate:  0.69949996
Time to select epsilon star: 30.21s

Simulations of the testing dataset...
Time to simulate the testing dataset: 0.95s

Simulations of the training dataset...
Time to simulate the training dataset: 2.24s

Training the neural network...
Initial accuracy: 49.57%, Initial test accuracy: 49.60%
Training for 100 epochs...
Epoch 1/100, mean train accuracy: 69.60%, mean test accuracy: 92.07%, lr scale: 1.0 in 9.74 sec
Epoch 2/100, mean train accuracy: 86.57%, mean test accuracy: 89.23%, lr scale: 1.0 in 9.53 sec
Epoch 3/100, mean train accuracy: 93.45%, mean test accuracy: 96.88%, lr scale: 1.0 in 9.35 sec
Epoch 4/100, mean train accuracy: 93.18%, mean test accuracy: 94.77%, lr scale: 1.0 in 9.44 sec
Epoch 5/100, mean train accuracy: 94.40%, mean test accuracy: 89.91%, lr scale: 1.0 in 9.45 sec
Epoch 6/100, mean train accuracy: 95.00%, mean test accuracy: 97.20%, lr scale: 1.0 in 9.41 sec
Epoch 7/100, mean train accuracy: 93.98%, mean test accuracy: 96.76%, lr scale: 1.0 in 9.43 sec
Epoch 8/100, mean train accuracy: 94.67%, mean test accuracy: 97.68%, lr scale: 0.5 in 9.67 sec
Epoch 9/100, mean train accuracy: 96.98%, mean test accuracy: 98.15%, lr scale: 0.5 in 9.46 sec
Epoch 10/100, mean train accuracy: 97.05%, mean test accuracy: 97.73%, lr scale: 0.5 in 9.47 sec
Epoch 11/100, mean train accuracy: 97.78%, mean test accuracy: 98.04%, lr scale: 0.25 in 9.44 sec
Epoch 12/100, mean train accuracy: 97.97%, mean test accuracy: 97.81%, lr scale: 0.25 in 9.48 sec
Epoch 13/100, mean train accuracy: 98.32%, mean test accuracy: 98.50%, lr scale: 0.25 in 9.45 sec
Epoch 14/100, mean train accuracy: 98.66%, mean test accuracy: 98.45%, lr scale: 0.125 in 9.47 sec
Epoch 15/100, mean train accuracy: 98.66%, mean test accuracy: 98.86%, lr scale: 0.125 in 9.50 sec
Epoch 16/100, mean train accuracy: 98.76%, mean test accuracy: 98.93%, lr scale: 0.0625 in 9.47 sec
Epoch 17/100, mean train accuracy: 98.97%, mean test accuracy: 99.02%, lr scale: 0.0625 in 9.46 sec
Epoch 18/100, mean train accuracy: 99.00%, mean test accuracy: 99.10%, lr scale: 0.03125 in 9.49 sec
Epoch 19/100, mean train accuracy: 99.06%, mean test accuracy: 99.10%, lr scale: 0.03125 in 9.43 sec
Epoch 20/100, mean train accuracy: 99.10%, mean test accuracy: 99.10%, lr scale: 0.03125 in 9.46 sec
Epoch 21/100, mean train accuracy: 99.07%, mean test accuracy: 99.07%, lr scale: 0.03125 in 9.47 sec
Epoch 22/100, mean train accuracy: 99.10%, mean test accuracy: 99.07%, lr scale: 0.03125 in 9.49 sec
Epoch 23/100, mean train accuracy: 99.09%, mean test accuracy: 99.12%, lr scale: 0.015625 in 9.46 sec
Epoch 24/100, mean train accuracy: 99.14%, mean test accuracy: 99.14%, lr scale: 0.015625 in 9.42 sec
Epoch 25/100, mean train accuracy: 99.18%, mean test accuracy: 99.16%, lr scale: 0.0078125 in 9.46 sec
Epoch 26/100, mean train accuracy: 99.18%, mean test accuracy: 99.04%, lr scale: 0.0078125 in 9.46 sec
Epoch 27/100, mean train accuracy: 99.20%, mean test accuracy: 99.16%, lr scale: 0.00390625 in 9.47 sec
Epoch 28/100, mean train accuracy: 99.22%, mean test accuracy: 99.17%, lr scale: 0.001953125 in 9.53 sec
Epoch 29/100, mean train accuracy: 99.22%, mean test accuracy: 99.16%, lr scale: 0.001953125 in 9.48 sec
Epoch 30/100, mean train accuracy: 99.20%, mean test accuracy: 99.18%, lr scale: 0.0009765625 in 9.51 sec
Learning rate reached 1.00E-06, stopping training
Time to train the neural network: 470.57s

Simulation Based Calibration...
Time to perform SBC: 471.06s

Data saved in  /mnt/nfs/nrdata02-users-data/luciano/script/ABC-SBI/examples/Linear-Reg/results_without_kde/K_2/beta_max/pickles/LinearReg_K_2_beta_max_acc_0.7_eps_1.73e+02.xz


--------------------
ITERATION (ACC = 0.7) DONE IN 977.2327511310577 SECONDS!
--------------------




--------------------
K = 2, TRUE_BETA = min, ACCEPT_RATE = 1.0
--------------------


Selection of epsilon star...
Distances: min =  1.9677047 max =  2002.6857 mean =  241.64217 std =  238.52179
Time to select epsilon star: 1.06s

Simulations of the testing dataset...
Time to simulate the testing dataset: 0.96s

Simulations of the training dataset...
Time to simulate the training dataset: 1.83s

Training the neural network...
Initial accuracy: 49.82%, Initial test accuracy: 49.83%
Training for 100 epochs...
Epoch 1/100, mean train accuracy: 78.89%, mean test accuracy: 93.95%, lr scale: 1.0 in 9.83 sec
Epoch 2/100, mean train accuracy: 91.56%, mean test accuracy: 93.82%, lr scale: 1.0 in 9.67 sec
Epoch 3/100, mean train accuracy: 93.04%, mean test accuracy: 95.64%, lr scale: 1.0 in 9.67 sec
Epoch 4/100, mean train accuracy: 93.12%, mean test accuracy: 95.51%, lr scale: 1.0 in 9.68 sec
Epoch 5/100, mean train accuracy: 78.56%, mean test accuracy: 95.30%, lr scale: 0.5 in 9.64 sec
Epoch 6/100, mean train accuracy: 95.08%, mean test accuracy: 95.32%, lr scale: 0.5 in 9.69 sec
Epoch 7/100, mean train accuracy: 95.84%, mean test accuracy: 97.50%, lr scale: 0.5 in 9.87 sec
Epoch 8/100, mean train accuracy: 96.86%, mean test accuracy: 97.09%, lr scale: 0.5 in 9.76 sec
Epoch 9/100, mean train accuracy: 96.91%, mean test accuracy: 98.07%, lr scale: 0.25 in 9.71 sec
Epoch 10/100, mean train accuracy: 98.16%, mean test accuracy: 98.17%, lr scale: 0.25 in 9.70 sec
Epoch 11/100, mean train accuracy: 97.90%, mean test accuracy: 98.53%, lr scale: 0.25 in 9.65 sec
Epoch 12/100, mean train accuracy: 98.30%, mean test accuracy: 98.81%, lr scale: 0.125 in 9.67 sec
Epoch 13/100, mean train accuracy: 98.73%, mean test accuracy: 98.83%, lr scale: 0.125 in 9.73 sec
Epoch 14/100, mean train accuracy: 98.68%, mean test accuracy: 98.41%, lr scale: 0.125 in 9.82 sec
Epoch 15/100, mean train accuracy: 98.87%, mean test accuracy: 99.11%, lr scale: 0.0625 in 9.80 sec
Epoch 16/100, mean train accuracy: 99.02%, mean test accuracy: 99.06%, lr scale: 0.0625 in 9.72 sec
Epoch 17/100, mean train accuracy: 99.03%, mean test accuracy: 99.06%, lr scale: 0.0625 in 9.96 sec
Epoch 18/100, mean train accuracy: 99.06%, mean test accuracy: 99.12%, lr scale: 0.0625 in 9.70 sec
Epoch 19/100, mean train accuracy: 99.11%, mean test accuracy: 99.22%, lr scale: 0.03125 in 9.64 sec
Epoch 20/100, mean train accuracy: 99.20%, mean test accuracy: 99.28%, lr scale: 0.03125 in 9.59 sec
Epoch 21/100, mean train accuracy: 99.22%, mean test accuracy: 99.22%, lr scale: 0.03125 in 9.71 sec
Epoch 22/100, mean train accuracy: 99.24%, mean test accuracy: 99.29%, lr scale: 0.015625 in 9.82 sec
Epoch 23/100, mean train accuracy: 99.34%, mean test accuracy: 99.17%, lr scale: 0.015625 in 9.76 sec
Epoch 24/100, mean train accuracy: 99.34%, mean test accuracy: 99.35%, lr scale: 0.0078125 in 9.66 sec
Epoch 25/100, mean train accuracy: 99.35%, mean test accuracy: 99.35%, lr scale: 0.00390625 in 9.68 sec
Epoch 26/100, mean train accuracy: 99.37%, mean test accuracy: 99.37%, lr scale: 0.00390625 in 9.67 sec
Epoch 27/100, mean train accuracy: 99.39%, mean test accuracy: 99.37%, lr scale: 0.00390625 in 9.38 sec
Epoch 28/100, mean train accuracy: 99.41%, mean test accuracy: 99.37%, lr scale: 0.00390625 in 9.43 sec
Epoch 29/100, mean train accuracy: 99.40%, mean test accuracy: 99.38%, lr scale: 0.001953125 in 9.45 sec
Epoch 30/100, mean train accuracy: 99.43%, mean test accuracy: 99.37%, lr scale: 0.001953125 in 9.47 sec
Epoch 31/100, mean train accuracy: 99.41%, mean test accuracy: 99.38%, lr scale: 0.0009765625 in 9.45 sec
Learning rate reached 1.00E-06, stopping training
Time to train the neural network: 327.18s

Simulation Based Calibration...
Time to perform SBC: 440.98s

Data saved in  /mnt/nfs/nrdata02-users-data/luciano/script/ABC-SBI/examples/Linear-Reg/results_without_kde/K_2/beta_min/pickles/LinearReg_K_2_beta_min_acc_1.0_eps_inf.xz


--------------------
ITERATION (ACC = 1.0) DONE IN 773.7856101989746 SECONDS!
--------------------




--------------------
K = 2, TRUE_BETA = min, ACCEPT_RATE = 0.999
--------------------


Selection of epsilon star...
Distances: min =  2.0259113 max =  2266.227 mean =  241.52167 std =  233.70943
epsilon:  1051.9542236328125 acceptance rate:  0.9912
Time to select epsilon star: 1.66s

Simulations of the testing dataset...
Time to simulate the testing dataset: 0.84s

Simulations of the training dataset...
Time to simulate the training dataset: 1.88s

Training the neural network...
Initial accuracy: 50.20%, Initial test accuracy: 50.25%
Training for 100 epochs...
Epoch 1/100, mean train accuracy: 75.58%, mean test accuracy: 94.63%, lr scale: 1.0 in 12.19 sec
Epoch 2/100, mean train accuracy: 88.43%, mean test accuracy: 82.52%, lr scale: 1.0 in 12.76 sec
Epoch 3/100, mean train accuracy: 91.49%, mean test accuracy: 97.65%, lr scale: 1.0 in 12.51 sec
Epoch 4/100, mean train accuracy: 90.37%, mean test accuracy: 92.51%, lr scale: 1.0 in 12.46 sec
Epoch 5/100, mean train accuracy: 95.57%, mean test accuracy: 94.97%, lr scale: 0.5 in 9.41 sec
Epoch 6/100, mean train accuracy: 96.95%, mean test accuracy: 97.82%, lr scale: 0.5 in 9.16 sec
Epoch 7/100, mean train accuracy: 96.66%, mean test accuracy: 97.47%, lr scale: 0.5 in 9.71 sec
Epoch 8/100, mean train accuracy: 98.11%, mean test accuracy: 98.71%, lr scale: 0.25 in 9.65 sec
Epoch 9/100, mean train accuracy: 98.22%, mean test accuracy: 98.95%, lr scale: 0.125 in 9.67 sec
Epoch 10/100, mean train accuracy: 98.64%, mean test accuracy: 98.83%, lr scale: 0.125 in 9.71 sec
Epoch 11/100, mean train accuracy: 98.89%, mean test accuracy: 99.22%, lr scale: 0.0625 in 9.65 sec
Epoch 12/100, mean train accuracy: 99.17%, mean test accuracy: 99.15%, lr scale: 0.0625 in 9.74 sec
Epoch 13/100, mean train accuracy: 99.06%, mean test accuracy: 97.84%, lr scale: 0.0625 in 9.90 sec
Epoch 14/100, mean train accuracy: 99.16%, mean test accuracy: 99.27%, lr scale: 0.0625 in 9.76 sec
Epoch 15/100, mean train accuracy: 99.17%, mean test accuracy: 99.29%, lr scale: 0.03125 in 9.73 sec
Epoch 16/100, mean train accuracy: 99.26%, mean test accuracy: 99.31%, lr scale: 0.03125 in 9.61 sec
Epoch 17/100, mean train accuracy: 99.28%, mean test accuracy: 99.35%, lr scale: 0.03125 in 9.71 sec
Epoch 18/100, mean train accuracy: 99.32%, mean test accuracy: 99.43%, lr scale: 0.015625 in 9.67 sec
Epoch 19/100, mean train accuracy: 99.35%, mean test accuracy: 99.42%, lr scale: 0.015625 in 9.73 sec
Epoch 20/100, mean train accuracy: 99.37%, mean test accuracy: 99.43%, lr scale: 0.0078125 in 9.77 sec
Epoch 21/100, mean train accuracy: 99.41%, mean test accuracy: 99.42%, lr scale: 0.0078125 in 9.81 sec
Epoch 22/100, mean train accuracy: 99.43%, mean test accuracy: 99.40%, lr scale: 0.0078125 in 9.75 sec
Epoch 23/100, mean train accuracy: 99.42%, mean test accuracy: 99.46%, lr scale: 0.00390625 in 9.72 sec
Epoch 24/100, mean train accuracy: 99.45%, mean test accuracy: 99.45%, lr scale: 0.00390625 in 9.91 sec
Epoch 25/100, mean train accuracy: 99.46%, mean test accuracy: 99.46%, lr scale: 0.001953125 in 9.66 sec
Epoch 26/100, mean train accuracy: 99.45%, mean test accuracy: 99.47%, lr scale: 0.0009765625 in 9.68 sec
Learning rate reached 1.00E-06, stopping training
Time to train the neural network: 317.07s

Simulation Based Calibration...
Time to perform SBC: 453.45s

Data saved in  /mnt/nfs/nrdata02-users-data/luciano/script/ABC-SBI/examples/Linear-Reg/results_without_kde/K_2/beta_min/pickles/LinearReg_K_2_beta_min_acc_0.999_eps_1.05e+03.xz


--------------------
ITERATION (ACC = 0.999) DONE IN 776.7268438339233 SECONDS!
--------------------




--------------------
K = 2, TRUE_BETA = min, ACCEPT_RATE = 0.99
--------------------


Selection of epsilon star...
epsilon:  920.9805908203125 acceptance rate:  0.98399997
Time to select epsilon star: 1.48s

Simulations of the testing dataset...
Time to simulate the testing dataset: 0.94s

Simulations of the training dataset...
Time to simulate the training dataset: 1.98s

Training the neural network...
Initial accuracy: 50.46%, Initial test accuracy: 50.35%
Training for 100 epochs...
Epoch 1/100, mean train accuracy: 79.34%, mean test accuracy: 84.18%, lr scale: 1.0 in 9.54 sec
Epoch 2/100, mean train accuracy: 85.53%, mean test accuracy: 88.84%, lr scale: 1.0 in 9.45 sec
Epoch 3/100, mean train accuracy: 84.99%, mean test accuracy: 97.11%, lr scale: 1.0 in 9.48 sec
Epoch 4/100, mean train accuracy: 94.64%, mean test accuracy: 97.29%, lr scale: 0.5 in 9.43 sec
Epoch 5/100, mean train accuracy: 96.20%, mean test accuracy: 97.47%, lr scale: 0.5 in 9.45 sec
Epoch 6/100, mean train accuracy: 96.58%, mean test accuracy: 97.48%, lr scale: 0.5 in 9.49 sec
Epoch 7/100, mean train accuracy: 96.58%, mean test accuracy: 98.21%, lr scale: 0.25 in 9.48 sec
Epoch 8/100, mean train accuracy: 97.85%, mean test accuracy: 98.40%, lr scale: 0.25 in 9.47 sec
Epoch 9/100, mean train accuracy: 97.74%, mean test accuracy: 98.14%, lr scale: 0.25 in 9.50 sec
Epoch 10/100, mean train accuracy: 98.28%, mean test accuracy: 98.66%, lr scale: 0.25 in 9.45 sec
Epoch 11/100, mean train accuracy: 98.20%, mean test accuracy: 98.71%, lr scale: 0.125 in 9.48 sec
Epoch 12/100, mean train accuracy: 98.67%, mean test accuracy: 98.87%, lr scale: 0.125 in 9.48 sec
Epoch 13/100, mean train accuracy: 98.66%, mean test accuracy: 98.94%, lr scale: 0.125 in 9.78 sec
Epoch 14/100, mean train accuracy: 98.80%, mean test accuracy: 98.96%, lr scale: 0.125 in 9.47 sec
Epoch 15/100, mean train accuracy: 98.80%, mean test accuracy: 99.04%, lr scale: 0.125 in 9.47 sec
Epoch 16/100, mean train accuracy: 98.75%, mean test accuracy: 99.04%, lr scale: 0.125 in 9.50 sec
Epoch 17/100, mean train accuracy: 98.64%, mean test accuracy: 98.01%, lr scale: 0.125 in 9.48 sec
Epoch 18/100, mean train accuracy: 99.04%, mean test accuracy: 99.24%, lr scale: 0.0625 in 9.48 sec
Epoch 19/100, mean train accuracy: 99.10%, mean test accuracy: 99.01%, lr scale: 0.0625 in 9.50 sec
Epoch 20/100, mean train accuracy: 99.18%, mean test accuracy: 99.21%, lr scale: 0.03125 in 9.44 sec
Epoch 21/100, mean train accuracy: 99.23%, mean test accuracy: 99.24%, lr scale: 0.03125 in 8.82 sec
Epoch 22/100, mean train accuracy: 99.25%, mean test accuracy: 99.23%, lr scale: 0.03125 in 10.42 sec
Epoch 23/100, mean train accuracy: 99.29%, mean test accuracy: 99.18%, lr scale: 0.03125 in 9.20 sec
Epoch 24/100, mean train accuracy: 99.27%, mean test accuracy: 99.24%, lr scale: 0.03125 in 9.49 sec
Epoch 25/100, mean train accuracy: 99.31%, mean test accuracy: 99.31%, lr scale: 0.015625 in 9.68 sec
Epoch 26/100, mean train accuracy: 99.33%, mean test accuracy: 99.33%, lr scale: 0.0078125 in 9.70 sec
Epoch 27/100, mean train accuracy: 99.40%, mean test accuracy: 99.36%, lr scale: 0.0078125 in 9.85 sec
Epoch 28/100, mean train accuracy: 99.39%, mean test accuracy: 99.36%, lr scale: 0.0078125 in 9.78 sec
Epoch 29/100, mean train accuracy: 99.39%, mean test accuracy: 99.39%, lr scale: 0.0078125 in 9.75 sec
Epoch 30/100, mean train accuracy: 99.42%, mean test accuracy: 99.38%, lr scale: 0.00390625 in 9.69 sec
Epoch 31/100, mean train accuracy: 99.41%, mean test accuracy: 99.42%, lr scale: 0.00390625 in 9.69 sec
Epoch 32/100, mean train accuracy: 99.42%, mean test accuracy: 99.37%, lr scale: 0.001953125 in 9.67 sec
Epoch 33/100, mean train accuracy: 99.45%, mean test accuracy: 99.42%, lr scale: 0.001953125 in 9.70 sec
Epoch 34/100, mean train accuracy: 99.42%, mean test accuracy: 99.42%, lr scale: 0.0009765625 in 9.70 sec
Learning rate reached 1.00E-06, stopping training
Time to train the neural network: 373.79s

Simulation Based Calibration...
Time to perform SBC: 459.21s

Data saved in  /mnt/nfs/nrdata02-users-data/luciano/script/ABC-SBI/examples/Linear-Reg/results_without_kde/K_2/beta_min/pickles/LinearReg_K_2_beta_min_acc_0.99_eps_9.21e+02.xz


--------------------
ITERATION (ACC = 0.99) DONE IN 839.2562379837036 SECONDS!
--------------------




--------------------
K = 2, TRUE_BETA = min, ACCEPT_RATE = 0.975
--------------------


Selection of epsilon star...
epsilon:  830.009521484375 acceptance rate:  0.9762
epsilon:  764.675048828125 acceptance rate:  0.9741
Time to select epsilon star: 2.81s

Simulations of the testing dataset...
Time to simulate the testing dataset: 1.17s

Simulations of the training dataset...
Time to simulate the training dataset: 1.97s

Training the neural network...
Initial accuracy: 49.95%, Initial test accuracy: 49.97%
Training for 100 epochs...
Epoch 1/100, mean train accuracy: 80.89%, mean test accuracy: 89.42%, lr scale: 1.0 in 9.55 sec
Epoch 2/100, mean train accuracy: 88.60%, mean test accuracy: 76.13%, lr scale: 1.0 in 9.47 sec
Epoch 3/100, mean train accuracy: 93.02%, mean test accuracy: 96.19%, lr scale: 1.0 in 9.50 sec
Epoch 4/100, mean train accuracy: 93.73%, mean test accuracy: 94.63%, lr scale: 1.0 in 9.46 sec
Epoch 5/100, mean train accuracy: 91.69%, mean test accuracy: 97.57%, lr scale: 0.5 in 9.46 sec
Epoch 6/100, mean train accuracy: 96.18%, mean test accuracy: 97.08%, lr scale: 0.5 in 9.46 sec
Epoch 7/100, mean train accuracy: 96.74%, mean test accuracy: 96.29%, lr scale: 0.5 in 9.45 sec
Epoch 8/100, mean train accuracy: 89.91%, mean test accuracy: 87.35%, lr scale: 0.5 in 9.47 sec
Epoch 9/100, mean train accuracy: 96.13%, mean test accuracy: 98.15%, lr scale: 0.25 in 9.47 sec
Epoch 10/100, mean train accuracy: 97.74%, mean test accuracy: 98.59%, lr scale: 0.25 in 9.48 sec
Epoch 11/100, mean train accuracy: 97.37%, mean test accuracy: 98.20%, lr scale: 0.25 in 9.47 sec
Epoch 12/100, mean train accuracy: 97.84%, mean test accuracy: 98.32%, lr scale: 0.25 in 9.52 sec
Epoch 13/100, mean train accuracy: 97.81%, mean test accuracy: 98.51%, lr scale: 0.125 in 9.47 sec
Epoch 14/100, mean train accuracy: 98.46%, mean test accuracy: 98.61%, lr scale: 0.125 in 9.50 sec
Epoch 15/100, mean train accuracy: 98.83%, mean test accuracy: 98.85%, lr scale: 0.0625 in 9.50 sec
Epoch 16/100, mean train accuracy: 98.76%, mean test accuracy: 98.61%, lr scale: 0.0625 in 9.46 sec
Epoch 17/100, mean train accuracy: 98.94%, mean test accuracy: 98.91%, lr scale: 0.03125 in 9.43 sec
Epoch 18/100, mean train accuracy: 99.02%, mean test accuracy: 98.92%, lr scale: 0.03125 in 9.75 sec
Epoch 19/100, mean train accuracy: 99.09%, mean test accuracy: 99.01%, lr scale: 0.015625 in 9.47 sec
Epoch 20/100, mean train accuracy: 99.13%, mean test accuracy: 99.10%, lr scale: 0.015625 in 9.47 sec
Epoch 21/100, mean train accuracy: 99.14%, mean test accuracy: 99.12%, lr scale: 0.015625 in 9.49 sec
Epoch 22/100, mean train accuracy: 99.18%, mean test accuracy: 99.14%, lr scale: 0.0078125 in 9.48 sec
Epoch 23/100, mean train accuracy: 99.22%, mean test accuracy: 99.19%, lr scale: 0.00390625 in 9.47 sec
Epoch 24/100, mean train accuracy: 99.24%, mean test accuracy: 99.21%, lr scale: 0.00390625 in 9.47 sec
Epoch 25/100, mean train accuracy: 99.28%, mean test accuracy: 99.21%, lr scale: 0.00390625 in 9.44 sec
Epoch 26/100, mean train accuracy: 99.23%, mean test accuracy: 99.20%, lr scale: 0.001953125 in 9.45 sec
Epoch 27/100, mean train accuracy: 99.26%, mean test accuracy: 99.22%, lr scale: 0.001953125 in 9.43 sec
Epoch 28/100, mean train accuracy: 99.28%, mean test accuracy: 99.22%, lr scale: 0.0009765625 in 9.45 sec
Learning rate reached 1.00E-06, stopping training
Time to train the neural network: 321.75s

Simulation Based Calibration...
Time to perform SBC: 458.96s

Data saved in  /mnt/nfs/nrdata02-users-data/luciano/script/ABC-SBI/examples/Linear-Reg/results_without_kde/K_2/beta_min/pickles/LinearReg_K_2_beta_min_acc_0.975_eps_7.65e+02.xz


--------------------
ITERATION (ACC = 0.975) DONE IN 788.5895547866821 SECONDS!
--------------------




--------------------
K = 2, TRUE_BETA = min, ACCEPT_RATE = 0.95
--------------------


Selection of epsilon star...
epsilon:  720.1846313476562 acceptance rate:  0.96629995
epsilon:  682.0390625 acceptance rate:  0.96269995
epsilon:  645.7583618164062 acceptance rate:  0.95379996
epsilon:  616.0414428710938 acceptance rate:  0.95239997
epsilon:  590.2734985351562 acceptance rate:  0.9404
Time to select epsilon star: 7.03s

Simulations of the testing dataset...
Time to simulate the testing dataset: 0.99s

Simulations of the training dataset...
Time to simulate the training dataset: 2.29s

Training the neural network...
Initial accuracy: 49.33%, Initial test accuracy: 49.37%
Training for 100 epochs...
Epoch 1/100, mean train accuracy: 72.76%, mean test accuracy: 92.51%, lr scale: 1.0 in 9.91 sec
Epoch 2/100, mean train accuracy: 88.96%, mean test accuracy: 92.82%, lr scale: 1.0 in 9.70 sec
Epoch 3/100, mean train accuracy: 91.66%, mean test accuracy: 96.67%, lr scale: 1.0 in 9.67 sec
Epoch 4/100, mean train accuracy: 94.24%, mean test accuracy: 92.98%, lr scale: 1.0 in 9.28 sec
Epoch 5/100, mean train accuracy: 92.53%, mean test accuracy: 97.04%, lr scale: 0.5 in 9.46 sec
Epoch 6/100, mean train accuracy: 96.94%, mean test accuracy: 97.82%, lr scale: 0.5 in 9.42 sec
Epoch 7/100, mean train accuracy: 96.90%, mean test accuracy: 96.65%, lr scale: 0.5 in 9.69 sec
Epoch 8/100, mean train accuracy: 96.79%, mean test accuracy: 97.50%, lr scale: 0.5 in 9.46 sec
Epoch 9/100, mean train accuracy: 96.94%, mean test accuracy: 98.20%, lr scale: 0.25 in 9.46 sec
Epoch 10/100, mean train accuracy: 98.12%, mean test accuracy: 97.66%, lr scale: 0.25 in 9.50 sec
Epoch 11/100, mean train accuracy: 98.00%, mean test accuracy: 96.56%, lr scale: 0.25 in 9.45 sec
Epoch 12/100, mean train accuracy: 98.03%, mean test accuracy: 98.94%, lr scale: 0.25 in 9.46 sec
Epoch 13/100, mean train accuracy: 97.89%, mean test accuracy: 98.72%, lr scale: 0.25 in 9.51 sec
Epoch 14/100, mean train accuracy: 98.66%, mean test accuracy: 98.86%, lr scale: 0.125 in 9.47 sec
Epoch 15/100, mean train accuracy: 98.85%, mean test accuracy: 98.98%, lr scale: 0.125 in 9.44 sec
Epoch 16/100, mean train accuracy: 99.07%, mean test accuracy: 99.05%, lr scale: 0.0625 in 9.52 sec
Epoch 17/100, mean train accuracy: 99.14%, mean test accuracy: 99.21%, lr scale: 0.03125 in 9.50 sec
Epoch 18/100, mean train accuracy: 99.22%, mean test accuracy: 99.14%, lr scale: 0.03125 in 9.47 sec
Epoch 19/100, mean train accuracy: 99.25%, mean test accuracy: 99.17%, lr scale: 0.03125 in 9.46 sec
Epoch 20/100, mean train accuracy: 99.27%, mean test accuracy: 99.26%, lr scale: 0.03125 in 9.49 sec
Epoch 21/100, mean train accuracy: 99.28%, mean test accuracy: 99.20%, lr scale: 0.015625 in 9.47 sec
Epoch 22/100, mean train accuracy: 99.32%, mean test accuracy: 99.30%, lr scale: 0.015625 in 9.48 sec
Epoch 23/100, mean train accuracy: 99.34%, mean test accuracy: 99.26%, lr scale: 0.015625 in 9.49 sec
Epoch 24/100, mean train accuracy: 99.32%, mean test accuracy: 99.33%, lr scale: 0.015625 in 9.47 sec
Epoch 25/100, mean train accuracy: 99.36%, mean test accuracy: 99.34%, lr scale: 0.0078125 in 9.51 sec
Epoch 26/100, mean train accuracy: 99.36%, mean test accuracy: 99.37%, lr scale: 0.0078125 in 9.46 sec
Epoch 27/100, mean train accuracy: 99.41%, mean test accuracy: 99.38%, lr scale: 0.00390625 in 9.49 sec
Epoch 28/100, mean train accuracy: 99.38%, mean test accuracy: 99.34%, lr scale: 0.00390625 in 9.47 sec
Epoch 29/100, mean train accuracy: 99.41%, mean test accuracy: 99.37%, lr scale: 0.001953125 in 9.51 sec
Epoch 30/100, mean train accuracy: 99.41%, mean test accuracy: 99.39%, lr scale: 0.0009765625 in 9.52 sec
Learning rate reached 1.00E-06, stopping training
Time to train the neural network: 345.97s

Simulation Based Calibration...
Time to perform SBC: 452.95s

Data saved in  /mnt/nfs/nrdata02-users-data/luciano/script/ABC-SBI/examples/Linear-Reg/results_without_kde/K_2/beta_min/pickles/LinearReg_K_2_beta_min_acc_0.95_eps_5.9e+02.xz


--------------------
ITERATION (ACC = 0.95) DONE IN 811.4212446212769 SECONDS!
--------------------




--------------------
K = 2, TRUE_BETA = min, ACCEPT_RATE = 0.925
--------------------


Selection of epsilon star...
epsilon:  565.6475219726562 acceptance rate:  0.9413
epsilon:  542.689453125 acceptance rate:  0.93299997
epsilon:  522.6817626953125 acceptance rate:  0.9241
Time to select epsilon star: 4.61s

Simulations of the testing dataset...
Time to simulate the testing dataset: 0.94s

Simulations of the training dataset...
Time to simulate the training dataset: 2.27s

Training the neural network...
Initial accuracy: 48.80%, Initial test accuracy: 48.81%
Training for 100 epochs...
Epoch 1/100, mean train accuracy: 76.64%, mean test accuracy: 91.16%, lr scale: 1.0 in 9.72 sec
Epoch 2/100, mean train accuracy: 89.43%, mean test accuracy: 95.06%, lr scale: 1.0 in 9.68 sec
Epoch 3/100, mean train accuracy: 71.00%, mean test accuracy: 59.99%, lr scale: 1.0 in 9.72 sec
Epoch 4/100, mean train accuracy: 58.11%, mean test accuracy: 67.92%, lr scale: 0.5 in 9.76 sec
Epoch 5/100, mean train accuracy: 63.33%, mean test accuracy: 66.48%, lr scale: 0.5 in 9.70 sec
Epoch 6/100, mean train accuracy: 89.52%, mean test accuracy: 90.96%, lr scale: 0.25 in 9.65 sec
Epoch 7/100, mean train accuracy: 96.15%, mean test accuracy: 97.76%, lr scale: 0.25 in 9.59 sec
Epoch 8/100, mean train accuracy: 96.85%, mean test accuracy: 97.73%, lr scale: 0.25 in 9.64 sec
Epoch 9/100, mean train accuracy: 97.27%, mean test accuracy: 94.81%, lr scale: 0.25 in 9.66 sec
Epoch 10/100, mean train accuracy: 97.21%, mean test accuracy: 98.08%, lr scale: 0.25 in 9.67 sec
Epoch 11/100, mean train accuracy: 97.55%, mean test accuracy: 98.34%, lr scale: 0.25 in 9.78 sec
Epoch 12/100, mean train accuracy: 97.83%, mean test accuracy: 98.61%, lr scale: 0.125 in 9.74 sec
Epoch 13/100, mean train accuracy: 98.47%, mean test accuracy: 97.98%, lr scale: 0.125 in 9.68 sec
Epoch 14/100, mean train accuracy: 98.22%, mean test accuracy: 98.27%, lr scale: 0.125 in 9.70 sec
Epoch 15/100, mean train accuracy: 98.48%, mean test accuracy: 98.88%, lr scale: 0.125 in 9.69 sec
Epoch 16/100, mean train accuracy: 98.59%, mean test accuracy: 98.83%, lr scale: 0.0625 in 9.69 sec
Epoch 17/100, mean train accuracy: 98.82%, mean test accuracy: 98.99%, lr scale: 0.0625 in 9.67 sec
Epoch 18/100, mean train accuracy: 99.00%, mean test accuracy: 99.02%, lr scale: 0.03125 in 9.75 sec
Epoch 19/100, mean train accuracy: 99.11%, mean test accuracy: 99.14%, lr scale: 0.03125 in 9.87 sec
Epoch 20/100, mean train accuracy: 99.15%, mean test accuracy: 99.17%, lr scale: 0.015625 in 9.19 sec
Epoch 21/100, mean train accuracy: 99.22%, mean test accuracy: 99.15%, lr scale: 0.015625 in 9.69 sec
Epoch 22/100, mean train accuracy: 99.23%, mean test accuracy: 99.09%, lr scale: 0.015625 in 9.47 sec
Epoch 23/100, mean train accuracy: 99.25%, mean test accuracy: 99.23%, lr scale: 0.0078125 in 9.46 sec
Epoch 24/100, mean train accuracy: 99.27%, mean test accuracy: 99.25%, lr scale: 0.0078125 in 9.45 sec
Epoch 25/100, mean train accuracy: 99.25%, mean test accuracy: 99.27%, lr scale: 0.00390625 in 9.47 sec
Epoch 26/100, mean train accuracy: 99.31%, mean test accuracy: 99.27%, lr scale: 0.00390625 in 9.49 sec
Epoch 27/100, mean train accuracy: 99.35%, mean test accuracy: 99.27%, lr scale: 0.00390625 in 9.50 sec
Epoch 28/100, mean train accuracy: 99.30%, mean test accuracy: 99.30%, lr scale: 0.00390625 in 9.46 sec
Epoch 29/100, mean train accuracy: 99.31%, mean test accuracy: 99.30%, lr scale: 0.001953125 in 9.48 sec
Epoch 30/100, mean train accuracy: 99.33%, mean test accuracy: 99.30%, lr scale: 0.0009765625 in 9.45 sec
Learning rate reached 1.00E-06, stopping training
Time to train the neural network: 363.51s

Simulation Based Calibration...
Time to perform SBC: 447.31s

Data saved in  /mnt/nfs/nrdata02-users-data/luciano/script/ABC-SBI/examples/Linear-Reg/results_without_kde/K_2/beta_min/pickles/LinearReg_K_2_beta_min_acc_0.925_eps_5.23e+02.xz


--------------------
ITERATION (ACC = 0.925) DONE IN 820.5508341789246 SECONDS!
--------------------




--------------------
K = 2, TRUE_BETA = min, ACCEPT_RATE = 0.9
--------------------


Selection of epsilon star...
epsilon:  505.0584716796875 acceptance rate:  0.9158
epsilon:  488.9168701171875 acceptance rate:  0.917
epsilon:  472.6564636230469 acceptance rate:  0.90779996
epsilon:  456.82806396484375 acceptance rate:  0.8973
Time to select epsilon star: 6.01s

Simulations of the testing dataset...
Time to simulate the testing dataset: 0.96s

Simulations of the training dataset...
Time to simulate the training dataset: 2.31s

Training the neural network...
Initial accuracy: 49.62%, Initial test accuracy: 49.67%
Training for 100 epochs...
Epoch 1/100, mean train accuracy: 74.11%, mean test accuracy: 90.91%, lr scale: 1.0 in 9.77 sec
Epoch 2/100, mean train accuracy: 87.29%, mean test accuracy: 89.27%, lr scale: 1.0 in 9.72 sec
Epoch 3/100, mean train accuracy: 93.37%, mean test accuracy: 96.08%, lr scale: 1.0 in 9.79 sec
Epoch 4/100, mean train accuracy: 95.15%, mean test accuracy: 95.83%, lr scale: 1.0 in 9.83 sec
Epoch 5/100, mean train accuracy: 89.84%, mean test accuracy: 94.13%, lr scale: 1.0 in 9.70 sec
Epoch 6/100, mean train accuracy: 95.46%, mean test accuracy: 96.89%, lr scale: 0.5 in 9.63 sec
Epoch 7/100, mean train accuracy: 96.85%, mean test accuracy: 97.18%, lr scale: 0.5 in 10.01 sec
Epoch 8/100, mean train accuracy: 96.89%, mean test accuracy: 92.04%, lr scale: 0.5 in 9.69 sec
Epoch 9/100, mean train accuracy: 97.12%, mean test accuracy: 97.93%, lr scale: 0.5 in 9.72 sec
Epoch 10/100, mean train accuracy: 97.20%, mean test accuracy: 98.15%, lr scale: 0.5 in 9.72 sec
Epoch 11/100, mean train accuracy: 97.31%, mean test accuracy: 98.24%, lr scale: 0.25 in 9.79 sec
Epoch 12/100, mean train accuracy: 98.17%, mean test accuracy: 94.95%, lr scale: 0.25 in 9.84 sec
Epoch 13/100, mean train accuracy: 98.36%, mean test accuracy: 98.57%, lr scale: 0.25 in 9.75 sec
Epoch 14/100, mean train accuracy: 98.25%, mean test accuracy: 98.66%, lr scale: 0.25 in 9.70 sec
Epoch 15/100, mean train accuracy: 98.25%, mean test accuracy: 98.79%, lr scale: 0.25 in 9.66 sec
Epoch 16/100, mean train accuracy: 98.24%, mean test accuracy: 98.63%, lr scale: 0.25 in 9.68 sec
Epoch 17/100, mean train accuracy: 98.79%, mean test accuracy: 98.84%, lr scale: 0.125 in 9.66 sec
Epoch 18/100, mean train accuracy: 98.85%, mean test accuracy: 98.52%, lr scale: 0.125 in 9.65 sec
Epoch 19/100, mean train accuracy: 99.04%, mean test accuracy: 99.07%, lr scale: 0.0625 in 9.91 sec
Epoch 20/100, mean train accuracy: 99.07%, mean test accuracy: 99.18%, lr scale: 0.03125 in 9.78 sec
Epoch 21/100, mean train accuracy: 99.22%, mean test accuracy: 99.11%, lr scale: 0.03125 in 9.71 sec
Epoch 22/100, mean train accuracy: 99.26%, mean test accuracy: 99.09%, lr scale: 0.03125 in 9.69 sec
Epoch 23/100, mean train accuracy: 99.21%, mean test accuracy: 99.19%, lr scale: 0.03125 in 9.71 sec
Epoch 24/100, mean train accuracy: 99.28%, mean test accuracy: 99.19%, lr scale: 0.015625 in 9.70 sec
Epoch 25/100, mean train accuracy: 99.30%, mean test accuracy: 99.21%, lr scale: 0.0078125 in 9.77 sec
Epoch 26/100, mean train accuracy: 99.36%, mean test accuracy: 99.27%, lr scale: 0.0078125 in 9.73 sec
Epoch 27/100, mean train accuracy: 99.33%, mean test accuracy: 99.22%, lr scale: 0.0078125 in 9.89 sec
Epoch 28/100, mean train accuracy: 99.37%, mean test accuracy: 99.33%, lr scale: 0.00390625 in 9.78 sec
Epoch 29/100, mean train accuracy: 99.36%, mean test accuracy: 99.33%, lr scale: 0.001953125 in 9.69 sec
Epoch 30/100, mean train accuracy: 99.40%, mean test accuracy: 99.33%, lr scale: 0.001953125 in 9.94 sec
Epoch 31/100, mean train accuracy: 99.38%, mean test accuracy: 99.33%, lr scale: 0.0009765625 in 9.73 sec
Learning rate reached 1.00E-06, stopping training
Time to train the neural network: 381.93s

Simulation Based Calibration...
Time to perform SBC: 447.41s

Data saved in  /mnt/nfs/nrdata02-users-data/luciano/script/ABC-SBI/examples/Linear-Reg/results_without_kde/K_2/beta_min/pickles/LinearReg_K_2_beta_min_acc_0.9_eps_4.57e+02.xz


--------------------
ITERATION (ACC = 0.9) DONE IN 840.4876508712769 SECONDS!
--------------------




--------------------
K = 2, TRUE_BETA = min, ACCEPT_RATE = 0.85
--------------------


Selection of epsilon star...
epsilon:  445.7697448730469 acceptance rate:  0.90019995
epsilon:  434.27294921875 acceptance rate:  0.88979995
epsilon:  423.2507019042969 acceptance rate:  0.88689995
epsilon:  412.1799011230469 acceptance rate:  0.8795
epsilon:  402.8789978027344 acceptance rate:  0.8742
epsilon:  392.8597412109375 acceptance rate:  0.87619996
epsilon:  382.15899658203125 acceptance rate:  0.86859995
epsilon:  374.0422058105469 acceptance rate:  0.86439997
epsilon:  365.5857849121094 acceptance rate:  0.85709995
epsilon:  355.7993469238281 acceptance rate:  0.85209996
epsilon:  347.9858703613281 acceptance rate:  0.847
Time to select epsilon star: 16.60s

Simulations of the testing dataset...
Time to simulate the testing dataset: 0.94s

Simulations of the training dataset...
Time to simulate the training dataset: 1.92s

Training the neural network...
Initial accuracy: 49.99%, Initial test accuracy: 50.07%
Training for 100 epochs...
Epoch 1/100, mean train accuracy: 76.67%, mean test accuracy: 90.43%, lr scale: 1.0 in 9.57 sec
Epoch 2/100, mean train accuracy: 86.25%, mean test accuracy: 93.63%, lr scale: 1.0 in 9.48 sec
Epoch 3/100, mean train accuracy: 86.64%, mean test accuracy: 78.82%, lr scale: 1.0 in 9.45 sec
Epoch 4/100, mean train accuracy: 91.50%, mean test accuracy: 96.20%, lr scale: 1.0 in 9.43 sec
Epoch 5/100, mean train accuracy: 92.52%, mean test accuracy: 94.97%, lr scale: 1.0 in 9.46 sec
Epoch 6/100, mean train accuracy: 94.76%, mean test accuracy: 97.63%, lr scale: 0.5 in 9.06 sec
Epoch 7/100, mean train accuracy: 97.17%, mean test accuracy: 96.28%, lr scale: 0.5 in 9.74 sec
Epoch 8/100, mean train accuracy: 97.09%, mean test accuracy: 98.36%, lr scale: 0.25 in 11.74 sec
Epoch 9/100, mean train accuracy: 97.94%, mean test accuracy: 96.47%, lr scale: 0.25 in 11.01 sec
Epoch 10/100, mean train accuracy: 98.02%, mean test accuracy: 98.48%, lr scale: 0.25 in 10.31 sec
Epoch 11/100, mean train accuracy: 98.02%, mean test accuracy: 98.58%, lr scale: 0.25 in 8.96 sec
Epoch 12/100, mean train accuracy: 98.26%, mean test accuracy: 95.72%, lr scale: 0.25 in 9.80 sec
Epoch 13/100, mean train accuracy: 98.77%, mean test accuracy: 99.01%, lr scale: 0.125 in 9.64 sec
Epoch 14/100, mean train accuracy: 98.82%, mean test accuracy: 98.98%, lr scale: 0.125 in 9.66 sec
Epoch 15/100, mean train accuracy: 98.86%, mean test accuracy: 98.91%, lr scale: 0.125 in 9.79 sec
Epoch 16/100, mean train accuracy: 98.79%, mean test accuracy: 99.05%, lr scale: 0.125 in 9.74 sec
Epoch 17/100, mean train accuracy: 99.02%, mean test accuracy: 99.09%, lr scale: 0.0625 in 9.71 sec
Epoch 18/100, mean train accuracy: 99.16%, mean test accuracy: 99.25%, lr scale: 0.0625 in 9.67 sec
Epoch 19/100, mean train accuracy: 99.11%, mean test accuracy: 99.24%, lr scale: 0.03125 in 9.66 sec
Epoch 20/100, mean train accuracy: 99.25%, mean test accuracy: 99.21%, lr scale: 0.03125 in 9.68 sec
Epoch 21/100, mean train accuracy: 99.22%, mean test accuracy: 99.29%, lr scale: 0.03125 in 9.68 sec
Epoch 22/100, mean train accuracy: 99.27%, mean test accuracy: 99.22%, lr scale: 0.015625 in 9.70 sec
Epoch 23/100, mean train accuracy: 99.31%, mean test accuracy: 99.32%, lr scale: 0.015625 in 9.85 sec
Epoch 24/100, mean train accuracy: 99.31%, mean test accuracy: 99.33%, lr scale: 0.015625 in 9.75 sec
Epoch 25/100, mean train accuracy: 99.31%, mean test accuracy: 99.30%, lr scale: 0.0078125 in 9.71 sec
Epoch 26/100, mean train accuracy: 99.35%, mean test accuracy: 99.29%, lr scale: 0.0078125 in 9.66 sec
Epoch 27/100, mean train accuracy: 99.31%, mean test accuracy: 99.34%, lr scale: 0.00390625 in 9.59 sec
Epoch 28/100, mean train accuracy: 99.39%, mean test accuracy: 99.36%, lr scale: 0.00390625 in 9.69 sec
Epoch 29/100, mean train accuracy: 99.38%, mean test accuracy: 99.36%, lr scale: 0.00390625 in 9.67 sec
Epoch 30/100, mean train accuracy: 99.38%, mean test accuracy: 99.36%, lr scale: 0.001953125 in 9.74 sec
Epoch 31/100, mean train accuracy: 99.39%, mean test accuracy: 99.36%, lr scale: 0.0009765625 in 9.81 sec
Learning rate reached 1.00E-06, stopping training
Time to train the neural network: 395.38s

Simulation Based Calibration...
Time to perform SBC: 454.77s

Data saved in  /mnt/nfs/nrdata02-users-data/luciano/script/ABC-SBI/examples/Linear-Reg/results_without_kde/K_2/beta_min/pickles/LinearReg_K_2_beta_min_acc_0.85_eps_3.48e+02.xz


--------------------
ITERATION (ACC = 0.85) DONE IN 871.4186215400696 SECONDS!
--------------------




--------------------
K = 2, TRUE_BETA = min, ACCEPT_RATE = 0.8
--------------------


Selection of epsilon star...
epsilon:  340.6022033691406 acceptance rate:  0.844
epsilon:  332.7180480957031 acceptance rate:  0.82949996
epsilon:  326.27685546875 acceptance rate:  0.8319
epsilon:  319.9395751953125 acceptance rate:  0.831
epsilon:  312.9501037597656 acceptance rate:  0.8196
epsilon:  306.7962341308594 acceptance rate:  0.8167
epsilon:  301.056884765625 acceptance rate:  0.8132
epsilon:  294.9798889160156 acceptance rate:  0.8104
epsilon:  289.7496337890625 acceptance rate:  0.7973
Time to select epsilon star: 14.86s

Simulations of the testing dataset...
Time to simulate the testing dataset: 0.90s

Simulations of the training dataset...
Time to simulate the training dataset: 2.03s

Training the neural network...
Initial accuracy: 50.04%, Initial test accuracy: 50.00%
Training for 100 epochs...
Epoch 1/100, mean train accuracy: 78.71%, mean test accuracy: 80.24%, lr scale: 1.0 in 9.53 sec
Epoch 2/100, mean train accuracy: 85.81%, mean test accuracy: 93.81%, lr scale: 1.0 in 9.48 sec
Epoch 3/100, mean train accuracy: 89.29%, mean test accuracy: 95.36%, lr scale: 0.5 in 9.46 sec
Epoch 4/100, mean train accuracy: 96.12%, mean test accuracy: 97.71%, lr scale: 0.5 in 9.46 sec
Epoch 5/100, mean train accuracy: 95.75%, mean test accuracy: 97.22%, lr scale: 0.5 in 9.47 sec
Epoch 6/100, mean train accuracy: 96.36%, mean test accuracy: 97.51%, lr scale: 0.5 in 9.46 sec
Epoch 7/100, mean train accuracy: 97.07%, mean test accuracy: 97.05%, lr scale: 0.5 in 9.47 sec
Epoch 8/100, mean train accuracy: 95.72%, mean test accuracy: 97.47%, lr scale: 0.5 in 9.44 sec
Epoch 9/100, mean train accuracy: 97.86%, mean test accuracy: 98.48%, lr scale: 0.25 in 9.47 sec
Epoch 10/100, mean train accuracy: 97.94%, mean test accuracy: 92.28%, lr scale: 0.25 in 9.46 sec
Epoch 11/100, mean train accuracy: 98.20%, mean test accuracy: 98.81%, lr scale: 0.125 in 9.43 sec
Epoch 12/100, mean train accuracy: 98.61%, mean test accuracy: 98.76%, lr scale: 0.125 in 9.47 sec
Epoch 13/100, mean train accuracy: 98.84%, mean test accuracy: 99.01%, lr scale: 0.0625 in 9.49 sec
Epoch 14/100, mean train accuracy: 98.98%, mean test accuracy: 98.87%, lr scale: 0.0625 in 9.47 sec
Epoch 15/100, mean train accuracy: 99.05%, mean test accuracy: 99.12%, lr scale: 0.03125 in 9.45 sec
Epoch 16/100, mean train accuracy: 99.12%, mean test accuracy: 99.06%, lr scale: 0.03125 in 9.45 sec
Epoch 17/100, mean train accuracy: 99.21%, mean test accuracy: 99.16%, lr scale: 0.015625 in 9.43 sec
Epoch 18/100, mean train accuracy: 99.18%, mean test accuracy: 99.15%, lr scale: 0.015625 in 9.49 sec
Epoch 19/100, mean train accuracy: 99.19%, mean test accuracy: 99.18%, lr scale: 0.015625 in 9.72 sec
Epoch 20/100, mean train accuracy: 99.23%, mean test accuracy: 99.17%, lr scale: 0.0078125 in 9.46 sec
Epoch 21/100, mean train accuracy: 99.25%, mean test accuracy: 99.19%, lr scale: 0.0078125 in 9.47 sec
Epoch 22/100, mean train accuracy: 99.25%, mean test accuracy: 99.19%, lr scale: 0.00390625 in 9.08 sec
Epoch 23/100, mean train accuracy: 99.28%, mean test accuracy: 99.21%, lr scale: 0.00390625 in 10.02 sec
Epoch 24/100, mean train accuracy: 99.30%, mean test accuracy: 99.18%, lr scale: 0.001953125 in 11.84 sec
Epoch 25/100, mean train accuracy: 99.31%, mean test accuracy: 99.21%, lr scale: 0.001953125 in 12.27 sec
Epoch 26/100, mean train accuracy: 99.32%, mean test accuracy: 99.22%, lr scale: 0.0009765625 in 12.11 sec
Learning rate reached 1.00E-06, stopping training
Time to train the neural network: 358.21s

Simulation Based Calibration...
Time to perform SBC: 458.69s

Data saved in  /mnt/nfs/nrdata02-users-data/luciano/script/ABC-SBI/examples/Linear-Reg/results_without_kde/K_2/beta_min/pickles/LinearReg_K_2_beta_min_acc_0.8_eps_2.9e+02.xz


--------------------
ITERATION (ACC = 0.8) DONE IN 836.5586409568787 SECONDS!
--------------------




--------------------
K = 2, TRUE_BETA = min, ACCEPT_RATE = 0.75
--------------------


Selection of epsilon star...
epsilon:  283.60308837890625 acceptance rate:  0.79999995
epsilon:  277.052734375 acceptance rate:  0.7942
epsilon:  272.38739013671875 acceptance rate:  0.7928
epsilon:  267.78118896484375 acceptance rate:  0.7823
epsilon:  262.2702331542969 acceptance rate:  0.7873
epsilon:  257.9305419921875 acceptance rate:  0.7776
epsilon:  253.94651794433594 acceptance rate:  0.782
epsilon:  248.6178436279297 acceptance rate:  0.7668
epsilon:  245.17835998535156 acceptance rate:  0.7646
epsilon:  240.92501831054688 acceptance rate:  0.7592
epsilon:  236.72000122070312 acceptance rate:  0.7553
epsilon:  233.1988067626953 acceptance rate:  0.7529
epsilon:  229.53720092773438 acceptance rate:  0.7506
epsilon:  225.77906799316406 acceptance rate:  0.7492
Time to select epsilon star: 25.21s

Simulations of the testing dataset...
Time to simulate the testing dataset: 0.98s

Simulations of the training dataset...
Time to simulate the training dataset: 2.31s

Training the neural network...
Initial accuracy: 51.12%, Initial test accuracy: 51.22%
Training for 100 epochs...
Epoch 1/100, mean train accuracy: 70.66%, mean test accuracy: 75.48%, lr scale: 1.0 in 9.51 sec
Epoch 2/100, mean train accuracy: 89.74%, mean test accuracy: 89.21%, lr scale: 1.0 in 9.43 sec
Epoch 3/100, mean train accuracy: 90.34%, mean test accuracy: 95.43%, lr scale: 0.5 in 9.42 sec
Epoch 4/100, mean train accuracy: 96.08%, mean test accuracy: 98.16%, lr scale: 0.5 in 9.46 sec
Epoch 5/100, mean train accuracy: 95.02%, mean test accuracy: 98.05%, lr scale: 0.5 in 9.44 sec
Epoch 6/100, mean train accuracy: 96.87%, mean test accuracy: 98.04%, lr scale: 0.25 in 9.42 sec
Epoch 7/100, mean train accuracy: 97.82%, mean test accuracy: 98.60%, lr scale: 0.25 in 9.41 sec
Epoch 8/100, mean train accuracy: 98.08%, mean test accuracy: 98.82%, lr scale: 0.125 in 9.78 sec
Epoch 9/100, mean train accuracy: 98.58%, mean test accuracy: 98.90%, lr scale: 0.125 in 9.46 sec
Epoch 10/100, mean train accuracy: 98.59%, mean test accuracy: 97.12%, lr scale: 0.125 in 9.50 sec
Epoch 11/100, mean train accuracy: 98.80%, mean test accuracy: 99.03%, lr scale: 0.0625 in 9.42 sec
Epoch 12/100, mean train accuracy: 98.93%, mean test accuracy: 98.98%, lr scale: 0.0625 in 9.47 sec
Epoch 13/100, mean train accuracy: 99.06%, mean test accuracy: 99.17%, lr scale: 0.03125 in 9.48 sec
Epoch 14/100, mean train accuracy: 99.10%, mean test accuracy: 99.16%, lr scale: 0.03125 in 9.46 sec
Epoch 15/100, mean train accuracy: 99.07%, mean test accuracy: 99.15%, lr scale: 0.03125 in 9.48 sec
Epoch 16/100, mean train accuracy: 99.17%, mean test accuracy: 99.14%, lr scale: 0.015625 in 9.46 sec
Epoch 17/100, mean train accuracy: 99.18%, mean test accuracy: 99.20%, lr scale: 0.015625 in 9.45 sec
Epoch 18/100, mean train accuracy: 99.19%, mean test accuracy: 99.24%, lr scale: 0.0078125 in 9.46 sec
Epoch 19/100, mean train accuracy: 99.23%, mean test accuracy: 99.24%, lr scale: 0.0078125 in 9.43 sec
Epoch 20/100, mean train accuracy: 99.22%, mean test accuracy: 99.24%, lr scale: 0.00390625 in 9.44 sec
Epoch 21/100, mean train accuracy: 99.26%, mean test accuracy: 99.27%, lr scale: 0.00390625 in 9.45 sec
Epoch 22/100, mean train accuracy: 99.27%, mean test accuracy: 99.26%, lr scale: 0.001953125 in 9.50 sec
Epoch 23/100, mean train accuracy: 99.26%, mean test accuracy: 99.26%, lr scale: 0.0009765625 in 9.50 sec
Learning rate reached 1.00E-06, stopping training
Time to train the neural network: 368.18s

Simulation Based Calibration...
Time to perform SBC: 458.68s

Data saved in  /mnt/nfs/nrdata02-users-data/luciano/script/ABC-SBI/examples/Linear-Reg/results_without_kde/K_2/beta_min/pickles/LinearReg_K_2_beta_min_acc_0.75_eps_2.26e+02.xz


--------------------
ITERATION (ACC = 0.75) DONE IN 857.0470371246338 SECONDS!
--------------------




--------------------
K = 2, TRUE_BETA = min, ACCEPT_RATE = 0.7
--------------------


Selection of epsilon star...
epsilon:  221.93362426757812 acceptance rate:  0.74259996
epsilon:  218.38259887695312 acceptance rate:  0.7417
epsilon:  214.16110229492188 acceptance rate:  0.7338
epsilon:  210.8740692138672 acceptance rate:  0.72709996
epsilon:  207.1912841796875 acceptance rate:  0.7247
epsilon:  203.81785583496094 acceptance rate:  0.7168
epsilon:  200.58457946777344 acceptance rate:  0.7104
epsilon:  197.39834594726562 acceptance rate:  0.7064
epsilon:  194.3914031982422 acceptance rate:  0.70629996
epsilon:  191.77413940429688 acceptance rate:  0.7032
epsilon:  188.94754028320312 acceptance rate:  0.6951
Time to select epsilon star: 22.06s

Simulations of the testing dataset...
Time to simulate the testing dataset: 0.84s

Simulations of the training dataset...
Time to simulate the training dataset: 2.29s

Training the neural network...
Initial accuracy: 50.42%, Initial test accuracy: 50.32%
Training for 100 epochs...
Epoch 1/100, mean train accuracy: 80.34%, mean test accuracy: 82.02%, lr scale: 1.0 in 9.53 sec
Epoch 2/100, mean train accuracy: 89.68%, mean test accuracy: 93.37%, lr scale: 1.0 in 9.43 sec
Epoch 3/100, mean train accuracy: 86.51%, mean test accuracy: 76.22%, lr scale: 1.0 in 9.47 sec
Epoch 4/100, mean train accuracy: 95.25%, mean test accuracy: 95.86%, lr scale: 0.5 in 9.74 sec
Epoch 5/100, mean train accuracy: 95.78%, mean test accuracy: 93.94%, lr scale: 0.5 in 9.42 sec
Epoch 6/100, mean train accuracy: 97.28%, mean test accuracy: 96.19%, lr scale: 0.25 in 9.44 sec
Epoch 7/100, mean train accuracy: 97.74%, mean test accuracy: 98.17%, lr scale: 0.25 in 9.44 sec
Epoch 8/100, mean train accuracy: 97.92%, mean test accuracy: 98.74%, lr scale: 0.125 in 9.44 sec
Epoch 9/100, mean train accuracy: 98.39%, mean test accuracy: 98.46%, lr scale: 0.125 in 9.50 sec
Epoch 10/100, mean train accuracy: 98.54%, mean test accuracy: 98.55%, lr scale: 0.125 in 9.47 sec
Epoch 11/100, mean train accuracy: 98.58%, mean test accuracy: 98.69%, lr scale: 0.125 in 9.43 sec
Epoch 12/100, mean train accuracy: 98.53%, mean test accuracy: 98.72%, lr scale: 0.125 in 9.47 sec
Epoch 13/100, mean train accuracy: 98.87%, mean test accuracy: 98.10%, lr scale: 0.0625 in 9.48 sec
Epoch 14/100, mean train accuracy: 98.85%, mean test accuracy: 98.68%, lr scale: 0.0625 in 9.41 sec
Epoch 15/100, mean train accuracy: 98.88%, mean test accuracy: 99.07%, lr scale: 0.03125 in 9.50 sec
Epoch 16/100, mean train accuracy: 98.98%, mean test accuracy: 99.09%, lr scale: 0.03125 in 9.47 sec
Epoch 17/100, mean train accuracy: 99.01%, mean test accuracy: 99.11%, lr scale: 0.03125 in 9.47 sec
Epoch 18/100, mean train accuracy: 99.01%, mean test accuracy: 99.04%, lr scale: 0.015625 in 9.44 sec
Epoch 19/100, mean train accuracy: 99.10%, mean test accuracy: 99.06%, lr scale: 0.015625 in 9.45 sec
Epoch 20/100, mean train accuracy: 99.07%, mean test accuracy: 99.14%, lr scale: 0.015625 in 9.49 sec
Epoch 21/100, mean train accuracy: 99.09%, mean test accuracy: 99.13%, lr scale: 0.015625 in 9.48 sec
Epoch 22/100, mean train accuracy: 99.13%, mean test accuracy: 99.12%, lr scale: 0.0078125 in 9.48 sec
Epoch 23/100, mean train accuracy: 99.16%, mean test accuracy: 99.16%, lr scale: 0.0078125 in 9.46 sec
Epoch 24/100, mean train accuracy: 99.15%, mean test accuracy: 99.17%, lr scale: 0.0078125 in 9.48 sec
Epoch 25/100, mean train accuracy: 99.16%, mean test accuracy: 99.09%, lr scale: 0.0078125 in 9.44 sec
Epoch 26/100, mean train accuracy: 99.12%, mean test accuracy: 99.17%, lr scale: 0.00390625 in 9.46 sec
Epoch 27/100, mean train accuracy: 99.18%, mean test accuracy: 99.16%, lr scale: 0.00390625 in 9.48 sec
Epoch 28/100, mean train accuracy: 99.17%, mean test accuracy: 99.15%, lr scale: 0.00390625 in 9.74 sec
Epoch 29/100, mean train accuracy: 99.21%, mean test accuracy: 99.16%, lr scale: 0.001953125 in 9.49 sec
Epoch 30/100, mean train accuracy: 99.23%, mean test accuracy: 99.18%, lr scale: 0.0009765625 in 9.46 sec
Learning rate reached 1.00E-06, stopping training
Time to train the neural network: 431.77s

Simulation Based Calibration...
Time to perform SBC: 457.44s

Data saved in  /mnt/nfs/nrdata02-users-data/luciano/script/ABC-SBI/examples/Linear-Reg/results_without_kde/K_2/beta_min/pickles/LinearReg_K_2_beta_min_acc_0.7_eps_1.89e+02.xz


--------------------
ITERATION (ACC = 0.7) DONE IN 916.1912081241608 SECONDS!
--------------------


