Host clust5
Old path: /mnt/nfs/nrdata02-users-data/luciano/script/ABC-SBI
New path: /mnt/nfs/nrdata02-users-data/luciano/script/ABC-SBI
['/mnt/nfs/nrdata02-users-data/luciano/script/ABC-SBI/examples/Gauss-Gauss/Gauss_Gauss_1D_known_sigma', '/home/users/luciano/miniconda3/envs/SBC/lib/python310.zip', '/home/users/luciano/miniconda3/envs/SBC/lib/python3.10', '/home/users/luciano/miniconda3/envs/SBC/lib/python3.10/lib-dynload', '/home/users/luciano/miniconda3/envs/SBC/lib/python3.10/site-packages', '/mnt/nfs/nrdata02-users-data/luciano/script/ABC-SBI']
N_DATA =  [100]


--------------------
SIGMA0 = 5.0, TRUE_MU = -4.886389399382055, ALPHA = 1.0
--------------------


Simulations of the testing dataset...
Test check: True
Time to simulate the testing dataset: 2.34s

Simulations of the training dataset...
Train check: True
Time to simulate the training dataset: 4.73s

Training the neural network...
Initial accuracy: 49.73%, Initial test accuracy: 49.76%
Training for 50 epochs...
Epoch 1/50, mean train accuracy: 92.88%, mean test accuracy: 96.82%, lr scale: 1.0 in 21.73 sec
Epoch 2/50, mean train accuracy: 95.73%, mean test accuracy: 86.73%, lr scale: 1.0 in 20.66 sec
Epoch 3/50, mean train accuracy: 93.93%, mean test accuracy: 91.24%, lr scale: 1.0 in 21.17 sec
Epoch 4/50, mean train accuracy: 96.62%, mean test accuracy: 97.65%, lr scale: 1.0 in 21.27 sec
Epoch 5/50, mean train accuracy: 97.52%, mean test accuracy: 97.80%, lr scale: 0.5 in 21.13 sec
Epoch 6/50, mean train accuracy: 97.61%, mean test accuracy: 82.63%, lr scale: 0.5 in 20.64 sec
Epoch 7/50, mean train accuracy: 97.36%, mean test accuracy: 97.78%, lr scale: 0.25 in 20.74 sec
Epoch 8/50, mean train accuracy: 97.82%, mean test accuracy: 97.76%, lr scale: 0.25 in 20.69 sec
Epoch 9/50, mean train accuracy: 97.80%, mean test accuracy: 97.95%, lr scale: 0.125 in 20.58 sec
Epoch 10/50, mean train accuracy: 97.90%, mean test accuracy: 97.74%, lr scale: 0.125 in 20.47 sec
Epoch 11/50, mean train accuracy: 97.91%, mean test accuracy: 97.86%, lr scale: 0.125 in 20.31 sec
Epoch 12/50, mean train accuracy: 97.98%, mean test accuracy: 97.80%, lr scale: 0.125 in 20.50 sec
Epoch 13/50, mean train accuracy: 97.95%, mean test accuracy: 97.96%, lr scale: 0.125 in 20.51 sec
Epoch 14/50, mean train accuracy: 97.99%, mean test accuracy: 97.95%, lr scale: 0.0625 in 20.67 sec
Epoch 15/50, mean train accuracy: 98.07%, mean test accuracy: 98.00%, lr scale: 0.0625 in 20.52 sec
Epoch 16/50, mean train accuracy: 98.08%, mean test accuracy: 97.98%, lr scale: 0.03125 in 20.54 sec
Epoch 17/50, mean train accuracy: 98.07%, mean test accuracy: 97.94%, lr scale: 0.03125 in 20.75 sec
Epoch 18/50, mean train accuracy: 98.09%, mean test accuracy: 98.01%, lr scale: 0.015625 in 20.75 sec
Epoch 19/50, mean train accuracy: 98.13%, mean test accuracy: 98.01%, lr scale: 0.015625 in 20.50 sec
Epoch 20/50, mean train accuracy: 98.09%, mean test accuracy: 98.01%, lr scale: 0.0078125 in 20.59 sec
Epoch 21/50, mean train accuracy: 98.13%, mean test accuracy: 98.01%, lr scale: 0.0078125 in 20.56 sec
Epoch 22/50, mean train accuracy: 98.11%, mean test accuracy: 98.00%, lr scale: 0.00390625 in 20.69 sec
Epoch 23/50, mean train accuracy: 98.13%, mean test accuracy: 98.03%, lr scale: 0.001953125 in 20.68 sec
Epoch 24/50, mean train accuracy: 98.15%, mean test accuracy: 98.03%, lr scale: 0.001953125 in 20.83 sec
Epoch 25/50, mean train accuracy: 98.15%, mean test accuracy: 98.02%, lr scale: 0.0009765625 in 20.90 sec
Learning rate reached 1.00E-06, stopping training
Time to train the neural network: 550.60s

C2ST accuracy:  0.5374



 WE SAVED DATA FOR ALPHA = 1.0 SO NOW C2ST, TEST AND PARAMS HAVE 1, 1, 1 KEYS
Data saved in  /mnt/nfs/nrdata02-users-data/luciano/script/ABC-SBI/examples/Gauss-Gauss/Gauss_Gauss_1D_known_sigma/results/cluster/N_data_100/sigma0_5/1_mu_-4.9/GaussGauss_ndata_100_sigma0_5_mu_-4.89_alpha_1.0_eps_775.9.xy


--------------------
ITERATION (ALPHA = 1.0) DONE IN 589.3549649715424 SECONDS!
--------------------




--------------------
SIGMA0 = 5.0, TRUE_MU = -4.886389399382055, ALPHA = 0.99
--------------------


Simulations of the testing dataset...
Test check: True
Time to simulate the testing dataset: 0.27s

Simulations of the training dataset...
Train check: True
Time to simulate the training dataset: 2.69s

Training the neural network...
Initial accuracy: 50.37%, Initial test accuracy: 50.57%
Training for 50 epochs...
Epoch 1/50, mean train accuracy: 92.86%, mean test accuracy: 96.22%, lr scale: 1.0 in 22.02 sec
Epoch 2/50, mean train accuracy: 93.93%, mean test accuracy: 88.67%, lr scale: 1.0 in 21.45 sec
Epoch 3/50, mean train accuracy: 95.77%, mean test accuracy: 96.60%, lr scale: 1.0 in 20.82 sec
Epoch 4/50, mean train accuracy: 95.61%, mean test accuracy: 93.44%, lr scale: 1.0 in 21.11 sec
Epoch 5/50, mean train accuracy: 96.25%, mean test accuracy: 97.14%, lr scale: 1.0 in 20.86 sec
Epoch 6/50, mean train accuracy: 96.89%, mean test accuracy: 97.17%, lr scale: 1.0 in 20.91 sec
Epoch 7/50, mean train accuracy: 96.98%, mean test accuracy: 97.09%, lr scale: 1.0 in 21.07 sec
Epoch 8/50, mean train accuracy: 96.94%, mean test accuracy: 97.38%, lr scale: 1.0 in 20.73 sec
Epoch 9/50, mean train accuracy: 96.96%, mean test accuracy: 94.69%, lr scale: 1.0 in 20.85 sec
Epoch 10/50, mean train accuracy: 96.81%, mean test accuracy: 96.96%, lr scale: 0.5 in 20.73 sec
Epoch 11/50, mean train accuracy: 97.78%, mean test accuracy: 97.68%, lr scale: 0.5 in 20.83 sec
Epoch 12/50, mean train accuracy: 97.64%, mean test accuracy: 97.83%, lr scale: 0.5 in 20.63 sec
Epoch 13/50, mean train accuracy: 97.93%, mean test accuracy: 97.92%, lr scale: 0.25 in 20.74 sec
Epoch 14/50, mean train accuracy: 97.98%, mean test accuracy: 97.98%, lr scale: 0.25 in 20.93 sec
Epoch 15/50, mean train accuracy: 97.93%, mean test accuracy: 98.00%, lr scale: 0.125 in 20.61 sec
Epoch 16/50, mean train accuracy: 98.07%, mean test accuracy: 98.03%, lr scale: 0.125 in 20.78 sec
Epoch 17/50, mean train accuracy: 98.00%, mean test accuracy: 98.06%, lr scale: 0.0625 in 20.75 sec
Epoch 18/50, mean train accuracy: 98.09%, mean test accuracy: 98.06%, lr scale: 0.0625 in 20.84 sec
Epoch 19/50, mean train accuracy: 98.08%, mean test accuracy: 98.04%, lr scale: 0.0625 in 20.70 sec
Epoch 20/50, mean train accuracy: 98.09%, mean test accuracy: 98.04%, lr scale: 0.03125 in 20.80 sec
Epoch 21/50, mean train accuracy: 98.11%, mean test accuracy: 98.07%, lr scale: 0.03125 in 20.72 sec
Epoch 22/50, mean train accuracy: 98.12%, mean test accuracy: 98.06%, lr scale: 0.015625 in 20.89 sec
Epoch 23/50, mean train accuracy: 98.15%, mean test accuracy: 98.05%, lr scale: 0.015625 in 20.60 sec
Epoch 24/50, mean train accuracy: 98.14%, mean test accuracy: 98.06%, lr scale: 0.0078125 in 21.20 sec
Epoch 25/50, mean train accuracy: 98.12%, mean test accuracy: 98.07%, lr scale: 0.0078125 in 21.11 sec
Epoch 26/50, mean train accuracy: 98.12%, mean test accuracy: 98.07%, lr scale: 0.00390625 in 21.28 sec
Epoch 27/50, mean train accuracy: 98.13%, mean test accuracy: 98.06%, lr scale: 0.001953125 in 21.05 sec
Epoch 28/50, mean train accuracy: 98.16%, mean test accuracy: 98.07%, lr scale: 0.0009765625 in 21.22 sec
Learning rate reached 1.00E-06, stopping training
Time to train the neural network: 616.98s

C2ST accuracy:  0.60555



 WE SAVED DATA FOR ALPHA = 0.99 SO NOW C2ST, TEST AND PARAMS HAVE 2, 2, 2 KEYS
Data saved in  /mnt/nfs/nrdata02-users-data/luciano/script/ABC-SBI/examples/Gauss-Gauss/Gauss_Gauss_1D_known_sigma/results/cluster/N_data_100/sigma0_5/1_mu_-4.9/GaussGauss_ndata_100_sigma0_5_mu_-4.89_alpha_0.99_eps_264.24.xy


--------------------
ITERATION (ALPHA = 0.99) DONE IN 653.0402824878693 SECONDS!
--------------------




--------------------
SIGMA0 = 5.0, TRUE_MU = -4.886389399382055, ALPHA = 0.9
--------------------


Simulations of the testing dataset...
Test check: True
Time to simulate the testing dataset: 0.33s

Simulations of the training dataset...
Train check: True
Time to simulate the training dataset: 3.22s

Training the neural network...
Initial accuracy: 50.42%, Initial test accuracy: 50.32%
Training for 50 epochs...
Epoch 1/50, mean train accuracy: 92.40%, mean test accuracy: 96.71%, lr scale: 1.0 in 22.94 sec
Epoch 2/50, mean train accuracy: 94.77%, mean test accuracy: 96.96%, lr scale: 1.0 in 20.95 sec
Epoch 3/50, mean train accuracy: 95.58%, mean test accuracy: 97.25%, lr scale: 0.5 in 21.22 sec
Epoch 4/50, mean train accuracy: 97.14%, mean test accuracy: 97.24%, lr scale: 0.5 in 21.52 sec
Epoch 5/50, mean train accuracy: 97.24%, mean test accuracy: 97.49%, lr scale: 0.25 in 21.45 sec
Epoch 6/50, mean train accuracy: 97.33%, mean test accuracy: 97.37%, lr scale: 0.25 in 21.15 sec
Epoch 7/50, mean train accuracy: 97.48%, mean test accuracy: 97.61%, lr scale: 0.125 in 21.19 sec
Epoch 8/50, mean train accuracy: 97.56%, mean test accuracy: 97.59%, lr scale: 0.125 in 21.19 sec
Epoch 9/50, mean train accuracy: 97.62%, mean test accuracy: 97.57%, lr scale: 0.125 in 21.29 sec
Epoch 10/50, mean train accuracy: 97.53%, mean test accuracy: 97.20%, lr scale: 0.125 in 21.38 sec
Epoch 11/50, mean train accuracy: 97.65%, mean test accuracy: 97.66%, lr scale: 0.0625 in 20.97 sec
Epoch 12/50, mean train accuracy: 97.65%, mean test accuracy: 97.66%, lr scale: 0.0625 in 21.22 sec
Epoch 13/50, mean train accuracy: 97.62%, mean test accuracy: 97.63%, lr scale: 0.03125 in 20.36 sec
Epoch 14/50, mean train accuracy: 97.66%, mean test accuracy: 97.66%, lr scale: 0.03125 in 20.77 sec
Epoch 15/50, mean train accuracy: 97.74%, mean test accuracy: 97.65%, lr scale: 0.03125 in 20.47 sec
Epoch 16/50, mean train accuracy: 97.71%, mean test accuracy: 97.65%, lr scale: 0.03125 in 20.69 sec
Epoch 17/50, mean train accuracy: 97.73%, mean test accuracy: 97.64%, lr scale: 0.03125 in 20.34 sec
Epoch 18/50, mean train accuracy: 97.72%, mean test accuracy: 97.65%, lr scale: 0.03125 in 20.67 sec
Epoch 19/50, mean train accuracy: 97.69%, mean test accuracy: 97.65%, lr scale: 0.03125 in 20.66 sec
Epoch 20/50, mean train accuracy: 97.76%, mean test accuracy: 97.65%, lr scale: 0.015625 in 20.32 sec
Epoch 21/50, mean train accuracy: 97.75%, mean test accuracy: 97.62%, lr scale: 0.0078125 in 20.40 sec
Epoch 22/50, mean train accuracy: 97.76%, mean test accuracy: 97.67%, lr scale: 0.00390625 in 20.54 sec
Epoch 23/50, mean train accuracy: 97.76%, mean test accuracy: 97.68%, lr scale: 0.00390625 in 20.44 sec
Epoch 24/50, mean train accuracy: 97.77%, mean test accuracy: 97.68%, lr scale: 0.001953125 in 20.71 sec
Epoch 25/50, mean train accuracy: 97.84%, mean test accuracy: 97.69%, lr scale: 0.0009765625 in 20.54 sec
Learning rate reached 1.00E-06, stopping training
Time to train the neural network: 558.55s

C2ST accuracy:  0.55415



 WE SAVED DATA FOR ALPHA = 0.9 SO NOW C2ST, TEST AND PARAMS HAVE 3, 3, 3 KEYS
Data saved in  /mnt/nfs/nrdata02-users-data/luciano/script/ABC-SBI/examples/Gauss-Gauss/Gauss_Gauss_1D_known_sigma/results/cluster/N_data_100/sigma0_5/1_mu_-4.9/GaussGauss_ndata_100_sigma0_5_mu_-4.89_alpha_0.9_eps_121.83.xy


--------------------
ITERATION (ALPHA = 0.9) DONE IN 588.4434261322021 SECONDS!
--------------------




--------------------
SIGMA0 = 5.0, TRUE_MU = -4.886389399382055, ALPHA = 0.5
--------------------


Simulations of the testing dataset...
Test check: True
Time to simulate the testing dataset: 0.27s

Simulations of the training dataset...
Train check: True
Time to simulate the training dataset: 2.82s

Training the neural network...
Initial accuracy: 49.74%, Initial test accuracy: 49.72%
Training for 50 epochs...
Epoch 1/50, mean train accuracy: 86.86%, mean test accuracy: 94.54%, lr scale: 1.0 in 22.65 sec
Epoch 2/50, mean train accuracy: 90.79%, mean test accuracy: 92.74%, lr scale: 1.0 in 20.48 sec
Epoch 3/50, mean train accuracy: 93.34%, mean test accuracy: 95.46%, lr scale: 1.0 in 20.18 sec
Epoch 4/50, mean train accuracy: 94.38%, mean test accuracy: 95.51%, lr scale: 1.0 in 20.45 sec
Epoch 5/50, mean train accuracy: 93.81%, mean test accuracy: 95.81%, lr scale: 1.0 in 20.54 sec
Epoch 6/50, mean train accuracy: 94.87%, mean test accuracy: 95.71%, lr scale: 0.5 in 20.36 sec
Epoch 7/50, mean train accuracy: 95.85%, mean test accuracy: 96.07%, lr scale: 0.5 in 20.46 sec
Epoch 8/50, mean train accuracy: 95.69%, mean test accuracy: 95.69%, lr scale: 0.5 in 20.54 sec
Epoch 9/50, mean train accuracy: 95.75%, mean test accuracy: 95.53%, lr scale: 0.5 in 20.58 sec
Epoch 10/50, mean train accuracy: 95.98%, mean test accuracy: 96.19%, lr scale: 0.25 in 20.40 sec
Epoch 11/50, mean train accuracy: 96.14%, mean test accuracy: 96.08%, lr scale: 0.25 in 20.63 sec
Epoch 12/50, mean train accuracy: 96.14%, mean test accuracy: 96.10%, lr scale: 0.25 in 20.55 sec
Epoch 13/50, mean train accuracy: 96.12%, mean test accuracy: 96.00%, lr scale: 0.125 in 20.45 sec
Epoch 14/50, mean train accuracy: 96.24%, mean test accuracy: 96.23%, lr scale: 0.125 in 20.74 sec
Epoch 15/50, mean train accuracy: 96.27%, mean test accuracy: 96.26%, lr scale: 0.0625 in 20.58 sec
Epoch 16/50, mean train accuracy: 96.35%, mean test accuracy: 96.26%, lr scale: 0.0625 in 20.41 sec
Epoch 17/50, mean train accuracy: 96.29%, mean test accuracy: 96.18%, lr scale: 0.0625 in 20.53 sec
Epoch 18/50, mean train accuracy: 96.36%, mean test accuracy: 96.25%, lr scale: 0.03125 in 21.18 sec
Epoch 19/50, mean train accuracy: 96.39%, mean test accuracy: 96.30%, lr scale: 0.03125 in 21.76 sec
Epoch 20/50, mean train accuracy: 96.38%, mean test accuracy: 96.28%, lr scale: 0.015625 in 21.29 sec
Epoch 21/50, mean train accuracy: 96.33%, mean test accuracy: 96.28%, lr scale: 0.015625 in 21.50 sec
Epoch 22/50, mean train accuracy: 96.40%, mean test accuracy: 96.28%, lr scale: 0.0078125 in 21.37 sec
Epoch 23/50, mean train accuracy: 96.38%, mean test accuracy: 96.31%, lr scale: 0.00390625 in 21.41 sec
Epoch 24/50, mean train accuracy: 96.49%, mean test accuracy: 96.30%, lr scale: 0.00390625 in 21.28 sec
Epoch 25/50, mean train accuracy: 96.47%, mean test accuracy: 96.33%, lr scale: 0.001953125 in 22.24 sec
Epoch 26/50, mean train accuracy: 96.47%, mean test accuracy: 96.32%, lr scale: 0.001953125 in 21.70 sec
Epoch 27/50, mean train accuracy: 96.41%, mean test accuracy: 96.32%, lr scale: 0.0009765625 in 21.27 sec
Learning rate reached 1.00E-06, stopping training
Time to train the neural network: 596.27s

C2ST accuracy:  0.51815



 WE SAVED DATA FOR ALPHA = 0.5 SO NOW C2ST, TEST AND PARAMS HAVE 4, 4, 4 KEYS
Data saved in  /mnt/nfs/nrdata02-users-data/luciano/script/ABC-SBI/examples/Gauss-Gauss/Gauss_Gauss_1D_known_sigma/results/cluster/N_data_100/sigma0_5/1_mu_-4.9/GaussGauss_ndata_100_sigma0_5_mu_-4.89_alpha_0.5_eps_24.598.xy


--------------------
ITERATION (ALPHA = 0.5) DONE IN 625.4027435779572 SECONDS!
--------------------




--------------------
SIGMA0 = 5.0, TRUE_MU = -4.886389399382055, ALPHA = 0.1
--------------------


Simulations of the testing dataset...
Test check: True
Time to simulate the testing dataset: 0.30s

Simulations of the training dataset...
Train check: True
Time to simulate the training dataset: 2.93s

Training the neural network...
Initial accuracy: 50.14%, Initial test accuracy: 50.00%
Training for 50 epochs...
Epoch 1/50, mean train accuracy: 50.21%, mean test accuracy: 49.99%, lr scale: 1.0 in 22.07 sec
Epoch 2/50, mean train accuracy: 50.27%, mean test accuracy: 50.28%, lr scale: 1.0 in 20.65 sec
Epoch 3/50, mean train accuracy: 50.35%, mean test accuracy: 50.00%, lr scale: 1.0 in 20.60 sec
Epoch 4/50, mean train accuracy: 50.12%, mean test accuracy: 50.01%, lr scale: 0.5 in 20.61 sec
Epoch 5/50, mean train accuracy: 49.85%, mean test accuracy: 50.01%, lr scale: 0.5 in 20.63 sec
Epoch 6/50, mean train accuracy: 50.01%, mean test accuracy: 50.00%, lr scale: 0.5 in 20.56 sec
Epoch 7/50, mean train accuracy: 50.06%, mean test accuracy: 50.01%, lr scale: 0.25 in 20.76 sec
Epoch 8/50, mean train accuracy: 50.32%, mean test accuracy: 50.76%, lr scale: 0.25 in 20.78 sec
Epoch 9/50, mean train accuracy: 51.11%, mean test accuracy: 49.58%, lr scale: 0.25 in 20.67 sec
Epoch 10/50, mean train accuracy: 71.27%, mean test accuracy: 87.63%, lr scale: 0.25 in 20.59 sec
Epoch 11/50, mean train accuracy: 85.96%, mean test accuracy: 87.79%, lr scale: 0.25 in 20.65 sec
Epoch 12/50, mean train accuracy: 86.59%, mean test accuracy: 86.73%, lr scale: 0.25 in 20.52 sec
Epoch 13/50, mean train accuracy: 86.64%, mean test accuracy: 87.38%, lr scale: 0.25 in 20.66 sec
Epoch 14/50, mean train accuracy: 87.16%, mean test accuracy: 87.66%, lr scale: 0.125 in 20.48 sec
Epoch 15/50, mean train accuracy: 87.23%, mean test accuracy: 87.94%, lr scale: 0.125 in 20.93 sec
Epoch 16/50, mean train accuracy: 87.23%, mean test accuracy: 88.03%, lr scale: 0.125 in 20.62 sec
Epoch 17/50, mean train accuracy: 87.42%, mean test accuracy: 87.89%, lr scale: 0.0625 in 20.54 sec
Epoch 18/50, mean train accuracy: 87.76%, mean test accuracy: 87.38%, lr scale: 0.0625 in 20.44 sec
Epoch 19/50, mean train accuracy: 87.53%, mean test accuracy: 87.82%, lr scale: 0.0625 in 20.72 sec
Epoch 20/50, mean train accuracy: 87.77%, mean test accuracy: 87.96%, lr scale: 0.03125 in 20.60 sec
Epoch 21/50, mean train accuracy: 87.76%, mean test accuracy: 87.94%, lr scale: 0.03125 in 20.23 sec
Epoch 22/50, mean train accuracy: 87.77%, mean test accuracy: 88.04%, lr scale: 0.015625 in 20.61 sec
Epoch 23/50, mean train accuracy: 87.81%, mean test accuracy: 88.07%, lr scale: 0.015625 in 20.40 sec
Epoch 24/50, mean train accuracy: 87.84%, mean test accuracy: 87.90%, lr scale: 0.015625 in 20.73 sec
Epoch 25/50, mean train accuracy: 87.84%, mean test accuracy: 88.08%, lr scale: 0.0078125 in 20.53 sec
Epoch 26/50, mean train accuracy: 87.94%, mean test accuracy: 88.07%, lr scale: 0.00390625 in 21.00 sec
Epoch 27/50, mean train accuracy: 88.00%, mean test accuracy: 88.05%, lr scale: 0.00390625 in 20.78 sec
Epoch 28/50, mean train accuracy: 87.94%, mean test accuracy: 88.06%, lr scale: 0.001953125 in 20.78 sec
Epoch 29/50, mean train accuracy: 87.89%, mean test accuracy: 88.06%, lr scale: 0.001953125 in 20.30 sec
Epoch 30/50, mean train accuracy: 87.99%, mean test accuracy: 88.04%, lr scale: 0.001953125 in 20.58 sec
Epoch 31/50, mean train accuracy: 87.93%, mean test accuracy: 88.07%, lr scale: 0.0009765625 in 20.57 sec
Learning rate reached 1.00E-06, stopping training
Time to train the neural network: 671.52s

