Host clust1
Old path: /mnt/nfs/nrdata02-users-data/luciano/script/ABC-SBI
New path: /mnt/nfs/nrdata02-users-data/luciano/script/ABC-SBI
SIGMA0: 50.0
----------------------
ALPHA = 1.0 EPSILON = inf
----------------------
Simulations of the testing dataset...
Test check: True
Time to simulate the testing dataset: 2.57s

Simulations of the training dataset...
Train check: True
Time to simulate the training dataset: 3.79s

Training the neural network...
Initial accuracy: 56.96%, Initial test accuracy: 56.71%
Training for 100 epochs...
Epoch 1/100, mean train accuracy: 96.07%, mean test accuracy: 96.00%, lr scale: 1.0 in 8.79 sec
Epoch 2/100, mean train accuracy: 98.36%, mean test accuracy: 98.78%, lr scale: 1.0 in 8.26 sec
Epoch 3/100, mean train accuracy: 98.64%, mean test accuracy: 98.94%, lr scale: 1.0 in 8.18 sec
Epoch 4/100, mean train accuracy: 98.86%, mean test accuracy: 98.92%, lr scale: 1.0 in 8.11 sec
Epoch 5/100, mean train accuracy: 98.94%, mean test accuracy: 99.08%, lr scale: 0.5 in 8.21 sec
Epoch 6/100, mean train accuracy: 99.06%, mean test accuracy: 99.02%, lr scale: 0.5 in 8.49 sec
Epoch 7/100, mean train accuracy: 99.06%, mean test accuracy: 99.08%, lr scale: 0.25 in 8.25 sec
Epoch 8/100, mean train accuracy: 99.05%, mean test accuracy: 99.06%, lr scale: 0.25 in 7.92 sec
Epoch 9/100, mean train accuracy: 99.05%, mean test accuracy: 99.05%, lr scale: 0.25 in 8.00 sec
Epoch 10/100, mean train accuracy: 99.07%, mean test accuracy: 99.06%, lr scale: 0.25 in 7.91 sec
Epoch 11/100, mean train accuracy: 99.06%, mean test accuracy: 99.09%, lr scale: 0.125 in 7.98 sec
Epoch 12/100, mean train accuracy: 99.11%, mean test accuracy: 99.08%, lr scale: 0.125 in 8.29 sec
Epoch 13/100, mean train accuracy: 99.10%, mean test accuracy: 99.10%, lr scale: 0.0625 in 7.72 sec
Epoch 14/100, mean train accuracy: 99.14%, mean test accuracy: 99.10%, lr scale: 0.0625 in 7.63 sec
Epoch 15/100, mean train accuracy: 99.12%, mean test accuracy: 99.10%, lr scale: 0.0625 in 7.68 sec
Epoch 16/100, mean train accuracy: 99.09%, mean test accuracy: 99.10%, lr scale: 0.0625 in 7.57 sec
Epoch 17/100, mean train accuracy: 99.13%, mean test accuracy: 99.09%, lr scale: 0.03125 in 7.67 sec
Epoch 18/100, mean train accuracy: 99.10%, mean test accuracy: 99.11%, lr scale: 0.015625 in 7.85 sec
Epoch 19/100, mean train accuracy: 99.14%, mean test accuracy: 99.11%, lr scale: 0.0078125 in 7.75 sec
Epoch 20/100, mean train accuracy: 99.12%, mean test accuracy: 99.12%, lr scale: 0.0078125 in 7.45 sec
Epoch 21/100, mean train accuracy: 99.12%, mean test accuracy: 99.11%, lr scale: 0.00390625 in 7.43 sec
Epoch 22/100, mean train accuracy: 99.11%, mean test accuracy: 99.11%, lr scale: 0.001953125 in 7.44 sec
Epoch 23/100, mean train accuracy: 99.13%, mean test accuracy: 99.11%, lr scale: 0.001953125 in 7.48 sec
Epoch 24/100, mean train accuracy: 99.11%, mean test accuracy: 99.11%, lr scale: 0.0009765625 in 7.52 sec
Learning rate reached 1.00E-06, stopping training
Time to train the neural network: 203.13s

Find grid KDE NN approx...Done in 0.76 sec.
Find grid KDE NN empiric approx...Done in 4.6 sec.
Find grid NN approx...Done in 0.13 sec.
Sampling 10 times...Done in 2.4e+02 sec.

---------------------------------------nITERATION ALPHA = 1.0 DONE IN 4.5e+02 SECONDS!
---------------------------------------
----------------------
ALPHA = 0.99 EPSILON = 4.7e+04
----------------------
Simulations of the testing dataset...
Test check: True
Time to simulate the testing dataset: 1.52s

Simulations of the training dataset...
Train check: True
Time to simulate the training dataset: 2.30s

Training the neural network...
Initial accuracy: 51.06%, Initial test accuracy: 51.05%
Training for 100 epochs...
Epoch 1/100, mean train accuracy: 96.09%, mean test accuracy: 98.78%, lr scale: 1.0 in 8.77 sec
Epoch 2/100, mean train accuracy: 98.19%, mean test accuracy: 98.87%, lr scale: 1.0 in 7.99 sec
Epoch 3/100, mean train accuracy: 98.61%, mean test accuracy: 99.00%, lr scale: 1.0 in 7.99 sec
Epoch 4/100, mean train accuracy: 98.91%, mean test accuracy: 99.00%, lr scale: 1.0 in 8.09 sec
Epoch 5/100, mean train accuracy: 98.93%, mean test accuracy: 98.89%, lr scale: 1.0 in 8.24 sec
Epoch 6/100, mean train accuracy: 98.91%, mean test accuracy: 98.99%, lr scale: 1.0 in 8.56 sec
Epoch 7/100, mean train accuracy: 99.00%, mean test accuracy: 98.90%, lr scale: 1.0 in 8.02 sec
Epoch 8/100, mean train accuracy: 99.00%, mean test accuracy: 99.07%, lr scale: 0.5 in 8.23 sec
Epoch 9/100, mean train accuracy: 99.10%, mean test accuracy: 99.01%, lr scale: 0.5 in 7.59 sec
Epoch 10/100, mean train accuracy: 99.09%, mean test accuracy: 99.07%, lr scale: 0.25 in 7.64 sec
Epoch 11/100, mean train accuracy: 99.09%, mean test accuracy: 99.05%, lr scale: 0.25 in 7.56 sec
Epoch 12/100, mean train accuracy: 99.07%, mean test accuracy: 99.06%, lr scale: 0.125 in 7.93 sec
Epoch 13/100, mean train accuracy: 99.10%, mean test accuracy: 99.08%, lr scale: 0.0625 in 7.52 sec
Epoch 14/100, mean train accuracy: 99.11%, mean test accuracy: 99.09%, lr scale: 0.0625 in 7.43 sec
Epoch 15/100, mean train accuracy: 99.11%, mean test accuracy: 99.09%, lr scale: 0.03125 in 7.49 sec
Epoch 16/100, mean train accuracy: 99.09%, mean test accuracy: 99.09%, lr scale: 0.015625 in 7.37 sec
Epoch 17/100, mean train accuracy: 99.11%, mean test accuracy: 99.09%, lr scale: 0.0078125 in 7.39 sec
Epoch 18/100, mean train accuracy: 99.11%, mean test accuracy: 99.09%, lr scale: 0.0078125 in 7.44 sec
Epoch 19/100, mean train accuracy: 99.11%, mean test accuracy: 99.09%, lr scale: 0.00390625 in 7.40 sec
Epoch 20/100, mean train accuracy: 99.11%, mean test accuracy: 99.09%, lr scale: 0.001953125 in 7.48 sec
Epoch 21/100, mean train accuracy: 99.13%, mean test accuracy: 99.09%, lr scale: 0.001953125 in 7.39 sec
Epoch 22/100, mean train accuracy: 99.12%, mean test accuracy: 99.09%, lr scale: 0.0009765625 in 7.35 sec
Learning rate reached 1.00E-06, stopping training
Time to train the neural network: 182.18s

Find grid KDE NN approx...Done in 0.22 sec.
Find grid KDE NN empiric approx...Done in 4.4 sec.
Find grid NN approx...Done in 0.04 sec.
Sampling 10 times...Done in 2.1e+02 sec.

---------------------------------------nITERATION ALPHA = 0.99 DONE IN 4e+02 SECONDS!
---------------------------------------
----------------------
ALPHA = 0.9 EPSILON = 2.7e+04
----------------------
Simulations of the testing dataset...
Test check: True
Time to simulate the testing dataset: 0.15s

Simulations of the training dataset...
Train check: True
Time to simulate the training dataset: 1.04s

Training the neural network...
Initial accuracy: 59.45%, Initial test accuracy: 59.23%
Training for 100 epochs...
Epoch 1/100, mean train accuracy: 95.82%, mean test accuracy: 98.62%, lr scale: 1.0 in 8.54 sec
Epoch 2/100, mean train accuracy: 97.72%, mean test accuracy: 98.38%, lr scale: 1.0 in 7.98 sec
Epoch 3/100, mean train accuracy: 98.76%, mean test accuracy: 98.78%, lr scale: 1.0 in 7.93 sec
Epoch 4/100, mean train accuracy: 98.72%, mean test accuracy: 98.78%, lr scale: 1.0 in 7.93 sec
Epoch 5/100, mean train accuracy: 98.57%, mean test accuracy: 98.62%, lr scale: 1.0 in 8.75 sec
Epoch 6/100, mean train accuracy: 98.87%, mean test accuracy: 98.80%, lr scale: 0.5 in 7.93 sec
Epoch 7/100, mean train accuracy: 98.85%, mean test accuracy: 98.82%, lr scale: 0.5 in 7.73 sec
Epoch 8/100, mean train accuracy: 98.86%, mean test accuracy: 98.92%, lr scale: 0.25 in 7.79 sec
Epoch 9/100, mean train accuracy: 98.90%, mean test accuracy: 98.88%, lr scale: 0.25 in 7.73 sec
Epoch 10/100, mean train accuracy: 98.95%, mean test accuracy: 98.92%, lr scale: 0.25 in 7.79 sec
Epoch 11/100, mean train accuracy: 98.90%, mean test accuracy: 98.91%, lr scale: 0.125 in 7.73 sec
Epoch 12/100, mean train accuracy: 98.94%, mean test accuracy: 98.89%, lr scale: 0.125 in 7.72 sec
Epoch 13/100, mean train accuracy: 98.93%, mean test accuracy: 98.92%, lr scale: 0.0625 in 7.69 sec
Epoch 14/100, mean train accuracy: 98.96%, mean test accuracy: 98.91%, lr scale: 0.0625 in 7.67 sec
Epoch 15/100, mean train accuracy: 98.95%, mean test accuracy: 98.92%, lr scale: 0.03125 in 7.81 sec
Epoch 16/100, mean train accuracy: 98.94%, mean test accuracy: 98.91%, lr scale: 0.015625 in 7.68 sec
Epoch 17/100, mean train accuracy: 98.94%, mean test accuracy: 98.93%, lr scale: 0.015625 in 8.06 sec
Epoch 18/100, mean train accuracy: 98.95%, mean test accuracy: 98.91%, lr scale: 0.0078125 in 7.50 sec
Epoch 19/100, mean train accuracy: 98.99%, mean test accuracy: 98.92%, lr scale: 0.00390625 in 7.58 sec
Epoch 20/100, mean train accuracy: 98.97%, mean test accuracy: 98.92%, lr scale: 0.00390625 in 7.46 sec
Epoch 21/100, mean train accuracy: 98.95%, mean test accuracy: 98.92%, lr scale: 0.001953125 in 7.58 sec
Epoch 22/100, mean train accuracy: 98.96%, mean test accuracy: 98.92%, lr scale: 0.0009765625 in 7.47 sec
Learning rate reached 1.00E-06, stopping training
Time to train the neural network: 182.66s

Find grid KDE NN approx...Done in 0.056 sec.
Find grid KDE NN empiric approx...Done in 4.4 sec.
Find grid NN approx...Done in 0.041 sec.
Sampling 10 times...Done in 2.2e+02 sec.

---------------------------------------nITERATION ALPHA = 0.9 DONE IN 4e+02 SECONDS!
---------------------------------------
----------------------
ALPHA = 0.75 EPSILON = 1.8e+04
----------------------
Simulations of the testing dataset...
Test check: True
Time to simulate the testing dataset: 0.16s

Simulations of the training dataset...
Train check: True
Time to simulate the training dataset: 0.87s

Training the neural network...
Initial accuracy: 56.92%, Initial test accuracy: 56.84%
Training for 100 epochs...
Epoch 1/100, mean train accuracy: 96.30%, mean test accuracy: 98.36%, lr scale: 1.0 in 8.70 sec
Epoch 2/100, mean train accuracy: 98.24%, mean test accuracy: 98.52%, lr scale: 1.0 in 7.57 sec
Epoch 3/100, mean train accuracy: 98.47%, mean test accuracy: 98.61%, lr scale: 1.0 in 7.58 sec
Epoch 4/100, mean train accuracy: 98.49%, mean test accuracy: 98.26%, lr scale: 1.0 in 7.66 sec
Epoch 5/100, mean train accuracy: 98.65%, mean test accuracy: 98.62%, lr scale: 0.5 in 7.63 sec
Epoch 6/100, mean train accuracy: 98.64%, mean test accuracy: 98.68%, lr scale: 0.25 in 7.64 sec
Epoch 7/100, mean train accuracy: 98.71%, mean test accuracy: 98.67%, lr scale: 0.25 in 7.76 sec
Epoch 8/100, mean train accuracy: 98.68%, mean test accuracy: 98.64%, lr scale: 0.25 in 7.65 sec
Epoch 9/100, mean train accuracy: 98.70%, mean test accuracy: 98.62%, lr scale: 0.25 in 7.69 sec
Epoch 10/100, mean train accuracy: 98.68%, mean test accuracy: 98.66%, lr scale: 0.125 in 7.61 sec
Epoch 11/100, mean train accuracy: 98.72%, mean test accuracy: 98.67%, lr scale: 0.0625 in 7.96 sec
Epoch 12/100, mean train accuracy: 98.72%, mean test accuracy: 98.66%, lr scale: 0.0625 in 7.74 sec
Epoch 13/100, mean train accuracy: 98.73%, mean test accuracy: 98.68%, lr scale: 0.03125 in 7.56 sec
Epoch 14/100, mean train accuracy: 98.73%, mean test accuracy: 98.68%, lr scale: 0.015625 in 7.63 sec
Epoch 15/100, mean train accuracy: 98.73%, mean test accuracy: 98.68%, lr scale: 0.015625 in 7.67 sec
Epoch 16/100, mean train accuracy: 98.74%, mean test accuracy: 98.69%, lr scale: 0.0078125 in 7.90 sec
Epoch 17/100, mean train accuracy: 98.75%, mean test accuracy: 98.68%, lr scale: 0.00390625 in 7.41 sec
Epoch 18/100, mean train accuracy: 98.75%, mean test accuracy: 98.68%, lr scale: 0.001953125 in 7.38 sec
Epoch 19/100, mean train accuracy: 98.72%, mean test accuracy: 98.68%, lr scale: 0.001953125 in 7.39 sec
Epoch 20/100, mean train accuracy: 98.75%, mean test accuracy: 98.68%, lr scale: 0.0009765625 in 7.42 sec
Learning rate reached 1.00E-06, stopping training
Time to train the neural network: 164.17s

Find grid KDE NN approx...Done in 0.22 sec.
Find grid KDE NN empiric approx...Done in 4.8 sec.
Find grid NN approx...Done in 0.045 sec.
Sampling 10 times...Done in 1.9e+02 sec.

---------------------------------------nITERATION ALPHA = 0.75 DONE IN 3.6e+02 SECONDS!
---------------------------------------
----------------------
ALPHA = 0.5 EPSILON = 9.9e+03
----------------------
Simulations of the testing dataset...
Test check: True
Time to simulate the testing dataset: 0.14s

Simulations of the training dataset...
Train check: True
Time to simulate the training dataset: 0.80s

Training the neural network...
Initial accuracy: 50.09%, Initial test accuracy: 50.11%
Training for 100 epochs...
Epoch 1/100, mean train accuracy: 93.98%, mean test accuracy: 97.89%, lr scale: 1.0 in 8.05 sec
Epoch 2/100, mean train accuracy: 97.38%, mean test accuracy: 98.16%, lr scale: 1.0 in 7.44 sec
Epoch 3/100, mean train accuracy: 97.78%, mean test accuracy: 98.33%, lr scale: 1.0 in 7.71 sec
Epoch 4/100, mean train accuracy: 98.23%, mean test accuracy: 98.34%, lr scale: 0.5 in 8.66 sec
Epoch 5/100, mean train accuracy: 98.25%, mean test accuracy: 98.35%, lr scale: 0.25 in 7.64 sec
Epoch 6/100, mean train accuracy: 98.21%, mean test accuracy: 98.26%, lr scale: 0.125 in 7.70 sec
Epoch 7/100, mean train accuracy: 98.34%, mean test accuracy: 98.37%, lr scale: 0.125 in 7.64 sec
Epoch 8/100, mean train accuracy: 98.27%, mean test accuracy: 98.21%, lr scale: 0.125 in 7.60 sec
Epoch 9/100, mean train accuracy: 98.33%, mean test accuracy: 98.37%, lr scale: 0.0625 in 7.60 sec
Epoch 10/100, mean train accuracy: 98.33%, mean test accuracy: 98.36%, lr scale: 0.0625 in 7.56 sec
Epoch 11/100, mean train accuracy: 98.32%, mean test accuracy: 98.35%, lr scale: 0.03125 in 7.89 sec
Epoch 12/100, mean train accuracy: 98.35%, mean test accuracy: 98.37%, lr scale: 0.03125 in 7.66 sec
Epoch 13/100, mean train accuracy: 98.34%, mean test accuracy: 98.37%, lr scale: 0.03125 in 7.62 sec
Epoch 14/100, mean train accuracy: 98.31%, mean test accuracy: 98.37%, lr scale: 0.015625 in 7.63 sec
Epoch 15/100, mean train accuracy: 98.38%, mean test accuracy: 98.37%, lr scale: 0.015625 in 7.65 sec
Epoch 16/100, mean train accuracy: 98.36%, mean test accuracy: 98.37%, lr scale: 0.0078125 in 7.70 sec
Epoch 17/100, mean train accuracy: 98.36%, mean test accuracy: 98.37%, lr scale: 0.0078125 in 7.65 sec
Epoch 18/100, mean train accuracy: 98.35%, mean test accuracy: 98.37%, lr scale: 0.00390625 in 7.63 sec
Epoch 19/100, mean train accuracy: 98.34%, mean test accuracy: 98.37%, lr scale: 0.00390625 in 7.64 sec
Epoch 20/100, mean train accuracy: 98.38%, mean test accuracy: 98.37%, lr scale: 0.001953125 in 7.62 sec
Epoch 21/100, mean train accuracy: 98.38%, mean test accuracy: 98.36%, lr scale: 0.0009765625 in 8.13 sec
Learning rate reached 1.00E-06, stopping training
Time to train the neural network: 172.92s

Find grid KDE NN approx...Done in 0.24 sec.
Find grid KDE NN empiric approx...Done in 4.7 sec.
Find grid NN approx...Done in 0.043 sec.
Sampling 10 times...Done in 2.5e+02 sec.

---------------------------------------nITERATION ALPHA = 0.5 DONE IN 4.3e+02 SECONDS!
---------------------------------------
----------------------
ALPHA = 0.25 EPSILON = 4.4e+03
----------------------
Simulations of the testing dataset...
Test check: True
Time to simulate the testing dataset: 0.14s

Simulations of the training dataset...
Train check: True
Time to simulate the training dataset: 0.88s

Training the neural network...
Initial accuracy: 49.96%, Initial test accuracy: 50.01%
Training for 100 epochs...
Epoch 1/100, mean train accuracy: 91.53%, mean test accuracy: 96.36%, lr scale: 1.0 in 8.79 sec
Epoch 2/100, mean train accuracy: 94.79%, mean test accuracy: 95.50%, lr scale: 1.0 in 7.62 sec
Epoch 3/100, mean train accuracy: 95.74%, mean test accuracy: 96.48%, lr scale: 1.0 in 7.58 sec
Epoch 4/100, mean train accuracy: 96.13%, mean test accuracy: 96.89%, lr scale: 0.5 in 7.67 sec
Epoch 5/100, mean train accuracy: 96.94%, mean test accuracy: 97.32%, lr scale: 0.5 in 7.56 sec
Epoch 6/100, mean train accuracy: 97.04%, mean test accuracy: 97.61%, lr scale: 0.5 in 7.52 sec
Epoch 7/100, mean train accuracy: 97.42%, mean test accuracy: 97.39%, lr scale: 0.5 in 7.56 sec
Epoch 8/100, mean train accuracy: 97.37%, mean test accuracy: 97.68%, lr scale: 0.5 in 7.61 sec
Epoch 9/100, mean train accuracy: 97.51%, mean test accuracy: 97.55%, lr scale: 0.5 in 7.68 sec
Epoch 10/100, mean train accuracy: 97.58%, mean test accuracy: 97.61%, lr scale: 0.5 in 7.97 sec
Epoch 11/100, mean train accuracy: 97.64%, mean test accuracy: 97.88%, lr scale: 0.5 in 7.71 sec
Epoch 12/100, mean train accuracy: 97.71%, mean test accuracy: 97.88%, lr scale: 0.5 in 8.12 sec
Epoch 13/100, mean train accuracy: 97.63%, mean test accuracy: 97.88%, lr scale: 0.25 in 7.81 sec
Epoch 14/100, mean train accuracy: 97.79%, mean test accuracy: 97.55%, lr scale: 0.25 in 7.80 sec
Epoch 15/100, mean train accuracy: 97.71%, mean test accuracy: 97.81%, lr scale: 0.25 in 7.78 sec
Epoch 16/100, mean train accuracy: 97.79%, mean test accuracy: 97.90%, lr scale: 0.125 in 7.79 sec
Epoch 17/100, mean train accuracy: 97.81%, mean test accuracy: 97.91%, lr scale: 0.125 in 7.85 sec
Epoch 18/100, mean train accuracy: 97.80%, mean test accuracy: 97.89%, lr scale: 0.0625 in 7.83 sec
Epoch 19/100, mean train accuracy: 97.84%, mean test accuracy: 97.93%, lr scale: 0.03125 in 7.82 sec
Epoch 20/100, mean train accuracy: 97.81%, mean test accuracy: 97.93%, lr scale: 0.03125 in 7.97 sec
Epoch 21/100, mean train accuracy: 97.88%, mean test accuracy: 97.91%, lr scale: 0.015625 in 8.03 sec
Epoch 22/100, mean train accuracy: 97.87%, mean test accuracy: 97.92%, lr scale: 0.015625 in 7.59 sec
Epoch 23/100, mean train accuracy: 97.86%, mean test accuracy: 97.93%, lr scale: 0.0078125 in 7.66 sec
Epoch 24/100, mean train accuracy: 97.86%, mean test accuracy: 97.92%, lr scale: 0.00390625 in 7.57 sec
Epoch 25/100, mean train accuracy: 97.88%, mean test accuracy: 97.91%, lr scale: 0.001953125 in 7.56 sec
Epoch 26/100, mean train accuracy: 97.88%, mean test accuracy: 97.91%, lr scale: 0.001953125 in 7.93 sec
Epoch 27/100, mean train accuracy: 97.85%, mean test accuracy: 97.92%, lr scale: 0.0009765625 in 7.80 sec
Learning rate reached 1.00E-06, stopping training
Time to train the neural network: 220.99s

Find grid KDE NN approx...Done in 0.23 sec.
Find grid KDE NN empiric approx...Done in 4.7 sec.
Find grid NN approx...Done in 0.044 sec.
Sampling 10 times...Done in 2.7e+02 sec.

---------------------------------------nITERATION ALPHA = 0.25 DONE IN 4.9e+02 SECONDS!
---------------------------------------
----------------------
ALPHA = 0.1 EPSILON = 1.3e+03
----------------------
Simulations of the testing dataset...
Test check: True
Time to simulate the testing dataset: 0.14s

Simulations of the training dataset...
Train check: True
Time to simulate the training dataset: 0.83s

Training the neural network...
Initial accuracy: 49.94%, Initial test accuracy: 50.01%
Training for 100 epochs...
Epoch 1/100, mean train accuracy: 87.42%, mean test accuracy: 87.97%, lr scale: 1.0 in 8.40 sec
Epoch 2/100, mean train accuracy: 92.59%, mean test accuracy: 94.86%, lr scale: 1.0 in 7.94 sec
Epoch 3/100, mean train accuracy: 93.46%, mean test accuracy: 94.71%, lr scale: 1.0 in 7.88 sec
Epoch 4/100, mean train accuracy: 94.17%, mean test accuracy: 94.40%, lr scale: 1.0 in 7.89 sec
Epoch 5/100, mean train accuracy: 94.65%, mean test accuracy: 95.30%, lr scale: 1.0 in 7.97 sec
Epoch 6/100, mean train accuracy: 94.94%, mean test accuracy: 95.02%, lr scale: 1.0 in 8.08 sec
Epoch 7/100, mean train accuracy: 94.92%, mean test accuracy: 96.06%, lr scale: 1.0 in 7.88 sec
Epoch 8/100, mean train accuracy: 95.18%, mean test accuracy: 94.79%, lr scale: 1.0 in 7.93 sec
Epoch 9/100, mean train accuracy: 95.78%, mean test accuracy: 96.46%, lr scale: 0.5 in 8.22 sec
Epoch 10/100, mean train accuracy: 96.41%, mean test accuracy: 96.69%, lr scale: 0.5 in 7.97 sec
Epoch 11/100, mean train accuracy: 96.67%, mean test accuracy: 97.01%, lr scale: 0.5 in 8.03 sec
Epoch 12/100, mean train accuracy: 96.92%, mean test accuracy: 97.02%, lr scale: 0.5 in 8.15 sec
Epoch 13/100, mean train accuracy: 97.02%, mean test accuracy: 97.02%, lr scale: 0.5 in 7.96 sec
Epoch 14/100, mean train accuracy: 96.99%, mean test accuracy: 97.03%, lr scale: 0.5 in 8.18 sec
Epoch 15/100, mean train accuracy: 96.97%, mean test accuracy: 97.15%, lr scale: 0.5 in 7.82 sec
Epoch 16/100, mean train accuracy: 97.03%, mean test accuracy: 96.87%, lr scale: 0.5 in 7.89 sec
Epoch 17/100, mean train accuracy: 97.07%, mean test accuracy: 97.21%, lr scale: 0.25 in 7.98 sec
Epoch 18/100, mean train accuracy: 97.20%, mean test accuracy: 97.19%, lr scale: 0.25 in 8.01 sec
Epoch 19/100, mean train accuracy: 97.14%, mean test accuracy: 97.23%, lr scale: 0.25 in 7.86 sec
Epoch 20/100, mean train accuracy: 97.17%, mean test accuracy: 97.14%, lr scale: 0.125 in 8.02 sec
Epoch 21/100, mean train accuracy: 97.17%, mean test accuracy: 97.15%, lr scale: 0.125 in 8.48 sec
Epoch 22/100, mean train accuracy: 97.17%, mean test accuracy: 97.09%, lr scale: 0.125 in 7.76 sec
Epoch 23/100, mean train accuracy: 97.19%, mean test accuracy: 97.18%, lr scale: 0.0625 in 7.82 sec
Epoch 24/100, mean train accuracy: 97.17%, mean test accuracy: 97.26%, lr scale: 0.03125 in 7.77 sec
Epoch 25/100, mean train accuracy: 97.26%, mean test accuracy: 97.26%, lr scale: 0.03125 in 7.81 sec
Epoch 26/100, mean train accuracy: 97.19%, mean test accuracy: 97.24%, lr scale: 0.015625 in 7.77 sec
Epoch 27/100, mean train accuracy: 97.19%, mean test accuracy: 97.25%, lr scale: 0.0078125 in 7.73 sec
Epoch 28/100, mean train accuracy: 97.23%, mean test accuracy: 97.24%, lr scale: 0.0078125 in 7.70 sec
Epoch 29/100, mean train accuracy: 97.21%, mean test accuracy: 97.25%, lr scale: 0.00390625 in 7.80 sec
Epoch 30/100, mean train accuracy: 97.24%, mean test accuracy: 97.24%, lr scale: 0.001953125 in 7.76 sec
Epoch 31/100, mean train accuracy: 97.19%, mean test accuracy: 97.25%, lr scale: 0.001953125 in 7.74 sec
Epoch 32/100, mean train accuracy: 97.22%, mean test accuracy: 97.26%, lr scale: 0.0009765625 in 7.76 sec
Learning rate reached 1.00E-06, stopping training
Time to train the neural network: 265.35s

Find grid KDE NN approx...Done in 0.23 sec.
Find grid KDE NN empiric approx...Done in 4.5 sec.
Find grid NN approx...Done in 0.04 sec.
Sampling 10 times...Done in 2.5e+02 sec.

---------------------------------------nITERATION ALPHA = 0.1 DONE IN 5.2e+02 SECONDS!
---------------------------------------
----------------------
ALPHA = 0.05 EPSILON = 4.5e+02
----------------------
Simulations of the testing dataset...
Test check: True
Time to simulate the testing dataset: 0.14s

Simulations of the training dataset...
Train check: True
Time to simulate the training dataset: 0.81s

Training the neural network...
Initial accuracy: 49.91%, Initial test accuracy: 49.99%
Training for 100 epochs...
Epoch 1/100, mean train accuracy: 82.65%, mean test accuracy: 92.82%, lr scale: 1.0 in 8.53 sec
Epoch 2/100, mean train accuracy: 89.36%, mean test accuracy: 93.60%, lr scale: 1.0 in 7.91 sec
Epoch 3/100, mean train accuracy: 90.56%, mean test accuracy: 93.62%, lr scale: 1.0 in 7.80 sec
Epoch 4/100, mean train accuracy: 92.03%, mean test accuracy: 94.66%, lr scale: 1.0 in 7.89 sec
Epoch 5/100, mean train accuracy: 92.63%, mean test accuracy: 93.54%, lr scale: 1.0 in 8.27 sec
Epoch 6/100, mean train accuracy: 92.97%, mean test accuracy: 94.84%, lr scale: 1.0 in 7.80 sec
Epoch 7/100, mean train accuracy: 93.73%, mean test accuracy: 95.11%, lr scale: 1.0 in 7.82 sec
Epoch 8/100, mean train accuracy: 94.02%, mean test accuracy: 95.06%, lr scale: 1.0 in 7.81 sec
Epoch 9/100, mean train accuracy: 94.36%, mean test accuracy: 95.18%, lr scale: 0.5 in 7.87 sec
Epoch 10/100, mean train accuracy: 95.06%, mean test accuracy: 95.36%, lr scale: 0.5 in 7.67 sec
Epoch 11/100, mean train accuracy: 95.11%, mean test accuracy: 94.87%, lr scale: 0.5 in 7.82 sec
Epoch 12/100, mean train accuracy: 95.31%, mean test accuracy: 95.17%, lr scale: 0.25 in 7.99 sec
Epoch 13/100, mean train accuracy: 95.49%, mean test accuracy: 95.63%, lr scale: 0.25 in 8.03 sec
Epoch 14/100, mean train accuracy: 95.68%, mean test accuracy: 95.82%, lr scale: 0.125 in 7.89 sec
Epoch 15/100, mean train accuracy: 95.85%, mean test accuracy: 95.93%, lr scale: 0.125 in 7.61 sec
Epoch 16/100, mean train accuracy: 95.91%, mean test accuracy: 95.63%, lr scale: 0.125 in 7.65 sec
Epoch 17/100, mean train accuracy: 96.01%, mean test accuracy: 96.13%, lr scale: 0.125 in 7.60 sec
Epoch 18/100, mean train accuracy: 96.21%, mean test accuracy: 96.12%, lr scale: 0.125 in 7.62 sec
Epoch 19/100, mean train accuracy: 96.20%, mean test accuracy: 96.00%, lr scale: 0.0625 in 7.59 sec
Epoch 20/100, mean train accuracy: 96.20%, mean test accuracy: 96.18%, lr scale: 0.0625 in 7.56 sec
Epoch 21/100, mean train accuracy: 96.26%, mean test accuracy: 96.05%, lr scale: 0.03125 in 7.57 sec
Epoch 22/100, mean train accuracy: 96.31%, mean test accuracy: 96.24%, lr scale: 0.015625 in 7.72 sec
Epoch 23/100, mean train accuracy: 96.30%, mean test accuracy: 96.24%, lr scale: 0.015625 in 7.63 sec
Epoch 24/100, mean train accuracy: 96.25%, mean test accuracy: 96.24%, lr scale: 0.015625 in 7.62 sec
Epoch 25/100, mean train accuracy: 96.28%, mean test accuracy: 96.24%, lr scale: 0.0078125 in 7.68 sec
Epoch 26/100, mean train accuracy: 96.25%, mean test accuracy: 96.25%, lr scale: 0.00390625 in 7.79 sec
Epoch 27/100, mean train accuracy: 96.31%, mean test accuracy: 96.25%, lr scale: 0.00390625 in 7.96 sec
Epoch 28/100, mean train accuracy: 96.28%, mean test accuracy: 96.24%, lr scale: 0.001953125 in 7.43 sec
Epoch 29/100, mean train accuracy: 96.29%, mean test accuracy: 96.25%, lr scale: 0.001953125 in 7.40 sec
Epoch 30/100, mean train accuracy: 96.29%, mean test accuracy: 96.25%, lr scale: 0.0009765625 in 7.45 sec
Learning rate reached 1.00E-06, stopping training
Time to train the neural network: 244.51s

Find grid KDE NN approx...Done in 0.22 sec.
Find grid KDE NN empiric approx...Done in 4.5 sec.
Find grid NN approx...Done in 0.038 sec.
Sampling 10 times...Done in 2e+02 sec.

---------------------------------------nITERATION ALPHA = 0.05 DONE IN 4.5e+02 SECONDS!
---------------------------------------
----------------------
ALPHA = 0.01 EPSILON = 2.2e+01
----------------------
Simulations of the testing dataset...
Test check: True
Time to simulate the testing dataset: 0.14s

Simulations of the training dataset...
Train check: True
Time to simulate the training dataset: 0.88s

Training the neural network...
Initial accuracy: 50.07%, Initial test accuracy: 50.00%
Training for 100 epochs...
Epoch 1/100, mean train accuracy: 63.43%, mean test accuracy: 79.22%, lr scale: 1.0 in 9.35 sec
Epoch 2/100, mean train accuracy: 73.69%, mean test accuracy: 85.12%, lr scale: 1.0 in 8.13 sec
Epoch 3/100, mean train accuracy: 75.62%, mean test accuracy: 80.88%, lr scale: 1.0 in 7.98 sec
Epoch 4/100, mean train accuracy: 78.83%, mean test accuracy: 81.86%, lr scale: 1.0 in 8.72 sec
Epoch 5/100, mean train accuracy: 80.84%, mean test accuracy: 86.29%, lr scale: 1.0 in 8.05 sec
Epoch 6/100, mean train accuracy: 81.47%, mean test accuracy: 85.55%, lr scale: 1.0 in 7.83 sec
Epoch 7/100, mean train accuracy: 81.97%, mean test accuracy: 83.10%, lr scale: 1.0 in 7.75 sec
Epoch 8/100, mean train accuracy: 83.47%, mean test accuracy: 86.52%, lr scale: 1.0 in 7.74 sec
Epoch 9/100, mean train accuracy: 84.52%, mean test accuracy: 87.49%, lr scale: 0.5 in 7.81 sec
Epoch 10/100, mean train accuracy: 86.64%, mean test accuracy: 83.74%, lr scale: 0.5 in 7.75 sec
Epoch 11/100, mean train accuracy: 87.32%, mean test accuracy: 88.13%, lr scale: 0.5 in 7.86 sec
Epoch 12/100, mean train accuracy: 87.65%, mean test accuracy: 88.58%, lr scale: 0.5 in 7.75 sec
Epoch 13/100, mean train accuracy: 87.95%, mean test accuracy: 88.29%, lr scale: 0.25 in 7.64 sec
Epoch 14/100, mean train accuracy: 88.21%, mean test accuracy: 88.57%, lr scale: 0.25 in 7.71 sec
Epoch 15/100, mean train accuracy: 88.33%, mean test accuracy: 88.37%, lr scale: 0.125 in 7.65 sec
Epoch 16/100, mean train accuracy: 88.36%, mean test accuracy: 88.24%, lr scale: 0.0625 in 7.69 sec
Epoch 17/100, mean train accuracy: 88.65%, mean test accuracy: 88.72%, lr scale: 0.0625 in 7.67 sec
Epoch 18/100, mean train accuracy: 88.65%, mean test accuracy: 88.68%, lr scale: 0.03125 in 7.74 sec
Epoch 19/100, mean train accuracy: 88.67%, mean test accuracy: 88.64%, lr scale: 0.015625 in 7.76 sec
Epoch 20/100, mean train accuracy: 88.65%, mean test accuracy: 88.74%, lr scale: 0.015625 in 7.80 sec
Epoch 21/100, mean train accuracy: 88.71%, mean test accuracy: 88.67%, lr scale: 0.0078125 in 7.68 sec
Epoch 22/100, mean train accuracy: 88.71%, mean test accuracy: 88.69%, lr scale: 0.00390625 in 7.74 sec
Epoch 23/100, mean train accuracy: 88.66%, mean test accuracy: 88.65%, lr scale: 0.00390625 in 7.69 sec
Epoch 24/100, mean train accuracy: 88.70%, mean test accuracy: 88.69%, lr scale: 0.001953125 in 7.85 sec
Epoch 25/100, mean train accuracy: 88.54%, mean test accuracy: 88.70%, lr scale: 0.0009765625 in 8.08 sec
Learning rate reached 1.00E-06, stopping training
Time to train the neural network: 208.39s

Find grid KDE NN approx...Done in 0.056 sec.
Find grid KDE NN empiric approx...Done in 4.7 sec.
Find grid NN approx...Done in 0.042 sec.
Sampling 10 times...Done in 2.1e+02 sec.

---------------------------------------nITERATION ALPHA = 0.01 DONE IN 4.2e+02 SECONDS!
---------------------------------------
----------------------
ALPHA = 0.005 EPSILON = 5.5
----------------------
Simulations of the testing dataset...
Test check: True
Time to simulate the testing dataset: 0.14s

Simulations of the training dataset...
Train check: True
Time to simulate the training dataset: 0.82s

Training the neural network...
Initial accuracy: 50.00%, Initial test accuracy: 50.00%
Training for 100 epochs...
Epoch 1/100, mean train accuracy: 52.31%, mean test accuracy: 50.00%, lr scale: 1.0 in 8.97 sec
Epoch 2/100, mean train accuracy: 58.82%, mean test accuracy: 72.53%, lr scale: 1.0 in 8.11 sec
Epoch 3/100, mean train accuracy: 63.24%, mean test accuracy: 63.25%, lr scale: 1.0 in 8.15 sec
Epoch 4/100, mean train accuracy: 66.73%, mean test accuracy: 76.00%, lr scale: 0.5 in 8.38 sec
Epoch 5/100, mean train accuracy: 71.94%, mean test accuracy: 70.54%, lr scale: 0.5 in 7.69 sec
Epoch 6/100, mean train accuracy: 72.33%, mean test accuracy: 74.71%, lr scale: 0.5 in 7.78 sec
Epoch 7/100, mean train accuracy: 72.48%, mean test accuracy: 75.85%, lr scale: 0.5 in 7.68 sec
Epoch 8/100, mean train accuracy: 73.63%, mean test accuracy: 77.02%, lr scale: 0.5 in 7.67 sec
Epoch 9/100, mean train accuracy: 75.79%, mean test accuracy: 78.60%, lr scale: 0.5 in 7.70 sec
Epoch 10/100, mean train accuracy: 77.82%, mean test accuracy: 73.30%, lr scale: 0.5 in 7.75 sec
Epoch 11/100, mean train accuracy: 78.22%, mean test accuracy: 80.12%, lr scale: 0.5 in 7.73 sec
Epoch 12/100, mean train accuracy: 78.67%, mean test accuracy: 79.62%, lr scale: 0.5 in 7.79 sec
Epoch 13/100, mean train accuracy: 79.24%, mean test accuracy: 74.91%, lr scale: 0.5 in 7.90 sec
Epoch 14/100, mean train accuracy: 78.82%, mean test accuracy: 80.17%, lr scale: 0.5 in 7.67 sec
Epoch 15/100, mean train accuracy: 79.29%, mean test accuracy: 78.92%, lr scale: 0.25 in 7.84 sec
Epoch 16/100, mean train accuracy: 79.98%, mean test accuracy: 80.31%, lr scale: 0.25 in 7.78 sec
Epoch 17/100, mean train accuracy: 80.08%, mean test accuracy: 77.84%, lr scale: 0.25 in 7.69 sec
Epoch 18/100, mean train accuracy: 80.01%, mean test accuracy: 79.99%, lr scale: 0.125 in 7.81 sec
Epoch 19/100, mean train accuracy: 80.37%, mean test accuracy: 80.59%, lr scale: 0.125 in 7.99 sec
Epoch 20/100, mean train accuracy: 80.59%, mean test accuracy: 80.95%, lr scale: 0.125 in 8.06 sec
Epoch 21/100, mean train accuracy: 80.55%, mean test accuracy: 79.22%, lr scale: 0.0625 in 8.00 sec
Epoch 22/100, mean train accuracy: 80.55%, mean test accuracy: 80.57%, lr scale: 0.0625 in 7.90 sec
Epoch 23/100, mean train accuracy: 80.83%, mean test accuracy: 80.98%, lr scale: 0.03125 in 8.02 sec
Epoch 24/100, mean train accuracy: 81.00%, mean test accuracy: 80.54%, lr scale: 0.03125 in 7.98 sec
Epoch 25/100, mean train accuracy: 80.79%, mean test accuracy: 80.52%, lr scale: 0.015625 in 7.95 sec
Epoch 26/100, mean train accuracy: 80.86%, mean test accuracy: 81.04%, lr scale: 0.015625 in 8.09 sec
Epoch 27/100, mean train accuracy: 81.00%, mean test accuracy: 80.85%, lr scale: 0.0078125 in 8.03 sec
Epoch 28/100, mean train accuracy: 80.80%, mean test accuracy: 80.89%, lr scale: 0.00390625 in 8.04 sec
Epoch 29/100, mean train accuracy: 81.12%, mean test accuracy: 80.78%, lr scale: 0.00390625 in 7.94 sec
Epoch 30/100, mean train accuracy: 80.93%, mean test accuracy: 80.96%, lr scale: 0.001953125 in 8.16 sec
Epoch 31/100, mean train accuracy: 80.98%, mean test accuracy: 80.92%, lr scale: 0.0009765625 in 8.15 sec
Learning rate reached 1.00E-06, stopping training
Time to train the neural network: 256.78s

Find grid KDE NN approx...Done in 0.24 sec.
Find grid KDE NN empiric approx...Done in 4.6 sec.
Find grid NN approx...Done in 0.04 sec.
Sampling 10 times...Done in 2.7e+02 sec.

---------------------------------------nITERATION ALPHA = 0.005 DONE IN 5.3e+02 SECONDS!
---------------------------------------
----------------------
ALPHA = 0.001 EPSILON = 0.24
----------------------
Simulations of the testing dataset...
Test check: True
Time to simulate the testing dataset: 0.15s

Simulations of the training dataset...
Train check: True
Time to simulate the training dataset: 0.85s

Training the neural network...
Initial accuracy: 50.07%, Initial test accuracy: 50.00%
Training for 100 epochs...
Epoch 1/100, mean train accuracy: 49.96%, mean test accuracy: 49.99%, lr scale: 1.0 in 8.41 sec
Epoch 2/100, mean train accuracy: 49.83%, mean test accuracy: 50.00%, lr scale: 1.0 in 7.92 sec
Epoch 3/100, mean train accuracy: 49.82%, mean test accuracy: 50.00%, lr scale: 1.0 in 8.19 sec
Epoch 4/100, mean train accuracy: 50.17%, mean test accuracy: 49.99%, lr scale: 1.0 in 7.88 sec
Epoch 5/100, mean train accuracy: 50.02%, mean test accuracy: 50.06%, lr scale: 1.0 in 8.11 sec
Epoch 6/100, mean train accuracy: 49.89%, mean test accuracy: 50.00%, lr scale: 1.0 in 8.02 sec
Epoch 7/100, mean train accuracy: 50.06%, mean test accuracy: 49.99%, lr scale: 1.0 in 7.97 sec
Epoch 8/100, mean train accuracy: 49.96%, mean test accuracy: 50.02%, lr scale: 1.0 in 7.94 sec
Epoch 9/100, mean train accuracy: 50.01%, mean test accuracy: 49.99%, lr scale: 1.0 in 7.97 sec
Epoch 10/100, mean train accuracy: 50.19%, mean test accuracy: 49.99%, lr scale: 1.0 in 8.03 sec
Epoch 11/100, mean train accuracy: 49.98%, mean test accuracy: 50.01%, lr scale: 1.0 in 8.02 sec
Epoch 12/100, mean train accuracy: 50.05%, mean test accuracy: 50.00%, lr scale: 1.0 in 7.95 sec
Epoch 13/100, mean train accuracy: 50.14%, mean test accuracy: 50.01%, lr scale: 1.0 in 8.22 sec
Epoch 14/100, mean train accuracy: 50.08%, mean test accuracy: 50.01%, lr scale: 1.0 in 8.18 sec
Epoch 15/100, mean train accuracy: 50.00%, mean test accuracy: 49.99%, lr scale: 1.0 in 7.89 sec
Epoch 16/100, mean train accuracy: 50.06%, mean test accuracy: 50.00%, lr scale: 0.5 in 8.10 sec
Epoch 17/100, mean train accuracy: 50.06%, mean test accuracy: 49.99%, lr scale: 0.5 in 8.21 sec
Epoch 18/100, mean train accuracy: 49.97%, mean test accuracy: 49.99%, lr scale: 0.25 in 8.02 sec
Epoch 19/100, mean train accuracy: 49.95%, mean test accuracy: 50.01%, lr scale: 0.25 in 8.04 sec
Epoch 20/100, mean train accuracy: 50.13%, mean test accuracy: 49.99%, lr scale: 0.25 in 8.13 sec
Epoch 21/100, mean train accuracy: 49.95%, mean test accuracy: 50.00%, lr scale: 0.125 in 8.11 sec
Epoch 22/100, mean train accuracy: 49.79%, mean test accuracy: 50.01%, lr scale: 0.125 in 8.01 sec
Epoch 23/100, mean train accuracy: 50.12%, mean test accuracy: 49.99%, lr scale: 0.0625 in 7.87 sec
Epoch 24/100, mean train accuracy: 50.04%, mean test accuracy: 50.00%, lr scale: 0.03125 in 8.16 sec
Epoch 25/100, mean train accuracy: 49.99%, mean test accuracy: 49.99%, lr scale: 0.015625 in 7.93 sec
Epoch 26/100, mean train accuracy: 50.10%, mean test accuracy: 50.01%, lr scale: 0.015625 in 7.84 sec
Epoch 27/100, mean train accuracy: 50.42%, mean test accuracy: 50.00%, lr scale: 0.015625 in 7.78 sec
Epoch 28/100, mean train accuracy: 50.88%, mean test accuracy: 53.18%, lr scale: 0.015625 in 7.74 sec
Epoch 29/100, mean train accuracy: 51.44%, mean test accuracy: 53.79%, lr scale: 0.015625 in 7.75 sec
Epoch 30/100, mean train accuracy: 52.13%, mean test accuracy: 54.26%, lr scale: 0.015625 in 7.74 sec
Epoch 31/100, mean train accuracy: 52.49%, mean test accuracy: 53.64%, lr scale: 0.015625 in 7.80 sec
Epoch 32/100, mean train accuracy: 53.27%, mean test accuracy: 53.31%, lr scale: 0.015625 in 7.71 sec
Epoch 33/100, mean train accuracy: 53.51%, mean test accuracy: 52.67%, lr scale: 0.015625 in 7.73 sec
Epoch 34/100, mean train accuracy: 54.26%, mean test accuracy: 50.48%, lr scale: 0.015625 in 7.66 sec
Epoch 35/100, mean train accuracy: 54.48%, mean test accuracy: 54.85%, lr scale: 0.015625 in 7.84 sec
Epoch 36/100, mean train accuracy: 54.98%, mean test accuracy: 53.96%, lr scale: 0.015625 in 7.80 sec
Epoch 37/100, mean train accuracy: 55.48%, mean test accuracy: 54.93%, lr scale: 0.015625 in 8.08 sec
Epoch 38/100, mean train accuracy: 55.52%, mean test accuracy: 54.47%, lr scale: 0.015625 in 8.21 sec
Epoch 39/100, mean train accuracy: 55.82%, mean test accuracy: 56.10%, lr scale: 0.015625 in 8.14 sec
Epoch 40/100, mean train accuracy: 56.18%, mean test accuracy: 55.75%, lr scale: 0.015625 in 8.49 sec
Epoch 41/100, mean train accuracy: 56.15%, mean test accuracy: 56.65%, lr scale: 0.015625 in 7.79 sec
Epoch 42/100, mean train accuracy: 56.28%, mean test accuracy: 56.18%, lr scale: 0.015625 in 7.66 sec
Epoch 43/100, mean train accuracy: 56.51%, mean test accuracy: 56.47%, lr scale: 0.015625 in 7.70 sec
Epoch 44/100, mean train accuracy: 56.57%, mean test accuracy: 56.84%, lr scale: 0.015625 in 7.68 sec
Epoch 45/100, mean train accuracy: 56.54%, mean test accuracy: 56.09%, lr scale: 0.015625 in 7.79 sec
Epoch 46/100, mean train accuracy: 56.61%, mean test accuracy: 56.92%, lr scale: 0.015625 in 7.72 sec
Epoch 47/100, mean train accuracy: 56.69%, mean test accuracy: 56.85%, lr scale: 0.015625 in 7.86 sec
Epoch 48/100, mean train accuracy: 56.92%, mean test accuracy: 56.10%, lr scale: 0.015625 in 7.56 sec
Epoch 49/100, mean train accuracy: 56.94%, mean test accuracy: 56.87%, lr scale: 0.0078125 in 7.57 sec
Epoch 50/100, mean train accuracy: 57.08%, mean test accuracy: 56.90%, lr scale: 0.0078125 in 7.48 sec
Epoch 51/100, mean train accuracy: 57.17%, mean test accuracy: 56.97%, lr scale: 0.00390625 in 7.50 sec
Epoch 52/100, mean train accuracy: 57.40%, mean test accuracy: 57.05%, lr scale: 0.00390625 in 7.50 sec
Epoch 53/100, mean train accuracy: 57.22%, mean test accuracy: 57.02%, lr scale: 0.00390625 in 7.53 sec
Epoch 54/100, mean train accuracy: 57.17%, mean test accuracy: 57.12%, lr scale: 0.001953125 in 7.54 sec
Epoch 55/100, mean train accuracy: 57.39%, mean test accuracy: 57.07%, lr scale: 0.0009765625 in 7.52 sec
Learning rate reached 1.00E-06, stopping training
Time to train the neural network: 444.63s

Find grid KDE NN approx...Done in 0.052 sec.
Find grid KDE NN empiric approx...Done in 4.6 sec.
Find grid NN approx...Done in 0.21 sec.
Sampling 10 times...Done in 1.8e+02 sec.

---------------------------------------nITERATION ALPHA = 0.001 DONE IN 6.3e+02 SECONDS!
---------------------------------------
----------------------
ALPHA = 0.0005 EPSILON = 0.068
----------------------
Simulations of the testing dataset...
Test check: True
Time to simulate the testing dataset: 0.13s

Simulations of the training dataset...
Train check: True
Time to simulate the training dataset: 0.79s

Training the neural network...
Initial accuracy: 49.99%, Initial test accuracy: 50.01%
Training for 100 epochs...
Epoch 1/100, mean train accuracy: 49.95%, mean test accuracy: 50.01%, lr scale: 1.0 in 8.10 sec
Epoch 2/100, mean train accuracy: 50.04%, mean test accuracy: 49.99%, lr scale: 1.0 in 7.52 sec
Epoch 3/100, mean train accuracy: 50.10%, mean test accuracy: 50.01%, lr scale: 1.0 in 7.62 sec
Epoch 4/100, mean train accuracy: 50.00%, mean test accuracy: 50.03%, lr scale: 1.0 in 7.55 sec
Epoch 5/100, mean train accuracy: 49.97%, mean test accuracy: 50.21%, lr scale: 0.5 in 7.70 sec
Epoch 6/100, mean train accuracy: 50.00%, mean test accuracy: 49.99%, lr scale: 0.5 in 7.80 sec
Epoch 7/100, mean train accuracy: 49.99%, mean test accuracy: 49.99%, lr scale: 0.25 in 7.15 sec
Epoch 8/100, mean train accuracy: 50.01%, mean test accuracy: 50.01%, lr scale: 0.25 in 7.54 sec
Epoch 9/100, mean train accuracy: 49.89%, mean test accuracy: 50.01%, lr scale: 0.125 in 7.14 sec
Epoch 10/100, mean train accuracy: 50.09%, mean test accuracy: 50.29%, lr scale: 0.0625 in 7.31 sec
Epoch 11/100, mean train accuracy: 50.04%, mean test accuracy: 50.00%, lr scale: 0.0625 in 7.11 sec
Epoch 12/100, mean train accuracy: 50.02%, mean test accuracy: 50.01%, lr scale: 0.03125 in 7.16 sec
Epoch 13/100, mean train accuracy: 49.88%, mean test accuracy: 50.00%, lr scale: 0.03125 in 7.24 sec
Epoch 14/100, mean train accuracy: 49.93%, mean test accuracy: 50.00%, lr scale: 0.015625 in 7.17 sec
Epoch 15/100, mean train accuracy: 50.12%, mean test accuracy: 50.00%, lr scale: 0.015625 in 7.15 sec
Epoch 16/100, mean train accuracy: 50.09%, mean test accuracy: 50.00%, lr scale: 0.015625 in 7.04 sec
Epoch 17/100, mean train accuracy: 50.10%, mean test accuracy: 50.70%, lr scale: 0.0078125 in 7.18 sec
Epoch 18/100, mean train accuracy: 50.00%, mean test accuracy: 50.17%, lr scale: 0.0078125 in 7.12 sec
Epoch 19/100, mean train accuracy: 50.12%, mean test accuracy: 50.96%, lr scale: 0.00390625 in 7.16 sec
Epoch 20/100, mean train accuracy: 50.23%, mean test accuracy: 50.00%, lr scale: 0.00390625 in 7.26 sec
Epoch 21/100, mean train accuracy: 50.16%, mean test accuracy: 50.01%, lr scale: 0.001953125 in 7.27 sec
Epoch 22/100, mean train accuracy: 50.16%, mean test accuracy: 50.03%, lr scale: 0.001953125 in 7.21 sec
Epoch 23/100, mean train accuracy: 50.15%, mean test accuracy: 50.77%, lr scale: 0.0009765625 in 7.14 sec
Learning rate reached 1.00E-06, stopping training
Time to train the neural network: 179.42s

Find grid KDE NN approx...Done in 0.21 sec.
Find grid KDE NN empiric approx...Done in 4.2 sec.
Find grid NN approx...Done in 0.2 sec.
Sampling 10 times...Done in 1.5e+02 sec.

---------------------------------------nITERATION ALPHA = 0.0005 DONE IN 3.4e+02 SECONDS!
---------------------------------------
----------------------
ALPHA = 0.0001 EPSILON = 0.0042
----------------------
Simulations of the testing dataset...
Test check: True
Time to simulate the testing dataset: 0.13s

Simulations of the training dataset...
Train check: True
Time to simulate the training dataset: 0.68s

Training the neural network...
Initial accuracy: 50.11%, Initial test accuracy: 50.01%
Training for 100 epochs...
Epoch 1/100, mean train accuracy: 49.98%, mean test accuracy: 50.01%, lr scale: 1.0 in 7.21 sec
Epoch 2/100, mean train accuracy: 49.89%, mean test accuracy: 50.00%, lr scale: 1.0 in 6.83 sec
Epoch 3/100, mean train accuracy: 50.22%, mean test accuracy: 50.00%, lr scale: 1.0 in 6.78 sec
Epoch 4/100, mean train accuracy: 50.13%, mean test accuracy: 50.00%, lr scale: 1.0 in 6.72 sec
Epoch 5/100, mean train accuracy: 50.03%, mean test accuracy: 49.96%, lr scale: 1.0 in 6.69 sec
Epoch 6/100, mean train accuracy: 49.93%, mean test accuracy: 50.00%, lr scale: 1.0 in 6.81 sec
Epoch 7/100, mean train accuracy: 50.01%, mean test accuracy: 50.00%, lr scale: 0.5 in 6.83 sec
Epoch 8/100, mean train accuracy: 50.17%, mean test accuracy: 50.00%, lr scale: 0.5 in 6.75 sec
Epoch 9/100, mean train accuracy: 50.11%, mean test accuracy: 50.00%, lr scale: 0.25 in 6.76 sec
Epoch 10/100, mean train accuracy: 50.05%, mean test accuracy: 50.00%, lr scale: 0.25 in 6.68 sec
Epoch 11/100, mean train accuracy: 50.08%, mean test accuracy: 49.99%, lr scale: 0.125 in 6.77 sec
Epoch 12/100, mean train accuracy: 49.89%, mean test accuracy: 50.01%, lr scale: 0.125 in 6.80 sec
Epoch 13/100, mean train accuracy: 50.31%, mean test accuracy: 50.00%, lr scale: 0.0625 in 6.70 sec
Epoch 14/100, mean train accuracy: 50.08%, mean test accuracy: 49.98%, lr scale: 0.0625 in 6.65 sec
Epoch 15/100, mean train accuracy: 49.99%, mean test accuracy: 50.00%, lr scale: 0.0625 in 6.69 sec
Epoch 16/100, mean train accuracy: 49.89%, mean test accuracy: 50.00%, lr scale: 0.03125 in 6.86 sec
Epoch 17/100, mean train accuracy: 50.06%, mean test accuracy: 50.00%, lr scale: 0.015625 in 6.74 sec
Epoch 18/100, mean train accuracy: 50.12%, mean test accuracy: 49.95%, lr scale: 0.015625 in 6.72 sec
Epoch 19/100, mean train accuracy: 49.84%, mean test accuracy: 50.00%, lr scale: 0.015625 in 6.82 sec
Epoch 20/100, mean train accuracy: 49.91%, mean test accuracy: 50.01%, lr scale: 0.0078125 in 6.84 sec
Epoch 21/100, mean train accuracy: 49.85%, mean test accuracy: 49.99%, lr scale: 0.00390625 in 6.76 sec
Epoch 22/100, mean train accuracy: 50.02%, mean test accuracy: 49.99%, lr scale: 0.00390625 in 6.76 sec
Epoch 23/100, mean train accuracy: 50.01%, mean test accuracy: 49.90%, lr scale: 0.00390625 in 6.67 sec
Epoch 24/100, mean train accuracy: 49.80%, mean test accuracy: 49.94%, lr scale: 0.001953125 in 6.77 sec
Epoch 25/100, mean train accuracy: 50.01%, mean test accuracy: 49.98%, lr scale: 0.0009765625 in 6.66 sec
Learning rate reached 1.00E-06, stopping training
Time to train the neural network: 179.21s

Find grid KDE NN approx...Done in 0.2 sec.
Find grid KDE NN empiric approx...Done in 4.3 sec.
Find grid NN approx...Done in 0.28 sec.
Sampling 10 times...Done in 1.3e+02 sec.

---------------------------------------nITERATION ALPHA = 0.0001 DONE IN 3.2e+02 SECONDS!
---------------------------------------
Figure saved in : examples/Gauss-Gauss/Gauss_Gauss_1D_known_sigma/figures/method_comparison_single_outlier_mu_1e+02_sigma0_50.png
