Host clust2
Old path: /mnt/nfs/nrdata02-users-data/luciano/script/ABC-SBI
New path: /mnt/nfs/nrdata02-users-data/luciano/script/ABC-SBI
D =  5

---------------------------------
DATASET 0
---------------------------------

---------------------------------
DATASET 0 ALPHA 1.0
---------------------------------
Simulation of the training dataset...
Training the neural network...
Initial accuracy: 50.17%, Initial test accuracy: 49.67%
Training for 100 epochs...
Epoch 1/100, mean train accuracy: 90.82%, mean test accuracy: 96.86%, lr scale: 1.0 in 8.39 sec
Epoch 2/100, mean train accuracy: 97.03%, mean test accuracy: 97.07%, lr scale: 1.0 in 7.73 sec
Epoch 3/100, mean train accuracy: 97.56%, mean test accuracy: 98.16%, lr scale: 1.0 in 7.63 sec
Epoch 4/100, mean train accuracy: 97.95%, mean test accuracy: 97.86%, lr scale: 1.0 in 7.79 sec
Epoch 5/100, mean train accuracy: 97.99%, mean test accuracy: 98.32%, lr scale: 1.0 in 7.75 sec
Epoch 6/100, mean train accuracy: 98.09%, mean test accuracy: 97.73%, lr scale: 1.0 in 7.69 sec
Epoch 7/100, mean train accuracy: 98.13%, mean test accuracy: 98.28%, lr scale: 1.0 in 7.62 sec
Epoch 8/100, mean train accuracy: 98.16%, mean test accuracy: 98.46%, lr scale: 1.0 in 7.65 sec
Epoch 9/100, mean train accuracy: 98.18%, mean test accuracy: 98.34%, lr scale: 0.5 in 7.61 sec
Epoch 10/100, mean train accuracy: 98.61%, mean test accuracy: 98.76%, lr scale: 0.5 in 7.71 sec
Epoch 11/100, mean train accuracy: 98.59%, mean test accuracy: 98.58%, lr scale: 0.5 in 8.15 sec
Epoch 12/100, mean train accuracy: 98.70%, mean test accuracy: 98.84%, lr scale: 0.25 in 7.84 sec
Epoch 13/100, mean train accuracy: 98.76%, mean test accuracy: 98.86%, lr scale: 0.125 in 7.72 sec
Epoch 14/100, mean train accuracy: 98.84%, mean test accuracy: 98.88%, lr scale: 0.125 in 7.72 sec
Epoch 15/100, mean train accuracy: 98.82%, mean test accuracy: 98.85%, lr scale: 0.125 in 7.61 sec
Epoch 16/100, mean train accuracy: 98.84%, mean test accuracy: 98.89%, lr scale: 0.0625 in 7.70 sec
Epoch 17/100, mean train accuracy: 98.88%, mean test accuracy: 98.92%, lr scale: 0.0625 in 7.70 sec
Epoch 18/100, mean train accuracy: 98.91%, mean test accuracy: 98.91%, lr scale: 0.03125 in 7.66 sec
Epoch 19/100, mean train accuracy: 98.91%, mean test accuracy: 98.93%, lr scale: 0.03125 in 7.66 sec
Epoch 20/100, mean train accuracy: 98.92%, mean test accuracy: 98.95%, lr scale: 0.015625 in 7.58 sec
Epoch 21/100, mean train accuracy: 98.94%, mean test accuracy: 98.93%, lr scale: 0.0078125 in 7.66 sec
Epoch 22/100, mean train accuracy: 98.96%, mean test accuracy: 98.93%, lr scale: 0.0078125 in 7.66 sec
Epoch 23/100, mean train accuracy: 98.95%, mean test accuracy: 98.94%, lr scale: 0.00390625 in 7.70 sec
Epoch 24/100, mean train accuracy: 98.94%, mean test accuracy: 98.95%, lr scale: 0.00390625 in 7.60 sec
Epoch 25/100, mean train accuracy: 98.94%, mean test accuracy: 98.94%, lr scale: 0.001953125 in 7.70 sec
Epoch 26/100, mean train accuracy: 98.94%, mean test accuracy: 98.93%, lr scale: 0.0009765625 in 7.55 sec
Learning rate reached 1.00E-06, stopping training
Plotting the posterior...
FIGURE CREATED at /mnt/nfs/nrdata02-users-data/luciano/script/ABC-SBI/examples/Gauss-Gauss/Gauss_Gauss_Muli_known_sigma/clean_results/D_5/figures/posterior_check/0_alpha_1.0.png
Evaluation of the metrics...

---------------------------------
DATASET 0 ALPHA 0.99
---------------------------------
Simulation of the training dataset...
Training the neural network...
Initial accuracy: 50.02%, Initial test accuracy: 49.75%
Training for 100 epochs...
Epoch 1/100, mean train accuracy: 90.73%, mean test accuracy: 96.24%, lr scale: 1.0 in 8.49 sec
Epoch 2/100, mean train accuracy: 97.08%, mean test accuracy: 97.79%, lr scale: 1.0 in 7.89 sec
Epoch 3/100, mean train accuracy: 97.63%, mean test accuracy: 98.27%, lr scale: 1.0 in 7.86 sec
Epoch 4/100, mean train accuracy: 97.87%, mean test accuracy: 98.33%, lr scale: 1.0 in 7.95 sec
Epoch 5/100, mean train accuracy: 98.03%, mean test accuracy: 98.10%, lr scale: 1.0 in 7.97 sec
Epoch 6/100, mean train accuracy: 98.05%, mean test accuracy: 98.18%, lr scale: 1.0 in 8.00 sec
Epoch 7/100, mean train accuracy: 98.10%, mean test accuracy: 98.22%, lr scale: 1.0 in 8.05 sec
Epoch 8/100, mean train accuracy: 98.49%, mean test accuracy: 98.64%, lr scale: 0.5 in 7.80 sec
Epoch 9/100, mean train accuracy: 98.52%, mean test accuracy: 98.68%, lr scale: 0.5 in 7.77 sec
Epoch 10/100, mean train accuracy: 98.59%, mean test accuracy: 98.71%, lr scale: 0.25 in 7.88 sec
Epoch 11/100, mean train accuracy: 98.68%, mean test accuracy: 98.84%, lr scale: 0.25 in 7.87 sec
Epoch 12/100, mean train accuracy: 98.72%, mean test accuracy: 98.54%, lr scale: 0.25 in 8.15 sec
Epoch 13/100, mean train accuracy: 98.66%, mean test accuracy: 98.85%, lr scale: 0.25 in 8.12 sec
Epoch 14/100, mean train accuracy: 98.81%, mean test accuracy: 98.80%, lr scale: 0.125 in 7.84 sec
Epoch 15/100, mean train accuracy: 98.81%, mean test accuracy: 98.85%, lr scale: 0.125 in 7.84 sec
Epoch 16/100, mean train accuracy: 98.80%, mean test accuracy: 98.88%, lr scale: 0.0625 in 7.85 sec
Epoch 17/100, mean train accuracy: 98.85%, mean test accuracy: 98.90%, lr scale: 0.03125 in 7.87 sec
Epoch 18/100, mean train accuracy: 98.89%, mean test accuracy: 98.93%, lr scale: 0.03125 in 7.88 sec
Epoch 19/100, mean train accuracy: 98.89%, mean test accuracy: 98.93%, lr scale: 0.015625 in 7.86 sec
Epoch 20/100, mean train accuracy: 98.91%, mean test accuracy: 98.93%, lr scale: 0.015625 in 7.88 sec
Epoch 21/100, mean train accuracy: 98.90%, mean test accuracy: 98.94%, lr scale: 0.0078125 in 7.83 sec
Epoch 22/100, mean train accuracy: 98.88%, mean test accuracy: 98.93%, lr scale: 0.0078125 in 8.00 sec
Epoch 23/100, mean train accuracy: 98.91%, mean test accuracy: 98.93%, lr scale: 0.00390625 in 7.88 sec
Epoch 24/100, mean train accuracy: 98.91%, mean test accuracy: 98.94%, lr scale: 0.001953125 in 7.80 sec
Epoch 25/100, mean train accuracy: 98.90%, mean test accuracy: 98.94%, lr scale: 0.0009765625 in 7.94 sec
Learning rate reached 1.00E-06, stopping training
Plotting the posterior...
FIGURE CREATED at /mnt/nfs/nrdata02-users-data/luciano/script/ABC-SBI/examples/Gauss-Gauss/Gauss_Gauss_Muli_known_sigma/clean_results/D_5/figures/posterior_check/0_alpha_0.99.png
Evaluation of the metrics...
FIGURE CREATED at /mnt/nfs/nrdata02-users-data/luciano/script/ABC-SBI/examples/Gauss-Gauss/Gauss_Gauss_Muli_known_sigma/clean_results/D_5/figures/c2st_0.png
FIGURE CREATED at /mnt/nfs/nrdata02-users-data/luciano/script/ABC-SBI/examples/Gauss-Gauss/Gauss_Gauss_Muli_known_sigma/clean_results/D_5/figures/ranksums_0.png
