Host clust1
Old path: /mnt/nfs/nrdata02-users-data/luciano/script/ABC-SBI
New path: /mnt/nfs/nrdata02-users-data/luciano/script/ABC-SBI
D =  3

---------------------------------
DATASET 0
---------------------------------

---------------------------------
DATASET 0 ALPHA 1.0
---------------------------------
Simulation of the training dataset...
Training the neural network...
Initial accuracy: 49.68%, Initial test accuracy: 49.11%
Training for 100 epochs...
Epoch 1/100, mean train accuracy: 92.21%, mean test accuracy: 96.92%, lr scale: 1.0 in 8.35 sec
Epoch 2/100, mean train accuracy: 97.50%, mean test accuracy: 97.07%, lr scale: 1.0 in 7.61 sec
Epoch 3/100, mean train accuracy: 98.04%, mean test accuracy: 95.44%, lr scale: 1.0 in 7.54 sec
Epoch 4/100, mean train accuracy: 98.17%, mean test accuracy: 98.45%, lr scale: 1.0 in 7.64 sec
Epoch 5/100, mean train accuracy: 98.50%, mean test accuracy: 98.70%, lr scale: 0.5 in 7.74 sec
Epoch 6/100, mean train accuracy: 98.59%, mean test accuracy: 98.51%, lr scale: 0.5 in 7.54 sec
Epoch 7/100, mean train accuracy: 98.60%, mean test accuracy: 98.65%, lr scale: 0.5 in 7.50 sec
Epoch 8/100, mean train accuracy: 98.67%, mean test accuracy: 98.76%, lr scale: 0.25 in 7.62 sec
Epoch 9/100, mean train accuracy: 98.75%, mean test accuracy: 98.82%, lr scale: 0.25 in 7.59 sec
Epoch 10/100, mean train accuracy: 98.78%, mean test accuracy: 98.86%, lr scale: 0.125 in 7.66 sec
Epoch 11/100, mean train accuracy: 98.86%, mean test accuracy: 98.85%, lr scale: 0.125 in 7.84 sec
Epoch 12/100, mean train accuracy: 98.87%, mean test accuracy: 98.90%, lr scale: 0.0625 in 7.48 sec
Epoch 13/100, mean train accuracy: 98.90%, mean test accuracy: 98.83%, lr scale: 0.0625 in 7.50 sec
Epoch 14/100, mean train accuracy: 98.90%, mean test accuracy: 98.90%, lr scale: 0.03125 in 7.61 sec
Epoch 15/100, mean train accuracy: 98.93%, mean test accuracy: 98.90%, lr scale: 0.015625 in 7.66 sec
Epoch 16/100, mean train accuracy: 98.92%, mean test accuracy: 98.87%, lr scale: 0.015625 in 7.76 sec
Epoch 17/100, mean train accuracy: 98.91%, mean test accuracy: 98.89%, lr scale: 0.0078125 in 7.74 sec
Epoch 18/100, mean train accuracy: 98.94%, mean test accuracy: 98.90%, lr scale: 0.00390625 in 7.51 sec
Epoch 19/100, mean train accuracy: 98.95%, mean test accuracy: 98.91%, lr scale: 0.00390625 in 7.60 sec
Epoch 20/100, mean train accuracy: 98.94%, mean test accuracy: 98.91%, lr scale: 0.001953125 in 7.56 sec
Epoch 21/100, mean train accuracy: 98.95%, mean test accuracy: 98.91%, lr scale: 0.001953125 in 7.71 sec
Epoch 22/100, mean train accuracy: 98.95%, mean test accuracy: 98.91%, lr scale: 0.001953125 in 7.41 sec
Epoch 23/100, mean train accuracy: 98.94%, mean test accuracy: 98.91%, lr scale: 0.0009765625 in 7.41 sec
Learning rate reached 1.00E-06, stopping training
Plotting the posterior...
FIGURE CREATED at /mnt/nfs/nrdata02-users-data/luciano/script/ABC-SBI/examples/Gauss-Gauss/Gauss_Gauss_Muli_known_sigma/clean_results/D_3/figures/posterior_check/0_alpha_1.0.png
Evaluation of the metrics...

---------------------------------
DATASET 0 ALPHA 0.99
---------------------------------
Simulation of the training dataset...
Training the neural network...
Initial accuracy: 50.02%, Initial test accuracy: 49.75%
Training for 100 epochs...
Epoch 1/100, mean train accuracy: 92.61%, mean test accuracy: 97.65%, lr scale: 1.0 in 8.19 sec
Epoch 2/100, mean train accuracy: 97.64%, mean test accuracy: 97.92%, lr scale: 1.0 in 7.79 sec
Epoch 3/100, mean train accuracy: 98.01%, mean test accuracy: 98.44%, lr scale: 1.0 in 7.63 sec
Epoch 4/100, mean train accuracy: 98.21%, mean test accuracy: 98.40%, lr scale: 1.0 in 7.77 sec
Epoch 5/100, mean train accuracy: 98.25%, mean test accuracy: 98.41%, lr scale: 1.0 in 7.70 sec
Epoch 6/100, mean train accuracy: 98.35%, mean test accuracy: 98.27%, lr scale: 1.0 in 7.62 sec
Epoch 7/100, mean train accuracy: 98.52%, mean test accuracy: 98.68%, lr scale: 0.5 in 7.65 sec
Epoch 8/100, mean train accuracy: 98.67%, mean test accuracy: 98.76%, lr scale: 0.5 in 7.65 sec
Epoch 9/100, mean train accuracy: 98.69%, mean test accuracy: 98.80%, lr scale: 0.25 in 7.59 sec
Epoch 10/100, mean train accuracy: 98.76%, mean test accuracy: 98.77%, lr scale: 0.25 in 7.58 sec
Epoch 11/100, mean train accuracy: 98.75%, mean test accuracy: 98.68%, lr scale: 0.25 in 7.68 sec
Epoch 12/100, mean train accuracy: 98.82%, mean test accuracy: 98.80%, lr scale: 0.125 in 7.75 sec
Epoch 13/100, mean train accuracy: 98.86%, mean test accuracy: 98.86%, lr scale: 0.125 in 7.58 sec
Epoch 14/100, mean train accuracy: 98.85%, mean test accuracy: 98.61%, lr scale: 0.125 in 7.58 sec
Epoch 15/100, mean train accuracy: 98.86%, mean test accuracy: 98.84%, lr scale: 0.125 in 7.63 sec
Epoch 16/100, mean train accuracy: 98.88%, mean test accuracy: 98.89%, lr scale: 0.0625 in 7.68 sec
Epoch 17/100, mean train accuracy: 98.89%, mean test accuracy: 98.89%, lr scale: 0.0625 in 7.61 sec
Epoch 18/100, mean train accuracy: 98.91%, mean test accuracy: 98.89%, lr scale: 0.03125 in 7.64 sec
Epoch 19/100, mean train accuracy: 98.90%, mean test accuracy: 98.90%, lr scale: 0.03125 in 7.64 sec
Epoch 20/100, mean train accuracy: 98.91%, mean test accuracy: 98.87%, lr scale: 0.03125 in 7.53 sec
Epoch 21/100, mean train accuracy: 98.92%, mean test accuracy: 98.88%, lr scale: 0.03125 in 7.54 sec
Epoch 22/100, mean train accuracy: 98.94%, mean test accuracy: 98.86%, lr scale: 0.03125 in 7.46 sec
Epoch 23/100, mean train accuracy: 98.92%, mean test accuracy: 98.82%, lr scale: 0.03125 in 7.48 sec
Epoch 24/100, mean train accuracy: 98.93%, mean test accuracy: 98.88%, lr scale: 0.015625 in 7.96 sec
Epoch 25/100, mean train accuracy: 98.93%, mean test accuracy: 98.89%, lr scale: 0.0078125 in 7.61 sec
Epoch 26/100, mean train accuracy: 98.93%, mean test accuracy: 98.88%, lr scale: 0.0078125 in 7.62 sec
Epoch 27/100, mean train accuracy: 98.94%, mean test accuracy: 98.88%, lr scale: 0.00390625 in 7.64 sec
Epoch 28/100, mean train accuracy: 98.93%, mean test accuracy: 98.88%, lr scale: 0.00390625 in 7.63 sec
Epoch 29/100, mean train accuracy: 98.93%, mean test accuracy: 98.88%, lr scale: 0.001953125 in 7.57 sec
Epoch 30/100, mean train accuracy: 98.93%, mean test accuracy: 98.88%, lr scale: 0.001953125 in 7.41 sec
Epoch 31/100, mean train accuracy: 98.96%, mean test accuracy: 98.88%, lr scale: 0.0009765625 in 7.37 sec
Learning rate reached 1.00E-06, stopping training
Plotting the posterior...
FIGURE CREATED at /mnt/nfs/nrdata02-users-data/luciano/script/ABC-SBI/examples/Gauss-Gauss/Gauss_Gauss_Muli_known_sigma/clean_results/D_3/figures/posterior_check/0_alpha_0.99.png
Evaluation of the metrics...
FIGURE CREATED at /mnt/nfs/nrdata02-users-data/luciano/script/ABC-SBI/examples/Gauss-Gauss/Gauss_Gauss_Muli_known_sigma/clean_results/D_3/figures/c2st_0.png
FIGURE CREATED at /mnt/nfs/nrdata02-users-data/luciano/script/ABC-SBI/examples/Gauss-Gauss/Gauss_Gauss_Muli_known_sigma/clean_results/D_3/figures/ranksums_0.png
