Host clust2
Old path: /mnt/nfs/nrdata02-users-data/luciano/script/ABC-SBI
New path: /mnt/nfs/nrdata02-users-data/luciano/script/ABC-SBI

---------------------------------
DATASET 0
---------------------------------

---------------------------------
DATASET 0 ALPHA 1.0
---------------------------------
Simulation of the training dataset...
Training the neural network...
Initial accuracy: 49.90%, Initial test accuracy: 49.92%
Training for 100 epochs...
Epoch 1/100, mean train accuracy: 86.34%, mean test accuracy: 94.84%, lr scale: 1.0 in 8.46 sec
Epoch 2/100, mean train accuracy: 94.56%, mean test accuracy: 95.01%, lr scale: 1.0 in 7.77 sec
Epoch 3/100, mean train accuracy: 94.86%, mean test accuracy: 95.37%, lr scale: 1.0 in 7.87 sec
Epoch 4/100, mean train accuracy: 95.12%, mean test accuracy: 95.32%, lr scale: 1.0 in 7.89 sec
Epoch 5/100, mean train accuracy: 95.18%, mean test accuracy: 95.18%, lr scale: 1.0 in 7.72 sec
Epoch 6/100, mean train accuracy: 95.19%, mean test accuracy: 95.50%, lr scale: 1.0 in 7.83 sec
Epoch 7/100, mean train accuracy: 95.25%, mean test accuracy: 95.27%, lr scale: 1.0 in 7.81 sec
Epoch 8/100, mean train accuracy: 95.25%, mean test accuracy: 95.34%, lr scale: 1.0 in 7.85 sec
Epoch 9/100, mean train accuracy: 95.58%, mean test accuracy: 95.48%, lr scale: 0.5 in 8.03 sec
Epoch 10/100, mean train accuracy: 95.61%, mean test accuracy: 95.51%, lr scale: 0.5 in 7.77 sec
Epoch 11/100, mean train accuracy: 95.59%, mean test accuracy: 95.62%, lr scale: 0.25 in 7.91 sec
Epoch 12/100, mean train accuracy: 95.78%, mean test accuracy: 95.67%, lr scale: 0.25 in 7.89 sec
Epoch 13/100, mean train accuracy: 95.75%, mean test accuracy: 95.46%, lr scale: 0.25 in 8.01 sec
Epoch 14/100, mean train accuracy: 95.79%, mean test accuracy: 95.63%, lr scale: 0.25 in 7.75 sec
Epoch 15/100, mean train accuracy: 95.86%, mean test accuracy: 95.71%, lr scale: 0.125 in 7.74 sec
Epoch 16/100, mean train accuracy: 95.87%, mean test accuracy: 95.67%, lr scale: 0.125 in 7.85 sec
Epoch 17/100, mean train accuracy: 95.89%, mean test accuracy: 95.70%, lr scale: 0.125 in 7.74 sec
Epoch 18/100, mean train accuracy: 95.90%, mean test accuracy: 95.66%, lr scale: 0.0625 in 7.70 sec
Epoch 19/100, mean train accuracy: 95.95%, mean test accuracy: 95.73%, lr scale: 0.03125 in 7.79 sec
Epoch 20/100, mean train accuracy: 95.96%, mean test accuracy: 95.73%, lr scale: 0.03125 in 7.72 sec
Epoch 21/100, mean train accuracy: 95.99%, mean test accuracy: 95.73%, lr scale: 0.015625 in 7.77 sec
Epoch 22/100, mean train accuracy: 96.01%, mean test accuracy: 95.72%, lr scale: 0.015625 in 7.74 sec
Epoch 23/100, mean train accuracy: 95.96%, mean test accuracy: 95.73%, lr scale: 0.0078125 in 7.85 sec
Epoch 24/100, mean train accuracy: 96.04%, mean test accuracy: 95.74%, lr scale: 0.0078125 in 7.78 sec
Epoch 25/100, mean train accuracy: 96.01%, mean test accuracy: 95.74%, lr scale: 0.00390625 in 7.96 sec
Epoch 26/100, mean train accuracy: 96.04%, mean test accuracy: 95.73%, lr scale: 0.00390625 in 7.83 sec
Epoch 27/100, mean train accuracy: 96.03%, mean test accuracy: 95.73%, lr scale: 0.00390625 in 7.88 sec
Epoch 28/100, mean train accuracy: 96.03%, mean test accuracy: 95.74%, lr scale: 0.001953125 in 7.81 sec
Epoch 29/100, mean train accuracy: 96.03%, mean test accuracy: 95.73%, lr scale: 0.0009765625 in 7.84 sec
Learning rate reached 1.00E-06, stopping training
Plotting the posterior...
FIGURE CREATED at /mnt/nfs/nrdata02-users-data/luciano/script/ABC-SBI/examples/Linear-Reg/clean_results/K_5/figures/posterior_check/0_alpha_1.0.png
Evaluation of the metrics...

---------------------------------
DATASET 0 ALPHA 0.9
---------------------------------
Simulation of the training dataset...
Training the neural network...
Initial accuracy: 49.98%, Initial test accuracy: 50.09%
Training for 100 epochs...
Epoch 1/100, mean train accuracy: 86.11%, mean test accuracy: 94.03%, lr scale: 1.0 in 9.00 sec
Epoch 2/100, mean train accuracy: 94.46%, mean test accuracy: 94.52%, lr scale: 1.0 in 8.18 sec
Epoch 3/100, mean train accuracy: 94.80%, mean test accuracy: 94.91%, lr scale: 1.0 in 8.18 sec
Epoch 4/100, mean train accuracy: 94.84%, mean test accuracy: 94.45%, lr scale: 1.0 in 8.25 sec
Epoch 5/100, mean train accuracy: 94.94%, mean test accuracy: 95.18%, lr scale: 1.0 in 8.26 sec
Epoch 6/100, mean train accuracy: 94.99%, mean test accuracy: 94.25%, lr scale: 1.0 in 8.16 sec
Epoch 7/100, mean train accuracy: 95.15%, mean test accuracy: 95.15%, lr scale: 0.5 in 8.16 sec
Epoch 8/100, mean train accuracy: 95.28%, mean test accuracy: 95.40%, lr scale: 0.5 in 8.11 sec
Epoch 9/100, mean train accuracy: 95.47%, mean test accuracy: 95.56%, lr scale: 0.25 in 8.16 sec
Epoch 10/100, mean train accuracy: 95.50%, mean test accuracy: 95.27%, lr scale: 0.25 in 8.09 sec
Epoch 11/100, mean train accuracy: 95.51%, mean test accuracy: 95.45%, lr scale: 0.25 in 8.57 sec
Epoch 12/100, mean train accuracy: 95.52%, mean test accuracy: 95.38%, lr scale: 0.125 in 8.23 sec
Epoch 13/100, mean train accuracy: 95.63%, mean test accuracy: 95.55%, lr scale: 0.125 in 8.20 sec
Epoch 14/100, mean train accuracy: 95.70%, mean test accuracy: 95.60%, lr scale: 0.0625 in 8.22 sec
Epoch 15/100, mean train accuracy: 95.70%, mean test accuracy: 95.58%, lr scale: 0.0625 in 8.21 sec
Epoch 16/100, mean train accuracy: 95.72%, mean test accuracy: 95.58%, lr scale: 0.0625 in 8.16 sec
Epoch 17/100, mean train accuracy: 95.72%, mean test accuracy: 95.58%, lr scale: 0.03125 in 8.20 sec
Epoch 18/100, mean train accuracy: 95.71%, mean test accuracy: 95.60%, lr scale: 0.03125 in 8.18 sec
Epoch 19/100, mean train accuracy: 95.76%, mean test accuracy: 95.60%, lr scale: 0.03125 in 8.24 sec
Epoch 20/100, mean train accuracy: 95.72%, mean test accuracy: 95.61%, lr scale: 0.015625 in 8.24 sec
Epoch 21/100, mean train accuracy: 95.72%, mean test accuracy: 95.62%, lr scale: 0.0078125 in 8.28 sec
Epoch 22/100, mean train accuracy: 95.78%, mean test accuracy: 95.63%, lr scale: 0.0078125 in 8.25 sec
Epoch 23/100, mean train accuracy: 95.75%, mean test accuracy: 95.61%, lr scale: 0.0078125 in 8.29 sec
Epoch 24/100, mean train accuracy: 95.74%, mean test accuracy: 95.61%, lr scale: 0.00390625 in 8.09 sec
Epoch 25/100, mean train accuracy: 95.76%, mean test accuracy: 95.62%, lr scale: 0.001953125 in 8.08 sec
Epoch 26/100, mean train accuracy: 95.77%, mean test accuracy: 95.62%, lr scale: 0.0009765625 in 8.01 sec
Learning rate reached 1.00E-06, stopping training
Plotting the posterior...
FIGURE CREATED at /mnt/nfs/nrdata02-users-data/luciano/script/ABC-SBI/examples/Linear-Reg/clean_results/K_5/figures/posterior_check/0_alpha_0.9.png
Evaluation of the metrics...

---------------------------------
DATASET 0 ALPHA 0.5
---------------------------------
Simulation of the training dataset...
Training the neural network...
Initial accuracy: 49.62%, Initial test accuracy: 49.77%
Training for 100 epochs...
Epoch 1/100, mean train accuracy: 85.96%, mean test accuracy: 92.16%, lr scale: 1.0 in 9.04 sec
Epoch 2/100, mean train accuracy: 93.84%, mean test accuracy: 93.75%, lr scale: 1.0 in 8.28 sec
Epoch 3/100, mean train accuracy: 94.14%, mean test accuracy: 94.50%, lr scale: 1.0 in 8.20 sec
Epoch 4/100, mean train accuracy: 94.25%, mean test accuracy: 94.25%, lr scale: 1.0 in 8.19 sec
Epoch 5/100, mean train accuracy: 94.32%, mean test accuracy: 94.35%, lr scale: 1.0 in 8.07 sec
Epoch 6/100, mean train accuracy: 94.37%, mean test accuracy: 94.56%, lr scale: 1.0 in 8.28 sec
Epoch 7/100, mean train accuracy: 94.53%, mean test accuracy: 94.43%, lr scale: 0.5 in 8.17 sec
Epoch 8/100, mean train accuracy: 94.65%, mean test accuracy: 94.65%, lr scale: 0.5 in 8.28 sec
Epoch 9/100, mean train accuracy: 94.71%, mean test accuracy: 94.55%, lr scale: 0.5 in 8.26 sec
Epoch 10/100, mean train accuracy: 94.69%, mean test accuracy: 94.70%, lr scale: 0.5 in 8.13 sec
Epoch 11/100, mean train accuracy: 94.74%, mean test accuracy: 94.46%, lr scale: 0.5 in 8.01 sec
Epoch 12/100, mean train accuracy: 94.79%, mean test accuracy: 94.72%, lr scale: 0.25 in 8.00 sec
Epoch 13/100, mean train accuracy: 94.88%, mean test accuracy: 94.91%, lr scale: 0.25 in 8.02 sec
Epoch 14/100, mean train accuracy: 94.94%, mean test accuracy: 94.94%, lr scale: 0.125 in 8.06 sec
Epoch 15/100, mean train accuracy: 95.05%, mean test accuracy: 94.89%, lr scale: 0.125 in 8.50 sec
Epoch 16/100, mean train accuracy: 94.99%, mean test accuracy: 94.82%, lr scale: 0.125 in 8.60 sec
Epoch 17/100, mean train accuracy: 95.08%, mean test accuracy: 94.91%, lr scale: 0.0625 in 8.29 sec
Epoch 18/100, mean train accuracy: 95.08%, mean test accuracy: 94.86%, lr scale: 0.0625 in 8.11 sec
Epoch 19/100, mean train accuracy: 95.12%, mean test accuracy: 94.88%, lr scale: 0.0625 in 8.12 sec
Epoch 20/100, mean train accuracy: 95.11%, mean test accuracy: 94.89%, lr scale: 0.03125 in 8.08 sec
Epoch 21/100, mean train accuracy: 95.12%, mean test accuracy: 94.86%, lr scale: 0.03125 in 8.17 sec
Epoch 22/100, mean train accuracy: 95.16%, mean test accuracy: 94.89%, lr scale: 0.03125 in 8.11 sec
Epoch 23/100, mean train accuracy: 95.14%, mean test accuracy: 94.88%, lr scale: 0.03125 in 8.28 sec
Epoch 24/100, mean train accuracy: 95.15%, mean test accuracy: 94.88%, lr scale: 0.015625 in 8.28 sec
Epoch 25/100, mean train accuracy: 95.17%, mean test accuracy: 94.90%, lr scale: 0.0078125 in 8.24 sec
Epoch 26/100, mean train accuracy: 95.14%, mean test accuracy: 94.90%, lr scale: 0.00390625 in 8.30 sec
Epoch 27/100, mean train accuracy: 95.18%, mean test accuracy: 94.90%, lr scale: 0.00390625 in 8.16 sec
Epoch 28/100, mean train accuracy: 95.13%, mean test accuracy: 94.88%, lr scale: 0.001953125 in 8.11 sec
Epoch 29/100, mean train accuracy: 95.18%, mean test accuracy: 94.90%, lr scale: 0.0009765625 in 8.10 sec
Learning rate reached 1.00E-06, stopping training
Plotting the posterior...
FIGURE CREATED at /mnt/nfs/nrdata02-users-data/luciano/script/ABC-SBI/examples/Linear-Reg/clean_results/K_5/figures/posterior_check/0_alpha_0.5.png
Evaluation of the metrics...

---------------------------------
DATASET 0 ALPHA 0.1
---------------------------------
Simulation of the training dataset...
Training the neural network...
Initial accuracy: 49.58%, Initial test accuracy: 49.70%
Training for 100 epochs...
Epoch 1/100, mean train accuracy: 84.18%, mean test accuracy: 92.15%, lr scale: 1.0 in 8.76 sec
Epoch 2/100, mean train accuracy: 92.21%, mean test accuracy: 92.03%, lr scale: 1.0 in 8.06 sec
Epoch 3/100, mean train accuracy: 92.50%, mean test accuracy: 92.01%, lr scale: 1.0 in 8.10 sec
Epoch 4/100, mean train accuracy: 92.46%, mean test accuracy: 91.89%, lr scale: 1.0 in 8.15 sec
Epoch 5/100, mean train accuracy: 92.50%, mean test accuracy: 92.67%, lr scale: 1.0 in 7.98 sec
Epoch 6/100, mean train accuracy: 92.87%, mean test accuracy: 92.86%, lr scale: 0.5 in 8.31 sec
Epoch 7/100, mean train accuracy: 93.01%, mean test accuracy: 92.97%, lr scale: 0.5 in 8.19 sec
Epoch 8/100, mean train accuracy: 92.91%, mean test accuracy: 92.94%, lr scale: 0.5 in 8.20 sec
Epoch 9/100, mean train accuracy: 93.10%, mean test accuracy: 93.10%, lr scale: 0.25 in 8.21 sec
Epoch 10/100, mean train accuracy: 93.14%, mean test accuracy: 93.04%, lr scale: 0.25 in 8.10 sec
Epoch 11/100, mean train accuracy: 93.19%, mean test accuracy: 92.83%, lr scale: 0.125 in 8.14 sec
Epoch 12/100, mean train accuracy: 93.27%, mean test accuracy: 92.93%, lr scale: 0.125 in 8.06 sec
Epoch 13/100, mean train accuracy: 93.26%, mean test accuracy: 93.03%, lr scale: 0.125 in 8.12 sec
Epoch 14/100, mean train accuracy: 93.25%, mean test accuracy: 93.05%, lr scale: 0.125 in 8.20 sec
Epoch 15/100, mean train accuracy: 93.33%, mean test accuracy: 93.15%, lr scale: 0.0625 in 8.10 sec
Epoch 16/100, mean train accuracy: 93.32%, mean test accuracy: 93.12%, lr scale: 0.03125 in 8.14 sec
Epoch 17/100, mean train accuracy: 93.38%, mean test accuracy: 93.13%, lr scale: 0.03125 in 8.03 sec
Epoch 18/100, mean train accuracy: 93.38%, mean test accuracy: 93.12%, lr scale: 0.015625 in 8.38 sec
Epoch 19/100, mean train accuracy: 93.38%, mean test accuracy: 93.11%, lr scale: 0.015625 in 8.97 sec
Epoch 20/100, mean train accuracy: 93.42%, mean test accuracy: 93.14%, lr scale: 0.015625 in 9.00 sec
Epoch 21/100, mean train accuracy: 93.43%, mean test accuracy: 93.12%, lr scale: 0.0078125 in 9.06 sec
Epoch 22/100, mean train accuracy: 93.41%, mean test accuracy: 93.12%, lr scale: 0.0078125 in 9.08 sec
Epoch 23/100, mean train accuracy: 93.46%, mean test accuracy: 93.13%, lr scale: 0.00390625 in 8.98 sec
Epoch 24/100, mean train accuracy: 93.38%, mean test accuracy: 93.12%, lr scale: 0.001953125 in 8.92 sec
Epoch 25/100, mean train accuracy: 93.41%, mean test accuracy: 93.14%, lr scale: 0.0009765625 in 8.67 sec
Learning rate reached 1.00E-06, stopping training
Plotting the posterior...
FIGURE CREATED at /mnt/nfs/nrdata02-users-data/luciano/script/ABC-SBI/examples/Linear-Reg/clean_results/K_5/figures/posterior_check/0_alpha_0.1.png
Evaluation of the metrics...

---------------------------------
DATASET 0 ALPHA 0.05
---------------------------------
Simulation of the training dataset...
Training the neural network...
Initial accuracy: 49.83%, Initial test accuracy: 49.71%
Training for 100 epochs...
Epoch 1/100, mean train accuracy: 82.22%, mean test accuracy: 91.14%, lr scale: 1.0 in 9.10 sec
Epoch 2/100, mean train accuracy: 91.30%, mean test accuracy: 90.84%, lr scale: 1.0 in 8.20 sec
Epoch 3/100, mean train accuracy: 91.35%, mean test accuracy: 91.37%, lr scale: 1.0 in 8.27 sec
Epoch 4/100, mean train accuracy: 91.52%, mean test accuracy: 91.70%, lr scale: 1.0 in 8.10 sec
Epoch 5/100, mean train accuracy: 91.68%, mean test accuracy: 91.30%, lr scale: 1.0 in 8.08 sec
Epoch 6/100, mean train accuracy: 91.73%, mean test accuracy: 91.75%, lr scale: 1.0 in 8.60 sec
Epoch 7/100, mean train accuracy: 91.85%, mean test accuracy: 91.20%, lr scale: 1.0 in 8.16 sec
Epoch 8/100, mean train accuracy: 91.74%, mean test accuracy: 91.45%, lr scale: 1.0 in 8.20 sec
Epoch 9/100, mean train accuracy: 91.98%, mean test accuracy: 91.71%, lr scale: 0.5 in 8.15 sec
Epoch 10/100, mean train accuracy: 92.08%, mean test accuracy: 91.90%, lr scale: 0.5 in 8.15 sec
Epoch 11/100, mean train accuracy: 92.15%, mean test accuracy: 91.96%, lr scale: 0.5 in 8.12 sec
Epoch 12/100, mean train accuracy: 92.20%, mean test accuracy: 91.81%, lr scale: 0.5 in 8.12 sec
Epoch 13/100, mean train accuracy: 92.17%, mean test accuracy: 91.90%, lr scale: 0.25 in 8.10 sec
Epoch 14/100, mean train accuracy: 92.37%, mean test accuracy: 91.82%, lr scale: 0.25 in 8.17 sec
Epoch 15/100, mean train accuracy: 92.36%, mean test accuracy: 91.98%, lr scale: 0.125 in 8.04 sec
Epoch 16/100, mean train accuracy: 92.47%, mean test accuracy: 92.00%, lr scale: 0.125 in 8.08 sec
Epoch 17/100, mean train accuracy: 92.55%, mean test accuracy: 91.98%, lr scale: 0.0625 in 8.10 sec
Epoch 18/100, mean train accuracy: 92.50%, mean test accuracy: 92.03%, lr scale: 0.03125 in 8.02 sec
Epoch 19/100, mean train accuracy: 92.54%, mean test accuracy: 92.03%, lr scale: 0.03125 in 7.91 sec
Epoch 20/100, mean train accuracy: 92.56%, mean test accuracy: 92.02%, lr scale: 0.03125 in 7.92 sec
Epoch 21/100, mean train accuracy: 92.61%, mean test accuracy: 92.03%, lr scale: 0.015625 in 7.90 sec
Epoch 22/100, mean train accuracy: 92.57%, mean test accuracy: 92.03%, lr scale: 0.015625 in 8.08 sec
Epoch 23/100, mean train accuracy: 92.58%, mean test accuracy: 92.05%, lr scale: 0.0078125 in 8.96 sec
Epoch 24/100, mean train accuracy: 92.63%, mean test accuracy: 92.03%, lr scale: 0.00390625 in 9.03 sec
Epoch 25/100, mean train accuracy: 92.62%, mean test accuracy: 92.03%, lr scale: 0.001953125 in 8.97 sec
Epoch 26/100, mean train accuracy: 92.59%, mean test accuracy: 92.02%, lr scale: 0.001953125 in 8.92 sec
Epoch 27/100, mean train accuracy: 92.63%, mean test accuracy: 92.03%, lr scale: 0.0009765625 in 8.98 sec
Learning rate reached 1.00E-06, stopping training
Plotting the posterior...
FIGURE CREATED at /mnt/nfs/nrdata02-users-data/luciano/script/ABC-SBI/examples/Linear-Reg/clean_results/K_5/figures/posterior_check/0_alpha_0.05.png
Evaluation of the metrics...

---------------------------------
DATASET 0 ALPHA 0.01
---------------------------------
Simulation of the training dataset...
Training the neural network...
Initial accuracy: 50.04%, Initial test accuracy: 49.82%
Training for 100 epochs...
Epoch 1/100, mean train accuracy: 76.87%, mean test accuracy: 89.42%, lr scale: 1.0 in 9.41 sec
Epoch 2/100, mean train accuracy: 88.87%, mean test accuracy: 89.39%, lr scale: 1.0 in 8.74 sec
Epoch 3/100, mean train accuracy: 89.15%, mean test accuracy: 89.40%, lr scale: 1.0 in 8.93 sec
Epoch 4/100, mean train accuracy: 89.43%, mean test accuracy: 89.81%, lr scale: 0.5 in 8.84 sec
Epoch 5/100, mean train accuracy: 89.64%, mean test accuracy: 89.75%, lr scale: 0.5 in 8.74 sec
Epoch 6/100, mean train accuracy: 89.86%, mean test accuracy: 89.93%, lr scale: 0.25 in 8.86 sec
Epoch 7/100, mean train accuracy: 89.91%, mean test accuracy: 89.98%, lr scale: 0.25 in 8.81 sec
Epoch 8/100, mean train accuracy: 89.94%, mean test accuracy: 89.93%, lr scale: 0.125 in 8.70 sec
Epoch 9/100, mean train accuracy: 90.07%, mean test accuracy: 89.96%, lr scale: 0.125 in 8.80 sec
Epoch 10/100, mean train accuracy: 90.04%, mean test accuracy: 89.67%, lr scale: 0.125 in 8.74 sec
Epoch 11/100, mean train accuracy: 90.08%, mean test accuracy: 90.01%, lr scale: 0.0625 in 8.75 sec
Epoch 12/100, mean train accuracy: 90.18%, mean test accuracy: 89.80%, lr scale: 0.0625 in 9.00 sec
Epoch 13/100, mean train accuracy: 90.20%, mean test accuracy: 90.01%, lr scale: 0.03125 in 8.74 sec
Epoch 14/100, mean train accuracy: 90.15%, mean test accuracy: 90.02%, lr scale: 0.015625 in 8.74 sec
Epoch 15/100, mean train accuracy: 90.16%, mean test accuracy: 90.02%, lr scale: 0.015625 in 8.75 sec
Epoch 16/100, mean train accuracy: 90.20%, mean test accuracy: 90.04%, lr scale: 0.0078125 in 8.71 sec
Epoch 17/100, mean train accuracy: 90.22%, mean test accuracy: 90.03%, lr scale: 0.0078125 in 8.77 sec
Epoch 18/100, mean train accuracy: 90.26%, mean test accuracy: 90.01%, lr scale: 0.00390625 in 8.73 sec
Epoch 19/100, mean train accuracy: 90.27%, mean test accuracy: 90.04%, lr scale: 0.00390625 in 8.77 sec
Epoch 20/100, mean train accuracy: 90.26%, mean test accuracy: 90.01%, lr scale: 0.001953125 in 8.76 sec
Epoch 21/100, mean train accuracy: 90.24%, mean test accuracy: 90.01%, lr scale: 0.0009765625 in 8.84 sec
Learning rate reached 1.00E-06, stopping training
Plotting the posterior...
FIGURE CREATED at /mnt/nfs/nrdata02-users-data/luciano/script/ABC-SBI/examples/Linear-Reg/clean_results/K_5/figures/posterior_check/0_alpha_0.01.png
Evaluation of the metrics...

---------------------------------
DATASET 0 ALPHA 0.005
---------------------------------
Simulation of the training dataset...
Training the neural network...
Initial accuracy: 49.98%, Initial test accuracy: 50.07%
Training for 100 epochs...
Epoch 1/100, mean train accuracy: 76.61%, mean test accuracy: 88.19%, lr scale: 1.0 in 10.41 sec
Epoch 2/100, mean train accuracy: 87.46%, mean test accuracy: 88.57%, lr scale: 1.0 in 9.81 sec
Epoch 3/100, mean train accuracy: 87.87%, mean test accuracy: 88.74%, lr scale: 1.0 in 9.85 sec
Epoch 4/100, mean train accuracy: 88.07%, mean test accuracy: 88.65%, lr scale: 1.0 in 9.91 sec
Epoch 5/100, mean train accuracy: 88.37%, mean test accuracy: 88.80%, lr scale: 0.5 in 9.69 sec
Epoch 6/100, mean train accuracy: 88.58%, mean test accuracy: 88.58%, lr scale: 0.5 in 9.65 sec
Epoch 7/100, mean train accuracy: 88.54%, mean test accuracy: 88.86%, lr scale: 0.5 in 9.75 sec
Epoch 8/100, mean train accuracy: 88.61%, mean test accuracy: 88.89%, lr scale: 0.25 in 9.68 sec
Epoch 9/100, mean train accuracy: 88.75%, mean test accuracy: 88.76%, lr scale: 0.25 in 9.62 sec
Epoch 10/100, mean train accuracy: 88.85%, mean test accuracy: 88.81%, lr scale: 0.25 in 9.69 sec
Epoch 11/100, mean train accuracy: 88.74%, mean test accuracy: 88.85%, lr scale: 0.125 in 9.67 sec
Epoch 12/100, mean train accuracy: 88.95%, mean test accuracy: 88.78%, lr scale: 0.125 in 9.74 sec
Epoch 13/100, mean train accuracy: 88.95%, mean test accuracy: 88.87%, lr scale: 0.125 in 9.78 sec
Epoch 14/100, mean train accuracy: 89.00%, mean test accuracy: 88.85%, lr scale: 0.125 in 9.60 sec
Epoch 15/100, mean train accuracy: 89.01%, mean test accuracy: 88.94%, lr scale: 0.0625 in 9.70 sec
Epoch 16/100, mean train accuracy: 89.04%, mean test accuracy: 88.75%, lr scale: 0.0625 in 9.66 sec
Epoch 17/100, mean train accuracy: 89.03%, mean test accuracy: 88.90%, lr scale: 0.03125 in 9.73 sec
Epoch 18/100, mean train accuracy: 89.15%, mean test accuracy: 88.94%, lr scale: 0.03125 in 9.67 sec
Epoch 19/100, mean train accuracy: 89.08%, mean test accuracy: 88.89%, lr scale: 0.03125 in 9.68 sec
Epoch 20/100, mean train accuracy: 89.22%, mean test accuracy: 88.91%, lr scale: 0.015625 in 9.71 sec
Epoch 21/100, mean train accuracy: 89.16%, mean test accuracy: 88.94%, lr scale: 0.0078125 in 9.71 sec
Epoch 22/100, mean train accuracy: 89.20%, mean test accuracy: 88.96%, lr scale: 0.0078125 in 9.68 sec
Epoch 23/100, mean train accuracy: 89.11%, mean test accuracy: 88.95%, lr scale: 0.0078125 in 9.68 sec
Epoch 24/100, mean train accuracy: 89.11%, mean test accuracy: 88.93%, lr scale: 0.00390625 in 9.68 sec
Epoch 25/100, mean train accuracy: 89.19%, mean test accuracy: 88.95%, lr scale: 0.001953125 in 9.66 sec
Epoch 26/100, mean train accuracy: 89.21%, mean test accuracy: 88.93%, lr scale: 0.0009765625 in 9.72 sec
Learning rate reached 1.00E-06, stopping training
Plotting the posterior...
FIGURE CREATED at /mnt/nfs/nrdata02-users-data/luciano/script/ABC-SBI/examples/Linear-Reg/clean_results/K_5/figures/posterior_check/0_alpha_0.005.png
Evaluation of the metrics...

---------------------------------
DATASET 0 ALPHA 0.001
---------------------------------
Simulation of the training dataset...
Training the neural network...
Initial accuracy: 49.96%, Initial test accuracy: 50.01%
Training for 100 epochs...
Epoch 1/100, mean train accuracy: 68.78%, mean test accuracy: 83.40%, lr scale: 1.0 in 10.54 sec
Epoch 2/100, mean train accuracy: 84.27%, mean test accuracy: 84.39%, lr scale: 1.0 in 9.58 sec
Epoch 3/100, mean train accuracy: 84.73%, mean test accuracy: 84.51%, lr scale: 1.0 in 9.08 sec
Epoch 4/100, mean train accuracy: 84.78%, mean test accuracy: 84.53%, lr scale: 1.0 in 8.71 sec
Epoch 5/100, mean train accuracy: 85.00%, mean test accuracy: 83.20%, lr scale: 1.0 in 8.70 sec
Epoch 6/100, mean train accuracy: 85.14%, mean test accuracy: 84.95%, lr scale: 0.5 in 8.67 sec
Epoch 7/100, mean train accuracy: 85.44%, mean test accuracy: 85.49%, lr scale: 0.5 in 8.69 sec
Epoch 8/100, mean train accuracy: 85.44%, mean test accuracy: 85.45%, lr scale: 0.5 in 8.66 sec
Epoch 9/100, mean train accuracy: 85.45%, mean test accuracy: 85.45%, lr scale: 0.5 in 8.71 sec
Epoch 10/100, mean train accuracy: 85.44%, mean test accuracy: 85.54%, lr scale: 0.5 in 8.70 sec
Epoch 11/100, mean train accuracy: 85.50%, mean test accuracy: 85.12%, lr scale: 0.25 in 8.79 sec
Epoch 12/100, mean train accuracy: 85.81%, mean test accuracy: 85.47%, lr scale: 0.25 in 8.71 sec
Epoch 13/100, mean train accuracy: 85.78%, mean test accuracy: 85.47%, lr scale: 0.25 in 8.67 sec
Epoch 14/100, mean train accuracy: 85.68%, mean test accuracy: 85.57%, lr scale: 0.125 in 8.72 sec
Epoch 15/100, mean train accuracy: 85.93%, mean test accuracy: 85.47%, lr scale: 0.125 in 8.71 sec
Epoch 16/100, mean train accuracy: 85.95%, mean test accuracy: 85.51%, lr scale: 0.125 in 8.70 sec
Epoch 17/100, mean train accuracy: 86.01%, mean test accuracy: 85.54%, lr scale: 0.125 in 8.72 sec
Epoch 18/100, mean train accuracy: 86.03%, mean test accuracy: 85.55%, lr scale: 0.0625 in 8.70 sec
Epoch 19/100, mean train accuracy: 86.05%, mean test accuracy: 85.55%, lr scale: 0.0625 in 8.72 sec
Epoch 20/100, mean train accuracy: 86.13%, mean test accuracy: 85.56%, lr scale: 0.03125 in 8.71 sec
Epoch 21/100, mean train accuracy: 86.09%, mean test accuracy: 85.55%, lr scale: 0.03125 in 8.68 sec
Epoch 22/100, mean train accuracy: 86.13%, mean test accuracy: 85.57%, lr scale: 0.015625 in 8.71 sec
Epoch 23/100, mean train accuracy: 86.13%, mean test accuracy: 85.58%, lr scale: 0.015625 in 8.72 sec
Epoch 24/100, mean train accuracy: 86.14%, mean test accuracy: 85.55%, lr scale: 0.015625 in 8.69 sec
Epoch 25/100, mean train accuracy: 86.09%, mean test accuracy: 85.57%, lr scale: 0.0078125 in 8.73 sec
Epoch 26/100, mean train accuracy: 86.19%, mean test accuracy: 85.54%, lr scale: 0.00390625 in 8.69 sec
Epoch 27/100, mean train accuracy: 86.17%, mean test accuracy: 85.54%, lr scale: 0.00390625 in 8.70 sec
Epoch 28/100, mean train accuracy: 86.23%, mean test accuracy: 85.53%, lr scale: 0.001953125 in 8.66 sec
Epoch 29/100, mean train accuracy: 86.25%, mean test accuracy: 85.55%, lr scale: 0.001953125 in 8.71 sec
Epoch 30/100, mean train accuracy: 86.21%, mean test accuracy: 85.53%, lr scale: 0.001953125 in 8.72 sec
Epoch 31/100, mean train accuracy: 86.18%, mean test accuracy: 85.56%, lr scale: 0.0009765625 in 8.73 sec
Learning rate reached 1.00E-06, stopping training
Plotting the posterior...
FIGURE CREATED at /mnt/nfs/nrdata02-users-data/luciano/script/ABC-SBI/examples/Linear-Reg/clean_results/K_5/figures/posterior_check/0_alpha_0.001.png
Evaluation of the metrics...
FIGURE CREATED at /mnt/nfs/nrdata02-users-data/luciano/script/ABC-SBI/examples/Linear-Reg/clean_results/K_5/figures/c2st_0.png
FIGURE CREATED at /mnt/nfs/nrdata02-users-data/luciano/script/ABC-SBI/examples/Linear-Reg/clean_results/K_5/figures/ranksums_0.png
