Host clust1
Old path: /mnt/nfs/nrdata02-users-data/luciano/script/ABC-SBI
New path: /mnt/nfs/nrdata02-users-data/luciano/script/ABC-SBI
SIGMA0 =  10.0

---------------------------------
DATASET 0
---------------------------------

---------------------------------
DATASET 0 ALPHA 1.0
---------------------------------
Simulation of the training dataset...
Training the neural network...
Initial accuracy: 49.72%, Initial test accuracy: 49.79%
Training for 100 epochs...
Epoch 1/100, mean train accuracy: 93.50%, mean test accuracy: 97.61%, lr scale: 1.0 in 10.17 sec
Epoch 2/100, mean train accuracy: 96.72%, mean test accuracy: 97.01%, lr scale: 1.0 in 9.48 sec
Epoch 3/100, mean train accuracy: 97.48%, mean test accuracy: 97.79%, lr scale: 1.0 in 9.45 sec
Epoch 4/100, mean train accuracy: 97.45%, mean test accuracy: 97.67%, lr scale: 1.0 in 9.46 sec
Epoch 5/100, mean train accuracy: 98.32%, mean test accuracy: 98.53%, lr scale: 0.5 in 9.40 sec
Epoch 6/100, mean train accuracy: 97.94%, mean test accuracy: 98.43%, lr scale: 0.5 in 9.47 sec
Epoch 7/100, mean train accuracy: 98.54%, mean test accuracy: 98.71%, lr scale: 0.25 in 9.63 sec
Epoch 8/100, mean train accuracy: 98.61%, mean test accuracy: 98.76%, lr scale: 0.25 in 9.47 sec
Epoch 9/100, mean train accuracy: 98.43%, mean test accuracy: 98.46%, lr scale: 0.25 in 9.48 sec
Epoch 10/100, mean train accuracy: 98.59%, mean test accuracy: 98.87%, lr scale: 0.125 in 9.50 sec
Epoch 11/100, mean train accuracy: 98.78%, mean test accuracy: 98.91%, lr scale: 0.125 in 9.36 sec
Epoch 12/100, mean train accuracy: 98.80%, mean test accuracy: 98.93%, lr scale: 0.125 in 9.80 sec
Epoch 13/100, mean train accuracy: 98.78%, mean test accuracy: 98.82%, lr scale: 0.125 in 9.90 sec
Epoch 14/100, mean train accuracy: 98.84%, mean test accuracy: 98.93%, lr scale: 0.125 in 9.69 sec
Epoch 15/100, mean train accuracy: 98.81%, mean test accuracy: 98.98%, lr scale: 0.0625 in 9.78 sec
Epoch 16/100, mean train accuracy: 98.86%, mean test accuracy: 98.89%, lr scale: 0.0625 in 9.79 sec
Epoch 17/100, mean train accuracy: 98.88%, mean test accuracy: 98.96%, lr scale: 0.03125 in 9.66 sec
Epoch 18/100, mean train accuracy: 98.93%, mean test accuracy: 98.97%, lr scale: 0.03125 in 9.74 sec
Epoch 19/100, mean train accuracy: 98.92%, mean test accuracy: 98.98%, lr scale: 0.015625 in 9.83 sec
Epoch 20/100, mean train accuracy: 98.93%, mean test accuracy: 98.99%, lr scale: 0.0078125 in 9.82 sec
Epoch 21/100, mean train accuracy: 98.92%, mean test accuracy: 98.98%, lr scale: 0.0078125 in 9.77 sec
Epoch 22/100, mean train accuracy: 98.94%, mean test accuracy: 98.98%, lr scale: 0.00390625 in 9.65 sec
Epoch 23/100, mean train accuracy: 98.94%, mean test accuracy: 98.99%, lr scale: 0.00390625 in 9.60 sec
Epoch 24/100, mean train accuracy: 98.97%, mean test accuracy: 98.98%, lr scale: 0.001953125 in 9.70 sec
Epoch 25/100, mean train accuracy: 98.93%, mean test accuracy: 98.99%, lr scale: 0.001953125 in 9.65 sec
Epoch 26/100, mean train accuracy: 98.93%, mean test accuracy: 98.99%, lr scale: 0.0009765625 in 9.63 sec
Learning rate reached 1.00E-06, stopping training
Plotting the posterior...
FIGURE CREATED at /mnt/nfs/nrdata02-users-data/luciano/script/ABC-SBI/examples/Gauss-Gauss/Gauss_Gauss_1D_known_sigma/clean_results/sigma0_10/figures/posterior_check/0_alpha_1.0.png
Evaluation of the metrics...

---------------------------------
DATASET 0 ALPHA 0.9
---------------------------------
Simulation of the training dataset...
Training the neural network...
Initial accuracy: 51.22%, Initial test accuracy: 51.16%
Training for 100 epochs...
Epoch 1/100, mean train accuracy: 93.06%, mean test accuracy: 97.05%, lr scale: 1.0 in 10.08 sec
Epoch 2/100, mean train accuracy: 97.07%, mean test accuracy: 97.64%, lr scale: 1.0 in 9.18 sec
Epoch 3/100, mean train accuracy: 97.40%, mean test accuracy: 98.03%, lr scale: 1.0 in 9.44 sec
Epoch 4/100, mean train accuracy: 97.22%, mean test accuracy: 98.12%, lr scale: 0.5 in 9.52 sec
Epoch 5/100, mean train accuracy: 98.19%, mean test accuracy: 98.52%, lr scale: 0.5 in 9.56 sec
Epoch 6/100, mean train accuracy: 98.22%, mean test accuracy: 97.89%, lr scale: 0.5 in 9.48 sec
Epoch 7/100, mean train accuracy: 97.93%, mean test accuracy: 98.32%, lr scale: 0.5 in 9.84 sec
Epoch 8/100, mean train accuracy: 98.54%, mean test accuracy: 98.56%, lr scale: 0.25 in 9.68 sec
Epoch 9/100, mean train accuracy: 98.46%, mean test accuracy: 98.59%, lr scale: 0.25 in 9.96 sec
Epoch 10/100, mean train accuracy: 98.35%, mean test accuracy: 98.51%, lr scale: 0.125 in 9.90 sec
Epoch 11/100, mean train accuracy: 98.64%, mean test accuracy: 98.58%, lr scale: 0.125 in 9.88 sec
Epoch 12/100, mean train accuracy: 98.68%, mean test accuracy: 98.41%, lr scale: 0.125 in 9.73 sec
Epoch 13/100, mean train accuracy: 98.66%, mean test accuracy: 98.60%, lr scale: 0.125 in 9.79 sec
Epoch 14/100, mean train accuracy: 98.69%, mean test accuracy: 98.69%, lr scale: 0.0625 in 9.80 sec
Epoch 15/100, mean train accuracy: 98.74%, mean test accuracy: 98.72%, lr scale: 0.0625 in 9.88 sec
Epoch 16/100, mean train accuracy: 98.77%, mean test accuracy: 98.72%, lr scale: 0.03125 in 9.84 sec
Epoch 17/100, mean train accuracy: 98.77%, mean test accuracy: 98.73%, lr scale: 0.03125 in 9.82 sec
Epoch 18/100, mean train accuracy: 98.78%, mean test accuracy: 98.68%, lr scale: 0.015625 in 9.73 sec
Epoch 19/100, mean train accuracy: 98.81%, mean test accuracy: 98.74%, lr scale: 0.0078125 in 9.76 sec
Epoch 20/100, mean train accuracy: 98.83%, mean test accuracy: 98.73%, lr scale: 0.0078125 in 9.91 sec
Epoch 21/100, mean train accuracy: 98.78%, mean test accuracy: 98.69%, lr scale: 0.0078125 in 9.69 sec
Epoch 22/100, mean train accuracy: 98.79%, mean test accuracy: 98.74%, lr scale: 0.00390625 in 9.61 sec
Epoch 23/100, mean train accuracy: 98.82%, mean test accuracy: 98.74%, lr scale: 0.00390625 in 9.54 sec
Epoch 24/100, mean train accuracy: 98.77%, mean test accuracy: 98.74%, lr scale: 0.00390625 in 10.00 sec
Epoch 25/100, mean train accuracy: 98.80%, mean test accuracy: 98.75%, lr scale: 0.001953125 in 9.97 sec
Epoch 26/100, mean train accuracy: 98.82%, mean test accuracy: 98.75%, lr scale: 0.001953125 in 9.89 sec
Epoch 27/100, mean train accuracy: 98.81%, mean test accuracy: 98.74%, lr scale: 0.0009765625 in 9.94 sec
Learning rate reached 1.00E-06, stopping training
Plotting the posterior...
FIGURE CREATED at /mnt/nfs/nrdata02-users-data/luciano/script/ABC-SBI/examples/Gauss-Gauss/Gauss_Gauss_1D_known_sigma/clean_results/sigma0_10/figures/posterior_check/0_alpha_0.9.png
Evaluation of the metrics...

---------------------------------
DATASET 0 ALPHA 0.5
---------------------------------
Simulation of the training dataset...
Training the neural network...
Initial accuracy: 48.83%, Initial test accuracy: 48.97%
Training for 100 epochs...
Epoch 1/100, mean train accuracy: 89.76%, mean test accuracy: 94.46%, lr scale: 1.0 in 10.32 sec
Epoch 2/100, mean train accuracy: 94.85%, mean test accuracy: 95.85%, lr scale: 1.0 in 9.38 sec
Epoch 3/100, mean train accuracy: 95.35%, mean test accuracy: 96.40%, lr scale: 1.0 in 9.66 sec
Epoch 4/100, mean train accuracy: 95.10%, mean test accuracy: 95.80%, lr scale: 1.0 in 9.25 sec
Epoch 5/100, mean train accuracy: 96.03%, mean test accuracy: 95.59%, lr scale: 1.0 in 9.12 sec
Epoch 6/100, mean train accuracy: 97.28%, mean test accuracy: 97.47%, lr scale: 0.5 in 9.11 sec
Epoch 7/100, mean train accuracy: 96.82%, mean test accuracy: 97.93%, lr scale: 0.25 in 9.17 sec
Epoch 8/100, mean train accuracy: 97.73%, mean test accuracy: 98.02%, lr scale: 0.25 in 9.35 sec
Epoch 9/100, mean train accuracy: 97.71%, mean test accuracy: 97.57%, lr scale: 0.125 in 9.31 sec
Epoch 10/100, mean train accuracy: 97.94%, mean test accuracy: 98.10%, lr scale: 0.125 in 9.52 sec
Epoch 11/100, mean train accuracy: 97.99%, mean test accuracy: 97.85%, lr scale: 0.125 in 9.64 sec
Epoch 12/100, mean train accuracy: 98.03%, mean test accuracy: 98.10%, lr scale: 0.0625 in 9.59 sec
Epoch 13/100, mean train accuracy: 98.07%, mean test accuracy: 97.97%, lr scale: 0.0625 in 9.51 sec
Epoch 14/100, mean train accuracy: 98.07%, mean test accuracy: 97.96%, lr scale: 0.03125 in 9.40 sec
Epoch 15/100, mean train accuracy: 98.14%, mean test accuracy: 98.11%, lr scale: 0.03125 in 9.51 sec
Epoch 16/100, mean train accuracy: 98.14%, mean test accuracy: 98.12%, lr scale: 0.03125 in 9.55 sec
Epoch 17/100, mean train accuracy: 98.15%, mean test accuracy: 98.08%, lr scale: 0.015625 in 9.29 sec
Epoch 18/100, mean train accuracy: 98.17%, mean test accuracy: 98.11%, lr scale: 0.015625 in 9.70 sec
Epoch 19/100, mean train accuracy: 98.17%, mean test accuracy: 98.11%, lr scale: 0.015625 in 9.81 sec
Epoch 20/100, mean train accuracy: 98.15%, mean test accuracy: 98.08%, lr scale: 0.015625 in 9.51 sec
Epoch 21/100, mean train accuracy: 98.16%, mean test accuracy: 98.13%, lr scale: 0.0078125 in 9.62 sec
Epoch 22/100, mean train accuracy: 98.14%, mean test accuracy: 98.14%, lr scale: 0.00390625 in 9.70 sec
Epoch 23/100, mean train accuracy: 98.22%, mean test accuracy: 98.12%, lr scale: 0.00390625 in 9.77 sec
Epoch 24/100, mean train accuracy: 98.21%, mean test accuracy: 98.13%, lr scale: 0.00390625 in 9.48 sec
Epoch 25/100, mean train accuracy: 98.21%, mean test accuracy: 98.13%, lr scale: 0.001953125 in 9.57 sec
Epoch 26/100, mean train accuracy: 98.19%, mean test accuracy: 98.14%, lr scale: 0.0009765625 in 9.60 sec
Learning rate reached 1.00E-06, stopping training
Plotting the posterior...
FIGURE CREATED at /mnt/nfs/nrdata02-users-data/luciano/script/ABC-SBI/examples/Gauss-Gauss/Gauss_Gauss_1D_known_sigma/clean_results/sigma0_10/figures/posterior_check/0_alpha_0.5.png
Evaluation of the metrics...

---------------------------------
DATASET 0 ALPHA 0.1
---------------------------------
Simulation of the training dataset...
Training the neural network...
Initial accuracy: 50.68%, Initial test accuracy: 50.52%
Training for 100 epochs...
Epoch 1/100, mean train accuracy: 74.67%, mean test accuracy: 84.94%, lr scale: 1.0 in 9.99 sec
Epoch 2/100, mean train accuracy: 86.34%, mean test accuracy: 82.32%, lr scale: 1.0 in 9.62 sec
Epoch 3/100, mean train accuracy: 88.30%, mean test accuracy: 91.20%, lr scale: 1.0 in 9.41 sec
Epoch 4/100, mean train accuracy: 89.48%, mean test accuracy: 93.58%, lr scale: 1.0 in 9.44 sec
Epoch 5/100, mean train accuracy: 88.80%, mean test accuracy: 92.37%, lr scale: 1.0 in 9.26 sec
Epoch 6/100, mean train accuracy: 94.16%, mean test accuracy: 95.19%, lr scale: 0.5 in 9.15 sec
Epoch 7/100, mean train accuracy: 93.38%, mean test accuracy: 95.13%, lr scale: 0.5 in 9.18 sec
Epoch 8/100, mean train accuracy: 93.28%, mean test accuracy: 95.36%, lr scale: 0.5 in 9.58 sec
Epoch 9/100, mean train accuracy: 95.16%, mean test accuracy: 95.70%, lr scale: 0.5 in 9.41 sec
Epoch 10/100, mean train accuracy: 94.07%, mean test accuracy: 93.36%, lr scale: 0.5 in 9.41 sec
Epoch 11/100, mean train accuracy: 94.02%, mean test accuracy: 95.64%, lr scale: 0.25 in 9.67 sec
Epoch 12/100, mean train accuracy: 95.76%, mean test accuracy: 95.88%, lr scale: 0.25 in 9.35 sec
Epoch 13/100, mean train accuracy: 95.98%, mean test accuracy: 96.42%, lr scale: 0.25 in 9.49 sec
Epoch 14/100, mean train accuracy: 96.03%, mean test accuracy: 96.53%, lr scale: 0.25 in 9.19 sec
Epoch 15/100, mean train accuracy: 96.27%, mean test accuracy: 96.37%, lr scale: 0.25 in 9.09 sec
Epoch 16/100, mean train accuracy: 96.16%, mean test accuracy: 94.53%, lr scale: 0.25 in 9.10 sec
Epoch 17/100, mean train accuracy: 96.40%, mean test accuracy: 96.67%, lr scale: 0.125 in 9.19 sec
Epoch 18/100, mean train accuracy: 96.56%, mean test accuracy: 96.82%, lr scale: 0.0625 in 9.53 sec
Epoch 19/100, mean train accuracy: 96.66%, mean test accuracy: 96.69%, lr scale: 0.0625 in 9.46 sec
Epoch 20/100, mean train accuracy: 96.74%, mean test accuracy: 96.47%, lr scale: 0.03125 in 9.56 sec
Epoch 21/100, mean train accuracy: 96.76%, mean test accuracy: 96.76%, lr scale: 0.03125 in 9.49 sec
Epoch 22/100, mean train accuracy: 96.82%, mean test accuracy: 96.79%, lr scale: 0.015625 in 9.54 sec
Epoch 23/100, mean train accuracy: 96.80%, mean test accuracy: 96.84%, lr scale: 0.0078125 in 9.65 sec
Epoch 24/100, mean train accuracy: 96.86%, mean test accuracy: 96.87%, lr scale: 0.0078125 in 9.55 sec
Epoch 25/100, mean train accuracy: 96.87%, mean test accuracy: 96.86%, lr scale: 0.00390625 in 9.48 sec
Epoch 26/100, mean train accuracy: 96.93%, mean test accuracy: 96.88%, lr scale: 0.00390625 in 9.54 sec
Epoch 27/100, mean train accuracy: 96.86%, mean test accuracy: 96.88%, lr scale: 0.001953125 in 9.55 sec
Epoch 28/100, mean train accuracy: 96.96%, mean test accuracy: 96.87%, lr scale: 0.001953125 in 9.46 sec
Epoch 29/100, mean train accuracy: 96.87%, mean test accuracy: 96.91%, lr scale: 0.001953125 in 9.46 sec
Epoch 30/100, mean train accuracy: 96.87%, mean test accuracy: 96.89%, lr scale: 0.0009765625 in 9.42 sec
Learning rate reached 1.00E-06, stopping training
Plotting the posterior...
FIGURE CREATED at /mnt/nfs/nrdata02-users-data/luciano/script/ABC-SBI/examples/Gauss-Gauss/Gauss_Gauss_1D_known_sigma/clean_results/sigma0_10/figures/posterior_check/0_alpha_0.1.png
Evaluation of the metrics...

---------------------------------
DATASET 0 ALPHA 0.05
---------------------------------
Simulation of the training dataset...
Training the neural network...
Initial accuracy: 50.23%, Initial test accuracy: 49.86%
Training for 100 epochs...
Epoch 1/100, mean train accuracy: 68.98%, mean test accuracy: 77.80%, lr scale: 1.0 in 10.06 sec
Epoch 2/100, mean train accuracy: 83.77%, mean test accuracy: 88.31%, lr scale: 1.0 in 9.54 sec
Epoch 3/100, mean train accuracy: 85.89%, mean test accuracy: 89.80%, lr scale: 1.0 in 9.43 sec
Epoch 4/100, mean train accuracy: 88.58%, mean test accuracy: 91.29%, lr scale: 1.0 in 9.39 sec
Epoch 5/100, mean train accuracy: 90.23%, mean test accuracy: 92.53%, lr scale: 1.0 in 9.56 sec
Epoch 6/100, mean train accuracy: 87.93%, mean test accuracy: 91.88%, lr scale: 1.0 in 9.39 sec
Epoch 7/100, mean train accuracy: 92.27%, mean test accuracy: 91.20%, lr scale: 0.5 in 9.45 sec
Epoch 8/100, mean train accuracy: 91.90%, mean test accuracy: 93.47%, lr scale: 0.5 in 9.52 sec
Epoch 9/100, mean train accuracy: 93.89%, mean test accuracy: 94.21%, lr scale: 0.5 in 9.70 sec
Epoch 10/100, mean train accuracy: 94.08%, mean test accuracy: 94.75%, lr scale: 0.5 in 9.71 sec
Epoch 11/100, mean train accuracy: 93.42%, mean test accuracy: 94.72%, lr scale: 0.5 in 9.40 sec
Epoch 12/100, mean train accuracy: 93.37%, mean test accuracy: 92.59%, lr scale: 0.5 in 9.20 sec
Epoch 13/100, mean train accuracy: 93.67%, mean test accuracy: 93.71%, lr scale: 0.25 in 9.31 sec
Epoch 14/100, mean train accuracy: 94.41%, mean test accuracy: 94.48%, lr scale: 0.25 in 9.74 sec
Epoch 15/100, mean train accuracy: 95.08%, mean test accuracy: 94.84%, lr scale: 0.125 in 9.24 sec
Epoch 16/100, mean train accuracy: 95.23%, mean test accuracy: 95.30%, lr scale: 0.125 in 9.28 sec
Epoch 17/100, mean train accuracy: 95.41%, mean test accuracy: 96.02%, lr scale: 0.125 in 9.30 sec
Epoch 18/100, mean train accuracy: 95.66%, mean test accuracy: 95.78%, lr scale: 0.125 in 9.55 sec
Epoch 19/100, mean train accuracy: 95.94%, mean test accuracy: 96.16%, lr scale: 0.125 in 9.65 sec
Epoch 20/100, mean train accuracy: 96.09%, mean test accuracy: 96.40%, lr scale: 0.0625 in 9.48 sec
Epoch 21/100, mean train accuracy: 96.26%, mean test accuracy: 96.46%, lr scale: 0.0625 in 9.51 sec
Epoch 22/100, mean train accuracy: 96.35%, mean test accuracy: 96.50%, lr scale: 0.0625 in 9.70 sec
Epoch 23/100, mean train accuracy: 96.43%, mean test accuracy: 96.47%, lr scale: 0.03125 in 9.35 sec
Epoch 24/100, mean train accuracy: 96.33%, mean test accuracy: 96.41%, lr scale: 0.03125 in 9.37 sec
Epoch 25/100, mean train accuracy: 96.48%, mean test accuracy: 96.45%, lr scale: 0.015625 in 9.20 sec
Epoch 26/100, mean train accuracy: 96.49%, mean test accuracy: 96.57%, lr scale: 0.0078125 in 9.91 sec
Epoch 27/100, mean train accuracy: 96.45%, mean test accuracy: 96.56%, lr scale: 0.0078125 in 9.63 sec
Epoch 28/100, mean train accuracy: 96.44%, mean test accuracy: 96.54%, lr scale: 0.00390625 in 9.68 sec
Epoch 29/100, mean train accuracy: 96.53%, mean test accuracy: 96.57%, lr scale: 0.00390625 in 9.51 sec
Epoch 30/100, mean train accuracy: 96.49%, mean test accuracy: 96.58%, lr scale: 0.00390625 in 9.61 sec
Epoch 31/100, mean train accuracy: 96.51%, mean test accuracy: 96.55%, lr scale: 0.001953125 in 9.50 sec
Epoch 32/100, mean train accuracy: 96.53%, mean test accuracy: 96.54%, lr scale: 0.0009765625 in 9.57 sec
Learning rate reached 1.00E-06, stopping training
Plotting the posterior...
FIGURE CREATED at /mnt/nfs/nrdata02-users-data/luciano/script/ABC-SBI/examples/Gauss-Gauss/Gauss_Gauss_1D_known_sigma/clean_results/sigma0_10/figures/posterior_check/0_alpha_0.05.png
Evaluation of the metrics...

---------------------------------
DATASET 0 ALPHA 0.01
---------------------------------
Simulation of the training dataset...
Training the neural network...
Initial accuracy: 50.09%, Initial test accuracy: 50.11%
Training for 100 epochs...
Epoch 1/100, mean train accuracy: 50.04%, mean test accuracy: 49.89%, lr scale: 1.0 in 10.16 sec
Epoch 2/100, mean train accuracy: 50.59%, mean test accuracy: 53.06%, lr scale: 1.0 in 9.54 sec
Epoch 3/100, mean train accuracy: 51.35%, mean test accuracy: 53.89%, lr scale: 1.0 in 9.51 sec
Epoch 4/100, mean train accuracy: 50.67%, mean test accuracy: 50.11%, lr scale: 0.5 in 9.40 sec
Epoch 5/100, mean train accuracy: 50.68%, mean test accuracy: 58.99%, lr scale: 0.5 in 9.32 sec
Epoch 6/100, mean train accuracy: 50.44%, mean test accuracy: 56.76%, lr scale: 0.25 in 9.30 sec
Epoch 7/100, mean train accuracy: 59.69%, mean test accuracy: 61.82%, lr scale: 0.25 in 9.34 sec
Epoch 8/100, mean train accuracy: 73.14%, mean test accuracy: 74.42%, lr scale: 0.25 in 9.29 sec
Epoch 9/100, mean train accuracy: 78.91%, mean test accuracy: 73.38%, lr scale: 0.25 in 9.29 sec
Epoch 10/100, mean train accuracy: 82.33%, mean test accuracy: 85.37%, lr scale: 0.25 in 9.55 sec
Epoch 11/100, mean train accuracy: 84.81%, mean test accuracy: 86.07%, lr scale: 0.25 in 9.29 sec
Epoch 12/100, mean train accuracy: 85.56%, mean test accuracy: 88.70%, lr scale: 0.25 in 9.38 sec
Epoch 13/100, mean train accuracy: 87.72%, mean test accuracy: 87.91%, lr scale: 0.25 in 9.36 sec
Epoch 14/100, mean train accuracy: 86.94%, mean test accuracy: 87.93%, lr scale: 0.25 in 9.38 sec
Epoch 15/100, mean train accuracy: 86.86%, mean test accuracy: 87.32%, lr scale: 0.25 in 9.37 sec
Epoch 16/100, mean train accuracy: 88.69%, mean test accuracy: 89.39%, lr scale: 0.125 in 9.24 sec
Epoch 17/100, mean train accuracy: 89.95%, mean test accuracy: 91.01%, lr scale: 0.125 in 9.21 sec
Epoch 18/100, mean train accuracy: 90.33%, mean test accuracy: 91.63%, lr scale: 0.125 in 9.18 sec
Epoch 19/100, mean train accuracy: 90.26%, mean test accuracy: 91.15%, lr scale: 0.125 in 9.57 sec
Epoch 20/100, mean train accuracy: 90.97%, mean test accuracy: 91.40%, lr scale: 0.125 in 9.41 sec
Epoch 21/100, mean train accuracy: 90.95%, mean test accuracy: 91.60%, lr scale: 0.125 in 9.37 sec
Epoch 22/100, mean train accuracy: 91.43%, mean test accuracy: 90.10%, lr scale: 0.125 in 9.49 sec
Epoch 23/100, mean train accuracy: 91.26%, mean test accuracy: 91.71%, lr scale: 0.0625 in 9.44 sec
Epoch 24/100, mean train accuracy: 91.91%, mean test accuracy: 91.99%, lr scale: 0.0625 in 9.38 sec
Epoch 25/100, mean train accuracy: 91.96%, mean test accuracy: 92.18%, lr scale: 0.0625 in 9.16 sec
Epoch 26/100, mean train accuracy: 92.04%, mean test accuracy: 91.46%, lr scale: 0.0625 in 9.06 sec
Epoch 27/100, mean train accuracy: 91.94%, mean test accuracy: 91.79%, lr scale: 0.0625 in 8.93 sec
Epoch 28/100, mean train accuracy: 92.14%, mean test accuracy: 92.04%, lr scale: 0.0625 in 9.16 sec
Epoch 29/100, mean train accuracy: 92.12%, mean test accuracy: 92.41%, lr scale: 0.0625 in 9.30 sec
Epoch 30/100, mean train accuracy: 92.13%, mean test accuracy: 90.45%, lr scale: 0.0625 in 9.78 sec
Epoch 31/100, mean train accuracy: 92.34%, mean test accuracy: 92.20%, lr scale: 0.03125 in 9.35 sec
Epoch 32/100, mean train accuracy: 92.33%, mean test accuracy: 92.44%, lr scale: 0.03125 in 9.39 sec
Epoch 33/100, mean train accuracy: 92.49%, mean test accuracy: 92.56%, lr scale: 0.03125 in 9.48 sec
Epoch 34/100, mean train accuracy: 92.46%, mean test accuracy: 92.39%, lr scale: 0.015625 in 9.30 sec
Epoch 35/100, mean train accuracy: 92.55%, mean test accuracy: 92.33%, lr scale: 0.015625 in 9.36 sec
Epoch 36/100, mean train accuracy: 92.54%, mean test accuracy: 92.35%, lr scale: 0.0078125 in 9.24 sec
Epoch 37/100, mean train accuracy: 92.62%, mean test accuracy: 92.60%, lr scale: 0.0078125 in 9.27 sec
Epoch 38/100, mean train accuracy: 92.67%, mean test accuracy: 92.24%, lr scale: 0.0078125 in 9.28 sec
Epoch 39/100, mean train accuracy: 92.62%, mean test accuracy: 92.53%, lr scale: 0.0078125 in 9.47 sec
Epoch 40/100, mean train accuracy: 92.67%, mean test accuracy: 92.66%, lr scale: 0.0078125 in 9.03 sec
Epoch 41/100, mean train accuracy: 92.71%, mean test accuracy: 92.63%, lr scale: 0.00390625 in 9.11 sec
Epoch 42/100, mean train accuracy: 92.71%, mean test accuracy: 92.67%, lr scale: 0.001953125 in 8.99 sec
Epoch 43/100, mean train accuracy: 92.69%, mean test accuracy: 92.66%, lr scale: 0.001953125 in 9.06 sec
Epoch 44/100, mean train accuracy: 92.71%, mean test accuracy: 92.69%, lr scale: 0.0009765625 in 9.60 sec
Learning rate reached 1.00E-06, stopping training
Plotting the posterior...
FIGURE CREATED at /mnt/nfs/nrdata02-users-data/luciano/script/ABC-SBI/examples/Gauss-Gauss/Gauss_Gauss_1D_known_sigma/clean_results/sigma0_10/figures/posterior_check/0_alpha_0.01.png
Evaluation of the metrics...

---------------------------------
DATASET 0 ALPHA 0.005
---------------------------------
Simulation of the training dataset...
Training the neural network...
Initial accuracy: 50.10%, Initial test accuracy: 49.94%
Training for 100 epochs...
Epoch 1/100, mean train accuracy: 50.05%, mean test accuracy: 50.06%, lr scale: 1.0 in 9.93 sec
Epoch 2/100, mean train accuracy: 49.96%, mean test accuracy: 50.06%, lr scale: 1.0 in 9.35 sec
Epoch 3/100, mean train accuracy: 49.95%, mean test accuracy: 49.94%, lr scale: 1.0 in 9.61 sec
Epoch 4/100, mean train accuracy: 49.94%, mean test accuracy: 49.93%, lr scale: 1.0 in 9.34 sec
Epoch 5/100, mean train accuracy: 50.01%, mean test accuracy: 49.93%, lr scale: 1.0 in 9.35 sec
Epoch 6/100, mean train accuracy: 50.09%, mean test accuracy: 49.93%, lr scale: 0.5 in 9.32 sec
Epoch 7/100, mean train accuracy: 50.01%, mean test accuracy: 49.93%, lr scale: 0.25 in 9.32 sec
Epoch 8/100, mean train accuracy: 49.97%, mean test accuracy: 50.07%, lr scale: 0.25 in 9.36 sec
Epoch 9/100, mean train accuracy: 49.97%, mean test accuracy: 50.17%, lr scale: 0.125 in 9.30 sec
Epoch 10/100, mean train accuracy: 50.10%, mean test accuracy: 49.94%, lr scale: 0.125 in 9.34 sec
Epoch 11/100, mean train accuracy: 49.91%, mean test accuracy: 50.07%, lr scale: 0.0625 in 9.46 sec
Epoch 12/100, mean train accuracy: 50.07%, mean test accuracy: 49.93%, lr scale: 0.03125 in 9.38 sec
Epoch 13/100, mean train accuracy: 49.94%, mean test accuracy: 49.67%, lr scale: 0.03125 in 9.29 sec
Epoch 14/100, mean train accuracy: 50.11%, mean test accuracy: 50.16%, lr scale: 0.015625 in 9.32 sec
Epoch 15/100, mean train accuracy: 50.34%, mean test accuracy: 49.41%, lr scale: 0.015625 in 9.30 sec
Epoch 16/100, mean train accuracy: 50.93%, mean test accuracy: 50.75%, lr scale: 0.015625 in 9.11 sec
Epoch 17/100, mean train accuracy: 51.68%, mean test accuracy: 51.80%, lr scale: 0.015625 in 9.10 sec
Epoch 18/100, mean train accuracy: 52.13%, mean test accuracy: 50.92%, lr scale: 0.015625 in 8.88 sec
Epoch 19/100, mean train accuracy: 52.68%, mean test accuracy: 51.30%, lr scale: 0.015625 in 9.20 sec
Epoch 20/100, mean train accuracy: 53.02%, mean test accuracy: 53.45%, lr scale: 0.015625 in 9.21 sec
Epoch 21/100, mean train accuracy: 53.59%, mean test accuracy: 53.14%, lr scale: 0.015625 in 9.51 sec
Epoch 22/100, mean train accuracy: 53.97%, mean test accuracy: 53.76%, lr scale: 0.015625 in 9.29 sec
Epoch 23/100, mean train accuracy: 54.62%, mean test accuracy: 55.02%, lr scale: 0.015625 in 9.43 sec
Epoch 24/100, mean train accuracy: 55.20%, mean test accuracy: 56.73%, lr scale: 0.015625 in 9.38 sec
Epoch 25/100, mean train accuracy: 55.68%, mean test accuracy: 56.99%, lr scale: 0.015625 in 9.30 sec
Epoch 26/100, mean train accuracy: 56.29%, mean test accuracy: 57.20%, lr scale: 0.015625 in 9.37 sec
Epoch 27/100, mean train accuracy: 57.03%, mean test accuracy: 57.84%, lr scale: 0.015625 in 9.42 sec
Epoch 28/100, mean train accuracy: 57.57%, mean test accuracy: 58.48%, lr scale: 0.015625 in 9.45 sec
Epoch 29/100, mean train accuracy: 58.23%, mean test accuracy: 59.00%, lr scale: 0.015625 in 9.36 sec
Epoch 30/100, mean train accuracy: 58.85%, mean test accuracy: 58.27%, lr scale: 0.015625 in 9.38 sec
Epoch 31/100, mean train accuracy: 59.75%, mean test accuracy: 58.75%, lr scale: 0.015625 in 9.34 sec
Epoch 32/100, mean train accuracy: 60.52%, mean test accuracy: 59.37%, lr scale: 0.015625 in 9.33 sec
Epoch 33/100, mean train accuracy: 61.19%, mean test accuracy: 61.81%, lr scale: 0.015625 in 9.10 sec
Epoch 34/100, mean train accuracy: 61.96%, mean test accuracy: 62.99%, lr scale: 0.015625 in 9.16 sec
Epoch 35/100, mean train accuracy: 62.85%, mean test accuracy: 63.37%, lr scale: 0.015625 in 9.06 sec
Epoch 36/100, mean train accuracy: 63.51%, mean test accuracy: 64.50%, lr scale: 0.015625 in 9.18 sec
Epoch 37/100, mean train accuracy: 64.34%, mean test accuracy: 64.74%, lr scale: 0.015625 in 9.45 sec
Epoch 38/100, mean train accuracy: 65.04%, mean test accuracy: 65.83%, lr scale: 0.015625 in 9.32 sec
Epoch 39/100, mean train accuracy: 66.00%, mean test accuracy: 65.74%, lr scale: 0.015625 in 9.40 sec
Epoch 40/100, mean train accuracy: 66.98%, mean test accuracy: 67.53%, lr scale: 0.015625 in 9.59 sec
Epoch 41/100, mean train accuracy: 67.76%, mean test accuracy: 68.58%, lr scale: 0.015625 in 9.38 sec
Epoch 42/100, mean train accuracy: 68.76%, mean test accuracy: 68.49%, lr scale: 0.015625 in 9.34 sec
Epoch 43/100, mean train accuracy: 69.67%, mean test accuracy: 69.83%, lr scale: 0.015625 in 9.30 sec
Epoch 44/100, mean train accuracy: 70.43%, mean test accuracy: 70.31%, lr scale: 0.015625 in 9.23 sec
Epoch 45/100, mean train accuracy: 70.99%, mean test accuracy: 71.37%, lr scale: 0.015625 in 9.15 sec
Epoch 46/100, mean train accuracy: 72.08%, mean test accuracy: 72.14%, lr scale: 0.015625 in 9.13 sec
Epoch 47/100, mean train accuracy: 72.79%, mean test accuracy: 73.16%, lr scale: 0.015625 in 9.10 sec
Epoch 48/100, mean train accuracy: 73.47%, mean test accuracy: 74.12%, lr scale: 0.015625 in 9.52 sec
Epoch 49/100, mean train accuracy: 74.05%, mean test accuracy: 74.86%, lr scale: 0.015625 in 9.23 sec
Epoch 50/100, mean train accuracy: 74.75%, mean test accuracy: 75.10%, lr scale: 0.015625 in 9.32 sec
Epoch 51/100, mean train accuracy: 75.38%, mean test accuracy: 74.42%, lr scale: 0.015625 in 9.35 sec
Epoch 52/100, mean train accuracy: 76.19%, mean test accuracy: 75.83%, lr scale: 0.015625 in 9.42 sec
Epoch 53/100, mean train accuracy: 76.77%, mean test accuracy: 77.49%, lr scale: 0.015625 in 9.35 sec
Epoch 54/100, mean train accuracy: 77.26%, mean test accuracy: 77.92%, lr scale: 0.015625 in 9.34 sec
Epoch 55/100, mean train accuracy: 77.82%, mean test accuracy: 78.11%, lr scale: 0.015625 in 9.31 sec
Epoch 56/100, mean train accuracy: 78.29%, mean test accuracy: 78.71%, lr scale: 0.015625 in 9.35 sec
Epoch 57/100, mean train accuracy: 78.73%, mean test accuracy: 79.21%, lr scale: 0.015625 in 9.49 sec
Epoch 58/100, mean train accuracy: 79.27%, mean test accuracy: 79.56%, lr scale: 0.015625 in 9.34 sec
Epoch 59/100, mean train accuracy: 79.66%, mean test accuracy: 79.76%, lr scale: 0.015625 in 9.55 sec
Epoch 60/100, mean train accuracy: 80.11%, mean test accuracy: 79.88%, lr scale: 0.015625 in 9.35 sec
Epoch 61/100, mean train accuracy: 80.36%, mean test accuracy: 79.69%, lr scale: 0.015625 in 9.35 sec
Epoch 62/100, mean train accuracy: 80.63%, mean test accuracy: 81.44%, lr scale: 0.015625 in 9.34 sec
Epoch 63/100, mean train accuracy: 81.06%, mean test accuracy: 79.76%, lr scale: 0.015625 in 9.44 sec
Epoch 64/100, mean train accuracy: 81.30%, mean test accuracy: 80.80%, lr scale: 0.015625 in 9.16 sec
Epoch 65/100, mean train accuracy: 81.50%, mean test accuracy: 80.59%, lr scale: 0.015625 in 9.01 sec
Epoch 66/100, mean train accuracy: 81.78%, mean test accuracy: 81.70%, lr scale: 0.015625 in 9.10 sec
Epoch 67/100, mean train accuracy: 82.08%, mean test accuracy: 81.84%, lr scale: 0.015625 in 9.16 sec
Epoch 68/100, mean train accuracy: 82.29%, mean test accuracy: 83.13%, lr scale: 0.015625 in 9.44 sec
Epoch 69/100, mean train accuracy: 82.52%, mean test accuracy: 84.13%, lr scale: 0.015625 in 9.36 sec
Epoch 70/100, mean train accuracy: 82.68%, mean test accuracy: 84.45%, lr scale: 0.015625 in 9.08 sec
Epoch 71/100, mean train accuracy: 82.81%, mean test accuracy: 82.85%, lr scale: 0.015625 in 9.03 sec
Epoch 72/100, mean train accuracy: 83.10%, mean test accuracy: 81.61%, lr scale: 0.015625 in 9.08 sec
Epoch 73/100, mean train accuracy: 83.25%, mean test accuracy: 83.86%, lr scale: 0.015625 in 8.88 sec
Epoch 74/100, mean train accuracy: 83.49%, mean test accuracy: 83.23%, lr scale: 0.015625 in 8.93 sec
Epoch 75/100, mean train accuracy: 83.60%, mean test accuracy: 83.12%, lr scale: 0.015625 in 8.78 sec
Epoch 76/100, mean train accuracy: 83.79%, mean test accuracy: 84.22%, lr scale: 0.015625 in 8.83 sec
Epoch 77/100, mean train accuracy: 83.92%, mean test accuracy: 84.42%, lr scale: 0.015625 in 9.04 sec
Epoch 78/100, mean train accuracy: 83.99%, mean test accuracy: 85.12%, lr scale: 0.015625 in 8.72 sec
Epoch 79/100, mean train accuracy: 84.19%, mean test accuracy: 85.02%, lr scale: 0.015625 in 8.80 sec
Epoch 80/100, mean train accuracy: 84.30%, mean test accuracy: 83.26%, lr scale: 0.0078125 in 8.88 sec
Epoch 81/100, mean train accuracy: 84.45%, mean test accuracy: 84.40%, lr scale: 0.0078125 in 8.75 sec
Epoch 82/100, mean train accuracy: 84.50%, mean test accuracy: 84.27%, lr scale: 0.00390625 in 8.92 sec
Epoch 83/100, mean train accuracy: 84.59%, mean test accuracy: 84.80%, lr scale: 0.00390625 in 8.77 sec
Epoch 84/100, mean train accuracy: 84.64%, mean test accuracy: 84.38%, lr scale: 0.00390625 in 8.80 sec
Epoch 85/100, mean train accuracy: 84.64%, mean test accuracy: 84.76%, lr scale: 0.00390625 in 8.71 sec
Epoch 86/100, mean train accuracy: 84.59%, mean test accuracy: 84.46%, lr scale: 0.00390625 in 8.56 sec
Epoch 87/100, mean train accuracy: 84.61%, mean test accuracy: 84.83%, lr scale: 0.001953125 in 8.77 sec
Epoch 88/100, mean train accuracy: 84.84%, mean test accuracy: 84.61%, lr scale: 0.001953125 in 8.52 sec
Epoch 89/100, mean train accuracy: 84.75%, mean test accuracy: 84.89%, lr scale: 0.001953125 in 8.90 sec
Epoch 90/100, mean train accuracy: 84.78%, mean test accuracy: 84.85%, lr scale: 0.0009765625 in 8.82 sec
Learning rate reached 1.00E-06, stopping training
Plotting the posterior...
FIGURE CREATED at /mnt/nfs/nrdata02-users-data/luciano/script/ABC-SBI/examples/Gauss-Gauss/Gauss_Gauss_1D_known_sigma/clean_results/sigma0_10/figures/posterior_check/0_alpha_0.005.png
Evaluation of the metrics...

---------------------------------
DATASET 0 ALPHA 0.001
---------------------------------
Simulation of the training dataset...
Training the neural network...
Initial accuracy: 50.02%, Initial test accuracy: 50.10%
Training for 100 epochs...
Epoch 1/100, mean train accuracy: 50.07%, mean test accuracy: 49.90%, lr scale: 1.0 in 9.37 sec
Epoch 2/100, mean train accuracy: 49.90%, mean test accuracy: 49.89%, lr scale: 1.0 in 8.96 sec
Epoch 3/100, mean train accuracy: 50.13%, mean test accuracy: 49.89%, lr scale: 1.0 in 9.11 sec
Epoch 4/100, mean train accuracy: 50.09%, mean test accuracy: 50.11%, lr scale: 1.0 in 9.01 sec
Epoch 5/100, mean train accuracy: 50.03%, mean test accuracy: 50.11%, lr scale: 1.0 in 8.96 sec
Epoch 6/100, mean train accuracy: 49.85%, mean test accuracy: 50.11%, lr scale: 1.0 in 8.94 sec
Epoch 7/100, mean train accuracy: 49.95%, mean test accuracy: 50.10%, lr scale: 0.5 in 8.91 sec
Epoch 8/100, mean train accuracy: 50.07%, mean test accuracy: 50.11%, lr scale: 0.5 in 8.99 sec
Epoch 9/100, mean train accuracy: 50.07%, mean test accuracy: 50.11%, lr scale: 0.25 in 9.11 sec
Epoch 10/100, mean train accuracy: 49.96%, mean test accuracy: 50.20%, lr scale: 0.125 in 9.17 sec
Epoch 11/100, mean train accuracy: 49.96%, mean test accuracy: 49.89%, lr scale: 0.125 in 9.13 sec
Epoch 12/100, mean train accuracy: 50.02%, mean test accuracy: 50.11%, lr scale: 0.0625 in 9.20 sec
Epoch 13/100, mean train accuracy: 49.95%, mean test accuracy: 50.10%, lr scale: 0.0625 in 8.89 sec
Epoch 14/100, mean train accuracy: 49.93%, mean test accuracy: 49.89%, lr scale: 0.03125 in 9.01 sec
Epoch 15/100, mean train accuracy: 50.00%, mean test accuracy: 49.95%, lr scale: 0.015625 in 8.99 sec
Epoch 16/100, mean train accuracy: 49.91%, mean test accuracy: 49.89%, lr scale: 0.015625 in 8.99 sec
Epoch 17/100, mean train accuracy: 50.04%, mean test accuracy: 49.90%, lr scale: 0.0078125 in 9.04 sec
Epoch 18/100, mean train accuracy: 50.12%, mean test accuracy: 49.89%, lr scale: 0.00390625 in 8.96 sec
Epoch 19/100, mean train accuracy: 49.97%, mean test accuracy: 49.89%, lr scale: 0.001953125 in 9.29 sec
Epoch 20/100, mean train accuracy: 50.04%, mean test accuracy: 50.11%, lr scale: 0.001953125 in 9.00 sec
Epoch 21/100, mean train accuracy: 49.91%, mean test accuracy: 50.11%, lr scale: 0.0009765625 in 8.84 sec
Learning rate reached 1.00E-06, stopping training
Plotting the posterior...
FIGURE CREATED at /mnt/nfs/nrdata02-users-data/luciano/script/ABC-SBI/examples/Gauss-Gauss/Gauss_Gauss_1D_known_sigma/clean_results/sigma0_10/figures/posterior_check/0_alpha_0.001.png
Evaluation of the metrics...

---------------------------------
DATASET 0 ALPHA 0.005
---------------------------------
Simulation of the training dataset...
Training the neural network...
Initial accuracy: 50.07%, Initial test accuracy: 49.93%
Training for 100 epochs...
Epoch 1/100, mean train accuracy: 49.83%, mean test accuracy: 50.15%, lr scale: 1.0 in 9.23 sec
Epoch 2/100, mean train accuracy: 50.05%, mean test accuracy: 49.92%, lr scale: 1.0 in 8.63 sec
Epoch 3/100, mean train accuracy: 50.02%, mean test accuracy: 50.07%, lr scale: 1.0 in 8.99 sec
Epoch 4/100, mean train accuracy: 49.96%, mean test accuracy: 50.07%, lr scale: 1.0 in 8.82 sec
Epoch 5/100, mean train accuracy: 50.05%, mean test accuracy: 50.07%, lr scale: 1.0 in 9.07 sec
Epoch 6/100, mean train accuracy: 50.02%, mean test accuracy: 50.07%, lr scale: 1.0 in 8.87 sec
Epoch 7/100, mean train accuracy: 50.03%, mean test accuracy: 50.07%, lr scale: 1.0 in 8.92 sec
Epoch 8/100, mean train accuracy: 50.02%, mean test accuracy: 49.93%, lr scale: 0.5 in 8.90 sec
Epoch 9/100, mean train accuracy: 50.05%, mean test accuracy: 49.93%, lr scale: 0.5 in 8.94 sec
Epoch 10/100, mean train accuracy: 50.07%, mean test accuracy: 49.94%, lr scale: 0.25 in 8.93 sec
Epoch 11/100, mean train accuracy: 49.93%, mean test accuracy: 50.07%, lr scale: 0.25 in 9.12 sec
Epoch 12/100, mean train accuracy: 50.10%, mean test accuracy: 49.93%, lr scale: 0.125 in 9.01 sec
Epoch 13/100, mean train accuracy: 49.97%, mean test accuracy: 49.93%, lr scale: 0.125 in 9.14 sec
Epoch 14/100, mean train accuracy: 50.03%, mean test accuracy: 50.08%, lr scale: 0.0625 in 9.12 sec
Epoch 15/100, mean train accuracy: 49.94%, mean test accuracy: 50.07%, lr scale: 0.0625 in 8.98 sec
Epoch 16/100, mean train accuracy: 50.16%, mean test accuracy: 49.93%, lr scale: 0.03125 in 8.84 sec
Epoch 17/100, mean train accuracy: 50.14%, mean test accuracy: 49.91%, lr scale: 0.015625 in 9.00 sec
Epoch 18/100, mean train accuracy: 49.91%, mean test accuracy: 49.93%, lr scale: 0.015625 in 8.93 sec
Epoch 19/100, mean train accuracy: 50.06%, mean test accuracy: 50.54%, lr scale: 0.0078125 in 9.06 sec
Epoch 20/100, mean train accuracy: 50.17%, mean test accuracy: 49.93%, lr scale: 0.00390625 in 8.83 sec
Epoch 21/100, mean train accuracy: 49.99%, mean test accuracy: 49.93%, lr scale: 0.00390625 in 8.81 sec
Epoch 22/100, mean train accuracy: 50.10%, mean test accuracy: 50.56%, lr scale: 0.001953125 in 9.03 sec
Epoch 23/100, mean train accuracy: 49.99%, mean test accuracy: 50.41%, lr scale: 0.0009765625 in 9.07 sec
Learning rate reached 1.00E-06, stopping training
Plotting the posterior...
FIGURE CREATED at /mnt/nfs/nrdata02-users-data/luciano/script/ABC-SBI/examples/Gauss-Gauss/Gauss_Gauss_1D_known_sigma/clean_results/sigma0_10/figures/posterior_check/0_alpha_0.005.png
Evaluation of the metrics...

---------------------------------
DATASET 0 ALPHA 0.0001
---------------------------------
Simulation of the training dataset...
Training the neural network...
Initial accuracy: 50.17%, Initial test accuracy: 49.84%
Training for 100 epochs...
Epoch 1/100, mean train accuracy: 49.95%, mean test accuracy: 50.16%, lr scale: 1.0 in 9.44 sec
Epoch 2/100, mean train accuracy: 49.96%, mean test accuracy: 49.88%, lr scale: 1.0 in 8.61 sec
Epoch 3/100, mean train accuracy: 50.10%, mean test accuracy: 49.78%, lr scale: 1.0 in 8.70 sec
Epoch 4/100, mean train accuracy: 50.14%, mean test accuracy: 50.17%, lr scale: 1.0 in 8.70 sec
Epoch 5/100, mean train accuracy: 50.08%, mean test accuracy: 50.17%, lr scale: 1.0 in 8.41 sec
Epoch 6/100, mean train accuracy: 50.07%, mean test accuracy: 50.10%, lr scale: 0.5 in 8.37 sec
Epoch 7/100, mean train accuracy: 49.89%, mean test accuracy: 50.17%, lr scale: 0.5 in 8.61 sec
Epoch 8/100, mean train accuracy: 50.12%, mean test accuracy: 50.17%, lr scale: 0.25 in 8.37 sec
Epoch 9/100, mean train accuracy: 50.04%, mean test accuracy: 49.84%, lr scale: 0.125 in 8.39 sec
Epoch 10/100, mean train accuracy: 50.13%, mean test accuracy: 49.84%, lr scale: 0.125 in 8.41 sec
Epoch 11/100, mean train accuracy: 50.01%, mean test accuracy: 49.92%, lr scale: 0.0625 in 8.38 sec
Epoch 12/100, mean train accuracy: 50.05%, mean test accuracy: 49.84%, lr scale: 0.0625 in 8.43 sec
Epoch 13/100, mean train accuracy: 50.08%, mean test accuracy: 49.83%, lr scale: 0.03125 in 8.38 sec
Epoch 14/100, mean train accuracy: 50.14%, mean test accuracy: 49.83%, lr scale: 0.03125 in 8.34 sec
Epoch 15/100, mean train accuracy: 50.05%, mean test accuracy: 50.03%, lr scale: 0.015625 in 8.39 sec
Epoch 16/100, mean train accuracy: 50.13%, mean test accuracy: 49.83%, lr scale: 0.015625 in 8.60 sec
Epoch 17/100, mean train accuracy: 50.04%, mean test accuracy: 49.84%, lr scale: 0.0078125 in 8.61 sec
Epoch 18/100, mean train accuracy: 49.93%, mean test accuracy: 50.05%, lr scale: 0.00390625 in 8.63 sec
Epoch 19/100, mean train accuracy: 50.21%, mean test accuracy: 50.05%, lr scale: 0.001953125 in 8.62 sec
Epoch 20/100, mean train accuracy: 50.00%, mean test accuracy: 50.16%, lr scale: 0.001953125 in 8.54 sec
Epoch 21/100, mean train accuracy: 49.97%, mean test accuracy: 49.84%, lr scale: 0.0009765625 in 8.57 sec
Learning rate reached 1.00E-06, stopping training
Plotting the posterior...
FIGURE CREATED at /mnt/nfs/nrdata02-users-data/luciano/script/ABC-SBI/examples/Gauss-Gauss/Gauss_Gauss_1D_known_sigma/clean_results/sigma0_10/figures/posterior_check/0_alpha_0.0001.png
Evaluation of the metrics...
FIGURE CREATED at /mnt/nfs/nrdata02-users-data/luciano/script/ABC-SBI/examples/Gauss-Gauss/Gauss_Gauss_1D_known_sigma/clean_results/sigma0_10/figures/c2st_0.png
FIGURE CREATED at /mnt/nfs/nrdata02-users-data/luciano/script/ABC-SBI/examples/Gauss-Gauss/Gauss_Gauss_1D_known_sigma/clean_results/sigma0_10/figures/ranksums_0.png
