Host clust1
Old path: /mnt/nfs/nrdata02-users-data/luciano/script/ABC-SBI
New path: /mnt/nfs/nrdata02-users-data/luciano/script/ABC-SBI
SIGMA0 =  5.0

---------------------------------
DATASET 0
---------------------------------

---------------------------------
DATASET 0 ALPHA 1.0
---------------------------------
Simulation of the training dataset...
Training the neural network...
Initial accuracy: 50.31%, Initial test accuracy: 50.29%
Training for 100 epochs...
Epoch 1/100, mean train accuracy: 92.90%, mean test accuracy: 97.18%, lr scale: 1.0 in 9.73 sec
Epoch 2/100, mean train accuracy: 96.91%, mean test accuracy: 97.25%, lr scale: 1.0 in 9.80 sec
Epoch 3/100, mean train accuracy: 97.05%, mean test accuracy: 97.52%, lr scale: 1.0 in 9.75 sec
Epoch 4/100, mean train accuracy: 97.57%, mean test accuracy: 97.91%, lr scale: 1.0 in 9.56 sec
Epoch 5/100, mean train accuracy: 96.90%, mean test accuracy: 97.58%, lr scale: 1.0 in 9.63 sec
Epoch 6/100, mean train accuracy: 97.75%, mean test accuracy: 98.00%, lr scale: 0.5 in 9.67 sec
Epoch 7/100, mean train accuracy: 97.74%, mean test accuracy: 97.86%, lr scale: 0.5 in 9.69 sec
Epoch 8/100, mean train accuracy: 97.92%, mean test accuracy: 98.07%, lr scale: 0.25 in 9.56 sec
Epoch 9/100, mean train accuracy: 97.93%, mean test accuracy: 97.99%, lr scale: 0.25 in 9.51 sec
Epoch 10/100, mean train accuracy: 97.90%, mean test accuracy: 97.95%, lr scale: 0.125 in 9.59 sec
Epoch 11/100, mean train accuracy: 97.99%, mean test accuracy: 98.11%, lr scale: 0.125 in 9.59 sec
Epoch 12/100, mean train accuracy: 98.03%, mean test accuracy: 98.15%, lr scale: 0.0625 in 9.71 sec
Epoch 13/100, mean train accuracy: 98.06%, mean test accuracy: 98.10%, lr scale: 0.0625 in 9.79 sec
Epoch 14/100, mean train accuracy: 98.11%, mean test accuracy: 98.16%, lr scale: 0.0625 in 10.14 sec
Epoch 15/100, mean train accuracy: 98.09%, mean test accuracy: 98.14%, lr scale: 0.03125 in 9.85 sec
Epoch 16/100, mean train accuracy: 98.07%, mean test accuracy: 98.16%, lr scale: 0.03125 in 9.83 sec
Epoch 17/100, mean train accuracy: 98.08%, mean test accuracy: 98.18%, lr scale: 0.015625 in 9.84 sec
Epoch 18/100, mean train accuracy: 98.13%, mean test accuracy: 98.18%, lr scale: 0.015625 in 9.90 sec
Epoch 19/100, mean train accuracy: 98.13%, mean test accuracy: 98.18%, lr scale: 0.0078125 in 9.89 sec
Epoch 20/100, mean train accuracy: 98.09%, mean test accuracy: 98.18%, lr scale: 0.00390625 in 9.78 sec
Epoch 21/100, mean train accuracy: 98.09%, mean test accuracy: 98.18%, lr scale: 0.001953125 in 9.88 sec
Epoch 22/100, mean train accuracy: 98.13%, mean test accuracy: 98.18%, lr scale: 0.001953125 in 9.92 sec
Epoch 23/100, mean train accuracy: 98.12%, mean test accuracy: 98.18%, lr scale: 0.0009765625 in 9.91 sec
Learning rate reached 1.00E-06, stopping training
Plotting the posterior...
FIGURE CREATED at /mnt/nfs/nrdata02-users-data/luciano/script/ABC-SBI/examples/Gauss-Gauss/Gauss_Gauss_1D_known_sigma/clean_results/sigma0_5/figures/posterior_check/0_alpha_1.0.png
Evaluation of the metrics...

---------------------------------
DATASET 0 ALPHA 0.9
---------------------------------
Simulation of the training dataset...
Training the neural network...
Initial accuracy: 51.30%, Initial test accuracy: 51.32%
Training for 100 epochs...
Epoch 1/100, mean train accuracy: 92.62%, mean test accuracy: 96.81%, lr scale: 1.0 in 10.23 sec
Epoch 2/100, mean train accuracy: 96.85%, mean test accuracy: 96.89%, lr scale: 1.0 in 9.75 sec
Epoch 3/100, mean train accuracy: 96.85%, mean test accuracy: 97.30%, lr scale: 1.0 in 9.93 sec
Epoch 4/100, mean train accuracy: 97.00%, mean test accuracy: 96.88%, lr scale: 1.0 in 9.69 sec
Epoch 5/100, mean train accuracy: 97.04%, mean test accuracy: 97.57%, lr scale: 0.5 in 9.49 sec
Epoch 6/100, mean train accuracy: 97.49%, mean test accuracy: 97.52%, lr scale: 0.5 in 9.59 sec
Epoch 7/100, mean train accuracy: 97.34%, mean test accuracy: 97.26%, lr scale: 0.5 in 9.67 sec
Epoch 8/100, mean train accuracy: 97.62%, mean test accuracy: 97.64%, lr scale: 0.25 in 9.77 sec
Epoch 9/100, mean train accuracy: 97.63%, mean test accuracy: 97.61%, lr scale: 0.25 in 9.61 sec
Epoch 10/100, mean train accuracy: 97.70%, mean test accuracy: 97.68%, lr scale: 0.125 in 9.92 sec
Epoch 11/100, mean train accuracy: 97.72%, mean test accuracy: 97.61%, lr scale: 0.125 in 9.94 sec
Epoch 12/100, mean train accuracy: 97.72%, mean test accuracy: 97.69%, lr scale: 0.125 in 10.03 sec
Epoch 13/100, mean train accuracy: 97.68%, mean test accuracy: 97.61%, lr scale: 0.125 in 10.21 sec
Epoch 14/100, mean train accuracy: 97.70%, mean test accuracy: 97.67%, lr scale: 0.0625 in 9.88 sec
Epoch 15/100, mean train accuracy: 97.76%, mean test accuracy: 97.73%, lr scale: 0.03125 in 10.02 sec
Epoch 16/100, mean train accuracy: 97.82%, mean test accuracy: 97.72%, lr scale: 0.03125 in 10.17 sec
Epoch 17/100, mean train accuracy: 97.80%, mean test accuracy: 97.74%, lr scale: 0.015625 in 10.07 sec
Epoch 18/100, mean train accuracy: 97.79%, mean test accuracy: 97.70%, lr scale: 0.015625 in 9.91 sec
Epoch 19/100, mean train accuracy: 97.86%, mean test accuracy: 97.72%, lr scale: 0.0078125 in 10.06 sec
Epoch 20/100, mean train accuracy: 97.83%, mean test accuracy: 97.74%, lr scale: 0.00390625 in 9.91 sec
Epoch 21/100, mean train accuracy: 97.78%, mean test accuracy: 97.72%, lr scale: 0.00390625 in 9.92 sec
Epoch 22/100, mean train accuracy: 97.80%, mean test accuracy: 97.75%, lr scale: 0.001953125 in 10.10 sec
Epoch 23/100, mean train accuracy: 97.86%, mean test accuracy: 97.75%, lr scale: 0.0009765625 in 9.93 sec
Learning rate reached 1.00E-06, stopping training
Plotting the posterior...
FIGURE CREATED at /mnt/nfs/nrdata02-users-data/luciano/script/ABC-SBI/examples/Gauss-Gauss/Gauss_Gauss_1D_known_sigma/clean_results/sigma0_5/figures/posterior_check/0_alpha_0.9.png
Evaluation of the metrics...

---------------------------------
DATASET 0 ALPHA 0.5
---------------------------------
Simulation of the training dataset...
Training the neural network...
Initial accuracy: 49.00%, Initial test accuracy: 49.08%
Training for 100 epochs...
Epoch 1/100, mean train accuracy: 88.89%, mean test accuracy: 95.03%, lr scale: 1.0 in 10.58 sec
Epoch 2/100, mean train accuracy: 94.71%, mean test accuracy: 96.06%, lr scale: 1.0 in 9.71 sec
Epoch 3/100, mean train accuracy: 95.00%, mean test accuracy: 95.35%, lr scale: 1.0 in 9.63 sec
Epoch 4/100, mean train accuracy: 94.44%, mean test accuracy: 95.52%, lr scale: 1.0 in 9.71 sec
Epoch 5/100, mean train accuracy: 95.01%, mean test accuracy: 92.53%, lr scale: 1.0 in 9.46 sec
Epoch 6/100, mean train accuracy: 95.75%, mean test accuracy: 96.49%, lr scale: 0.5 in 9.55 sec
Epoch 7/100, mean train accuracy: 96.23%, mean test accuracy: 95.92%, lr scale: 0.5 in 9.41 sec
Epoch 8/100, mean train accuracy: 96.29%, mean test accuracy: 96.41%, lr scale: 0.25 in 9.77 sec
Epoch 9/100, mean train accuracy: 96.42%, mean test accuracy: 96.31%, lr scale: 0.25 in 9.40 sec
Epoch 10/100, mean train accuracy: 96.39%, mean test accuracy: 96.43%, lr scale: 0.125 in 9.45 sec
Epoch 11/100, mean train accuracy: 96.57%, mean test accuracy: 96.49%, lr scale: 0.125 in 9.47 sec
Epoch 12/100, mean train accuracy: 96.50%, mean test accuracy: 96.55%, lr scale: 0.0625 in 9.33 sec
Epoch 13/100, mean train accuracy: 96.61%, mean test accuracy: 96.60%, lr scale: 0.0625 in 9.21 sec
Epoch 14/100, mean train accuracy: 96.57%, mean test accuracy: 96.47%, lr scale: 0.03125 in 9.24 sec
Epoch 15/100, mean train accuracy: 96.68%, mean test accuracy: 96.59%, lr scale: 0.03125 in 9.59 sec
Epoch 16/100, mean train accuracy: 96.65%, mean test accuracy: 96.63%, lr scale: 0.03125 in 9.51 sec
Epoch 17/100, mean train accuracy: 96.63%, mean test accuracy: 96.63%, lr scale: 0.015625 in 9.63 sec
Epoch 18/100, mean train accuracy: 96.66%, mean test accuracy: 96.64%, lr scale: 0.0078125 in 9.62 sec
Epoch 19/100, mean train accuracy: 96.69%, mean test accuracy: 96.63%, lr scale: 0.00390625 in 9.57 sec
Epoch 20/100, mean train accuracy: 96.68%, mean test accuracy: 96.64%, lr scale: 0.00390625 in 9.53 sec
Epoch 21/100, mean train accuracy: 96.65%, mean test accuracy: 96.65%, lr scale: 0.001953125 in 9.56 sec
Epoch 22/100, mean train accuracy: 96.63%, mean test accuracy: 96.64%, lr scale: 0.0009765625 in 9.60 sec
Learning rate reached 1.00E-06, stopping training
Plotting the posterior...
FIGURE CREATED at /mnt/nfs/nrdata02-users-data/luciano/script/ABC-SBI/examples/Gauss-Gauss/Gauss_Gauss_1D_known_sigma/clean_results/sigma0_5/figures/posterior_check/0_alpha_0.5.png
Evaluation of the metrics...

---------------------------------
DATASET 0 ALPHA 0.1
---------------------------------
Simulation of the training dataset...
Training the neural network...
Initial accuracy: 50.96%, Initial test accuracy: 50.85%
Training for 100 epochs...
Epoch 1/100, mean train accuracy: 74.55%, mean test accuracy: 86.85%, lr scale: 1.0 in 10.37 sec
Epoch 2/100, mean train accuracy: 86.37%, mean test accuracy: 88.38%, lr scale: 1.0 in 9.64 sec
Epoch 3/100, mean train accuracy: 88.19%, mean test accuracy: 90.32%, lr scale: 1.0 in 9.58 sec
Epoch 4/100, mean train accuracy: 92.20%, mean test accuracy: 93.71%, lr scale: 0.5 in 9.54 sec
Epoch 5/100, mean train accuracy: 92.56%, mean test accuracy: 94.11%, lr scale: 0.5 in 9.57 sec
Epoch 6/100, mean train accuracy: 93.55%, mean test accuracy: 94.41%, lr scale: 0.5 in 9.55 sec
Epoch 7/100, mean train accuracy: 93.23%, mean test accuracy: 94.14%, lr scale: 0.25 in 9.45 sec
Epoch 8/100, mean train accuracy: 94.15%, mean test accuracy: 93.41%, lr scale: 0.25 in 9.24 sec
Epoch 9/100, mean train accuracy: 94.15%, mean test accuracy: 94.37%, lr scale: 0.25 in 9.25 sec
Epoch 10/100, mean train accuracy: 94.03%, mean test accuracy: 93.32%, lr scale: 0.25 in 9.74 sec
Epoch 11/100, mean train accuracy: 94.30%, mean test accuracy: 94.50%, lr scale: 0.125 in 9.71 sec
Epoch 12/100, mean train accuracy: 94.36%, mean test accuracy: 94.53%, lr scale: 0.125 in 9.61 sec
Epoch 13/100, mean train accuracy: 94.43%, mean test accuracy: 94.64%, lr scale: 0.125 in 9.56 sec
Epoch 14/100, mean train accuracy: 94.57%, mean test accuracy: 94.45%, lr scale: 0.0625 in 9.52 sec
Epoch 15/100, mean train accuracy: 94.58%, mean test accuracy: 94.66%, lr scale: 0.0625 in 9.58 sec
Epoch 16/100, mean train accuracy: 94.55%, mean test accuracy: 94.33%, lr scale: 0.03125 in 9.50 sec
Epoch 17/100, mean train accuracy: 94.54%, mean test accuracy: 94.65%, lr scale: 0.03125 in 9.55 sec
Epoch 18/100, mean train accuracy: 94.57%, mean test accuracy: 94.66%, lr scale: 0.015625 in 9.27 sec
Epoch 19/100, mean train accuracy: 94.59%, mean test accuracy: 94.63%, lr scale: 0.015625 in 9.81 sec
Epoch 20/100, mean train accuracy: 94.72%, mean test accuracy: 94.68%, lr scale: 0.0078125 in 9.54 sec
Epoch 21/100, mean train accuracy: 94.64%, mean test accuracy: 94.63%, lr scale: 0.0078125 in 9.64 sec
Epoch 22/100, mean train accuracy: 94.70%, mean test accuracy: 94.69%, lr scale: 0.00390625 in 9.55 sec
Epoch 23/100, mean train accuracy: 94.71%, mean test accuracy: 94.69%, lr scale: 0.001953125 in 9.57 sec
Epoch 24/100, mean train accuracy: 94.71%, mean test accuracy: 94.69%, lr scale: 0.001953125 in 9.51 sec
Epoch 25/100, mean train accuracy: 94.74%, mean test accuracy: 94.69%, lr scale: 0.0009765625 in 9.29 sec
Learning rate reached 1.00E-06, stopping training
Plotting the posterior...
FIGURE CREATED at /mnt/nfs/nrdata02-users-data/luciano/script/ABC-SBI/examples/Gauss-Gauss/Gauss_Gauss_1D_known_sigma/clean_results/sigma0_5/figures/posterior_check/0_alpha_0.1.png
Evaluation of the metrics...

---------------------------------
DATASET 0 ALPHA 0.05
---------------------------------
Simulation of the training dataset...
Training the neural network...
Initial accuracy: 50.23%, Initial test accuracy: 49.86%
Training for 100 epochs...
Epoch 1/100, mean train accuracy: 69.62%, mean test accuracy: 84.53%, lr scale: 1.0 in 10.26 sec
Epoch 2/100, mean train accuracy: 83.86%, mean test accuracy: 83.11%, lr scale: 1.0 in 9.75 sec
Epoch 3/100, mean train accuracy: 86.78%, mean test accuracy: 88.90%, lr scale: 1.0 in 9.64 sec
Epoch 4/100, mean train accuracy: 88.24%, mean test accuracy: 90.61%, lr scale: 1.0 in 9.76 sec
Epoch 5/100, mean train accuracy: 89.26%, mean test accuracy: 92.20%, lr scale: 0.5 in 9.84 sec
Epoch 6/100, mean train accuracy: 92.19%, mean test accuracy: 89.82%, lr scale: 0.5 in 9.75 sec
Epoch 7/100, mean train accuracy: 92.08%, mean test accuracy: 90.91%, lr scale: 0.5 in 10.01 sec
Epoch 8/100, mean train accuracy: 92.38%, mean test accuracy: 92.74%, lr scale: 0.5 in 9.65 sec
Epoch 9/100, mean train accuracy: 92.59%, mean test accuracy: 90.69%, lr scale: 0.5 in 9.62 sec
Epoch 10/100, mean train accuracy: 92.27%, mean test accuracy: 92.31%, lr scale: 0.5 in 9.75 sec
Epoch 11/100, mean train accuracy: 93.01%, mean test accuracy: 92.76%, lr scale: 0.25 in 9.80 sec
Epoch 12/100, mean train accuracy: 93.28%, mean test accuracy: 93.83%, lr scale: 0.25 in 9.33 sec
Epoch 13/100, mean train accuracy: 93.21%, mean test accuracy: 93.32%, lr scale: 0.125 in 9.44 sec
Epoch 14/100, mean train accuracy: 93.58%, mean test accuracy: 93.76%, lr scale: 0.125 in 9.61 sec
Epoch 15/100, mean train accuracy: 93.67%, mean test accuracy: 92.37%, lr scale: 0.125 in 9.79 sec
Epoch 16/100, mean train accuracy: 93.54%, mean test accuracy: 93.79%, lr scale: 0.125 in 9.51 sec
Epoch 17/100, mean train accuracy: 93.71%, mean test accuracy: 93.87%, lr scale: 0.0625 in 9.78 sec
Epoch 18/100, mean train accuracy: 93.81%, mean test accuracy: 93.93%, lr scale: 0.0625 in 9.69 sec
Epoch 19/100, mean train accuracy: 93.74%, mean test accuracy: 93.91%, lr scale: 0.03125 in 9.70 sec
Epoch 20/100, mean train accuracy: 93.83%, mean test accuracy: 93.91%, lr scale: 0.03125 in 9.64 sec
Epoch 21/100, mean train accuracy: 93.77%, mean test accuracy: 93.92%, lr scale: 0.03125 in 9.72 sec
Epoch 22/100, mean train accuracy: 93.89%, mean test accuracy: 93.85%, lr scale: 0.03125 in 9.85 sec
Epoch 23/100, mean train accuracy: 93.90%, mean test accuracy: 93.94%, lr scale: 0.015625 in 9.73 sec
Epoch 24/100, mean train accuracy: 93.88%, mean test accuracy: 93.92%, lr scale: 0.0078125 in 9.72 sec
Epoch 25/100, mean train accuracy: 93.93%, mean test accuracy: 93.92%, lr scale: 0.0078125 in 9.61 sec
Epoch 26/100, mean train accuracy: 93.96%, mean test accuracy: 93.94%, lr scale: 0.00390625 in 9.47 sec
Epoch 27/100, mean train accuracy: 93.89%, mean test accuracy: 93.94%, lr scale: 0.00390625 in 9.41 sec
Epoch 28/100, mean train accuracy: 93.87%, mean test accuracy: 93.96%, lr scale: 0.001953125 in 9.55 sec
Epoch 29/100, mean train accuracy: 93.92%, mean test accuracy: 93.95%, lr scale: 0.0009765625 in 9.88 sec
Learning rate reached 1.00E-06, stopping training
Plotting the posterior...
FIGURE CREATED at /mnt/nfs/nrdata02-users-data/luciano/script/ABC-SBI/examples/Gauss-Gauss/Gauss_Gauss_1D_known_sigma/clean_results/sigma0_5/figures/posterior_check/0_alpha_0.05.png
Evaluation of the metrics...

---------------------------------
DATASET 0 ALPHA 0.01
---------------------------------
Simulation of the training dataset...
Training the neural network...
Initial accuracy: 50.09%, Initial test accuracy: 50.11%
Training for 100 epochs...
Epoch 1/100, mean train accuracy: 50.00%, mean test accuracy: 49.89%, lr scale: 1.0 in 10.28 sec
Epoch 2/100, mean train accuracy: 50.22%, mean test accuracy: 50.46%, lr scale: 1.0 in 9.59 sec
Epoch 3/100, mean train accuracy: 50.38%, mean test accuracy: 49.93%, lr scale: 1.0 in 9.64 sec
Epoch 4/100, mean train accuracy: 50.37%, mean test accuracy: 50.12%, lr scale: 1.0 in 9.51 sec
Epoch 5/100, mean train accuracy: 50.27%, mean test accuracy: 54.31%, lr scale: 1.0 in 9.48 sec
Epoch 6/100, mean train accuracy: 50.10%, mean test accuracy: 49.29%, lr scale: 1.0 in 9.34 sec
Epoch 7/100, mean train accuracy: 50.44%, mean test accuracy: 50.12%, lr scale: 0.5 in 9.59 sec
Epoch 8/100, mean train accuracy: 52.08%, mean test accuracy: 51.88%, lr scale: 0.5 in 9.65 sec
Epoch 9/100, mean train accuracy: 69.34%, mean test accuracy: 73.82%, lr scale: 0.5 in 9.48 sec
Epoch 10/100, mean train accuracy: 79.75%, mean test accuracy: 83.91%, lr scale: 0.5 in 9.70 sec
Epoch 11/100, mean train accuracy: 83.00%, mean test accuracy: 84.12%, lr scale: 0.5 in 9.70 sec
Epoch 12/100, mean train accuracy: 83.92%, mean test accuracy: 86.85%, lr scale: 0.5 in 9.82 sec
Epoch 13/100, mean train accuracy: 84.98%, mean test accuracy: 87.01%, lr scale: 0.5 in 9.64 sec
Epoch 14/100, mean train accuracy: 84.62%, mean test accuracy: 86.43%, lr scale: 0.5 in 9.32 sec
Epoch 15/100, mean train accuracy: 84.88%, mean test accuracy: 86.42%, lr scale: 0.5 in 9.24 sec
Epoch 16/100, mean train accuracy: 86.21%, mean test accuracy: 86.67%, lr scale: 0.25 in 9.30 sec
Epoch 17/100, mean train accuracy: 86.73%, mean test accuracy: 87.42%, lr scale: 0.25 in 9.87 sec
Epoch 18/100, mean train accuracy: 86.55%, mean test accuracy: 87.12%, lr scale: 0.25 in 9.40 sec
Epoch 19/100, mean train accuracy: 86.94%, mean test accuracy: 87.65%, lr scale: 0.25 in 9.46 sec
Epoch 20/100, mean train accuracy: 87.12%, mean test accuracy: 87.44%, lr scale: 0.125 in 9.42 sec
Epoch 21/100, mean train accuracy: 87.20%, mean test accuracy: 87.58%, lr scale: 0.125 in 9.54 sec
Epoch 22/100, mean train accuracy: 87.51%, mean test accuracy: 87.65%, lr scale: 0.0625 in 9.59 sec
Epoch 23/100, mean train accuracy: 87.58%, mean test accuracy: 87.73%, lr scale: 0.03125 in 9.65 sec
Epoch 24/100, mean train accuracy: 87.75%, mean test accuracy: 87.73%, lr scale: 0.03125 in 9.43 sec
Epoch 25/100, mean train accuracy: 87.81%, mean test accuracy: 87.75%, lr scale: 0.015625 in 9.44 sec
Epoch 26/100, mean train accuracy: 87.81%, mean test accuracy: 87.76%, lr scale: 0.0078125 in 9.38 sec
Epoch 27/100, mean train accuracy: 87.91%, mean test accuracy: 87.73%, lr scale: 0.0078125 in 9.48 sec
Epoch 28/100, mean train accuracy: 87.81%, mean test accuracy: 87.76%, lr scale: 0.0078125 in 9.47 sec
Epoch 29/100, mean train accuracy: 87.86%, mean test accuracy: 87.72%, lr scale: 0.00390625 in 9.48 sec
Epoch 30/100, mean train accuracy: 87.84%, mean test accuracy: 87.72%, lr scale: 0.00390625 in 9.44 sec
Epoch 31/100, mean train accuracy: 87.88%, mean test accuracy: 87.77%, lr scale: 0.001953125 in 9.78 sec
Epoch 32/100, mean train accuracy: 87.83%, mean test accuracy: 87.73%, lr scale: 0.0009765625 in 9.47 sec
Learning rate reached 1.00E-06, stopping training
Plotting the posterior...
FIGURE CREATED at /mnt/nfs/nrdata02-users-data/luciano/script/ABC-SBI/examples/Gauss-Gauss/Gauss_Gauss_1D_known_sigma/clean_results/sigma0_5/figures/posterior_check/0_alpha_0.01.png
Evaluation of the metrics...

---------------------------------
DATASET 0 ALPHA 0.005
---------------------------------
Simulation of the training dataset...
Training the neural network...
Initial accuracy: 50.09%, Initial test accuracy: 49.94%
Training for 100 epochs...
Epoch 1/100, mean train accuracy: 49.96%, mean test accuracy: 49.94%, lr scale: 1.0 in 10.18 sec
Epoch 2/100, mean train accuracy: 49.93%, mean test accuracy: 49.91%, lr scale: 1.0 in 9.55 sec
Epoch 3/100, mean train accuracy: 49.91%, mean test accuracy: 49.94%, lr scale: 1.0 in 9.57 sec
Epoch 4/100, mean train accuracy: 49.95%, mean test accuracy: 49.93%, lr scale: 1.0 in 9.58 sec
Epoch 5/100, mean train accuracy: 50.02%, mean test accuracy: 49.93%, lr scale: 1.0 in 9.49 sec
Epoch 6/100, mean train accuracy: 50.05%, mean test accuracy: 49.93%, lr scale: 0.5 in 9.43 sec
Epoch 7/100, mean train accuracy: 49.97%, mean test accuracy: 49.93%, lr scale: 0.25 in 9.07 sec
Epoch 8/100, mean train accuracy: 49.97%, mean test accuracy: 50.07%, lr scale: 0.25 in 9.10 sec
Epoch 9/100, mean train accuracy: 49.93%, mean test accuracy: 49.94%, lr scale: 0.125 in 9.37 sec
Epoch 10/100, mean train accuracy: 50.08%, mean test accuracy: 49.94%, lr scale: 0.125 in 9.46 sec
Epoch 11/100, mean train accuracy: 49.88%, mean test accuracy: 50.07%, lr scale: 0.0625 in 9.87 sec
Epoch 12/100, mean train accuracy: 50.07%, mean test accuracy: 49.93%, lr scale: 0.03125 in 9.57 sec
Epoch 13/100, mean train accuracy: 49.89%, mean test accuracy: 49.90%, lr scale: 0.03125 in 9.58 sec
Epoch 14/100, mean train accuracy: 50.10%, mean test accuracy: 50.06%, lr scale: 0.015625 in 9.76 sec
Epoch 15/100, mean train accuracy: 50.13%, mean test accuracy: 49.94%, lr scale: 0.0078125 in 9.54 sec
Epoch 16/100, mean train accuracy: 49.86%, mean test accuracy: 50.36%, lr scale: 0.0078125 in 9.54 sec
Epoch 17/100, mean train accuracy: 50.03%, mean test accuracy: 50.11%, lr scale: 0.00390625 in 9.65 sec
Epoch 18/100, mean train accuracy: 50.04%, mean test accuracy: 50.28%, lr scale: 0.001953125 in 9.54 sec
Epoch 19/100, mean train accuracy: 50.16%, mean test accuracy: 49.92%, lr scale: 0.0009765625 in 9.49 sec
Learning rate reached 1.00E-06, stopping training
Plotting the posterior...
FIGURE CREATED at /mnt/nfs/nrdata02-users-data/luciano/script/ABC-SBI/examples/Gauss-Gauss/Gauss_Gauss_1D_known_sigma/clean_results/sigma0_5/figures/posterior_check/0_alpha_0.005.png
Evaluation of the metrics...

---------------------------------
DATASET 0 ALPHA 0.001
---------------------------------
Simulation of the training dataset...
Training the neural network...
Initial accuracy: 50.02%, Initial test accuracy: 50.10%
Training for 100 epochs...
Epoch 1/100, mean train accuracy: 50.05%, mean test accuracy: 49.87%, lr scale: 1.0 in 9.83 sec
Epoch 2/100, mean train accuracy: 49.97%, mean test accuracy: 49.89%, lr scale: 1.0 in 9.33 sec
Epoch 3/100, mean train accuracy: 50.23%, mean test accuracy: 49.89%, lr scale: 1.0 in 9.55 sec
Epoch 4/100, mean train accuracy: 50.08%, mean test accuracy: 49.89%, lr scale: 0.5 in 9.61 sec
Epoch 5/100, mean train accuracy: 50.05%, mean test accuracy: 49.89%, lr scale: 0.5 in 9.65 sec
Epoch 6/100, mean train accuracy: 49.98%, mean test accuracy: 50.08%, lr scale: 0.5 in 9.50 sec
Epoch 7/100, mean train accuracy: 49.81%, mean test accuracy: 49.89%, lr scale: 0.25 in 9.52 sec
Epoch 8/100, mean train accuracy: 50.02%, mean test accuracy: 49.74%, lr scale: 0.25 in 9.47 sec
Epoch 9/100, mean train accuracy: 50.01%, mean test accuracy: 50.11%, lr scale: 0.125 in 9.52 sec
Epoch 10/100, mean train accuracy: 49.99%, mean test accuracy: 50.08%, lr scale: 0.125 in 9.62 sec
Epoch 11/100, mean train accuracy: 49.98%, mean test accuracy: 49.89%, lr scale: 0.0625 in 9.57 sec
Epoch 12/100, mean train accuracy: 50.09%, mean test accuracy: 50.09%, lr scale: 0.03125 in 9.70 sec
Epoch 13/100, mean train accuracy: 49.91%, mean test accuracy: 50.10%, lr scale: 0.03125 in 9.51 sec
Epoch 14/100, mean train accuracy: 49.92%, mean test accuracy: 49.89%, lr scale: 0.015625 in 9.49 sec
Epoch 15/100, mean train accuracy: 50.12%, mean test accuracy: 49.80%, lr scale: 0.0078125 in 9.49 sec
Epoch 16/100, mean train accuracy: 49.85%, mean test accuracy: 49.88%, lr scale: 0.0078125 in 9.58 sec
Epoch 17/100, mean train accuracy: 50.13%, mean test accuracy: 49.90%, lr scale: 0.00390625 in 9.55 sec
Epoch 18/100, mean train accuracy: 50.21%, mean test accuracy: 49.92%, lr scale: 0.001953125 in 9.55 sec
Epoch 19/100, mean train accuracy: 49.97%, mean test accuracy: 49.88%, lr scale: 0.0009765625 in 9.51 sec
Learning rate reached 1.00E-06, stopping training
Plotting the posterior...
FIGURE CREATED at /mnt/nfs/nrdata02-users-data/luciano/script/ABC-SBI/examples/Gauss-Gauss/Gauss_Gauss_1D_known_sigma/clean_results/sigma0_5/figures/posterior_check/0_alpha_0.001.png
Evaluation of the metrics...

---------------------------------
DATASET 0 ALPHA 0.005
---------------------------------
Simulation of the training dataset...
Training the neural network...
Initial accuracy: 50.07%, Initial test accuracy: 49.93%
Training for 100 epochs...
Epoch 1/100, mean train accuracy: 49.90%, mean test accuracy: 49.93%, lr scale: 1.0 in 10.16 sec
Epoch 2/100, mean train accuracy: 50.01%, mean test accuracy: 49.94%, lr scale: 1.0 in 9.77 sec
Epoch 3/100, mean train accuracy: 49.98%, mean test accuracy: 50.07%, lr scale: 1.0 in 9.81 sec
Epoch 4/100, mean train accuracy: 49.78%, mean test accuracy: 50.07%, lr scale: 1.0 in 9.60 sec
Epoch 5/100, mean train accuracy: 50.15%, mean test accuracy: 50.07%, lr scale: 1.0 in 9.64 sec
Epoch 6/100, mean train accuracy: 50.00%, mean test accuracy: 50.07%, lr scale: 1.0 in 9.65 sec
Epoch 7/100, mean train accuracy: 50.00%, mean test accuracy: 50.07%, lr scale: 1.0 in 9.49 sec
Epoch 8/100, mean train accuracy: 49.97%, mean test accuracy: 49.92%, lr scale: 0.5 in 9.57 sec
Epoch 9/100, mean train accuracy: 50.13%, mean test accuracy: 49.93%, lr scale: 0.5 in 9.82 sec
Epoch 10/100, mean train accuracy: 50.06%, mean test accuracy: 49.89%, lr scale: 0.25 in 9.66 sec
Epoch 11/100, mean train accuracy: 49.91%, mean test accuracy: 50.07%, lr scale: 0.25 in 9.66 sec
Epoch 12/100, mean train accuracy: 50.08%, mean test accuracy: 49.93%, lr scale: 0.125 in 9.55 sec
Epoch 13/100, mean train accuracy: 50.02%, mean test accuracy: 49.93%, lr scale: 0.125 in 9.33 sec
Epoch 14/100, mean train accuracy: 50.00%, mean test accuracy: 50.08%, lr scale: 0.0625 in 9.24 sec
Epoch 15/100, mean train accuracy: 49.96%, mean test accuracy: 50.07%, lr scale: 0.0625 in 9.42 sec
Epoch 16/100, mean train accuracy: 50.16%, mean test accuracy: 49.93%, lr scale: 0.03125 in 9.65 sec
Epoch 17/100, mean train accuracy: 50.15%, mean test accuracy: 49.97%, lr scale: 0.015625 in 9.84 sec
Epoch 18/100, mean train accuracy: 49.79%, mean test accuracy: 49.93%, lr scale: 0.015625 in 9.48 sec
Epoch 19/100, mean train accuracy: 50.04%, mean test accuracy: 50.10%, lr scale: 0.0078125 in 9.54 sec
Epoch 20/100, mean train accuracy: 50.09%, mean test accuracy: 49.93%, lr scale: 0.00390625 in 9.54 sec
Epoch 21/100, mean train accuracy: 49.94%, mean test accuracy: 49.93%, lr scale: 0.00390625 in 9.67 sec
Epoch 22/100, mean train accuracy: 49.94%, mean test accuracy: 50.47%, lr scale: 0.001953125 in 9.68 sec
Epoch 23/100, mean train accuracy: 50.07%, mean test accuracy: 50.19%, lr scale: 0.0009765625 in 9.59 sec
Learning rate reached 1.00E-06, stopping training
Plotting the posterior...
FIGURE CREATED at /mnt/nfs/nrdata02-users-data/luciano/script/ABC-SBI/examples/Gauss-Gauss/Gauss_Gauss_1D_known_sigma/clean_results/sigma0_5/figures/posterior_check/0_alpha_0.005.png
Evaluation of the metrics...

---------------------------------
DATASET 0 ALPHA 0.0001
---------------------------------
Simulation of the training dataset...
Training the neural network...
Initial accuracy: 50.17%, Initial test accuracy: 49.84%
Training for 100 epochs...
Epoch 1/100, mean train accuracy: 50.05%, mean test accuracy: 50.17%, lr scale: 1.0 in 10.51 sec
Epoch 2/100, mean train accuracy: 50.26%, mean test accuracy: 49.83%, lr scale: 1.0 in 9.48 sec
Epoch 3/100, mean train accuracy: 50.01%, mean test accuracy: 49.83%, lr scale: 1.0 in 9.69 sec
Epoch 4/100, mean train accuracy: 49.99%, mean test accuracy: 50.17%, lr scale: 1.0 in 9.64 sec
Epoch 5/100, mean train accuracy: 50.12%, mean test accuracy: 50.17%, lr scale: 1.0 in 9.59 sec
Epoch 6/100, mean train accuracy: 50.05%, mean test accuracy: 49.92%, lr scale: 0.5 in 9.55 sec
Epoch 7/100, mean train accuracy: 49.90%, mean test accuracy: 50.17%, lr scale: 0.5 in 9.80 sec
Epoch 8/100, mean train accuracy: 50.15%, mean test accuracy: 50.17%, lr scale: 0.25 in 9.59 sec
Epoch 9/100, mean train accuracy: 50.04%, mean test accuracy: 49.84%, lr scale: 0.125 in 9.64 sec
Epoch 10/100, mean train accuracy: 50.12%, mean test accuracy: 49.84%, lr scale: 0.125 in 9.45 sec
Epoch 11/100, mean train accuracy: 50.09%, mean test accuracy: 50.16%, lr scale: 0.0625 in 9.57 sec
Epoch 12/100, mean train accuracy: 50.05%, mean test accuracy: 49.84%, lr scale: 0.0625 in 9.51 sec
Epoch 13/100, mean train accuracy: 50.18%, mean test accuracy: 49.83%, lr scale: 0.03125 in 9.48 sec
Epoch 14/100, mean train accuracy: 49.96%, mean test accuracy: 50.17%, lr scale: 0.015625 in 9.56 sec
Epoch 15/100, mean train accuracy: 50.04%, mean test accuracy: 50.13%, lr scale: 0.015625 in 9.31 sec
Epoch 16/100, mean train accuracy: 50.05%, mean test accuracy: 49.83%, lr scale: 0.0078125 in 9.38 sec
Epoch 17/100, mean train accuracy: 49.99%, mean test accuracy: 49.83%, lr scale: 0.00390625 in 9.36 sec
Epoch 18/100, mean train accuracy: 49.85%, mean test accuracy: 50.02%, lr scale: 0.00390625 in 9.46 sec
Epoch 19/100, mean train accuracy: 50.18%, mean test accuracy: 50.04%, lr scale: 0.001953125 in 9.74 sec
Epoch 20/100, mean train accuracy: 49.99%, mean test accuracy: 50.16%, lr scale: 0.0009765625 in 9.47 sec
Learning rate reached 1.00E-06, stopping training
Plotting the posterior...
FIGURE CREATED at /mnt/nfs/nrdata02-users-data/luciano/script/ABC-SBI/examples/Gauss-Gauss/Gauss_Gauss_1D_known_sigma/clean_results/sigma0_5/figures/posterior_check/0_alpha_0.0001.png
Evaluation of the metrics...
FIGURE CREATED at /mnt/nfs/nrdata02-users-data/luciano/script/ABC-SBI/examples/Gauss-Gauss/Gauss_Gauss_1D_known_sigma/clean_results/sigma0_5/figures/c2st_0.png
FIGURE CREATED at /mnt/nfs/nrdata02-users-data/luciano/script/ABC-SBI/examples/Gauss-Gauss/Gauss_Gauss_1D_known_sigma/clean_results/sigma0_5/figures/ranksums_0.png
