Host clust1
Old path: /mnt/nfs/nrdata02-users-data/luciano/script/ABC-SBI
New path: /mnt/nfs/nrdata02-users-data/luciano/script/ABC-SBI
SIGMA0 =  50.0

---------------------------------
DATASET 0
---------------------------------

---------------------------------
DATASET 0 ALPHA 1.0
---------------------------------
Simulation of the training dataset...
Training the neural network...
Initial accuracy: 49.45%, Initial test accuracy: 49.49%
Training for 100 epochs...
Epoch 1/100, mean train accuracy: 91.33%, mean test accuracy: 97.23%, lr scale: 1.0 in 10.14 sec
Epoch 2/100, mean train accuracy: 96.98%, mean test accuracy: 98.37%, lr scale: 1.0 in 9.48 sec
Epoch 3/100, mean train accuracy: 96.42%, mean test accuracy: 97.35%, lr scale: 1.0 in 9.53 sec
Epoch 4/100, mean train accuracy: 96.50%, mean test accuracy: 97.54%, lr scale: 1.0 in 9.47 sec
Epoch 5/100, mean train accuracy: 98.06%, mean test accuracy: 98.48%, lr scale: 0.5 in 9.54 sec
Epoch 6/100, mean train accuracy: 97.81%, mean test accuracy: 97.96%, lr scale: 0.5 in 9.46 sec
Epoch 7/100, mean train accuracy: 98.48%, mean test accuracy: 98.70%, lr scale: 0.25 in 9.57 sec
Epoch 8/100, mean train accuracy: 98.52%, mean test accuracy: 98.49%, lr scale: 0.25 in 9.68 sec
Epoch 9/100, mean train accuracy: 98.46%, mean test accuracy: 99.00%, lr scale: 0.125 in 9.60 sec
Epoch 10/100, mean train accuracy: 99.01%, mean test accuracy: 99.12%, lr scale: 0.125 in 9.73 sec
Epoch 11/100, mean train accuracy: 99.05%, mean test accuracy: 98.07%, lr scale: 0.125 in 9.84 sec
Epoch 12/100, mean train accuracy: 98.97%, mean test accuracy: 99.32%, lr scale: 0.125 in 10.11 sec
Epoch 13/100, mean train accuracy: 99.08%, mean test accuracy: 99.32%, lr scale: 0.0625 in 9.71 sec
Epoch 14/100, mean train accuracy: 99.33%, mean test accuracy: 99.39%, lr scale: 0.0625 in 9.76 sec
Epoch 15/100, mean train accuracy: 99.38%, mean test accuracy: 99.48%, lr scale: 0.0625 in 9.84 sec
Epoch 16/100, mean train accuracy: 99.40%, mean test accuracy: 99.39%, lr scale: 0.0625 in 9.87 sec
Epoch 17/100, mean train accuracy: 99.16%, mean test accuracy: 99.34%, lr scale: 0.0625 in 9.81 sec
Epoch 18/100, mean train accuracy: 99.36%, mean test accuracy: 99.40%, lr scale: 0.03125 in 9.87 sec
Epoch 19/100, mean train accuracy: 99.41%, mean test accuracy: 99.45%, lr scale: 0.03125 in 9.80 sec
Epoch 20/100, mean train accuracy: 99.46%, mean test accuracy: 99.54%, lr scale: 0.03125 in 9.81 sec
Epoch 21/100, mean train accuracy: 99.47%, mean test accuracy: 99.55%, lr scale: 0.015625 in 9.73 sec
Epoch 22/100, mean train accuracy: 99.52%, mean test accuracy: 99.57%, lr scale: 0.015625 in 9.65 sec
Epoch 23/100, mean train accuracy: 99.55%, mean test accuracy: 99.57%, lr scale: 0.015625 in 9.61 sec
Epoch 24/100, mean train accuracy: 99.58%, mean test accuracy: 99.59%, lr scale: 0.015625 in 9.98 sec
Epoch 25/100, mean train accuracy: 99.56%, mean test accuracy: 99.60%, lr scale: 0.015625 in 9.74 sec
Epoch 26/100, mean train accuracy: 99.59%, mean test accuracy: 99.61%, lr scale: 0.0078125 in 9.59 sec
Epoch 27/100, mean train accuracy: 99.58%, mean test accuracy: 99.61%, lr scale: 0.00390625 in 9.98 sec
Epoch 28/100, mean train accuracy: 99.60%, mean test accuracy: 99.61%, lr scale: 0.00390625 in 9.69 sec
Epoch 29/100, mean train accuracy: 99.60%, mean test accuracy: 99.62%, lr scale: 0.001953125 in 9.52 sec
Epoch 30/100, mean train accuracy: 99.60%, mean test accuracy: 99.62%, lr scale: 0.0009765625 in 9.40 sec
Learning rate reached 1.00E-06, stopping training
Plotting the posterior...
FIGURE CREATED at /mnt/nfs/nrdata02-users-data/luciano/script/ABC-SBI/examples/Gauss-Gauss/Gauss_Gauss_1D_known_sigma/clean_results/sigma0_50/figures/posterior_check/0_alpha_1.0.png
Evaluation of the metrics...

---------------------------------
DATASET 0 ALPHA 0.9
---------------------------------
Simulation of the training dataset...
Training the neural network...
Initial accuracy: 50.62%, Initial test accuracy: 50.79%
Training for 100 epochs...
Epoch 1/100, mean train accuracy: 92.79%, mean test accuracy: 92.35%, lr scale: 1.0 in 10.43 sec
Epoch 2/100, mean train accuracy: 95.57%, mean test accuracy: 96.02%, lr scale: 1.0 in 10.01 sec
Epoch 3/100, mean train accuracy: 96.18%, mean test accuracy: 97.75%, lr scale: 1.0 in 9.93 sec
Epoch 4/100, mean train accuracy: 97.71%, mean test accuracy: 98.41%, lr scale: 0.5 in 9.83 sec
Epoch 5/100, mean train accuracy: 98.18%, mean test accuracy: 98.11%, lr scale: 0.5 in 10.14 sec
Epoch 6/100, mean train accuracy: 97.74%, mean test accuracy: 98.22%, lr scale: 0.5 in 10.07 sec
Epoch 7/100, mean train accuracy: 98.14%, mean test accuracy: 98.29%, lr scale: 0.25 in 10.03 sec
Epoch 8/100, mean train accuracy: 98.60%, mean test accuracy: 98.72%, lr scale: 0.25 in 9.92 sec
Epoch 9/100, mean train accuracy: 98.62%, mean test accuracy: 98.59%, lr scale: 0.25 in 9.93 sec
Epoch 10/100, mean train accuracy: 98.39%, mean test accuracy: 98.85%, lr scale: 0.125 in 10.00 sec
Epoch 11/100, mean train accuracy: 98.99%, mean test accuracy: 98.82%, lr scale: 0.125 in 9.95 sec
Epoch 12/100, mean train accuracy: 99.07%, mean test accuracy: 99.12%, lr scale: 0.125 in 9.92 sec
Epoch 13/100, mean train accuracy: 99.02%, mean test accuracy: 98.95%, lr scale: 0.125 in 9.68 sec
Epoch 14/100, mean train accuracy: 99.20%, mean test accuracy: 99.32%, lr scale: 0.0625 in 9.74 sec
Epoch 15/100, mean train accuracy: 99.35%, mean test accuracy: 99.35%, lr scale: 0.0625 in 9.79 sec
Epoch 16/100, mean train accuracy: 99.39%, mean test accuracy: 99.41%, lr scale: 0.0625 in 10.23 sec
Epoch 17/100, mean train accuracy: 99.41%, mean test accuracy: 99.45%, lr scale: 0.03125 in 9.87 sec
Epoch 18/100, mean train accuracy: 99.48%, mean test accuracy: 99.47%, lr scale: 0.03125 in 9.96 sec
Epoch 19/100, mean train accuracy: 99.52%, mean test accuracy: 99.51%, lr scale: 0.03125 in 9.92 sec
Epoch 20/100, mean train accuracy: 99.52%, mean test accuracy: 99.51%, lr scale: 0.015625 in 9.84 sec
Epoch 21/100, mean train accuracy: 99.54%, mean test accuracy: 99.46%, lr scale: 0.015625 in 9.76 sec
Epoch 22/100, mean train accuracy: 99.55%, mean test accuracy: 99.51%, lr scale: 0.015625 in 9.48 sec
Epoch 23/100, mean train accuracy: 99.56%, mean test accuracy: 99.54%, lr scale: 0.0078125 in 9.65 sec
Epoch 24/100, mean train accuracy: 99.55%, mean test accuracy: 99.53%, lr scale: 0.0078125 in 9.70 sec
Epoch 25/100, mean train accuracy: 99.58%, mean test accuracy: 99.54%, lr scale: 0.00390625 in 9.78 sec
Epoch 26/100, mean train accuracy: 99.57%, mean test accuracy: 99.54%, lr scale: 0.001953125 in 9.48 sec
Epoch 27/100, mean train accuracy: 99.58%, mean test accuracy: 99.55%, lr scale: 0.0009765625 in 9.46 sec
Learning rate reached 1.00E-06, stopping training
Plotting the posterior...
FIGURE CREATED at /mnt/nfs/nrdata02-users-data/luciano/script/ABC-SBI/examples/Gauss-Gauss/Gauss_Gauss_1D_known_sigma/clean_results/sigma0_50/figures/posterior_check/0_alpha_0.9.png
Evaluation of the metrics...

---------------------------------
DATASET 0 ALPHA 0.5
---------------------------------
Simulation of the training dataset...
Training the neural network...
Initial accuracy: 48.57%, Initial test accuracy: 48.72%
Training for 100 epochs...
Epoch 1/100, mean train accuracy: 88.36%, mean test accuracy: 94.53%, lr scale: 1.0 in 9.86 sec
Epoch 2/100, mean train accuracy: 91.96%, mean test accuracy: 92.26%, lr scale: 1.0 in 9.45 sec
Epoch 3/100, mean train accuracy: 93.98%, mean test accuracy: 94.65%, lr scale: 1.0 in 9.74 sec
Epoch 4/100, mean train accuracy: 94.67%, mean test accuracy: 96.13%, lr scale: 0.5 in 9.49 sec
Epoch 5/100, mean train accuracy: 96.80%, mean test accuracy: 96.58%, lr scale: 0.5 in 9.39 sec
Epoch 6/100, mean train accuracy: 96.71%, mean test accuracy: 97.66%, lr scale: 0.5 in 9.39 sec
Epoch 7/100, mean train accuracy: 96.29%, mean test accuracy: 95.52%, lr scale: 0.5 in 9.34 sec
Epoch 8/100, mean train accuracy: 97.25%, mean test accuracy: 97.62%, lr scale: 0.25 in 9.17 sec
Epoch 9/100, mean train accuracy: 97.91%, mean test accuracy: 98.14%, lr scale: 0.25 in 9.55 sec
Epoch 10/100, mean train accuracy: 97.61%, mean test accuracy: 98.54%, lr scale: 0.125 in 9.65 sec
Epoch 11/100, mean train accuracy: 98.57%, mean test accuracy: 98.62%, lr scale: 0.125 in 9.36 sec
Epoch 12/100, mean train accuracy: 98.59%, mean test accuracy: 98.84%, lr scale: 0.0625 in 9.31 sec
Epoch 13/100, mean train accuracy: 98.83%, mean test accuracy: 98.91%, lr scale: 0.0625 in 9.29 sec
Epoch 14/100, mean train accuracy: 98.88%, mean test accuracy: 98.95%, lr scale: 0.0625 in 9.41 sec
Epoch 15/100, mean train accuracy: 98.95%, mean test accuracy: 98.99%, lr scale: 0.0625 in 9.43 sec
Epoch 16/100, mean train accuracy: 98.86%, mean test accuracy: 98.81%, lr scale: 0.0625 in 9.42 sec
Epoch 17/100, mean train accuracy: 99.02%, mean test accuracy: 99.13%, lr scale: 0.0625 in 9.27 sec
Epoch 18/100, mean train accuracy: 98.80%, mean test accuracy: 99.07%, lr scale: 0.0625 in 9.18 sec
Epoch 19/100, mean train accuracy: 99.06%, mean test accuracy: 99.02%, lr scale: 0.03125 in 9.14 sec
Epoch 20/100, mean train accuracy: 99.10%, mean test accuracy: 99.13%, lr scale: 0.03125 in 9.18 sec
Epoch 21/100, mean train accuracy: 99.16%, mean test accuracy: 99.17%, lr scale: 0.03125 in 9.51 sec
Epoch 22/100, mean train accuracy: 99.16%, mean test accuracy: 99.25%, lr scale: 0.03125 in 9.26 sec
Epoch 23/100, mean train accuracy: 99.25%, mean test accuracy: 98.98%, lr scale: 0.03125 in 9.33 sec
Epoch 24/100, mean train accuracy: 99.24%, mean test accuracy: 99.29%, lr scale: 0.03125 in 9.44 sec
Epoch 25/100, mean train accuracy: 99.26%, mean test accuracy: 99.25%, lr scale: 0.03125 in 9.48 sec
Epoch 26/100, mean train accuracy: 99.27%, mean test accuracy: 99.33%, lr scale: 0.015625 in 9.31 sec
Epoch 27/100, mean train accuracy: 99.31%, mean test accuracy: 99.27%, lr scale: 0.015625 in 9.15 sec
Epoch 28/100, mean train accuracy: 99.30%, mean test accuracy: 99.33%, lr scale: 0.015625 in 9.33 sec
Epoch 29/100, mean train accuracy: 99.31%, mean test accuracy: 99.29%, lr scale: 0.015625 in 9.14 sec
Epoch 30/100, mean train accuracy: 99.33%, mean test accuracy: 99.32%, lr scale: 0.0078125 in 9.60 sec
Epoch 31/100, mean train accuracy: 99.33%, mean test accuracy: 99.34%, lr scale: 0.0078125 in 9.21 sec
Epoch 32/100, mean train accuracy: 99.34%, mean test accuracy: 99.32%, lr scale: 0.00390625 in 9.32 sec
Epoch 33/100, mean train accuracy: 99.33%, mean test accuracy: 99.34%, lr scale: 0.001953125 in 9.41 sec
Epoch 34/100, mean train accuracy: 99.33%, mean test accuracy: 99.33%, lr scale: 0.001953125 in 9.47 sec
Epoch 35/100, mean train accuracy: 99.36%, mean test accuracy: 99.33%, lr scale: 0.0009765625 in 9.33 sec
Learning rate reached 1.00E-06, stopping training
Plotting the posterior...
FIGURE CREATED at /mnt/nfs/nrdata02-users-data/luciano/script/ABC-SBI/examples/Gauss-Gauss/Gauss_Gauss_1D_known_sigma/clean_results/sigma0_50/figures/posterior_check/0_alpha_0.5.png
Evaluation of the metrics...

---------------------------------
DATASET 0 ALPHA 0.1
---------------------------------
Simulation of the training dataset...
Training the neural network...
Initial accuracy: 50.10%, Initial test accuracy: 49.86%
Training for 100 epochs...
Epoch 1/100, mean train accuracy: 67.32%, mean test accuracy: 88.43%, lr scale: 1.0 in 10.04 sec
Epoch 2/100, mean train accuracy: 77.91%, mean test accuracy: 92.54%, lr scale: 1.0 in 9.59 sec
Epoch 3/100, mean train accuracy: 86.64%, mean test accuracy: 91.83%, lr scale: 1.0 in 9.45 sec
Epoch 4/100, mean train accuracy: 88.84%, mean test accuracy: 93.11%, lr scale: 1.0 in 9.58 sec
Epoch 5/100, mean train accuracy: 91.05%, mean test accuracy: 94.20%, lr scale: 1.0 in 9.52 sec
Epoch 6/100, mean train accuracy: 90.08%, mean test accuracy: 93.15%, lr scale: 1.0 in 9.64 sec
Epoch 7/100, mean train accuracy: 91.36%, mean test accuracy: 93.78%, lr scale: 1.0 in 9.67 sec
Epoch 8/100, mean train accuracy: 94.39%, mean test accuracy: 94.86%, lr scale: 0.5 in 9.62 sec
Epoch 9/100, mean train accuracy: 94.65%, mean test accuracy: 94.84%, lr scale: 0.5 in 9.97 sec
Epoch 10/100, mean train accuracy: 94.86%, mean test accuracy: 95.47%, lr scale: 0.5 in 9.66 sec
Epoch 11/100, mean train accuracy: 95.52%, mean test accuracy: 94.50%, lr scale: 0.5 in 9.67 sec
Epoch 12/100, mean train accuracy: 95.31%, mean test accuracy: 94.69%, lr scale: 0.5 in 9.75 sec
Epoch 13/100, mean train accuracy: 95.99%, mean test accuracy: 95.98%, lr scale: 0.5 in 9.38 sec
Epoch 14/100, mean train accuracy: 95.30%, mean test accuracy: 94.23%, lr scale: 0.5 in 9.33 sec
Epoch 15/100, mean train accuracy: 96.20%, mean test accuracy: 96.63%, lr scale: 0.5 in 9.46 sec
Epoch 16/100, mean train accuracy: 95.67%, mean test accuracy: 96.36%, lr scale: 0.25 in 9.80 sec
Epoch 17/100, mean train accuracy: 96.52%, mean test accuracy: 96.54%, lr scale: 0.25 in 9.72 sec
Epoch 18/100, mean train accuracy: 96.65%, mean test accuracy: 96.73%, lr scale: 0.25 in 9.70 sec
Epoch 19/100, mean train accuracy: 96.80%, mean test accuracy: 96.74%, lr scale: 0.125 in 9.61 sec
Epoch 20/100, mean train accuracy: 96.94%, mean test accuracy: 97.01%, lr scale: 0.125 in 9.68 sec
Epoch 21/100, mean train accuracy: 97.02%, mean test accuracy: 97.19%, lr scale: 0.125 in 9.68 sec
Epoch 22/100, mean train accuracy: 97.10%, mean test accuracy: 97.24%, lr scale: 0.125 in 9.74 sec
Epoch 23/100, mean train accuracy: 97.14%, mean test accuracy: 97.36%, lr scale: 0.125 in 9.64 sec
Epoch 24/100, mean train accuracy: 97.28%, mean test accuracy: 97.37%, lr scale: 0.0625 in 9.56 sec
Epoch 25/100, mean train accuracy: 97.33%, mean test accuracy: 97.49%, lr scale: 0.0625 in 9.57 sec
Epoch 26/100, mean train accuracy: 97.46%, mean test accuracy: 97.51%, lr scale: 0.0625 in 9.60 sec
Epoch 27/100, mean train accuracy: 97.45%, mean test accuracy: 97.56%, lr scale: 0.03125 in 9.71 sec
Epoch 28/100, mean train accuracy: 97.63%, mean test accuracy: 97.61%, lr scale: 0.03125 in 9.36 sec
Epoch 29/100, mean train accuracy: 97.61%, mean test accuracy: 97.73%, lr scale: 0.015625 in 9.26 sec
Epoch 30/100, mean train accuracy: 97.64%, mean test accuracy: 97.68%, lr scale: 0.015625 in 9.86 sec
Epoch 31/100, mean train accuracy: 97.64%, mean test accuracy: 97.67%, lr scale: 0.015625 in 9.43 sec
Epoch 32/100, mean train accuracy: 97.65%, mean test accuracy: 97.72%, lr scale: 0.015625 in 9.45 sec
Epoch 33/100, mean train accuracy: 97.71%, mean test accuracy: 97.81%, lr scale: 0.0078125 in 9.34 sec
Epoch 34/100, mean train accuracy: 97.74%, mean test accuracy: 97.80%, lr scale: 0.0078125 in 9.63 sec
Epoch 35/100, mean train accuracy: 97.78%, mean test accuracy: 97.81%, lr scale: 0.00390625 in 9.57 sec
Epoch 36/100, mean train accuracy: 97.75%, mean test accuracy: 97.73%, lr scale: 0.00390625 in 9.60 sec
Epoch 37/100, mean train accuracy: 97.75%, mean test accuracy: 97.80%, lr scale: 0.001953125 in 9.82 sec
Epoch 38/100, mean train accuracy: 97.75%, mean test accuracy: 97.81%, lr scale: 0.0009765625 in 9.61 sec
Learning rate reached 1.00E-06, stopping training
Plotting the posterior...
FIGURE CREATED at /mnt/nfs/nrdata02-users-data/luciano/script/ABC-SBI/examples/Gauss-Gauss/Gauss_Gauss_1D_known_sigma/clean_results/sigma0_50/figures/posterior_check/0_alpha_0.1.png
Evaluation of the metrics...

---------------------------------
DATASET 0 ALPHA 0.05
---------------------------------
Simulation of the training dataset...
Training the neural network...
Initial accuracy: 50.23%, Initial test accuracy: 49.86%
Training for 100 epochs...
Epoch 1/100, mean train accuracy: 55.83%, mean test accuracy: 70.21%, lr scale: 1.0 in 10.06 sec
Epoch 2/100, mean train accuracy: 74.16%, mean test accuracy: 59.70%, lr scale: 1.0 in 9.38 sec
Epoch 3/100, mean train accuracy: 84.80%, mean test accuracy: 89.03%, lr scale: 1.0 in 9.87 sec
Epoch 4/100, mean train accuracy: 84.84%, mean test accuracy: 92.21%, lr scale: 1.0 in 9.59 sec
Epoch 5/100, mean train accuracy: 89.38%, mean test accuracy: 92.24%, lr scale: 1.0 in 9.46 sec
Epoch 6/100, mean train accuracy: 91.06%, mean test accuracy: 93.65%, lr scale: 1.0 in 9.19 sec
Epoch 7/100, mean train accuracy: 90.45%, mean test accuracy: 92.74%, lr scale: 1.0 in 9.25 sec
Epoch 8/100, mean train accuracy: 88.92%, mean test accuracy: 91.92%, lr scale: 1.0 in 9.20 sec
Epoch 9/100, mean train accuracy: 91.95%, mean test accuracy: 93.11%, lr scale: 0.5 in 9.74 sec
Epoch 10/100, mean train accuracy: 93.65%, mean test accuracy: 93.85%, lr scale: 0.5 in 9.38 sec
Epoch 11/100, mean train accuracy: 93.81%, mean test accuracy: 94.66%, lr scale: 0.5 in 9.69 sec
Epoch 12/100, mean train accuracy: 93.81%, mean test accuracy: 94.76%, lr scale: 0.5 in 9.55 sec
Epoch 13/100, mean train accuracy: 94.12%, mean test accuracy: 93.16%, lr scale: 0.5 in 9.48 sec
Epoch 14/100, mean train accuracy: 94.55%, mean test accuracy: 93.94%, lr scale: 0.5 in 9.51 sec
Epoch 15/100, mean train accuracy: 94.57%, mean test accuracy: 95.09%, lr scale: 0.5 in 9.51 sec
Epoch 16/100, mean train accuracy: 94.31%, mean test accuracy: 95.17%, lr scale: 0.5 in 9.48 sec
Epoch 17/100, mean train accuracy: 95.07%, mean test accuracy: 95.41%, lr scale: 0.25 in 9.49 sec
Epoch 18/100, mean train accuracy: 95.21%, mean test accuracy: 95.62%, lr scale: 0.25 in 9.60 sec
Epoch 19/100, mean train accuracy: 95.23%, mean test accuracy: 95.40%, lr scale: 0.125 in 9.46 sec
Epoch 20/100, mean train accuracy: 95.41%, mean test accuracy: 95.59%, lr scale: 0.125 in 9.66 sec
Epoch 21/100, mean train accuracy: 95.37%, mean test accuracy: 95.69%, lr scale: 0.125 in 9.35 sec
Epoch 22/100, mean train accuracy: 95.54%, mean test accuracy: 95.79%, lr scale: 0.125 in 9.30 sec
Epoch 23/100, mean train accuracy: 95.51%, mean test accuracy: 95.69%, lr scale: 0.125 in 9.38 sec
Epoch 24/100, mean train accuracy: 95.52%, mean test accuracy: 95.88%, lr scale: 0.0625 in 9.50 sec
Epoch 25/100, mean train accuracy: 95.72%, mean test accuracy: 95.91%, lr scale: 0.0625 in 9.19 sec
Epoch 26/100, mean train accuracy: 95.80%, mean test accuracy: 95.79%, lr scale: 0.03125 in 9.11 sec
Epoch 27/100, mean train accuracy: 95.81%, mean test accuracy: 95.93%, lr scale: 0.03125 in 9.11 sec
Epoch 28/100, mean train accuracy: 95.78%, mean test accuracy: 96.00%, lr scale: 0.03125 in 9.56 sec
Epoch 29/100, mean train accuracy: 95.91%, mean test accuracy: 96.04%, lr scale: 0.015625 in 9.32 sec
Epoch 30/100, mean train accuracy: 95.91%, mean test accuracy: 96.07%, lr scale: 0.015625 in 9.44 sec
Epoch 31/100, mean train accuracy: 95.94%, mean test accuracy: 96.08%, lr scale: 0.0078125 in 9.50 sec
Epoch 32/100, mean train accuracy: 96.00%, mean test accuracy: 96.07%, lr scale: 0.00390625 in 9.48 sec
Epoch 33/100, mean train accuracy: 96.00%, mean test accuracy: 96.10%, lr scale: 0.001953125 in 9.47 sec
Epoch 34/100, mean train accuracy: 96.03%, mean test accuracy: 96.06%, lr scale: 0.001953125 in 9.35 sec
Epoch 35/100, mean train accuracy: 95.99%, mean test accuracy: 96.10%, lr scale: 0.0009765625 in 9.16 sec
Learning rate reached 1.00E-06, stopping training
Plotting the posterior...
FIGURE CREATED at /mnt/nfs/nrdata02-users-data/luciano/script/ABC-SBI/examples/Gauss-Gauss/Gauss_Gauss_1D_known_sigma/clean_results/sigma0_50/figures/posterior_check/0_alpha_0.05.png
Evaluation of the metrics...

---------------------------------
DATASET 0 ALPHA 0.01
---------------------------------
Simulation of the training dataset...
Training the neural network...
Initial accuracy: 50.09%, Initial test accuracy: 50.11%
Training for 100 epochs...
Epoch 1/100, mean train accuracy: 50.66%, mean test accuracy: 49.89%, lr scale: 1.0 in 10.30 sec
Epoch 2/100, mean train accuracy: 50.34%, mean test accuracy: 49.91%, lr scale: 1.0 in 9.77 sec
Epoch 3/100, mean train accuracy: 51.03%, mean test accuracy: 52.84%, lr scale: 1.0 in 9.49 sec
Epoch 4/100, mean train accuracy: 51.29%, mean test accuracy: 50.11%, lr scale: 1.0 in 9.38 sec
Epoch 5/100, mean train accuracy: 52.93%, mean test accuracy: 69.16%, lr scale: 1.0 in 9.57 sec
Epoch 6/100, mean train accuracy: 50.83%, mean test accuracy: 49.89%, lr scale: 0.5 in 9.56 sec
Epoch 7/100, mean train accuracy: 51.73%, mean test accuracy: 57.41%, lr scale: 0.5 in 9.55 sec
Epoch 8/100, mean train accuracy: 65.13%, mean test accuracy: 75.82%, lr scale: 0.5 in 9.55 sec
Epoch 9/100, mean train accuracy: 75.98%, mean test accuracy: 80.64%, lr scale: 0.5 in 9.31 sec
Epoch 10/100, mean train accuracy: 78.85%, mean test accuracy: 81.26%, lr scale: 0.5 in 9.39 sec
Epoch 11/100, mean train accuracy: 81.04%, mean test accuracy: 83.23%, lr scale: 0.5 in 9.27 sec
Epoch 12/100, mean train accuracy: 82.06%, mean test accuracy: 81.68%, lr scale: 0.5 in 9.29 sec
Epoch 13/100, mean train accuracy: 82.72%, mean test accuracy: 84.76%, lr scale: 0.5 in 9.83 sec
Epoch 14/100, mean train accuracy: 83.22%, mean test accuracy: 82.27%, lr scale: 0.5 in 9.29 sec
Epoch 15/100, mean train accuracy: 83.76%, mean test accuracy: 83.20%, lr scale: 0.5 in 9.34 sec
Epoch 16/100, mean train accuracy: 83.72%, mean test accuracy: 85.23%, lr scale: 0.5 in 9.40 sec
Epoch 17/100, mean train accuracy: 83.44%, mean test accuracy: 84.88%, lr scale: 0.5 in 9.74 sec
Epoch 18/100, mean train accuracy: 84.56%, mean test accuracy: 86.20%, lr scale: 0.5 in 9.49 sec
Epoch 19/100, mean train accuracy: 84.75%, mean test accuracy: 86.03%, lr scale: 0.5 in 9.56 sec
Epoch 20/100, mean train accuracy: 84.98%, mean test accuracy: 84.94%, lr scale: 0.5 in 9.55 sec
Epoch 21/100, mean train accuracy: 85.13%, mean test accuracy: 85.61%, lr scale: 0.5 in 9.53 sec
Epoch 22/100, mean train accuracy: 85.44%, mean test accuracy: 86.69%, lr scale: 0.5 in 9.68 sec
Epoch 23/100, mean train accuracy: 63.22%, mean test accuracy: 49.89%, lr scale: 0.5 in 9.75 sec
Epoch 24/100, mean train accuracy: 49.77%, mean test accuracy: 50.12%, lr scale: 0.25 in 9.52 sec
Epoch 25/100, mean train accuracy: 49.98%, mean test accuracy: 49.89%, lr scale: 0.125 in 9.56 sec
Epoch 26/100, mean train accuracy: 50.14%, mean test accuracy: 49.89%, lr scale: 0.0625 in 9.60 sec
Epoch 27/100, mean train accuracy: 50.10%, mean test accuracy: 50.11%, lr scale: 0.0625 in 9.52 sec
Epoch 28/100, mean train accuracy: 49.93%, mean test accuracy: 50.11%, lr scale: 0.03125 in 9.55 sec
Epoch 29/100, mean train accuracy: 50.03%, mean test accuracy: 50.11%, lr scale: 0.015625 in 9.55 sec
Epoch 30/100, mean train accuracy: 50.05%, mean test accuracy: 49.89%, lr scale: 0.0078125 in 9.49 sec
Epoch 31/100, mean train accuracy: 49.86%, mean test accuracy: 50.11%, lr scale: 0.0078125 in 9.59 sec
Epoch 32/100, mean train accuracy: 50.04%, mean test accuracy: 50.11%, lr scale: 0.00390625 in 9.58 sec
Epoch 33/100, mean train accuracy: 50.04%, mean test accuracy: 49.89%, lr scale: 0.001953125 in 9.42 sec
Epoch 34/100, mean train accuracy: 49.99%, mean test accuracy: 50.12%, lr scale: 0.0009765625 in 9.35 sec
Learning rate reached 1.00E-06, stopping training
Plotting the posterior...
FIGURE CREATED at /mnt/nfs/nrdata02-users-data/luciano/script/ABC-SBI/examples/Gauss-Gauss/Gauss_Gauss_1D_known_sigma/clean_results/sigma0_50/figures/posterior_check/0_alpha_0.01.png
Evaluation of the metrics...

---------------------------------
DATASET 0 ALPHA 0.005
---------------------------------
Simulation of the training dataset...
Training the neural network...
Initial accuracy: 50.10%, Initial test accuracy: 49.94%
Training for 100 epochs...
Epoch 1/100, mean train accuracy: 50.11%, mean test accuracy: 49.93%, lr scale: 1.0 in 9.90 sec
Epoch 2/100, mean train accuracy: 50.06%, mean test accuracy: 50.07%, lr scale: 1.0 in 9.50 sec
Epoch 3/100, mean train accuracy: 50.02%, mean test accuracy: 50.06%, lr scale: 1.0 in 9.79 sec
Epoch 4/100, mean train accuracy: 50.13%, mean test accuracy: 49.93%, lr scale: 1.0 in 9.40 sec
Epoch 5/100, mean train accuracy: 50.10%, mean test accuracy: 49.93%, lr scale: 1.0 in 9.41 sec
Epoch 6/100, mean train accuracy: 50.14%, mean test accuracy: 50.07%, lr scale: 1.0 in 9.64 sec
Epoch 7/100, mean train accuracy: 50.02%, mean test accuracy: 49.93%, lr scale: 0.5 in 9.42 sec
Epoch 8/100, mean train accuracy: 49.90%, mean test accuracy: 50.07%, lr scale: 0.5 in 9.39 sec
Epoch 9/100, mean train accuracy: 49.85%, mean test accuracy: 49.94%, lr scale: 0.25 in 9.49 sec
Epoch 10/100, mean train accuracy: 49.96%, mean test accuracy: 49.94%, lr scale: 0.25 in 9.40 sec
Epoch 11/100, mean train accuracy: 50.07%, mean test accuracy: 49.66%, lr scale: 0.125 in 9.29 sec
Epoch 12/100, mean train accuracy: 50.13%, mean test accuracy: 49.93%, lr scale: 0.0625 in 9.29 sec
Epoch 13/100, mean train accuracy: 50.25%, mean test accuracy: 49.93%, lr scale: 0.0625 in 9.27 sec
Epoch 14/100, mean train accuracy: 50.59%, mean test accuracy: 50.34%, lr scale: 0.0625 in 9.16 sec
Epoch 15/100, mean train accuracy: 50.77%, mean test accuracy: 49.94%, lr scale: 0.0625 in 9.59 sec
Epoch 16/100, mean train accuracy: 50.79%, mean test accuracy: 52.18%, lr scale: 0.0625 in 9.52 sec
Epoch 17/100, mean train accuracy: 51.54%, mean test accuracy: 54.66%, lr scale: 0.0625 in 9.54 sec
Epoch 18/100, mean train accuracy: 53.60%, mean test accuracy: 55.86%, lr scale: 0.0625 in 9.39 sec
Epoch 19/100, mean train accuracy: 58.44%, mean test accuracy: 59.03%, lr scale: 0.0625 in 9.41 sec
Epoch 20/100, mean train accuracy: 62.68%, mean test accuracy: 65.38%, lr scale: 0.0625 in 9.39 sec
Epoch 21/100, mean train accuracy: 64.79%, mean test accuracy: 66.37%, lr scale: 0.0625 in 9.33 sec
Epoch 22/100, mean train accuracy: 65.97%, mean test accuracy: 67.06%, lr scale: 0.0625 in 9.34 sec
Epoch 23/100, mean train accuracy: 66.88%, mean test accuracy: 67.67%, lr scale: 0.0625 in 9.31 sec
Epoch 24/100, mean train accuracy: 67.67%, mean test accuracy: 68.04%, lr scale: 0.0625 in 9.22 sec
Epoch 25/100, mean train accuracy: 68.00%, mean test accuracy: 68.29%, lr scale: 0.0625 in 9.34 sec
Epoch 26/100, mean train accuracy: 68.82%, mean test accuracy: 66.94%, lr scale: 0.0625 in 9.72 sec
Epoch 27/100, mean train accuracy: 69.16%, mean test accuracy: 69.15%, lr scale: 0.0625 in 9.47 sec
Epoch 28/100, mean train accuracy: 69.63%, mean test accuracy: 69.56%, lr scale: 0.0625 in 9.54 sec
Epoch 29/100, mean train accuracy: 70.07%, mean test accuracy: 70.11%, lr scale: 0.0625 in 9.51 sec
Epoch 30/100, mean train accuracy: 70.29%, mean test accuracy: 70.45%, lr scale: 0.0625 in 9.49 sec
Epoch 31/100, mean train accuracy: 70.57%, mean test accuracy: 71.05%, lr scale: 0.0625 in 9.32 sec
Epoch 32/100, mean train accuracy: 70.98%, mean test accuracy: 70.77%, lr scale: 0.0625 in 9.42 sec
Epoch 33/100, mean train accuracy: 71.11%, mean test accuracy: 71.42%, lr scale: 0.0625 in 9.44 sec
Epoch 34/100, mean train accuracy: 71.48%, mean test accuracy: 69.63%, lr scale: 0.0625 in 9.58 sec
Epoch 35/100, mean train accuracy: 71.96%, mean test accuracy: 72.06%, lr scale: 0.0625 in 9.49 sec
Epoch 36/100, mean train accuracy: 72.02%, mean test accuracy: 72.51%, lr scale: 0.0625 in 9.38 sec
Epoch 37/100, mean train accuracy: 72.40%, mean test accuracy: 72.99%, lr scale: 0.0625 in 9.44 sec
Epoch 38/100, mean train accuracy: 73.35%, mean test accuracy: 72.27%, lr scale: 0.0625 in 9.34 sec
Epoch 39/100, mean train accuracy: 74.07%, mean test accuracy: 74.71%, lr scale: 0.0625 in 9.48 sec
Epoch 40/100, mean train accuracy: 74.41%, mean test accuracy: 74.45%, lr scale: 0.0625 in 9.42 sec
Epoch 41/100, mean train accuracy: 74.74%, mean test accuracy: 73.11%, lr scale: 0.0625 in 9.40 sec
Epoch 42/100, mean train accuracy: 75.16%, mean test accuracy: 74.99%, lr scale: 0.0625 in 9.20 sec
Epoch 43/100, mean train accuracy: 75.58%, mean test accuracy: 75.88%, lr scale: 0.0625 in 9.29 sec
Epoch 44/100, mean train accuracy: 75.66%, mean test accuracy: 76.18%, lr scale: 0.0625 in 9.19 sec
Epoch 45/100, mean train accuracy: 76.18%, mean test accuracy: 76.36%, lr scale: 0.0625 in 9.55 sec
Epoch 46/100, mean train accuracy: 76.22%, mean test accuracy: 74.98%, lr scale: 0.0625 in 9.52 sec
Epoch 47/100, mean train accuracy: 76.56%, mean test accuracy: 76.93%, lr scale: 0.0625 in 9.37 sec
Epoch 48/100, mean train accuracy: 76.77%, mean test accuracy: 77.35%, lr scale: 0.0625 in 9.19 sec
Epoch 49/100, mean train accuracy: 77.02%, mean test accuracy: 76.14%, lr scale: 0.0625 in 9.10 sec
Epoch 50/100, mean train accuracy: 77.20%, mean test accuracy: 77.65%, lr scale: 0.03125 in 9.23 sec
Epoch 51/100, mean train accuracy: 77.49%, mean test accuracy: 77.76%, lr scale: 0.03125 in 8.92 sec
Epoch 52/100, mean train accuracy: 77.65%, mean test accuracy: 77.94%, lr scale: 0.03125 in 8.95 sec
Epoch 53/100, mean train accuracy: 77.82%, mean test accuracy: 77.68%, lr scale: 0.015625 in 8.91 sec
Epoch 54/100, mean train accuracy: 78.05%, mean test accuracy: 77.93%, lr scale: 0.0078125 in 8.95 sec
Epoch 55/100, mean train accuracy: 78.06%, mean test accuracy: 78.17%, lr scale: 0.0078125 in 8.88 sec
Epoch 56/100, mean train accuracy: 78.22%, mean test accuracy: 77.99%, lr scale: 0.0078125 in 8.87 sec
Epoch 57/100, mean train accuracy: 78.23%, mean test accuracy: 78.24%, lr scale: 0.00390625 in 9.02 sec
Epoch 58/100, mean train accuracy: 78.26%, mean test accuracy: 78.01%, lr scale: 0.00390625 in 8.96 sec
Epoch 59/100, mean train accuracy: 78.41%, mean test accuracy: 78.18%, lr scale: 0.001953125 in 8.99 sec
Epoch 60/100, mean train accuracy: 78.35%, mean test accuracy: 78.25%, lr scale: 0.001953125 in 8.85 sec
Epoch 61/100, mean train accuracy: 78.37%, mean test accuracy: 78.30%, lr scale: 0.001953125 in 9.27 sec
Epoch 62/100, mean train accuracy: 78.41%, mean test accuracy: 78.31%, lr scale: 0.0009765625 in 9.10 sec
Learning rate reached 1.00E-06, stopping training
Plotting the posterior...
FIGURE CREATED at /mnt/nfs/nrdata02-users-data/luciano/script/ABC-SBI/examples/Gauss-Gauss/Gauss_Gauss_1D_known_sigma/clean_results/sigma0_50/figures/posterior_check/0_alpha_0.005.png
Evaluation of the metrics...

---------------------------------
DATASET 0 ALPHA 0.001
---------------------------------
Simulation of the training dataset...
Training the neural network...
Initial accuracy: 50.02%, Initial test accuracy: 50.10%
Training for 100 epochs...
Epoch 1/100, mean train accuracy: 50.09%, mean test accuracy: 49.90%, lr scale: 1.0 in 9.34 sec
Epoch 2/100, mean train accuracy: 49.95%, mean test accuracy: 49.89%, lr scale: 1.0 in 8.79 sec
Epoch 3/100, mean train accuracy: 50.22%, mean test accuracy: 49.89%, lr scale: 1.0 in 8.53 sec
Epoch 4/100, mean train accuracy: 49.98%, mean test accuracy: 50.14%, lr scale: 1.0 in 8.52 sec
Epoch 5/100, mean train accuracy: 49.94%, mean test accuracy: 49.89%, lr scale: 1.0 in 8.86 sec
Epoch 6/100, mean train accuracy: 49.84%, mean test accuracy: 50.11%, lr scale: 1.0 in 8.71 sec
Epoch 7/100, mean train accuracy: 50.05%, mean test accuracy: 50.11%, lr scale: 1.0 in 9.10 sec
Epoch 8/100, mean train accuracy: 49.87%, mean test accuracy: 49.89%, lr scale: 1.0 in 8.87 sec
Epoch 9/100, mean train accuracy: 49.94%, mean test accuracy: 50.11%, lr scale: 0.5 in 8.84 sec
Epoch 10/100, mean train accuracy: 49.99%, mean test accuracy: 49.89%, lr scale: 0.5 in 8.81 sec
Epoch 11/100, mean train accuracy: 49.95%, mean test accuracy: 49.89%, lr scale: 0.25 in 8.91 sec
Epoch 12/100, mean train accuracy: 50.00%, mean test accuracy: 49.89%, lr scale: 0.25 in 8.93 sec
Epoch 13/100, mean train accuracy: 50.00%, mean test accuracy: 50.10%, lr scale: 0.25 in 9.17 sec
Epoch 14/100, mean train accuracy: 49.80%, mean test accuracy: 50.11%, lr scale: 0.125 in 8.89 sec
Epoch 15/100, mean train accuracy: 50.00%, mean test accuracy: 49.89%, lr scale: 0.125 in 8.92 sec
Epoch 16/100, mean train accuracy: 49.96%, mean test accuracy: 49.89%, lr scale: 0.0625 in 8.87 sec
Epoch 17/100, mean train accuracy: 49.95%, mean test accuracy: 49.90%, lr scale: 0.0625 in 8.98 sec
Epoch 18/100, mean train accuracy: 50.00%, mean test accuracy: 49.89%, lr scale: 0.03125 in 8.99 sec
Epoch 19/100, mean train accuracy: 49.91%, mean test accuracy: 50.11%, lr scale: 0.015625 in 8.87 sec
Epoch 20/100, mean train accuracy: 50.10%, mean test accuracy: 49.89%, lr scale: 0.015625 in 8.89 sec
Epoch 21/100, mean train accuracy: 49.86%, mean test accuracy: 50.11%, lr scale: 0.0078125 in 8.98 sec
Epoch 22/100, mean train accuracy: 49.91%, mean test accuracy: 49.89%, lr scale: 0.00390625 in 8.88 sec
Epoch 23/100, mean train accuracy: 49.85%, mean test accuracy: 50.11%, lr scale: 0.00390625 in 9.04 sec
Epoch 24/100, mean train accuracy: 50.04%, mean test accuracy: 49.90%, lr scale: 0.00390625 in 8.99 sec
Epoch 25/100, mean train accuracy: 50.03%, mean test accuracy: 50.11%, lr scale: 0.001953125 in 8.97 sec
Epoch 26/100, mean train accuracy: 50.00%, mean test accuracy: 50.11%, lr scale: 0.0009765625 in 8.93 sec
Learning rate reached 1.00E-06, stopping training
Plotting the posterior...
FIGURE CREATED at /mnt/nfs/nrdata02-users-data/luciano/script/ABC-SBI/examples/Gauss-Gauss/Gauss_Gauss_1D_known_sigma/clean_results/sigma0_50/figures/posterior_check/0_alpha_0.001.png
Evaluation of the metrics...

---------------------------------
DATASET 0 ALPHA 0.005
---------------------------------
Simulation of the training dataset...
Training the neural network...
Initial accuracy: 50.07%, Initial test accuracy: 49.93%
Training for 100 epochs...
Epoch 1/100, mean train accuracy: 50.03%, mean test accuracy: 49.92%, lr scale: 1.0 in 9.21 sec
Epoch 2/100, mean train accuracy: 50.27%, mean test accuracy: 49.92%, lr scale: 1.0 in 8.91 sec
Epoch 3/100, mean train accuracy: 49.98%, mean test accuracy: 50.18%, lr scale: 1.0 in 8.68 sec
Epoch 4/100, mean train accuracy: 49.98%, mean test accuracy: 50.13%, lr scale: 1.0 in 9.03 sec
Epoch 5/100, mean train accuracy: 50.51%, mean test accuracy: 50.08%, lr scale: 1.0 in 9.16 sec
Epoch 6/100, mean train accuracy: 50.19%, mean test accuracy: 49.86%, lr scale: 1.0 in 9.02 sec
Epoch 7/100, mean train accuracy: 50.13%, mean test accuracy: 54.93%, lr scale: 0.5 in 8.97 sec
Epoch 8/100, mean train accuracy: 50.06%, mean test accuracy: 51.11%, lr scale: 0.5 in 8.93 sec
Epoch 9/100, mean train accuracy: 50.22%, mean test accuracy: 49.93%, lr scale: 0.25 in 8.97 sec
Epoch 10/100, mean train accuracy: 49.99%, mean test accuracy: 49.93%, lr scale: 0.125 in 8.92 sec
Epoch 11/100, mean train accuracy: 50.01%, mean test accuracy: 50.07%, lr scale: 0.125 in 8.97 sec
Epoch 12/100, mean train accuracy: 50.14%, mean test accuracy: 49.93%, lr scale: 0.0625 in 8.94 sec
Epoch 13/100, mean train accuracy: 50.04%, mean test accuracy: 49.93%, lr scale: 0.0625 in 8.98 sec
Epoch 14/100, mean train accuracy: 50.13%, mean test accuracy: 50.08%, lr scale: 0.0625 in 8.84 sec
Epoch 15/100, mean train accuracy: 49.94%, mean test accuracy: 50.07%, lr scale: 0.03125 in 8.84 sec
Epoch 16/100, mean train accuracy: 50.27%, mean test accuracy: 49.93%, lr scale: 0.015625 in 8.82 sec
Epoch 17/100, mean train accuracy: 50.44%, mean test accuracy: 49.34%, lr scale: 0.015625 in 8.95 sec
Epoch 18/100, mean train accuracy: 51.32%, mean test accuracy: 52.41%, lr scale: 0.015625 in 8.90 sec
Epoch 19/100, mean train accuracy: 52.12%, mean test accuracy: 52.57%, lr scale: 0.015625 in 8.97 sec
Epoch 20/100, mean train accuracy: 52.77%, mean test accuracy: 54.12%, lr scale: 0.015625 in 8.87 sec
Epoch 21/100, mean train accuracy: 53.88%, mean test accuracy: 55.98%, lr scale: 0.015625 in 8.95 sec
Epoch 22/100, mean train accuracy: 55.64%, mean test accuracy: 56.00%, lr scale: 0.015625 in 8.87 sec
Epoch 23/100, mean train accuracy: 59.54%, mean test accuracy: 61.44%, lr scale: 0.015625 in 9.03 sec
Epoch 24/100, mean train accuracy: 65.11%, mean test accuracy: 67.09%, lr scale: 0.015625 in 8.96 sec
Epoch 25/100, mean train accuracy: 69.09%, mean test accuracy: 71.09%, lr scale: 0.015625 in 8.72 sec
Epoch 26/100, mean train accuracy: 72.18%, mean test accuracy: 73.24%, lr scale: 0.015625 in 8.65 sec
Epoch 27/100, mean train accuracy: 73.62%, mean test accuracy: 74.31%, lr scale: 0.015625 in 8.82 sec
Epoch 28/100, mean train accuracy: 74.56%, mean test accuracy: 74.73%, lr scale: 0.015625 in 9.01 sec
Epoch 29/100, mean train accuracy: 75.38%, mean test accuracy: 76.22%, lr scale: 0.015625 in 8.95 sec
Epoch 30/100, mean train accuracy: 75.78%, mean test accuracy: 76.50%, lr scale: 0.015625 in 8.70 sec
Epoch 31/100, mean train accuracy: 76.18%, mean test accuracy: 76.31%, lr scale: 0.015625 in 8.71 sec
Epoch 32/100, mean train accuracy: 76.66%, mean test accuracy: 75.98%, lr scale: 0.015625 in 8.73 sec
Epoch 33/100, mean train accuracy: 77.05%, mean test accuracy: 77.16%, lr scale: 0.015625 in 8.46 sec
Epoch 34/100, mean train accuracy: 77.44%, mean test accuracy: 77.77%, lr scale: 0.015625 in 8.38 sec
Epoch 35/100, mean train accuracy: 77.65%, mean test accuracy: 77.77%, lr scale: 0.015625 in 8.34 sec
Epoch 36/100, mean train accuracy: 78.05%, mean test accuracy: 78.77%, lr scale: 0.015625 in 8.38 sec
Epoch 37/100, mean train accuracy: 78.61%, mean test accuracy: 79.09%, lr scale: 0.015625 in 8.43 sec
Epoch 38/100, mean train accuracy: 78.83%, mean test accuracy: 79.00%, lr scale: 0.015625 in 8.40 sec
Epoch 39/100, mean train accuracy: 79.12%, mean test accuracy: 79.51%, lr scale: 0.015625 in 8.42 sec
Epoch 40/100, mean train accuracy: 79.54%, mean test accuracy: 79.47%, lr scale: 0.015625 in 8.39 sec
Epoch 41/100, mean train accuracy: 79.73%, mean test accuracy: 79.97%, lr scale: 0.015625 in 8.35 sec
Epoch 42/100, mean train accuracy: 79.96%, mean test accuracy: 80.42%, lr scale: 0.015625 in 8.42 sec
Epoch 43/100, mean train accuracy: 80.16%, mean test accuracy: 80.25%, lr scale: 0.015625 in 8.46 sec
Epoch 44/100, mean train accuracy: 80.39%, mean test accuracy: 80.79%, lr scale: 0.015625 in 8.57 sec
Epoch 45/100, mean train accuracy: 80.71%, mean test accuracy: 80.92%, lr scale: 0.015625 in 8.42 sec
Epoch 46/100, mean train accuracy: 80.76%, mean test accuracy: 80.93%, lr scale: 0.015625 in 8.39 sec
Epoch 47/100, mean train accuracy: 81.21%, mean test accuracy: 81.09%, lr scale: 0.015625 in 8.32 sec
Epoch 48/100, mean train accuracy: 81.35%, mean test accuracy: 81.24%, lr scale: 0.015625 in 8.38 sec
Epoch 49/100, mean train accuracy: 81.33%, mean test accuracy: 81.89%, lr scale: 0.015625 in 8.37 sec
Epoch 50/100, mean train accuracy: 81.71%, mean test accuracy: 82.02%, lr scale: 0.0078125 in 8.29 sec
Epoch 51/100, mean train accuracy: 81.89%, mean test accuracy: 82.06%, lr scale: 0.0078125 in 8.07 sec
Epoch 52/100, mean train accuracy: 81.84%, mean test accuracy: 82.14%, lr scale: 0.00390625 in 8.07 sec
Epoch 53/100, mean train accuracy: 82.21%, mean test accuracy: 82.13%, lr scale: 0.00390625 in 7.78 sec
Epoch 54/100, mean train accuracy: 82.22%, mean test accuracy: 82.21%, lr scale: 0.00390625 in 7.50 sec
Epoch 55/100, mean train accuracy: 82.22%, mean test accuracy: 82.30%, lr scale: 0.001953125 in 7.75 sec
Epoch 56/100, mean train accuracy: 82.39%, mean test accuracy: 82.14%, lr scale: 0.001953125 in 7.52 sec
Epoch 57/100, mean train accuracy: 82.30%, mean test accuracy: 82.38%, lr scale: 0.001953125 in 7.58 sec
Epoch 58/100, mean train accuracy: 82.40%, mean test accuracy: 82.28%, lr scale: 0.001953125 in 7.56 sec
Epoch 59/100, mean train accuracy: 82.35%, mean test accuracy: 82.41%, lr scale: 0.0009765625 in 7.42 sec
Learning rate reached 1.00E-06, stopping training
Plotting the posterior...
FIGURE CREATED at /mnt/nfs/nrdata02-users-data/luciano/script/ABC-SBI/examples/Gauss-Gauss/Gauss_Gauss_1D_known_sigma/clean_results/sigma0_50/figures/posterior_check/0_alpha_0.005.png
Evaluation of the metrics...

---------------------------------
DATASET 0 ALPHA 0.0001
---------------------------------
Simulation of the training dataset...
Training the neural network...
Initial accuracy: 50.17%, Initial test accuracy: 49.84%
Training for 100 epochs...
Epoch 1/100, mean train accuracy: 49.93%, mean test accuracy: 49.84%, lr scale: 1.0 in 8.54 sec
Epoch 2/100, mean train accuracy: 50.02%, mean test accuracy: 49.83%, lr scale: 1.0 in 7.60 sec
Epoch 3/100, mean train accuracy: 49.95%, mean test accuracy: 49.84%, lr scale: 1.0 in 7.68 sec
Epoch 4/100, mean train accuracy: 49.86%, mean test accuracy: 50.17%, lr scale: 1.0 in 7.64 sec
Epoch 5/100, mean train accuracy: 50.08%, mean test accuracy: 49.83%, lr scale: 1.0 in 7.57 sec
Epoch 6/100, mean train accuracy: 50.20%, mean test accuracy: 49.84%, lr scale: 1.0 in 7.61 sec
Epoch 7/100, mean train accuracy: 49.93%, mean test accuracy: 49.83%, lr scale: 1.0 in 7.64 sec
Epoch 8/100, mean train accuracy: 49.88%, mean test accuracy: 50.17%, lr scale: 0.5 in 7.74 sec
Epoch 9/100, mean train accuracy: 49.84%, mean test accuracy: 49.84%, lr scale: 0.25 in 7.61 sec
Epoch 10/100, mean train accuracy: 50.05%, mean test accuracy: 50.16%, lr scale: 0.25 in 7.60 sec
Epoch 11/100, mean train accuracy: 49.99%, mean test accuracy: 49.83%, lr scale: 0.125 in 7.52 sec
Epoch 12/100, mean train accuracy: 49.97%, mean test accuracy: 49.84%, lr scale: 0.125 in 7.68 sec
Epoch 13/100, mean train accuracy: 50.06%, mean test accuracy: 49.83%, lr scale: 0.0625 in 7.57 sec
Epoch 14/100, mean train accuracy: 50.10%, mean test accuracy: 49.83%, lr scale: 0.03125 in 7.55 sec
Epoch 15/100, mean train accuracy: 49.99%, mean test accuracy: 49.83%, lr scale: 0.03125 in 7.73 sec
Epoch 16/100, mean train accuracy: 50.15%, mean test accuracy: 49.83%, lr scale: 0.015625 in 7.58 sec
Epoch 17/100, mean train accuracy: 50.05%, mean test accuracy: 49.84%, lr scale: 0.0078125 in 7.77 sec
Epoch 18/100, mean train accuracy: 49.89%, mean test accuracy: 50.17%, lr scale: 0.0078125 in 7.87 sec
Epoch 19/100, mean train accuracy: 50.21%, mean test accuracy: 49.84%, lr scale: 0.0078125 in 7.44 sec
Epoch 20/100, mean train accuracy: 50.00%, mean test accuracy: 50.16%, lr scale: 0.00390625 in 7.50 sec
Epoch 21/100, mean train accuracy: 49.84%, mean test accuracy: 49.84%, lr scale: 0.00390625 in 7.61 sec
Epoch 22/100, mean train accuracy: 49.93%, mean test accuracy: 50.16%, lr scale: 0.001953125 in 7.63 sec
Epoch 23/100, mean train accuracy: 49.93%, mean test accuracy: 50.17%, lr scale: 0.0009765625 in 7.59 sec
Learning rate reached 1.00E-06, stopping training
Plotting the posterior...
FIGURE CREATED at /mnt/nfs/nrdata02-users-data/luciano/script/ABC-SBI/examples/Gauss-Gauss/Gauss_Gauss_1D_known_sigma/clean_results/sigma0_50/figures/posterior_check/0_alpha_0.0001.png
Evaluation of the metrics...
FIGURE CREATED at /mnt/nfs/nrdata02-users-data/luciano/script/ABC-SBI/examples/Gauss-Gauss/Gauss_Gauss_1D_known_sigma/clean_results/sigma0_50/figures/c2st_0.png
FIGURE CREATED at /mnt/nfs/nrdata02-users-data/luciano/script/ABC-SBI/examples/Gauss-Gauss/Gauss_Gauss_1D_known_sigma/clean_results/sigma0_50/figures/ranksums_0.png
