Host clust2
Old path: /mnt/nfs/nrdata02-users-data/luciano/script/ABC-SBI
New path: /mnt/nfs/nrdata02-users-data/luciano/script/ABC-SBI

---------------------------------
DATASET 0
---------------------------------

---------------------------------
DATASET 0 ALPHA 1.0
---------------------------------
Simulation of the training dataset...
Training the neural network...
Initial accuracy: 50.07%, Initial test accuracy: 49.90%
Training for 100 epochs...
Epoch 1/100, mean train accuracy: 72.13%, mean test accuracy: 90.54%, lr scale: 1.0 in 8.43 sec
Epoch 2/100, mean train accuracy: 92.20%, mean test accuracy: 93.31%, lr scale: 1.0 in 7.64 sec
Epoch 3/100, mean train accuracy: 93.57%, mean test accuracy: 93.88%, lr scale: 1.0 in 7.82 sec
Epoch 4/100, mean train accuracy: 93.94%, mean test accuracy: 94.09%, lr scale: 1.0 in 7.86 sec
Epoch 5/100, mean train accuracy: 94.23%, mean test accuracy: 94.59%, lr scale: 1.0 in 7.72 sec
Epoch 6/100, mean train accuracy: 94.44%, mean test accuracy: 94.73%, lr scale: 1.0 in 7.64 sec
Epoch 7/100, mean train accuracy: 94.47%, mean test accuracy: 94.82%, lr scale: 1.0 in 7.70 sec
Epoch 8/100, mean train accuracy: 94.57%, mean test accuracy: 94.64%, lr scale: 1.0 in 7.73 sec
Epoch 9/100, mean train accuracy: 94.59%, mean test accuracy: 94.26%, lr scale: 1.0 in 7.63 sec
Epoch 10/100, mean train accuracy: 94.58%, mean test accuracy: 94.71%, lr scale: 1.0 in 7.73 sec
Epoch 11/100, mean train accuracy: 94.73%, mean test accuracy: 94.80%, lr scale: 1.0 in 7.65 sec
Epoch 12/100, mean train accuracy: 94.78%, mean test accuracy: 94.73%, lr scale: 1.0 in 7.65 sec
Epoch 13/100, mean train accuracy: 95.11%, mean test accuracy: 94.85%, lr scale: 0.5 in 7.74 sec
Epoch 14/100, mean train accuracy: 95.18%, mean test accuracy: 94.74%, lr scale: 0.5 in 7.65 sec
Epoch 15/100, mean train accuracy: 95.28%, mean test accuracy: 95.19%, lr scale: 0.25 in 7.74 sec
Epoch 16/100, mean train accuracy: 95.42%, mean test accuracy: 95.26%, lr scale: 0.25 in 7.61 sec
Epoch 17/100, mean train accuracy: 95.46%, mean test accuracy: 95.10%, lr scale: 0.25 in 7.62 sec
Epoch 18/100, mean train accuracy: 95.45%, mean test accuracy: 95.23%, lr scale: 0.125 in 7.63 sec
Epoch 19/100, mean train accuracy: 95.58%, mean test accuracy: 95.25%, lr scale: 0.125 in 7.62 sec
Epoch 20/100, mean train accuracy: 95.64%, mean test accuracy: 95.22%, lr scale: 0.125 in 7.97 sec
Epoch 21/100, mean train accuracy: 95.62%, mean test accuracy: 95.18%, lr scale: 0.125 in 7.97 sec
Epoch 22/100, mean train accuracy: 95.73%, mean test accuracy: 95.28%, lr scale: 0.0625 in 8.12 sec
Epoch 23/100, mean train accuracy: 95.72%, mean test accuracy: 95.24%, lr scale: 0.0625 in 7.99 sec
Epoch 24/100, mean train accuracy: 95.71%, mean test accuracy: 95.24%, lr scale: 0.0625 in 7.80 sec
Epoch 25/100, mean train accuracy: 95.76%, mean test accuracy: 95.16%, lr scale: 0.0625 in 7.90 sec
Epoch 26/100, mean train accuracy: 95.73%, mean test accuracy: 95.22%, lr scale: 0.03125 in 8.29 sec
Epoch 27/100, mean train accuracy: 95.82%, mean test accuracy: 95.19%, lr scale: 0.03125 in 7.85 sec
Epoch 28/100, mean train accuracy: 95.85%, mean test accuracy: 95.21%, lr scale: 0.03125 in 7.84 sec
Epoch 29/100, mean train accuracy: 95.89%, mean test accuracy: 95.25%, lr scale: 0.015625 in 7.92 sec
Epoch 30/100, mean train accuracy: 95.87%, mean test accuracy: 95.20%, lr scale: 0.015625 in 8.32 sec
Epoch 31/100, mean train accuracy: 95.90%, mean test accuracy: 95.21%, lr scale: 0.015625 in 7.93 sec
Epoch 32/100, mean train accuracy: 95.89%, mean test accuracy: 95.20%, lr scale: 0.0078125 in 7.91 sec
Epoch 33/100, mean train accuracy: 95.86%, mean test accuracy: 95.19%, lr scale: 0.0078125 in 8.03 sec
Epoch 34/100, mean train accuracy: 95.87%, mean test accuracy: 95.20%, lr scale: 0.00390625 in 8.08 sec
Epoch 35/100, mean train accuracy: 95.89%, mean test accuracy: 95.20%, lr scale: 0.001953125 in 7.94 sec
Epoch 36/100, mean train accuracy: 95.91%, mean test accuracy: 95.20%, lr scale: 0.0009765625 in 7.99 sec
Learning rate reached 1.00E-06, stopping training
Plotting the posterior...
FIGURE CREATED at /mnt/nfs/nrdata02-users-data/luciano/script/ABC-SBI/examples/Linear-Reg/clean_results/K_25/figures/posterior_check/0_alpha_1.0.png
Evaluation of the metrics...

---------------------------------
DATASET 0 ALPHA 0.9
---------------------------------
Simulation of the training dataset...
Training the neural network...
Initial accuracy: 50.09%, Initial test accuracy: 50.06%
Training for 100 epochs...
Epoch 1/100, mean train accuracy: 72.10%, mean test accuracy: 90.57%, lr scale: 1.0 in 8.52 sec
Epoch 2/100, mean train accuracy: 92.17%, mean test accuracy: 93.23%, lr scale: 1.0 in 8.10 sec
Epoch 3/100, mean train accuracy: 93.45%, mean test accuracy: 93.60%, lr scale: 1.0 in 7.90 sec
Epoch 4/100, mean train accuracy: 94.02%, mean test accuracy: 93.96%, lr scale: 1.0 in 7.90 sec
Epoch 5/100, mean train accuracy: 94.20%, mean test accuracy: 94.04%, lr scale: 1.0 in 8.33 sec
Epoch 6/100, mean train accuracy: 94.34%, mean test accuracy: 94.47%, lr scale: 1.0 in 7.86 sec
Epoch 7/100, mean train accuracy: 94.44%, mean test accuracy: 94.18%, lr scale: 1.0 in 7.95 sec
Epoch 8/100, mean train accuracy: 94.55%, mean test accuracy: 94.75%, lr scale: 0.5 in 7.93 sec
Epoch 9/100, mean train accuracy: 94.98%, mean test accuracy: 94.65%, lr scale: 0.5 in 7.98 sec
Epoch 10/100, mean train accuracy: 94.98%, mean test accuracy: 94.80%, lr scale: 0.25 in 7.99 sec
Epoch 11/100, mean train accuracy: 95.20%, mean test accuracy: 94.98%, lr scale: 0.25 in 8.00 sec
Epoch 12/100, mean train accuracy: 95.31%, mean test accuracy: 94.98%, lr scale: 0.25 in 8.07 sec
Epoch 13/100, mean train accuracy: 95.29%, mean test accuracy: 94.97%, lr scale: 0.25 in 7.76 sec
Epoch 14/100, mean train accuracy: 95.36%, mean test accuracy: 95.00%, lr scale: 0.125 in 7.81 sec
Epoch 15/100, mean train accuracy: 95.46%, mean test accuracy: 94.92%, lr scale: 0.125 in 7.77 sec
Epoch 16/100, mean train accuracy: 95.50%, mean test accuracy: 94.97%, lr scale: 0.125 in 7.73 sec
Epoch 17/100, mean train accuracy: 95.56%, mean test accuracy: 94.96%, lr scale: 0.0625 in 8.68 sec
Epoch 18/100, mean train accuracy: 95.65%, mean test accuracy: 94.96%, lr scale: 0.0625 in 7.73 sec
Epoch 19/100, mean train accuracy: 95.63%, mean test accuracy: 94.92%, lr scale: 0.0625 in 7.78 sec
Epoch 20/100, mean train accuracy: 95.68%, mean test accuracy: 94.95%, lr scale: 0.0625 in 8.55 sec
Epoch 21/100, mean train accuracy: 95.65%, mean test accuracy: 94.94%, lr scale: 0.03125 in 8.23 sec
Epoch 22/100, mean train accuracy: 95.74%, mean test accuracy: 94.94%, lr scale: 0.03125 in 7.99 sec
Epoch 23/100, mean train accuracy: 95.75%, mean test accuracy: 94.96%, lr scale: 0.03125 in 8.00 sec
Epoch 24/100, mean train accuracy: 95.74%, mean test accuracy: 94.99%, lr scale: 0.015625 in 8.04 sec
Epoch 25/100, mean train accuracy: 95.76%, mean test accuracy: 94.93%, lr scale: 0.015625 in 7.92 sec
Epoch 26/100, mean train accuracy: 95.79%, mean test accuracy: 94.94%, lr scale: 0.0078125 in 7.96 sec
Epoch 27/100, mean train accuracy: 95.80%, mean test accuracy: 94.93%, lr scale: 0.0078125 in 7.93 sec
Epoch 28/100, mean train accuracy: 95.80%, mean test accuracy: 94.91%, lr scale: 0.0078125 in 7.94 sec
Epoch 29/100, mean train accuracy: 95.80%, mean test accuracy: 94.94%, lr scale: 0.00390625 in 7.97 sec
Epoch 30/100, mean train accuracy: 95.83%, mean test accuracy: 94.95%, lr scale: 0.00390625 in 7.94 sec
Epoch 31/100, mean train accuracy: 95.83%, mean test accuracy: 94.93%, lr scale: 0.001953125 in 7.96 sec
Epoch 32/100, mean train accuracy: 95.82%, mean test accuracy: 94.93%, lr scale: 0.0009765625 in 7.92 sec
Learning rate reached 1.00E-06, stopping training
Plotting the posterior...
FIGURE CREATED at /mnt/nfs/nrdata02-users-data/luciano/script/ABC-SBI/examples/Linear-Reg/clean_results/K_25/figures/posterior_check/0_alpha_0.9.png
Evaluation of the metrics...

---------------------------------
DATASET 0 ALPHA 0.5
---------------------------------
Simulation of the training dataset...
Training the neural network...
Initial accuracy: 50.06%, Initial test accuracy: 50.03%
Training for 100 epochs...
Epoch 1/100, mean train accuracy: 72.93%, mean test accuracy: 90.92%, lr scale: 1.0 in 8.68 sec
Epoch 2/100, mean train accuracy: 92.47%, mean test accuracy: 93.41%, lr scale: 1.0 in 8.00 sec
Epoch 3/100, mean train accuracy: 93.54%, mean test accuracy: 93.99%, lr scale: 1.0 in 8.07 sec
Epoch 4/100, mean train accuracy: 94.01%, mean test accuracy: 94.14%, lr scale: 1.0 in 7.99 sec
Epoch 5/100, mean train accuracy: 94.15%, mean test accuracy: 94.40%, lr scale: 1.0 in 8.12 sec
Epoch 6/100, mean train accuracy: 94.33%, mean test accuracy: 94.34%, lr scale: 1.0 in 8.09 sec
Epoch 7/100, mean train accuracy: 94.39%, mean test accuracy: 94.18%, lr scale: 1.0 in 8.10 sec
Epoch 8/100, mean train accuracy: 94.41%, mean test accuracy: 94.30%, lr scale: 1.0 in 8.16 sec
Epoch 9/100, mean train accuracy: 94.49%, mean test accuracy: 94.18%, lr scale: 1.0 in 8.14 sec
Epoch 10/100, mean train accuracy: 94.48%, mean test accuracy: 94.16%, lr scale: 1.0 in 7.95 sec
Epoch 11/100, mean train accuracy: 94.84%, mean test accuracy: 94.51%, lr scale: 0.5 in 7.89 sec
Epoch 12/100, mean train accuracy: 94.96%, mean test accuracy: 94.64%, lr scale: 0.5 in 8.01 sec
Epoch 13/100, mean train accuracy: 94.93%, mean test accuracy: 94.72%, lr scale: 0.5 in 7.89 sec
Epoch 14/100, mean train accuracy: 95.00%, mean test accuracy: 94.40%, lr scale: 0.5 in 8.63 sec
Epoch 15/100, mean train accuracy: 95.15%, mean test accuracy: 94.89%, lr scale: 0.25 in 9.07 sec
Epoch 16/100, mean train accuracy: 95.27%, mean test accuracy: 94.86%, lr scale: 0.25 in 9.03 sec
Epoch 17/100, mean train accuracy: 95.31%, mean test accuracy: 94.87%, lr scale: 0.25 in 9.96 sec
Epoch 18/100, mean train accuracy: 95.27%, mean test accuracy: 94.84%, lr scale: 0.25 in 10.09 sec
Epoch 19/100, mean train accuracy: 95.33%, mean test accuracy: 94.85%, lr scale: 0.125 in 10.00 sec
Epoch 20/100, mean train accuracy: 95.55%, mean test accuracy: 94.82%, lr scale: 0.125 in 9.20 sec
Epoch 21/100, mean train accuracy: 95.51%, mean test accuracy: 94.77%, lr scale: 0.125 in 9.03 sec
Epoch 22/100, mean train accuracy: 95.55%, mean test accuracy: 94.77%, lr scale: 0.125 in 8.36 sec
Epoch 23/100, mean train accuracy: 95.56%, mean test accuracy: 94.70%, lr scale: 0.125 in 8.14 sec
Epoch 24/100, mean train accuracy: 95.55%, mean test accuracy: 94.79%, lr scale: 0.0625 in 8.19 sec
Epoch 25/100, mean train accuracy: 95.71%, mean test accuracy: 94.76%, lr scale: 0.0625 in 8.15 sec
Epoch 26/100, mean train accuracy: 95.72%, mean test accuracy: 94.76%, lr scale: 0.0625 in 8.12 sec
Epoch 27/100, mean train accuracy: 95.72%, mean test accuracy: 94.76%, lr scale: 0.03125 in 8.00 sec
Epoch 28/100, mean train accuracy: 95.78%, mean test accuracy: 94.73%, lr scale: 0.03125 in 7.99 sec
Epoch 29/100, mean train accuracy: 95.79%, mean test accuracy: 94.72%, lr scale: 0.015625 in 8.18 sec
Epoch 30/100, mean train accuracy: 95.84%, mean test accuracy: 94.72%, lr scale: 0.015625 in 8.07 sec
Epoch 31/100, mean train accuracy: 95.79%, mean test accuracy: 94.72%, lr scale: 0.0078125 in 8.11 sec
Epoch 32/100, mean train accuracy: 95.80%, mean test accuracy: 94.72%, lr scale: 0.0078125 in 8.12 sec
Epoch 33/100, mean train accuracy: 95.84%, mean test accuracy: 94.73%, lr scale: 0.00390625 in 8.40 sec
Epoch 34/100, mean train accuracy: 95.82%, mean test accuracy: 94.73%, lr scale: 0.001953125 in 8.10 sec
Epoch 35/100, mean train accuracy: 95.83%, mean test accuracy: 94.73%, lr scale: 0.001953125 in 8.08 sec
Epoch 36/100, mean train accuracy: 95.80%, mean test accuracy: 94.73%, lr scale: 0.0009765625 in 8.12 sec
Learning rate reached 1.00E-06, stopping training
Plotting the posterior...
FIGURE CREATED at /mnt/nfs/nrdata02-users-data/luciano/script/ABC-SBI/examples/Linear-Reg/clean_results/K_25/figures/posterior_check/0_alpha_0.5.png
Evaluation of the metrics...

---------------------------------
DATASET 0 ALPHA 0.1
---------------------------------
Simulation of the training dataset...
Training the neural network...
Initial accuracy: 49.96%, Initial test accuracy: 49.88%
Training for 100 epochs...
Epoch 1/100, mean train accuracy: 75.35%, mean test accuracy: 91.64%, lr scale: 1.0 in 8.25 sec
Epoch 2/100, mean train accuracy: 92.44%, mean test accuracy: 92.97%, lr scale: 1.0 in 7.57 sec
Epoch 3/100, mean train accuracy: 93.39%, mean test accuracy: 93.65%, lr scale: 1.0 in 7.72 sec
Epoch 4/100, mean train accuracy: 93.56%, mean test accuracy: 93.29%, lr scale: 1.0 in 8.64 sec
Epoch 5/100, mean train accuracy: 93.76%, mean test accuracy: 94.17%, lr scale: 1.0 in 10.12 sec
Epoch 6/100, mean train accuracy: 93.86%, mean test accuracy: 93.79%, lr scale: 1.0 in 9.84 sec
Epoch 7/100, mean train accuracy: 93.91%, mean test accuracy: 94.02%, lr scale: 1.0 in 9.79 sec
Epoch 8/100, mean train accuracy: 93.99%, mean test accuracy: 93.97%, lr scale: 1.0 in 9.75 sec
Epoch 9/100, mean train accuracy: 93.98%, mean test accuracy: 93.88%, lr scale: 1.0 in 9.83 sec
Epoch 10/100, mean train accuracy: 94.10%, mean test accuracy: 93.81%, lr scale: 1.0 in 9.95 sec
Epoch 11/100, mean train accuracy: 94.23%, mean test accuracy: 94.43%, lr scale: 0.5 in 9.84 sec
Epoch 12/100, mean train accuracy: 94.52%, mean test accuracy: 94.49%, lr scale: 0.5 in 9.82 sec
Epoch 13/100, mean train accuracy: 94.55%, mean test accuracy: 94.47%, lr scale: 0.5 in 9.75 sec
Epoch 14/100, mean train accuracy: 94.64%, mean test accuracy: 94.52%, lr scale: 0.25 in 9.73 sec
Epoch 15/100, mean train accuracy: 94.80%, mean test accuracy: 94.42%, lr scale: 0.25 in 9.55 sec
Epoch 16/100, mean train accuracy: 94.87%, mean test accuracy: 94.59%, lr scale: 0.25 in 8.83 sec
Epoch 17/100, mean train accuracy: 94.93%, mean test accuracy: 94.53%, lr scale: 0.125 in 8.17 sec
Epoch 18/100, mean train accuracy: 95.04%, mean test accuracy: 94.52%, lr scale: 0.125 in 7.97 sec
Epoch 19/100, mean train accuracy: 95.02%, mean test accuracy: 94.47%, lr scale: 0.125 in 7.93 sec
Epoch 20/100, mean train accuracy: 95.07%, mean test accuracy: 94.54%, lr scale: 0.125 in 7.91 sec
Epoch 21/100, mean train accuracy: 95.09%, mean test accuracy: 94.56%, lr scale: 0.0625 in 7.95 sec
Epoch 22/100, mean train accuracy: 95.20%, mean test accuracy: 94.48%, lr scale: 0.0625 in 7.94 sec
Epoch 23/100, mean train accuracy: 95.22%, mean test accuracy: 94.50%, lr scale: 0.03125 in 7.93 sec
Epoch 24/100, mean train accuracy: 95.24%, mean test accuracy: 94.49%, lr scale: 0.03125 in 7.94 sec
Epoch 25/100, mean train accuracy: 95.21%, mean test accuracy: 94.43%, lr scale: 0.03125 in 7.99 sec
Epoch 26/100, mean train accuracy: 95.26%, mean test accuracy: 94.47%, lr scale: 0.03125 in 7.95 sec
Epoch 27/100, mean train accuracy: 95.33%, mean test accuracy: 94.46%, lr scale: 0.015625 in 7.92 sec
Epoch 28/100, mean train accuracy: 95.33%, mean test accuracy: 94.50%, lr scale: 0.015625 in 7.90 sec
Epoch 29/100, mean train accuracy: 95.36%, mean test accuracy: 94.49%, lr scale: 0.0078125 in 7.89 sec
Epoch 30/100, mean train accuracy: 95.33%, mean test accuracy: 94.51%, lr scale: 0.0078125 in 7.85 sec
Epoch 31/100, mean train accuracy: 95.33%, mean test accuracy: 94.50%, lr scale: 0.00390625 in 7.86 sec
Epoch 32/100, mean train accuracy: 95.32%, mean test accuracy: 94.50%, lr scale: 0.001953125 in 7.90 sec
Epoch 33/100, mean train accuracy: 95.32%, mean test accuracy: 94.48%, lr scale: 0.001953125 in 7.95 sec
Epoch 34/100, mean train accuracy: 95.35%, mean test accuracy: 94.49%, lr scale: 0.0009765625 in 7.92 sec
Learning rate reached 1.00E-06, stopping training
Plotting the posterior...
FIGURE CREATED at /mnt/nfs/nrdata02-users-data/luciano/script/ABC-SBI/examples/Linear-Reg/clean_results/K_25/figures/posterior_check/0_alpha_0.1.png
Evaluation of the metrics...

---------------------------------
DATASET 0 ALPHA 0.05
---------------------------------
Simulation of the training dataset...
Training the neural network...
Initial accuracy: 49.85%, Initial test accuracy: 50.12%
Training for 100 epochs...
Epoch 1/100, mean train accuracy: 73.80%, mean test accuracy: 91.11%, lr scale: 1.0 in 10.44 sec
Epoch 2/100, mean train accuracy: 92.48%, mean test accuracy: 92.19%, lr scale: 1.0 in 9.80 sec
Epoch 3/100, mean train accuracy: 93.31%, mean test accuracy: 93.31%, lr scale: 1.0 in 9.70 sec
Epoch 4/100, mean train accuracy: 93.55%, mean test accuracy: 92.97%, lr scale: 1.0 in 9.88 sec
Epoch 5/100, mean train accuracy: 93.65%, mean test accuracy: 93.51%, lr scale: 1.0 in 9.79 sec
Epoch 6/100, mean train accuracy: 93.89%, mean test accuracy: 94.28%, lr scale: 0.5 in 9.92 sec
Epoch 7/100, mean train accuracy: 94.27%, mean test accuracy: 94.23%, lr scale: 0.5 in 9.88 sec
Epoch 8/100, mean train accuracy: 94.39%, mean test accuracy: 94.27%, lr scale: 0.25 in 9.91 sec
Epoch 9/100, mean train accuracy: 94.57%, mean test accuracy: 94.35%, lr scale: 0.25 in 10.00 sec
Epoch 10/100, mean train accuracy: 94.59%, mean test accuracy: 94.25%, lr scale: 0.25 in 10.02 sec
Epoch 11/100, mean train accuracy: 94.62%, mean test accuracy: 94.42%, lr scale: 0.125 in 9.99 sec
Epoch 12/100, mean train accuracy: 94.75%, mean test accuracy: 94.36%, lr scale: 0.125 in 10.03 sec
Epoch 13/100, mean train accuracy: 94.81%, mean test accuracy: 94.32%, lr scale: 0.125 in 9.84 sec
Epoch 14/100, mean train accuracy: 94.85%, mean test accuracy: 94.34%, lr scale: 0.125 in 9.95 sec
Epoch 15/100, mean train accuracy: 94.85%, mean test accuracy: 94.16%, lr scale: 0.125 in 9.98 sec
Epoch 16/100, mean train accuracy: 94.90%, mean test accuracy: 94.33%, lr scale: 0.0625 in 10.01 sec
Epoch 17/100, mean train accuracy: 94.96%, mean test accuracy: 94.33%, lr scale: 0.0625 in 10.01 sec
Epoch 18/100, mean train accuracy: 95.02%, mean test accuracy: 94.38%, lr scale: 0.03125 in 10.07 sec
Epoch 19/100, mean train accuracy: 95.07%, mean test accuracy: 94.33%, lr scale: 0.015625 in 10.31 sec
Epoch 20/100, mean train accuracy: 95.04%, mean test accuracy: 94.38%, lr scale: 0.015625 in 9.86 sec
Epoch 21/100, mean train accuracy: 95.04%, mean test accuracy: 94.37%, lr scale: 0.0078125 in 9.84 sec
Epoch 22/100, mean train accuracy: 95.11%, mean test accuracy: 94.39%, lr scale: 0.0078125 in 9.89 sec
Epoch 23/100, mean train accuracy: 95.04%, mean test accuracy: 94.40%, lr scale: 0.00390625 in 9.88 sec
Epoch 24/100, mean train accuracy: 95.06%, mean test accuracy: 94.38%, lr scale: 0.00390625 in 9.96 sec
Epoch 25/100, mean train accuracy: 95.08%, mean test accuracy: 94.38%, lr scale: 0.001953125 in 9.90 sec
Epoch 26/100, mean train accuracy: 95.07%, mean test accuracy: 94.38%, lr scale: 0.001953125 in 9.85 sec
Epoch 27/100, mean train accuracy: 95.07%, mean test accuracy: 94.38%, lr scale: 0.0009765625 in 9.89 sec
Learning rate reached 1.00E-06, stopping training
Plotting the posterior...
FIGURE CREATED at /mnt/nfs/nrdata02-users-data/luciano/script/ABC-SBI/examples/Linear-Reg/clean_results/K_25/figures/posterior_check/0_alpha_0.05.png
Evaluation of the metrics...

---------------------------------
DATASET 0 ALPHA 0.01
---------------------------------
Simulation of the training dataset...
Training the neural network...
Initial accuracy: 49.88%, Initial test accuracy: 49.96%
Training for 100 epochs...
Epoch 1/100, mean train accuracy: 72.38%, mean test accuracy: 90.99%, lr scale: 1.0 in 10.76 sec
Epoch 2/100, mean train accuracy: 92.27%, mean test accuracy: 92.62%, lr scale: 1.0 in 9.92 sec
Epoch 3/100, mean train accuracy: 93.02%, mean test accuracy: 93.23%, lr scale: 1.0 in 9.91 sec
Epoch 4/100, mean train accuracy: 93.29%, mean test accuracy: 93.19%, lr scale: 1.0 in 9.92 sec
Epoch 5/100, mean train accuracy: 93.49%, mean test accuracy: 93.20%, lr scale: 1.0 in 9.92 sec
Epoch 6/100, mean train accuracy: 93.47%, mean test accuracy: 93.42%, lr scale: 1.0 in 9.91 sec
Epoch 7/100, mean train accuracy: 93.47%, mean test accuracy: 93.68%, lr scale: 1.0 in 9.97 sec
Epoch 8/100, mean train accuracy: 93.59%, mean test accuracy: 93.67%, lr scale: 1.0 in 9.77 sec
Epoch 9/100, mean train accuracy: 93.70%, mean test accuracy: 93.97%, lr scale: 0.5 in 9.98 sec
Epoch 10/100, mean train accuracy: 94.06%, mean test accuracy: 93.74%, lr scale: 0.5 in 9.87 sec
Epoch 11/100, mean train accuracy: 94.19%, mean test accuracy: 94.14%, lr scale: 0.25 in 9.82 sec
Epoch 12/100, mean train accuracy: 94.32%, mean test accuracy: 94.00%, lr scale: 0.25 in 9.82 sec
Epoch 13/100, mean train accuracy: 94.44%, mean test accuracy: 94.18%, lr scale: 0.125 in 10.04 sec
Epoch 14/100, mean train accuracy: 94.59%, mean test accuracy: 94.09%, lr scale: 0.125 in 10.05 sec
Epoch 15/100, mean train accuracy: 94.57%, mean test accuracy: 94.12%, lr scale: 0.0625 in 10.15 sec
Epoch 16/100, mean train accuracy: 94.61%, mean test accuracy: 94.12%, lr scale: 0.0625 in 10.03 sec
Epoch 17/100, mean train accuracy: 94.68%, mean test accuracy: 94.09%, lr scale: 0.0625 in 10.03 sec
Epoch 18/100, mean train accuracy: 94.64%, mean test accuracy: 94.03%, lr scale: 0.03125 in 10.45 sec
Epoch 19/100, mean train accuracy: 94.70%, mean test accuracy: 94.12%, lr scale: 0.03125 in 9.81 sec
Epoch 20/100, mean train accuracy: 94.76%, mean test accuracy: 94.12%, lr scale: 0.03125 in 9.81 sec
Epoch 21/100, mean train accuracy: 94.67%, mean test accuracy: 94.11%, lr scale: 0.03125 in 9.86 sec
Epoch 22/100, mean train accuracy: 94.75%, mean test accuracy: 94.11%, lr scale: 0.015625 in 9.87 sec
Epoch 23/100, mean train accuracy: 94.78%, mean test accuracy: 94.11%, lr scale: 0.015625 in 9.80 sec
Epoch 24/100, mean train accuracy: 94.72%, mean test accuracy: 94.11%, lr scale: 0.015625 in 9.87 sec
Epoch 25/100, mean train accuracy: 94.79%, mean test accuracy: 94.11%, lr scale: 0.015625 in 9.90 sec
Epoch 26/100, mean train accuracy: 94.80%, mean test accuracy: 94.09%, lr scale: 0.0078125 in 9.81 sec
Epoch 27/100, mean train accuracy: 94.74%, mean test accuracy: 94.09%, lr scale: 0.00390625 in 9.84 sec
Epoch 28/100, mean train accuracy: 94.81%, mean test accuracy: 94.08%, lr scale: 0.00390625 in 9.88 sec
Epoch 29/100, mean train accuracy: 94.75%, mean test accuracy: 94.09%, lr scale: 0.001953125 in 9.80 sec
Epoch 30/100, mean train accuracy: 94.82%, mean test accuracy: 94.11%, lr scale: 0.001953125 in 9.83 sec
Epoch 31/100, mean train accuracy: 94.75%, mean test accuracy: 94.10%, lr scale: 0.001953125 in 9.82 sec
Epoch 32/100, mean train accuracy: 94.76%, mean test accuracy: 94.10%, lr scale: 0.0009765625 in 9.82 sec
Learning rate reached 1.00E-06, stopping training
Plotting the posterior...
FIGURE CREATED at /mnt/nfs/nrdata02-users-data/luciano/script/ABC-SBI/examples/Linear-Reg/clean_results/K_25/figures/posterior_check/0_alpha_0.01.png
Evaluation of the metrics...

---------------------------------
DATASET 0 ALPHA 0.005
---------------------------------
Simulation of the training dataset...
Training the neural network...
Initial accuracy: 49.91%, Initial test accuracy: 49.87%
Training for 100 epochs...
Epoch 1/100, mean train accuracy: 72.93%, mean test accuracy: 91.77%, lr scale: 1.0 in 10.93 sec
Epoch 2/100, mean train accuracy: 92.11%, mean test accuracy: 93.25%, lr scale: 1.0 in 10.20 sec
Epoch 3/100, mean train accuracy: 93.07%, mean test accuracy: 93.13%, lr scale: 1.0 in 10.20 sec
Epoch 4/100, mean train accuracy: 93.24%, mean test accuracy: 93.19%, lr scale: 1.0 in 10.39 sec
Epoch 5/100, mean train accuracy: 93.44%, mean test accuracy: 93.64%, lr scale: 0.5 in 10.33 sec
Epoch 6/100, mean train accuracy: 93.79%, mean test accuracy: 93.66%, lr scale: 0.5 in 10.34 sec
Epoch 7/100, mean train accuracy: 93.93%, mean test accuracy: 93.44%, lr scale: 0.5 in 10.45 sec
Epoch 8/100, mean train accuracy: 93.95%, mean test accuracy: 94.05%, lr scale: 0.25 in 10.26 sec
Epoch 9/100, mean train accuracy: 94.13%, mean test accuracy: 93.88%, lr scale: 0.25 in 10.52 sec
Epoch 10/100, mean train accuracy: 94.15%, mean test accuracy: 93.75%, lr scale: 0.25 in 10.56 sec
Epoch 11/100, mean train accuracy: 94.26%, mean test accuracy: 93.52%, lr scale: 0.25 in 10.39 sec
Epoch 12/100, mean train accuracy: 94.26%, mean test accuracy: 94.00%, lr scale: 0.125 in 10.42 sec
Epoch 13/100, mean train accuracy: 94.36%, mean test accuracy: 93.99%, lr scale: 0.125 in 10.28 sec
Epoch 14/100, mean train accuracy: 94.44%, mean test accuracy: 94.02%, lr scale: 0.0625 in 10.21 sec
Epoch 15/100, mean train accuracy: 94.51%, mean test accuracy: 94.00%, lr scale: 0.0625 in 10.40 sec
Epoch 16/100, mean train accuracy: 94.52%, mean test accuracy: 93.92%, lr scale: 0.0625 in 10.39 sec
Epoch 17/100, mean train accuracy: 94.51%, mean test accuracy: 93.97%, lr scale: 0.03125 in 10.42 sec
Epoch 18/100, mean train accuracy: 94.62%, mean test accuracy: 94.04%, lr scale: 0.03125 in 10.40 sec
Epoch 19/100, mean train accuracy: 94.65%, mean test accuracy: 94.02%, lr scale: 0.015625 in 10.48 sec
Epoch 20/100, mean train accuracy: 94.60%, mean test accuracy: 94.03%, lr scale: 0.015625 in 10.40 sec
Epoch 21/100, mean train accuracy: 94.68%, mean test accuracy: 94.03%, lr scale: 0.0078125 in 10.30 sec
Epoch 22/100, mean train accuracy: 94.61%, mean test accuracy: 94.03%, lr scale: 0.00390625 in 10.33 sec
Epoch 23/100, mean train accuracy: 94.63%, mean test accuracy: 94.05%, lr scale: 0.00390625 in 10.34 sec
Epoch 24/100, mean train accuracy: 94.62%, mean test accuracy: 94.04%, lr scale: 0.001953125 in 10.38 sec
Epoch 25/100, mean train accuracy: 94.65%, mean test accuracy: 94.05%, lr scale: 0.0009765625 in 10.48 sec
Learning rate reached 1.00E-06, stopping training
Plotting the posterior...
FIGURE CREATED at /mnt/nfs/nrdata02-users-data/luciano/script/ABC-SBI/examples/Linear-Reg/clean_results/K_25/figures/posterior_check/0_alpha_0.005.png
Evaluation of the metrics...

---------------------------------
DATASET 0 ALPHA 0.001
---------------------------------
Simulation of the training dataset...
Training the neural network...
Initial accuracy: 50.05%, Initial test accuracy: 49.71%
Training for 100 epochs...
Epoch 1/100, mean train accuracy: 73.29%, mean test accuracy: 91.04%, lr scale: 1.0 in 8.08 sec
Epoch 2/100, mean train accuracy: 92.12%, mean test accuracy: 92.93%, lr scale: 1.0 in 7.55 sec
Epoch 3/100, mean train accuracy: 92.68%, mean test accuracy: 92.93%, lr scale: 1.0 in 7.51 sec
Epoch 4/100, mean train accuracy: 92.89%, mean test accuracy: 93.73%, lr scale: 0.5 in 7.54 sec
Epoch 5/100, mean train accuracy: 93.59%, mean test accuracy: 93.54%, lr scale: 0.5 in 7.58 sec
Epoch 6/100, mean train accuracy: 93.47%, mean test accuracy: 93.41%, lr scale: 0.5 in 7.51 sec
Epoch 7/100, mean train accuracy: 93.71%, mean test accuracy: 93.84%, lr scale: 0.25 in 7.57 sec
Epoch 8/100, mean train accuracy: 93.92%, mean test accuracy: 93.24%, lr scale: 0.25 in 7.50 sec
Epoch 9/100, mean train accuracy: 93.97%, mean test accuracy: 93.72%, lr scale: 0.125 in 7.51 sec
Epoch 10/100, mean train accuracy: 94.05%, mean test accuracy: 93.67%, lr scale: 0.125 in 7.50 sec
Epoch 11/100, mean train accuracy: 94.06%, mean test accuracy: 93.75%, lr scale: 0.125 in 7.54 sec
Epoch 12/100, mean train accuracy: 94.17%, mean test accuracy: 93.84%, lr scale: 0.0625 in 7.60 sec
Epoch 13/100, mean train accuracy: 94.19%, mean test accuracy: 93.72%, lr scale: 0.0625 in 7.55 sec
Epoch 14/100, mean train accuracy: 94.18%, mean test accuracy: 93.79%, lr scale: 0.03125 in 7.51 sec
Epoch 15/100, mean train accuracy: 94.24%, mean test accuracy: 93.85%, lr scale: 0.015625 in 7.55 sec
Epoch 16/100, mean train accuracy: 94.30%, mean test accuracy: 93.84%, lr scale: 0.015625 in 7.51 sec
Epoch 17/100, mean train accuracy: 94.26%, mean test accuracy: 93.84%, lr scale: 0.0078125 in 7.62 sec
Epoch 18/100, mean train accuracy: 94.30%, mean test accuracy: 93.83%, lr scale: 0.00390625 in 7.51 sec
Epoch 19/100, mean train accuracy: 94.32%, mean test accuracy: 93.85%, lr scale: 0.00390625 in 7.52 sec
Epoch 20/100, mean train accuracy: 94.34%, mean test accuracy: 93.83%, lr scale: 0.001953125 in 7.55 sec
Epoch 21/100, mean train accuracy: 94.29%, mean test accuracy: 93.85%, lr scale: 0.0009765625 in 7.52 sec
Learning rate reached 1.00E-06, stopping training
Plotting the posterior...
FIGURE CREATED at /mnt/nfs/nrdata02-users-data/luciano/script/ABC-SBI/examples/Linear-Reg/clean_results/K_25/figures/posterior_check/0_alpha_0.001.png
Evaluation of the metrics...
FIGURE CREATED at /mnt/nfs/nrdata02-users-data/luciano/script/ABC-SBI/examples/Linear-Reg/clean_results/K_25/figures/c2st_0.png
FIGURE CREATED at /mnt/nfs/nrdata02-users-data/luciano/script/ABC-SBI/examples/Linear-Reg/clean_results/K_25/figures/ranksums_0.png
